This is pdfTeX, Version 3.141592653-2.6-1.40.22 (TeX Live 2021/W32TeX) (preloaded format=pdflatex 2021.5.14)  2 JUN 2024 16:48
entering extended mode
 restricted \write18 enabled.
 %&-line parsing enabled.
**2002-kyotoc
(./2002-kyotoc.tex
LaTeX2e <2020-10-01> patch level 4
L3 programming layer <2021-02-18>
(c:/texlive/2021/texmf-dist/tex/latex/base/article.cls
Document Class: article 2020/04/10 v1.4m Standard LaTeX document class
(c:/texlive/2021/texmf-dist/tex/latex/base/size11.clo
File: size11.clo 2020/04/10 v1.4m Standard LaTeX file (size option)
)
\c@part=\count179
\c@section=\count180
\c@subsection=\count181
\c@subsubsection=\count182
\c@paragraph=\count183
\c@subparagraph=\count184
\c@figure=\count185
\c@table=\count186
\abovecaptionskip=\skip47
\belowcaptionskip=\skip48
\bibindent=\dimen138
)
(c:/texlive/2021/texmf-dist/tex/latex/psnfss/times.sty
Package: times 2020/03/25 PSNFSS-v9.3 (SPQR) 
)
(c:/texlive/2021/texmf-dist/tex/latex/psnfss/courier.sty
Package: courier 2020/03/25 PSNFSS-v9.3 (WaS) 
)
(c:/texlive/2021/texmf-dist/tex/latex/psnfss/mathptm.sty
Package: mathptm 2020/03/25 PSNFSS-v9.3 Times w/ Math (SPQR, WaS) 


Package mathptm Warning: This package is to be regarded as obsolete.
(mathptm)                See the PSNFSS documentation.

LaTeX Font Info:    Redeclaring symbol font `operators' on input line 31.
LaTeX Font Info:    Overwriting symbol font `operators' in version `normal'
(Font)                  OT1/cmr/m/n --> OT1/ptmcm/m/n on input line 31.
LaTeX Font Info:    Overwriting symbol font `operators' in version `bold'
(Font)                  OT1/cmr/bx/n --> OT1/ptmcm/m/n on input line 31.
LaTeX Font Info:    Redeclaring symbol font `letters' on input line 32.
LaTeX Font Info:    Overwriting symbol font `letters' in version `normal'
(Font)                  OML/cmm/m/it --> OML/ptmcm/m/it on input line 32.
LaTeX Font Info:    Overwriting symbol font `letters' in version `bold'
(Font)                  OML/cmm/b/it --> OML/ptmcm/m/it on input line 32.
LaTeX Font Info:    Redeclaring symbol font `symbols' on input line 33.
LaTeX Font Info:    Overwriting symbol font `symbols' in version `normal'
(Font)                  OMS/cmsy/m/n --> OMS/pzccm/m/n on input line 33.
LaTeX Font Info:    Overwriting symbol font `symbols' in version `bold'
(Font)                  OMS/cmsy/b/n --> OMS/pzccm/m/n on input line 33.
LaTeX Font Info:    Redeclaring symbol font `largesymbols' on input line 34.
LaTeX Font Info:    Overwriting symbol font `largesymbols' in version `normal'
(Font)                  OMX/cmex/m/n --> OMX/psycm/m/n on input line 34.
LaTeX Font Info:    Overwriting symbol font `largesymbols' in version `bold'
(Font)                  OMX/cmex/m/n --> OMX/psycm/m/n on input line 34.
\symbold=\mathgroup4
\symitalic=\mathgroup5
LaTeX Font Info:    Redeclaring math alphabet \mathbf on input line 37.
LaTeX Font Info:    Overwriting math alphabet `\mathbf' in version `normal'
(Font)                  OT1/cmr/bx/n --> OT1/ptm/bx/n on input line 37.
LaTeX Font Info:    Overwriting math alphabet `\mathbf' in version `bold'
(Font)                  OT1/cmr/bx/n --> OT1/ptm/bx/n on input line 37.
LaTeX Font Info:    Redeclaring math alphabet \mathit on input line 38.
LaTeX Font Info:    Overwriting math alphabet `\mathit' in version `normal'
(Font)                  OT1/cmr/m/it --> OT1/ptm/m/it on input line 38.
LaTeX Font Info:    Overwriting math alphabet `\mathit' in version `bold'
(Font)                  OT1/cmr/bx/it --> OT1/ptm/m/it on input line 38.
) (c:/texlive/2021/texmf-dist/tex/latex/graphics/graphicx.sty
Package: graphicx 2020/09/09 v1.2b Enhanced LaTeX Graphics (DPC,SPQR)

(c:/texlive/2021/texmf-dist/tex/latex/graphics/keyval.sty
Package: keyval 2014/10/28 v1.15 key=value parser (DPC)
\KV@toks@=\toks15
)
(c:/texlive/2021/texmf-dist/tex/latex/graphics/graphics.sty
Package: graphics 2020/08/30 v1.4c Standard LaTeX Graphics (DPC,SPQR)

(c:/texlive/2021/texmf-dist/tex/latex/graphics/trig.sty
Package: trig 2016/01/03 v1.10 sin cos tan (DPC)
)
(c:/texlive/2021/texmf-dist/tex/latex/graphics-cfg/graphics.cfg
File: graphics.cfg 2016/06/04 v1.11 sample graphics configuration
)
Package graphics Info: Driver file: pdftex.def on input line 105.

(c:/texlive/2021/texmf-dist/tex/latex/graphics-def/pdftex.def
File: pdftex.def 2020/10/05 v1.2a Graphics/color driver for pdftex
))
\Gin@req@height=\dimen139
\Gin@req@width=\dimen140
)
LaTeX Font Info:    Trying to load font information for OT1+ptm on input line 1
9.

(c:/texlive/2021/texmf-dist/tex/latex/psnfss/ot1ptm.fd
File: ot1ptm.fd 2001/06/04 font definitions for OT1/ptm.
)
(c:/texlive/2021/texmf-dist/tex/latex/l3backend/l3backend-pdftex.def
File: l3backend-pdftex.def 2021-03-18 L3 backend support: PDF output (pdfTeX)
\l__color_backend_stack_int=\count187
\l__pdf_internal_box=\box47
)
(./2002-kyotoc.aux)
\openout1 = `2002-kyotoc.aux'.

LaTeX Font Info:    Checking defaults for OML/cmm/m/it on input line 19.
LaTeX Font Info:    ... okay on input line 19.
LaTeX Font Info:    Checking defaults for OMS/cmsy/m/n on input line 19.
LaTeX Font Info:    ... okay on input line 19.
LaTeX Font Info:    Checking defaults for OT1/cmr/m/n on input line 19.
LaTeX Font Info:    ... okay on input line 19.
LaTeX Font Info:    Checking defaults for T1/cmr/m/n on input line 19.
LaTeX Font Info:    ... okay on input line 19.
LaTeX Font Info:    Checking defaults for TS1/cmr/m/n on input line 19.
LaTeX Font Info:    ... okay on input line 19.
LaTeX Font Info:    Checking defaults for OMX/cmex/m/n on input line 19.
LaTeX Font Info:    ... okay on input line 19.
LaTeX Font Info:    Checking defaults for U/cmr/m/n on input line 19.
LaTeX Font Info:    ... okay on input line 19.
\big@size=\dimen141

(c:/texlive/2021/texmf-dist/tex/context/base/mkii/supp-pdf.mkii
[Loading MPS to PDF converter (version 2006.09.02).]
\scratchcounter=\count188
\scratchdimen=\dimen142
\scratchbox=\box48
\nofMPsegments=\count189
\nofMParguments=\count190
\everyMPshowfont=\toks16
\MPscratchCnt=\count191
\MPscratchDim=\dimen143
\MPnumerator=\count192
\makeMPintoPDFobject=\count193
\everyMPtoPDFconversion=\toks17
) (c:/texlive/2021/texmf-dist/tex/latex/epstopdf-pkg/epstopdf-base.sty
Package: epstopdf-base 2020-01-24 v2.11 Base part for package epstopdf
Package epstopdf-base Info: Redefining graphics rule for `.eps' on input line 4
85.

(c:/texlive/2021/texmf-dist/tex/latex/latexconfig/epstopdf-sys.cfg
File: epstopdf-sys.cfg 2010/07/13 v1.3 Configuration of (r)epstopdf for TeX Liv
e
))
LaTeX Font Info:    Trying to load font information for OT1+ptmcm on input line
 29.

(c:/texlive/2021/texmf-dist/tex/latex/psnfss/ot1ptmcm.fd
File: ot1ptmcm.fd 2000/01/03 Fontinst v1.801 font definitions for OT1/ptmcm.
)
LaTeX Font Info:    Trying to load font information for OML+ptmcm on input line
 29.

(c:/texlive/2021/texmf-dist/tex/latex/psnfss/omlptmcm.fd
File: omlptmcm.fd 2000/01/03 Fontinst v1.801 font definitions for OML/ptmcm.
)
LaTeX Font Info:    Trying to load font information for OMS+pzccm on input line
 29.

(c:/texlive/2021/texmf-dist/tex/latex/psnfss/omspzccm.fd
File: omspzccm.fd 2000/01/03 Fontinst v1.801 font definitions for OMS/pzccm.
)
LaTeX Font Info:    Trying to load font information for OMX+psycm on input line
 29.

(c:/texlive/2021/texmf-dist/tex/latex/psnfss/omxpsycm.fd
File: omxpsycm.fd 2000/01/03 Fontinst v1.801 font definitions for OMX/psycm.
)
LaTeX Font Info:    Font shape `OT1/ptm/bx/n' in size <12> not available
(Font)              Font shape `OT1/ptm/b/n' tried instead on input line 29.
LaTeX Font Info:    Font shape `OT1/ptm/bx/n' in size <9> not available
(Font)              Font shape `OT1/ptm/b/n' tried instead on input line 29.
LaTeX Font Info:    Font shape `OT1/ptm/bx/n' in size <7> not available
(Font)              Font shape `OT1/ptm/b/n' tried instead on input line 29.

Overfull \hbox (13.93295pt too wide) in paragraph at lines 52--60
[]\OT1/ptm/m/n/10.95 Conversely, con-cepts of com-puter sci-ence have in-creas-
ingly in-flu-enced physics.
 []

[1

{c:/texlive/2021/texmf-var/fonts/map/pdftex/updmap/pdftex.map}]
LaTeX Font Info:    Font shape `OT1/ptm/bx/n' in size <10.95> not available
(Font)              Font shape `OT1/ptm/b/n' tried instead on input line 111.
LaTeX Font Info:    Font shape `OT1/ptm/bx/n' in size <8> not available
(Font)              Font shape `OT1/ptm/b/n' tried instead on input line 111.
LaTeX Font Info:    Font shape `OT1/ptm/bx/n' in size <6> not available
(Font)              Font shape `OT1/ptm/b/n' tried instead on input line 111.
 [2]
Overfull \hbox (15.00827pt too wide) in paragraph at lines 156--271
\OML/ptmcm/m/it/10.95 s \OT1/ptmcm/m/n/10.95 = \OML/ptmcm/m/it/10.95 i$\OT1/ptm
/m/n/10.95 , and zero oth-er-wise). Its states are par-ti-tioned into $\OMS/pzc
cm/m/n/10.95 ff\OT1/ptmcm/m/n/10.95 1\OMS/pzccm/m/n/10.95 g\OML/ptmcm/m/it/10.9
5 ; \OMS/pzccm/m/n/10.95 f\OT1/ptmcm/m/n/10.95 2\OML/ptmcm/m/it/10.95 ; \OT1/pt
mcm/m/n/10.95 3\OMS/pzccm/m/n/10.95 gg$\OT1/ptm/m/n/10.95 , $\OMS/pzccm/m/n/10.
95 ff\OT1/ptmcm/m/n/10.95 2\OMS/pzccm/m/n/10.95 g\OML/ptmcm/m/it/10.95 ; \OMS/p
zccm/m/n/10.95 f\OT1/ptmcm/m/n/10.95 1\OML/ptmcm/m/it/10.95 ; \OT1/ptmcm/m/n/10
.95 3\OMS/pzccm/m/n/10.95 gg$\OT1/ptm/m/n/10.95 ,
 []

[3] [4] [5]
Overfull \hbox (2.72018pt too wide) in paragraph at lines 426--430
[]\OT1/ptm/m/n/10.95 For ex-am-ple, a re-versible au-toma-ton cor-re-spond-ing 
to the per-mu-ta-tion whose
 []


Overfull \hbox (51.24895pt too wide) in paragraph at lines 426--430
\OT1/ptm/m/n/10.95 cy-cle form is given by (1,2)(3,4) cor-re-sponds to an au-to
ma-ton $\OMS/pzccm/m/n/10.95 hf\OT1/ptmcm/m/n/10.95 1\OML/ptmcm/m/it/10.95 ; \O
T1/ptmcm/m/n/10.95 2\OMS/pzccm/m/n/10.95 g\OML/ptmcm/m/it/10.95 ; \OMS/pzccm/m/
n/10.95 f\OT1/ptmcm/m/n/10.95 0\OML/ptmcm/m/it/10.95 ; \OT1/ptmcm/m/n/10.95 1\O
MS/pzccm/m/n/10.95 g\OML/ptmcm/m/it/10.95 ; \OMS/pzccm/m/n/10.95 f\OT1/ptmcm/m/
n/10.95 0\OML/ptmcm/m/it/10.95 ; \OT1/ptmcm/m/n/10.95 1\OMS/pzccm/m/n/10.95 g\O
ML/ptmcm/m/it/10.95 ; ^^N\OT1/ptmcm/m/n/10.95 (\OML/ptmcm/m/it/10.95 s; i\OT1/p
tmcm/m/n/10.95 ) =
 []

[6] [7] [8]
Overfull \hbox (7.17949pt too wide) in paragraph at lines 561--585
\OT1/ptm/m/n/10.95 by $\OMS/pzccm/m/n/10.95 ff\OT1/ptmcm/m/n/10.95 1\OML/ptmcm/
m/it/10.95 ; \OT1/ptmcm/m/n/10.95 2\OML/ptmcm/m/it/10.95 ; \OT1/ptmcm/m/n/10.95
 3\OMS/pzccm/m/n/10.95 g\OML/ptmcm/m/it/10.95 ; \OMS/pzccm/m/n/10.95 f\OT1/ptmc
m/m/n/10.95 4\OML/ptmcm/m/it/10.95 ; \OT1/ptmcm/m/n/10.95 5\OML/ptmcm/m/it/10.9
5 ; \OT1/ptmcm/m/n/10.95 6\OMS/pzccm/m/n/10.95 g\OML/ptmcm/m/it/10.95 ; \OMS/pz
ccm/m/n/10.95 f\OT1/ptmcm/m/n/10.95 7\OML/ptmcm/m/it/10.95 ; \OT1/ptmcm/m/n/10.
95 8\OML/ptmcm/m/it/10.95 ; \OT1/ptmcm/m/n/10.95 9\OMS/pzccm/m/n/10.95 gg$ \OT1
/ptm/m/n/10.95 for the first trit, and $\OMS/pzccm/m/n/10.95 ff\OT1/ptmcm/m/n/1
0.95 1\OML/ptmcm/m/it/10.95 ; \OT1/ptmcm/m/n/10.95 4\OML/ptmcm/m/it/10.95 ; \OT
1/ptmcm/m/n/10.95 7\OMS/pzccm/m/n/10.95 g\OML/ptmcm/m/it/10.95 ; \OMS/pzccm/m/n
/10.95 f\OT1/ptmcm/m/n/10.95 2\OML/ptmcm/m/it/10.95 ; \OT1/ptmcm/m/n/10.95 5\OM
L/ptmcm/m/it/10.95 ; \OT1/ptmcm/m/n/10.95 8\OMS/pzccm/m/n/10.95 g\OML/ptmcm/m/i
t/10.95 ; \OMS/pzccm/m/n/10.95 f\OT1/ptmcm/m/n/10.95 3\OML/ptmcm/m/it/10.95 ; \
OT1/ptmcm/m/n/10.95 6\OML/ptmcm/m/it/10.95 ; \OT1/ptmcm/m/n/10.95 9\OMS/pzccm/m
/n/10.95 gg$
 []

Package epstopdf Info: Source file: <2002-kyoto-f1.eps>
(epstopdf)                    date: 2023-05-10 10:59:31
(epstopdf)                    size: 29304 bytes
(epstopdf)             Output file: <2002-kyoto-f1-eps-converted-to.pdf>
(epstopdf)                    date: 2024-06-02 16:48:13
(epstopdf)                    size: 9396 bytes
(epstopdf)             Command: <repstopdf --outfile=2002-kyoto-f1-eps-converte
d-to.pdf 2002-kyoto-f1.eps>
(epstopdf)             \includegraphics on input line 607.
Package epstopdf Info: Output file is already uptodate.
<2002-kyoto-f1-eps-converted-to.pdf, id=38, 400.49625pt x 806.01125pt>
File: 2002-kyoto-f1-eps-converted-to.pdf Graphic file (type pdf)
<use 2002-kyoto-f1-eps-converted-to.pdf>
Package pdftex.def Info: 2002-kyoto-f1-eps-converted-to.pdf  used on input line
 607.
(pdftex.def)             Requested size: 116.65646pt x 234.77037pt.
Package epstopdf Info: Source file: <2002-kyoto-f2.eps>
(epstopdf)                    date: 2023-05-10 10:59:36
(epstopdf)                    size: 33565 bytes
(epstopdf)             Output file: <2002-kyoto-f2-eps-converted-to.pdf>
(epstopdf)                    date: 2024-06-02 16:48:15
(epstopdf)                    size: 8850 bytes
(epstopdf)             Command: <repstopdf --outfile=2002-kyoto-f2-eps-converte
d-to.pdf 2002-kyoto-f2.eps>
(epstopdf)             \includegraphics on input line 608.
Package epstopdf Info: Output file is already uptodate.
<2002-kyoto-f2-eps-converted-to.pdf, id=39, 400.49625pt x 806.01125pt>
File: 2002-kyoto-f2-eps-converted-to.pdf Graphic file (type pdf)
<use 2002-kyoto-f2-eps-converted-to.pdf>
Package pdftex.def Info: 2002-kyoto-f2-eps-converted-to.pdf  used on input line
 608.
(pdftex.def)             Requested size: 116.65646pt x 234.77037pt.
Package epstopdf Info: Source file: <2002-kyoto-f1u2.eps>
(epstopdf)                    date: 2023-05-10 10:59:31
(epstopdf)                    size: 41063 bytes
(epstopdf)             Output file: <2002-kyoto-f1u2-eps-converted-to.pdf>
(epstopdf)                    date: 2024-06-02 16:48:17
(epstopdf)                    size: 8755 bytes
(epstopdf)             Command: <repstopdf --outfile=2002-kyoto-f1u2-eps-conver
ted-to.pdf 2002-kyoto-f1u2.eps>
(epstopdf)             \includegraphics on input line 609.
Package epstopdf Info: Output file is already uptodate.
<2002-kyoto-f1u2-eps-converted-to.pdf, id=40, 400.49625pt x 806.01125pt>
File: 2002-kyoto-f1u2-eps-converted-to.pdf Graphic file (type pdf)
<use 2002-kyoto-f1u2-eps-converted-to.pdf>
Package pdftex.def Info: 2002-kyoto-f1u2-eps-converted-to.pdf  used on input li
ne 609.
(pdftex.def)             Requested size: 116.65646pt x 234.77037pt.

Overfull \hbox (2.84583pt too wide) in paragraph at lines 606--612
 [] 
 []


Overfull \hbox (4.1018pt too wide) in paragraph at lines 593--616
\OT1/ptm/m/n/10.95 sim-ple au-toma-ton with $\OT1/ptmcm/m/n/10.95 9$ \OT1/ptm/m
/n/10.95 states $\OMS/pzccm/m/n/10.95 f\OT1/ptmcm/m/n/10.95 1\OML/ptmcm/m/it/10
.95 ; [] ; \OT1/ptmcm/m/n/10.95 9\OMS/pzccm/m/n/10.95 g$\OT1/ptm/m/n/10.95 , $\
OT1/ptmcm/m/n/10.95 2 \OMS/pzccm/m/n/10.95 ^^B \OT1/ptmcm/m/n/10.95 5040$ \OT1/
ptm/m/n/10.95 in-put sym-bols $\OMS/pzccm/m/n/10.95 f\OT1/ptmcm/m/n/10.95 1\OML
/ptmcm/m/it/10.95 ; [] ; \OT1/ptmcm/m/n/10.95 10080\OMS/pzccm/m/n/10.95 g$
 []


Overfull \hbox (11.68593pt too wide) in paragraph at lines 633--654
\OT1/ptm/m/n/10.95 where $\OML/ptmcm/m/it/10.95 ^^U\OT1/ptmcm/m/n/10.95 (1\OML/
ptmcm/m/it/10.95 ; \OT1/ptmcm/m/n/10.95 1) = \OML/ptmcm/m/it/10.95 ^^U\OT1/ptmc
m/m/n/10.95 (3\OML/ptmcm/m/it/10.95 ; \OT1/ptmcm/m/n/10.95 2) = \OML/ptmcm/m/it
/10.95 ^^U\OT1/ptmcm/m/n/10.95 (2\OML/ptmcm/m/it/10.95 ; \OT1/ptmcm/m/n/10.95 3
) = 1$\OT1/ptm/m/n/10.95 , $\OML/ptmcm/m/it/10.95 ^^U\OT1/ptmcm/m/n/10.95 (3\OM
L/ptmcm/m/it/10.95 ; \OT1/ptmcm/m/n/10.95 1) = \OML/ptmcm/m/it/10.95 ^^U\OT1/pt
mcm/m/n/10.95 (2\OML/ptmcm/m/it/10.95 ; \OT1/ptmcm/m/n/10.95 2) = \OML/ptmcm/m/
it/10.95 ^^U\OT1/ptmcm/m/n/10.95 (1\OML/ptmcm/m/it/10.95 ; \OT1/ptmcm/m/n/10.95
 3) = 2$\OT1/ptm/m/n/10.95 , and $\OML/ptmcm/m/it/10.95 ^^U\OT1/ptmcm/m/n/10.95
 (2\OML/ptmcm/m/it/10.95 ; \OT1/ptmcm/m/n/10.95 1) =
 []

[9] [10 <./2002-kyoto-f1-eps-converted-to.pdf> <./2002-kyoto-f2-eps-converted-t
o.pdf> <./2002-kyoto-f1u2-eps-converted-to.pdf>]
LaTeX Font Info:    Trying to load font information for OT1+pcr on input line 6
78.

(c:/texlive/2021/texmf-dist/tex/latex/psnfss/ot1pcr.fd
File: ot1pcr.fd 2001/06/04 font definitions for OT1/pcr.
) [11]
Underfull \hbox (badness 2529) in paragraph at lines 751--755
[]\OT1/ptm/m/n/10.95 Niko Do-nath and Karl Svozil.  Find-ing a state among a co
m-
 []

[12] (./2002-kyotoc.aux) ) 
Here is how much of TeX's memory you used:
 1426 strings out of 478994
 21878 string characters out of 5862207
 318125 words of memory out of 5000000
 18899 multiletter control sequences out of 15000+600000
 438421 words of font info for 94 fonts, out of 8000000 for 9000
 1141 hyphenation exceptions out of 8191
 68i,13n,74p,289b,340s stack positions out of 5000i,500n,10000p,200000b,80000s
{c:/texlive/2021/texmf-dist/fonts/enc/dvips/base/8r.e
nc}<c:/texlive/2021/texmf-dist/fonts/type1/public/amsfonts/cm/cmex10.pfb><c:/te
xlive/2021/texmf-dist/fonts/type1/public/amsfonts/cm/cmmi10.pfb><c:/texlive/202
1/texmf-dist/fonts/type1/public/amsfonts/cm/cmr10.pfb><c:/texlive/2021/texmf-di
st/fonts/type1/public/amsfonts/cm/cmsy10.pfb><c:/texlive/2021/texmf-dist/fonts/
type1/public/amsfonts/latxfont/lcircle1.pfb><c:/texlive/2021/texmf-dist/fonts/t
ype1/public/amsfonts/latxfont/line10.pfb><c:/texlive/2021/texmf-dist/fonts/type
1/urw/courier/ucrr8a.pfb><c:/texlive/2021/texmf-dist/fonts/type1/urw/symbol/usy
r.pfb><c:/texlive/2021/texmf-dist/fonts/type1/urw/times/utmb8a.pfb><c:/texlive/
2021/texmf-dist/fonts/type1/urw/times/utmr8a.pfb><c:/texlive/2021/texmf-dist/fo
nts/type1/urw/times/utmri8a.pfb>
Output written on 2002-kyotoc.pdf (12 pages, 137617 bytes).
PDF statistics:
 100 PDF objects out of 1000 (max. 8388607)
 68 compressed objects within 1 object stream
 0 named destinations out of 1000 (max. 500000)
 16 words of extra memory for PDF output out of 10000 (max. 10000000)

