\BOOKMARK [0][-]{chapter.10}{ Svozil \(rev. 2011 02 28\) }{}% 1
\BOOKMARK [1][-]{section.10.1}{Rise and fall of determinism}{chapter.10}% 2
\BOOKMARK [2][-]{subsection.10.1.1}{Toward explanation and feasibility}{section.10.1}% 3
\BOOKMARK [2][-]{subsection.10.1.2}{Rise of indeterminism}{section.10.1}% 4
\BOOKMARK [1][-]{section.10.2}{Provable physical unknowables}{chapter.10}% 5
\BOOKMARK [2][-]{subsection.10.2.1}{Intrinsic self-referential observers}{section.10.2}% 6
\BOOKMARK [2][-]{subsection.10.2.2}{Unpredictability}{section.10.2}% 7
\BOOKMARK [2][-]{subsection.10.2.3}{The busy beaver function as the maximal recurrence time}{section.10.2}% 8
\BOOKMARK [2][-]{subsection.10.2.4}{Undecidability of the induction problem}{section.10.2}% 9
\BOOKMARK [2][-]{subsection.10.2.5}{Impossibility}{section.10.2}% 10
\BOOKMARK [2][-]{subsection.10.2.6}{Results in classical recursion theory with implications for theoretical physics}{section.10.2}% 11
\BOOKMARK [1][-]{section.10.3}{Deterministic chaos}{chapter.10}% 12
\BOOKMARK [2][-]{subsection.10.3.1}{Instabilities in classical motion}{section.10.3}% 13
\BOOKMARK [2][-]{subsection.10.3.2}{Rate of convergence}{section.10.3}% 14
\BOOKMARK [1][-]{section.10.4}{Quantum unknowables}{chapter.10}% 15
\BOOKMARK [2][-]{subsection.10.4.1}{Random individual events}{section.10.4}% 16
\BOOKMARK [2][-]{subsection.10.4.2}{Complementarity}{section.10.4}% 17
\BOOKMARK [2][-]{subsection.10.4.3}{Value indefiniteness versus omniscience}{section.10.4}% 18
\BOOKMARK [1][-]{section.10.5}{Miracles due to gaps in causal description}{chapter.10}% 19
\BOOKMARK [1][-]{section.10.6}{Concluding thoughts}{chapter.10}% 20
\BOOKMARK [2][-]{subsection.10.6.1}{Metaphysical status of \(in\)determinism}{section.10.6}% 21
\BOOKMARK [2][-]{subsection.10.6.2}{Harnessing unknowables and indeterminism}{section.10.6}% 22
\BOOKMARK [2][-]{subsection.10.6.3}{Personal remarks}{section.10.6}% 23
