\BOOKMARK [0][-]{section*.2}{A Quantum Random Number Generator Certified by Value Indefiniteness}{}% 2
\BOOKMARK [1][-]{section*.1}{Abstract}{section*.2}% 1
\BOOKMARK [1][-]{section*.3}{Introduction}{section*.2}% 3
\BOOKMARK [1][-]{section*.4}{Quantum Randomness}{section*.2}% 4
\BOOKMARK [2][-]{section*.5}{Theoretical claims to quantum randomness}{section*.4}% 5
\BOOKMARK [2][-]{section*.6}{Shortcomings of current QRNGs}{section*.4}% 6
\BOOKMARK [1][-]{section*.7}{The scheme under ideal conditions}{section*.2}% 7
\BOOKMARK [1][-]{section*.8}{``Random'' errors or systematic errors}{section*.2}% 8
\BOOKMARK [2][-]{section*.9}{Double counting}{section*.8}% 9
\BOOKMARK [2][-]{section*.10}{Non-singlet states}{section*.8}% 10
\BOOKMARK [2][-]{section*.11}{Non-alignment of polarization measurement angles}{section*.8}% 11
\BOOKMARK [2][-]{section*.12}{Different detector efficiencies}{section*.8}% 12
\BOOKMARK [2][-]{section*.13}{Unstable detector bias}{section*.8}% 13
\BOOKMARK [2][-]{section*.14}{Temporal correlations, photon clustering and ``bunching''}{section*.8}% 14
\BOOKMARK [2][-]{section*.15}{Fair sampling}{section*.8}% 15
\BOOKMARK [1][-]{section*.16}{Better-than-classical operationalization of spatial orthogonality}{section*.2}% 16
\BOOKMARK [1][-]{section*.17}{Theoretical analysis on generated bitstrings}{section*.2}% 17
\BOOKMARK [2][-]{section*.18}{Probability space construction}{section*.17}% 18
\BOOKMARK [2][-]{section*.19}{Independence of the QRNG probability space}{section*.17}% 19
\BOOKMARK [2][-]{section*.20}{XOR application}{section*.17}% 20
\BOOKMARK [2][-]{section*.21}{Criticisms and alternative operationalizations}{section*.17}% 21
\BOOKMARK [1][-]{section*.22}{Summary}{section*.2}% 22
\BOOKMARK [1][-]{section*.23}{Acknowledgment}{section*.2}% 23
\BOOKMARK [1][-]{section*.24}{References}{section*.2}% 24
