\BOOKMARK [0][-]{section*.2}{An Apology for Money}{}% 2
\BOOKMARK [1][-]{section*.1}{Abstract}{section*.2}% 1
\BOOKMARK [1][-]{section*.3}{Preface}{section*.2}% 3
\BOOKMARK [2][-]{section*.4}{Executive summary}{section*.3}% 4
\BOOKMARK [2][-]{section*.5}{Remarks on methodology}{section*.3}% 5
\BOOKMARK [1][-]{section*.6}{Money creation balanced by some thing \040}{section*.2}% 6
\BOOKMARK [2][-]{section*.7}{Commodity versus fiat money}{section*.6}% 7
\BOOKMARK [2][-]{section*.8}{Types of fiat money}{section*.6}% 8
\BOOKMARK [3][-]{section*.9}{Historic money based on reserve banking}{section*.8}% 9
\BOOKMARK [3][-]{section*.10}{Fiat money based on fractional reserve banking as we know it}{section*.8}% 10
\BOOKMARK [3][-]{section*.11}{Boot money generated by central banks}{section*.8}% 11
\BOOKMARK [3][-]{section*.12}{Secondary money generated by commercial banks}{section*.8}% 12
\BOOKMARK [3][-]{section*.13}{Government created fiat money as we do not know it}{section*.8}% 13
\BOOKMARK [3][-]{section*.14}{Which tail wags which dog?}{section*.8}% 14
\BOOKMARK [2][-]{section*.15}{Monetization as nothing for some thing}{section*.6}% 15
\BOOKMARK [2][-]{section*.16}{Value and price of things not traded}{section*.6}% 16
\BOOKMARK [2][-]{section*.17}{Value and price of traded things}{section*.6}% 17
\BOOKMARK [2][-]{section*.18}{Limits to fiat monetization}{section*.6}% 18
\BOOKMARK [2][-]{section*.19}{Absence of a counterbalance between fiat money and assets}{section*.6}% 19
\BOOKMARK [2][-]{section*.20}{Fiat fantasies versus deficit spending}{section*.6}% 20
\BOOKMARK [1][-]{section*.21}{Money creation by expectations \040}{section*.2}% 21
\BOOKMARK [2][-]{section*.22}{Indirect fiat monetization by expectations}{section*.21}% 22
\BOOKMARK [2][-]{section*.23}{Interest as tax and appropriation}{section*.21}% 23
\BOOKMARK [2][-]{section*.24}{Credit as egalitarian instrument}{section*.21}% 24
\BOOKMARK [2][-]{section*.25}{Consequences of no or low interest}{section*.21}% 25
\BOOKMARK [2][-]{section*.26}{Plasticity of interest rates}{section*.21}% 26
\BOOKMARK [1][-]{section*.27}{Instabilities \046 Unknowables \040}{section*.2}% 27
\BOOKMARK [2][-]{section*.28}{Is interest sustainable?}{section*.27}% 28
\BOOKMARK [2][-]{section*.29}{Containment and osmosis of money types}{section*.27}% 29
\BOOKMARK [2][-]{section*.30}{Pricing ambiguities}{section*.27}% 30
\BOOKMARK [2][-]{section*.31}{Formal incompleteness of macroeconomics}{section*.27}% 31
\BOOKMARK [2][-]{section*.32}{Conjecture of balanced trading}{section*.27}% 32
\BOOKMARK [2][-]{section*.33}{Fiat money games}{section*.27}% 33
\BOOKMARK [3][-]{section*.34}{Business cycles of inflation and deflation}{section*.33}% 34
\BOOKMARK [3][-]{section*.35}{The perpetual money machine}{section*.33}% 35
\BOOKMARK [2][-]{section*.36}{Strategies to get rid of debt}{section*.27}% 36
\BOOKMARK [3][-]{section*.37}{Monetization of debt and \(hyper\)inflation}{section*.36}% 37
\BOOKMARK [3][-]{section*.38}{Cutbacks in spending}{section*.36}% 38
\BOOKMARK [3][-]{section*.39}{Bankruptcy and ``haircuts''}{section*.36}% 39
\BOOKMARK [2][-]{section*.40}{Anything that can go wrong, will go wrong}{section*.27}% 40
\BOOKMARK [1][-]{section*.41}{Afterthoughts \040}{section*.2}% 41
\BOOKMARK [2][-]{section*.42}{Desiderata}{section*.41}% 42
\BOOKMARK [3][-]{section*.43}{Heritage}{section*.42}% 43
\BOOKMARK [3][-]{section*.44}{Optimizing the distribution of happiness and well-being}{section*.42}% 44
\BOOKMARK [3][-]{section*.45}{Ambivalent perception of \(in\)stability}{section*.42}% 45
\BOOKMARK [2][-]{section*.46}{Summary and outlook}{section*.41}% 46
\BOOKMARK [1][-]{section*.47}{References}{section*.2}% 47
