\BOOKMARK [0][-]{chapter*.4}{\376\377\000I\000n\000t\000r\000o\000d\000u\000c\000t\000i\000o\000n}{}% 1
\BOOKMARK [-1][-]{chapter*.5}{\376\377\000P\000a\000r\000t\000\040\000I\000:\000\040\000M\000e\000t\000a\000m\000a\000t\000h\000e\000m\000a\000t\000i\000c\000s\000\040\000a\000n\000d\000\040\000M\000e\000t\000a\000p\000h\000y\000s\000i\000c\000s}{}% 2
\BOOKMARK [0][-]{chapter.1}{\376\377\000U\000n\000r\000e\000a\000s\000o\000n\000a\000b\000l\000e\000\040\000e\000f\000f\000e\000c\000t\000i\000v\000e\000n\000e\000s\000s\000\040\000o\000f\000\040\000m\000a\000t\000h\000e\000m\000a\000t\000i\000c\000s\000\040\000i\000n\000\040\000t\000h\000e\000\040\000n\000a\000t\000u\000r\000a\000l\000\040\000s\000c\000i\000e\000n\000c\000e\000s}{chapter*.5}% 3
\BOOKMARK [0][-]{chapter.2}{\376\377\000M\000e\000t\000h\000o\000d\000o\000l\000o\000g\000y\000\040\000a\000n\000d\000\040\000p\000r\000o\000o\000f\000\040\000m\000e\000t\000h\000o\000d\000s}{chapter*.5}% 4
\BOOKMARK [0][-]{chapter.3}{\376\377\000N\000u\000m\000b\000e\000r\000s\000\040\000a\000n\000d\000\040\000s\000e\000t\000s\000\040\000o\000f\000\040\000n\000u\000m\000b\000e\000r\000s}{chapter*.5}% 5
\BOOKMARK [-1][-]{chapter*.6}{\376\377\000P\000a\000r\000t\000\040\000I\000I\000:\000\040\000L\000i\000n\000e\000a\000r\000\040\000v\000e\000c\000t\000o\000r\000\040\000s\000p\000a\000c\000e\000s}{}% 6
\BOOKMARK [0][-]{chapter.4}{\376\377\000F\000i\000n\000i\000t\000e\000-\000d\000i\000m\000e\000n\000s\000i\000o\000n\000a\000l\000\040\000v\000e\000c\000t\000o\000r\000\040\000s\000p\000a\000c\000e\000s}{chapter*.6}% 7
\BOOKMARK [1][-]{section.4.1}{\376\377\000B\000a\000s\000i\000c\000\040\000d\000e\000f\000i\000n\000i\000t\000i\000o\000n\000s}{chapter.4}% 8
\BOOKMARK [1][-]{section.4.2}{\376\377\000L\000i\000n\000e\000a\000r\000\040\000i\000n\000d\000e\000p\000e\000n\000d\000e\000n\000c\000e}{chapter.4}% 9
\BOOKMARK [1][-]{section.4.3}{\376\377\000S\000u\000b\000s\000p\000a\000c\000e}{chapter.4}% 10
\BOOKMARK [1][-]{section.4.4}{\376\377\000B\000a\000s\000i\000s}{chapter.4}% 11
\BOOKMARK [1][-]{section.4.5}{\376\377\000D\000i\000m\000e\000n\000s\000i\000o\000n\000\040\000[\000\247\0008\000]}{chapter.4}% 12
\BOOKMARK [1][-]{section.4.6}{\376\377\000C\000o\000o\000r\000d\000i\000n\000a\000t\000e\000s\000\040\000[\000\247\0004\0006\000]}{chapter.4}% 13
\BOOKMARK [1][-]{section.4.7}{\376\377\000F\000i\000n\000d\000i\000n\000g\000\040\000o\000r\000t\000h\000o\000g\000o\000n\000a\000l\000\040\000b\000a\000s\000e\000s\000\040\000f\000r\000o\000m\000\040\000n\000o\000n\000o\000r\000t\000h\000o\000g\000o\000n\000a\000l\000\040\000o\000n\000e\000s}{chapter.4}% 14
\BOOKMARK [1][-]{section.4.8}{\376\377\000M\000u\000t\000u\000a\000l\000l\000y\000\040\000u\000n\000b\000i\000a\000s\000e\000d\000\040\000b\000a\000s\000e\000s}{chapter.4}% 15
\BOOKMARK [1][-]{section.4.9}{\376\377\000D\000i\000r\000e\000c\000t\000\040\000s\000u\000m}{chapter.4}% 16
\BOOKMARK [1][-]{section.4.10}{\376\377\000D\000u\000a\000l\000\040\000s\000p\000a\000c\000e}{chapter.4}% 17
\BOOKMARK [1][-]{section.4.11}{\376\377\000T\000e\000n\000s\000o\000r\000\040\000p\000r\000o\000d\000u\000c\000t}{chapter.4}% 18
\BOOKMARK [1][-]{section.4.12}{\376\377\000L\000i\000n\000e\000a\000r\000\040\000t\000r\000a\000n\000s\000f\000o\000r\000m\000a\000t\000i\000o\000n}{chapter.4}% 19
\BOOKMARK [1][-]{section.4.13}{\376\377\000P\000r\000o\000j\000e\000c\000t\000o\000r\000\040\000o\000r\000\040\000P\000r\000o\000j\000e\000c\000t\000i\000o\000n}{chapter.4}% 20
\BOOKMARK [1][-]{section.4.14}{\376\377\000C\000h\000a\000n\000g\000e\000\040\000o\000f\000\040\000b\000a\000s\000i\000s}{chapter.4}% 21
\BOOKMARK [1][-]{section.4.15}{\376\377\000R\000a\000n\000k}{chapter.4}% 22
\BOOKMARK [1][-]{section.4.16}{\376\377\000D\000e\000t\000e\000r\000m\000i\000n\000a\000n\000t}{chapter.4}% 23
\BOOKMARK [1][-]{section.4.17}{\376\377\000T\000r\000a\000c\000e}{chapter.4}% 24
\BOOKMARK [1][-]{section.4.18}{\376\377\000A\000d\000j\000o\000i\000n\000t}{chapter.4}% 25
\BOOKMARK [1][-]{section.4.19}{\376\377\000S\000e\000l\000f\000-\000a\000d\000j\000o\000i\000n\000t\000\040\000t\000r\000a\000n\000s\000f\000o\000r\000m\000a\000t\000i\000o\000n}{chapter.4}% 26
\BOOKMARK [1][-]{section.4.20}{\376\377\000P\000o\000s\000i\000t\000i\000v\000e\000\040\000t\000r\000a\000n\000s\000f\000o\000r\000m\000a\000t\000i\000o\000n}{chapter.4}% 27
\BOOKMARK [1][-]{section.4.21}{\376\377\000U\000n\000i\000t\000a\000r\000y\000\040\000t\000r\000a\000n\000s\000f\000o\000r\000m\000a\000t\000i\000o\000n\000s\000\040\000a\000n\000d\000\040\000i\000s\000o\000m\000e\000t\000r\000i\000e\000s}{chapter.4}% 28
\BOOKMARK [1][-]{section.4.22}{\376\377\000O\000r\000t\000h\000o\000g\000o\000n\000a\000l\000\040\000p\000r\000o\000j\000e\000c\000t\000o\000r\000s}{chapter.4}% 29
\BOOKMARK [1][-]{section.4.23}{\376\377\000P\000r\000o\000p\000e\000r\000\040\000v\000a\000l\000u\000e\000\040\000o\000r\000\040\000e\000i\000g\000e\000n\000v\000a\000l\000u\000e}{chapter.4}% 30
\BOOKMARK [1][-]{section.4.24}{\376\377\000N\000o\000r\000m\000a\000l\000\040\000t\000r\000a\000n\000s\000f\000o\000r\000m\000a\000t\000i\000o\000n}{chapter.4}% 31
\BOOKMARK [1][-]{section.4.25}{\376\377\000S\000p\000e\000c\000t\000r\000u\000m}{chapter.4}% 32
\BOOKMARK [1][-]{section.4.26}{\376\377\000F\000u\000n\000c\000t\000i\000o\000n\000s\000\040\000o\000f\000\040\000n\000o\000r\000m\000a\000l\000\040\000t\000r\000a\000n\000s\000f\000o\000r\000m\000a\000t\000i\000o\000n\000s}{chapter.4}% 33
\BOOKMARK [1][-]{section.4.27}{\376\377\000D\000e\000c\000o\000m\000p\000o\000s\000i\000t\000i\000o\000n\000\040\000o\000f\000\040\000o\000p\000e\000r\000a\000t\000o\000r\000s}{chapter.4}% 34
\BOOKMARK [1][-]{section.4.28}{\376\377\000C\000o\000m\000m\000u\000t\000a\000t\000i\000v\000i\000t\000y}{chapter.4}% 35
\BOOKMARK [1][-]{section.4.29}{\376\377\000M\000e\000a\000s\000u\000r\000e\000s\000\040\000o\000n\000\040\000c\000l\000o\000s\000e\000d\000\040\000s\000u\000b\000s\000p\000a\000c\000e\000s}{chapter.4}% 36
\BOOKMARK [1][-]{section.4.30}{\376\377\000H\000i\000l\000b\000e\000r\000t\000\040\000s\000p\000a\000c\000e\000\040\000q\000u\000a\000n\000t\000u\000m\000\040\000m\000e\000c\000h\000a\000n\000i\000c\000s\000\040\000a\000n\000d\000\040\000q\000u\000a\000n\000t\000u\000m\000\040\000l\000o\000g\000i\000c}{chapter.4}% 37
\BOOKMARK [0][-]{chapter.5}{\376\377\000T\000e\000n\000s\000o\000r\000s}{chapter*.6}% 38
\BOOKMARK [1][-]{section.5.1}{\376\377\000N\000o\000t\000a\000t\000i\000o\000n}{chapter.5}% 39
\BOOKMARK [1][-]{section.5.2}{\376\377\000M\000u\000l\000t\000i\000l\000i\000n\000e\000a\000r\000\040\000f\000o\000r\000m}{chapter.5}% 40
\BOOKMARK [1][-]{section.5.3}{\376\377\000C\000o\000v\000a\000r\000i\000a\000n\000t\000\040\000t\000e\000n\000s\000o\000r\000s}{chapter.5}% 41
\BOOKMARK [1][-]{section.5.4}{\376\377\000C\000o\000n\000t\000r\000a\000v\000a\000r\000i\000a\000n\000t\000\040\000t\000e\000n\000s\000o\000r\000s}{chapter.5}% 42
\BOOKMARK [1][-]{section.5.5}{\376\377\000O\000r\000t\000h\000o\000n\000o\000r\000m\000a\000l\000\040\000b\000a\000s\000e\000s}{chapter.5}% 43
\BOOKMARK [1][-]{section.5.6}{\376\377\000I\000n\000v\000a\000r\000i\000a\000n\000t\000\040\000t\000e\000n\000s\000o\000r\000s\000\040\000a\000n\000d\000\040\000p\000h\000y\000s\000i\000c\000a\000l\000\040\000m\000o\000t\000i\000v\000a\000t\000i\000o\000n}{chapter.5}% 44
\BOOKMARK [1][-]{section.5.7}{\376\377\000M\000e\000t\000r\000i\000c\000\040\000t\000e\000n\000s\000o\000r}{chapter.5}% 45
\BOOKMARK [1][-]{section.5.8}{\376\377\000T\000h\000e\000\040\000K\000r\000o\000n\000e\000c\000k\000e\000r\000\040\000s\000y\000m\000b\000o\000l\000\040}{chapter.5}% 46
\BOOKMARK [1][-]{section.5.9}{\376\377\000T\000h\000e\000\040\000L\000e\000v\000i\000-\000C\000i\000v\000i\000t\000a\000\040\000s\000y\000m\000b\000o\000l\000\040}{chapter.5}% 47
\BOOKMARK [1][-]{section.5.10}{\376\377\000T\000h\000e\000\040\000n\000a\000b\000l\000a\000,\000\040\000L\000a\000p\000l\000a\000c\000e\000,\000\040\000a\000n\000d\000\040\000D\000'\000A\000l\000e\000m\000b\000e\000r\000t\000\040\000o\000p\000e\000r\000a\000t\000o\000r\000s}{chapter.5}% 48
\BOOKMARK [1][-]{section.5.11}{\376\377\000S\000o\000m\000e\000\040\000t\000r\000i\000c\000k\000s}{chapter.5}% 49
\BOOKMARK [1][-]{section.5.12}{\376\377\000S\000o\000m\000e\000\040\000c\000o\000m\000m\000o\000n\000\040\000m\000i\000s\000c\000o\000n\000c\000e\000p\000t\000i\000o\000n\000s}{chapter.5}% 50
\BOOKMARK [-1][-]{chapter*.7}{\376\377\000P\000a\000r\000t\000\040\000I\000I\000I\000:\000\040\000F\000u\000n\000c\000t\000i\000o\000n\000a\000l\000\040\000a\000n\000a\000l\000y\000s\000i\000s}{}% 51
\BOOKMARK [0][-]{chapter.6}{\376\377\000B\000r\000i\000e\000f\000\040\000r\000e\000v\000i\000e\000w\000\040\000o\000f\000\040\000c\000o\000m\000p\000l\000e\000x\000\040\000a\000n\000a\000l\000y\000s\000i\000s}{chapter*.7}% 52
\BOOKMARK [1][-]{section.6.1}{\376\377\000D\000i\000f\000f\000e\000r\000e\000n\000t\000i\000a\000b\000l\000e\000,\000\040\000h\000o\000l\000o\000m\000o\000r\000p\000h\000i\000c\000\040\000\050\000a\000n\000a\000l\000y\000t\000i\000c\000\051\000\040\000f\000u\000n\000c\000t\000i\000o\000n}{chapter.6}% 53
\BOOKMARK [1][-]{section.6.2}{\376\377\000C\000a\000u\000c\000h\000y\000-\000R\000i\000e\000m\000a\000n\000n\000\040\000e\000q\000u\000a\000t\000i\000o\000n\000s}{chapter.6}% 54
\BOOKMARK [1][-]{section.6.3}{\376\377\000D\000e\000f\000i\000n\000i\000t\000i\000o\000n\000\040\000a\000n\000a\000l\000y\000t\000i\000c\000a\000l\000\040\000f\000u\000n\000c\000t\000i\000o\000n}{chapter.6}% 55
\BOOKMARK [1][-]{section.6.4}{\376\377\000C\000a\000u\000c\000h\000y\000'\000s\000\040\000i\000n\000t\000e\000g\000r\000a\000l\000\040\000t\000h\000e\000o\000r\000e\000m}{chapter.6}% 56
\BOOKMARK [1][-]{section.6.5}{\376\377\000C\000a\000u\000c\000h\000y\000'\000s\000\040\000i\000n\000t\000e\000g\000r\000a\000l\000\040\000f\000o\000r\000m\000u\000l\000a}{chapter.6}% 57
\BOOKMARK [1][-]{section.6.6}{\376\377\000L\000a\000u\000r\000e\000n\000t\000\040\000s\000e\000r\000i\000e\000s}{chapter.6}% 58
\BOOKMARK [1][-]{section.6.7}{\376\377\000R\000e\000s\000i\000d\000u\000e\000\040\000t\000h\000e\000o\000r\000e\000m}{chapter.6}% 59
\BOOKMARK [1][-]{section.6.8}{\376\377\000M\000u\000l\000t\000i\000-\000v\000a\000l\000u\000e\000d\000\040\000r\000e\000l\000a\000t\000i\000o\000n\000s\000h\000i\000p\000s\000,\000\040\000b\000r\000a\000n\000c\000h\000\040\000p\000o\000i\000n\000t\000s\000\040\000a\000n\000d\000\040\000a\000n\000d\000\040\000b\000r\000a\000n\000c\000h\000\040\000c\000u\000t\000s}{chapter.6}% 60
\BOOKMARK [1][-]{section.6.9}{\376\377\000R\000i\000e\000m\000a\000n\000n\000\040\000s\000u\000r\000f\000a\000c\000e}{chapter.6}% 61
\BOOKMARK [0][-]{chapter.7}{\376\377\000B\000r\000i\000e\000f\000\040\000r\000e\000v\000i\000e\000w\000\040\000o\000f\000\040\000F\000o\000u\000r\000i\000e\000r\000\040\000t\000r\000a\000n\000s\000f\000o\000r\000m\000s}{chapter*.7}% 62
\BOOKMARK [0][-]{chapter.8}{\376\377\000D\000i\000s\000t\000r\000i\000b\000u\000t\000i\000o\000n\000s\000\040\000a\000s\000\040\000g\000e\000n\000e\000r\000a\000l\000i\000z\000e\000d\000\040\000f\000u\000n\000c\000t\000i\000o\000n\000s}{chapter*.7}% 63
\BOOKMARK [1][-]{section.8.1}{\376\377\000H\000e\000a\000v\000i\000s\000i\000d\000e\000\040\000s\000t\000e\000p\000\040\000f\000u\000n\000c\000t\000i\000o\000n}{chapter.8}% 64
\BOOKMARK [1][-]{section.8.2}{\376\377\000T\000h\000e\000\040\000s\000i\000g\000n\000\040\000f\000u\000n\000c\000t\000i\000o\000n}{chapter.8}% 65
\BOOKMARK [1][-]{section.8.3}{\376\377\000U\000s\000e\000f\000u\000l\000\040\000f\000o\000r\000m\000u\000l\000\346\000\040\000i\000n\000v\000o\000l\000v\000i\000n\000g\000\040}{chapter.8}% 66
\BOOKMARK [1][-]{section.8.4}{\376\377\000F\000o\000u\000r\000i\000e\000r\000\040\000t\000r\000a\000n\000s\000f\000o\000r\000m\000s\000\040\000o\000f\000\040\000\040\000a\000n\000d\000\040\000H}{chapter.8}% 67
\BOOKMARK [0][-]{chapter.9}{\376\377\000G\000r\000e\000e\000n\000'\000s\000\040\000f\000u\000n\000c\000t\000i\000o\000n}{chapter*.7}% 68
\BOOKMARK [1][-]{section.9.1}{\376\377\000E\000l\000e\000g\000a\000n\000t\000\040\000w\000a\000y\000\040\000t\000o\000\040\000s\000o\000l\000v\000e\000\040\000l\000i\000n\000e\000a\000r\000\040\000d\000i\000f\000f\000e\000r\000e\000n\000t\000i\000a\000l\000\040\000e\000q\000u\000a\000t\000i\000o\000n\000s}{chapter.9}% 69
\BOOKMARK [1][-]{section.9.2}{\376\377\000F\000i\000n\000d\000i\000n\000g\000\040\000G\000r\000e\000e\000n\000'\000s\000\040\000f\000u\000n\000c\000t\000i\000o\000n\000s\000\040\000b\000y\000\040\000s\000p\000e\000c\000t\000r\000a\000l\000\040\000d\000e\000c\000o\000m\000p\000o\000s\000i\000t\000i\000o\000n\000s}{chapter.9}% 70
\BOOKMARK [1][-]{section.9.3}{\376\377\000F\000i\000n\000d\000i\000n\000g\000\040\000G\000r\000e\000e\000n\000'\000s\000\040\000f\000u\000n\000c\000t\000i\000o\000n\000s\000\040\000b\000y\000\040\000F\000o\000u\000r\000i\000e\000r\000\040\000a\000n\000a\000l\000y\000s\000i\000s}{chapter.9}% 71
\BOOKMARK [-1][-]{chapter*.8}{\376\377\000P\000a\000r\000t\000\040\000I\000V\000:\000\040\000D\000i\000f\000f\000e\000r\000e\000n\000t\000i\000a\000l\000\040\000e\000q\000u\000a\000t\000i\000o\000n\000s}{}% 72
\BOOKMARK [0][-]{chapter.10}{\376\377\000S\000t\000u\000r\000m\000-\000L\000i\000o\000u\000v\000i\000l\000l\000e\000\040\000t\000h\000e\000o\000r\000y}{chapter*.8}% 73
\BOOKMARK [1][-]{section.10.1}{\376\377\000S\000t\000u\000r\000m\000-\000L\000i\000o\000u\000v\000i\000l\000l\000e\000\040\000f\000o\000r\000m}{chapter.10}% 74
\BOOKMARK [1][-]{section.10.2}{\376\377\000S\000t\000u\000r\000m\000-\000L\000i\000o\000u\000v\000i\000l\000l\000e\000\040\000e\000i\000g\000e\000n\000v\000a\000l\000u\000e\000\040\000p\000r\000o\000b\000l\000e\000m}{chapter.10}% 75
\BOOKMARK [1][-]{section.10.3}{\376\377\000A\000d\000j\000o\000i\000n\000t\000\040\000a\000n\000d\000\040\000s\000e\000l\000f\000-\000a\000d\000j\000o\000i\000n\000t\000\040\000o\000p\000e\000r\000a\000t\000o\000r\000s}{chapter.10}% 76
\BOOKMARK [1][-]{section.10.4}{\376\377\000S\000t\000u\000r\000m\000-\000L\000i\000o\000u\000v\000i\000l\000l\000e\000\040\000t\000r\000a\000n\000s\000f\000o\000r\000m\000a\000t\000i\000o\000n\000\040\000i\000n\000t\000o\000\040\000L\000i\000o\000u\000v\000i\000l\000l\000e\000\040\000n\000o\000r\000m\000a\000l\000\040\000f\000o\000r\000m}{chapter.10}% 77
\BOOKMARK [1][-]{section.10.5}{\376\377\000V\000a\000r\000i\000e\000t\000i\000e\000s\000\040\000o\000f\000\040\000S\000t\000u\000r\000m\000-\000L\000i\000o\000u\000v\000i\000l\000l\000e\000\040\000d\000i\000f\000f\000e\000r\000e\000n\000t\000i\000a\000l\000\040\000e\000q\000u\000a\000t\000i\000o\000n\000s}{chapter.10}% 78
\BOOKMARK [0][-]{chapter.11}{\376\377\000S\000e\000p\000a\000r\000a\000t\000i\000o\000n\000\040\000o\000f\000\040\000v\000a\000r\000i\000a\000b\000l\000e\000s}{chapter*.8}% 79
\BOOKMARK [0][-]{chapter.12}{\376\377\000S\000p\000e\000c\000i\000a\000l\000\040\000f\000u\000n\000c\000t\000i\000o\000n\000s\000\040\000o\000f\000\040\000m\000a\000t\000h\000e\000m\000a\000t\000i\000c\000a\000l\000\040\000p\000h\000y\000s\000i\000c\000s}{chapter*.8}% 80
\BOOKMARK [1][-]{section.12.1}{\376\377\000G\000a\000m\000m\000a\000\040\000f\000u\000n\000c\000t\000i\000o\000n}{chapter.12}% 81
\BOOKMARK [1][-]{section.12.2}{\376\377\000B\000e\000t\000a\000\040\000f\000u\000n\000c\000t\000i\000o\000n}{chapter.12}% 82
\BOOKMARK [1][-]{section.12.3}{\376\377\000F\000u\000c\000h\000s\000i\000a\000n\000\040\000d\000i\000f\000f\000e\000r\000e\000n\000t\000i\000a\000l\000\040\000e\000q\000u\000a\000t\000i\000o\000n\000s}{chapter.12}% 83
\BOOKMARK [1][-]{section.12.4}{\376\377\000H\000y\000p\000e\000r\000g\000e\000o\000m\000e\000t\000r\000i\000c\000\040\000f\000u\000n\000c\000t\000i\000o\000n}{chapter.12}% 84
\BOOKMARK [1][-]{section.12.5}{\376\377\000O\000r\000t\000h\000o\000g\000o\000n\000a\000l\000\040\000p\000o\000l\000y\000n\000o\000m\000i\000a\000l\000s}{chapter.12}% 85
\BOOKMARK [1][-]{section.12.6}{\376\377\000L\000e\000g\000e\000n\000d\000r\000e\000\040\000p\000o\000l\000y\000n\000o\000m\000i\000a\000l\000s}{chapter.12}% 86
\BOOKMARK [1][-]{section.12.7}{\376\377\000A\000s\000s\000o\000c\000i\000a\000t\000e\000d\000\040\000L\000e\000g\000e\000n\000d\000r\000e\000\040\000p\000o\000l\000y\000n\000o\000m\000i\000a\000l}{chapter.12}% 87
\BOOKMARK [1][-]{section.12.8}{\376\377\000S\000p\000h\000e\000r\000i\000c\000a\000l\000\040\000h\000a\000r\000m\000o\000n\000i\000c\000s}{chapter.12}% 88
\BOOKMARK [1][-]{section.12.9}{\376\377\000S\000o\000l\000u\000t\000i\000o\000n\000\040\000o\000f\000\040\000t\000h\000e\000\040\000S\000c\000h\000r\000\366\000d\000i\000n\000g\000e\000r\000\040\000e\000q\000u\000a\000t\000i\000o\000n\000\040\000f\000o\000r\000\040\000a\000\040\000h\000y\000d\000r\000o\000g\000e\000n\000\040\000a\000t\000o\000m}{chapter.12}% 89
\BOOKMARK [0][-]{chapter.13}{\376\377\000D\000i\000v\000e\000r\000g\000e\000n\000t\000\040\000s\000e\000r\000i\000e\000s}{chapter*.8}% 90
\BOOKMARK [1][-]{section.13.1}{\376\377\000C\000o\000n\000v\000e\000r\000g\000e\000n\000c\000e\000\040\000a\000n\000d\000\040\000d\000i\000v\000e\000r\000g\000e\000n\000c\000e}{chapter.13}% 91
\BOOKMARK [1][-]{section.13.2}{\376\377\000E\000u\000l\000e\000r\000\040\000d\000i\000f\000f\000e\000r\000e\000n\000t\000i\000a\000l\000\040\000e\000q\000u\000a\000t\000i\000o\000n}{chapter.13}% 92
\BOOKMARK [0][-]{appendix*.9}{\376\377\000B\000i\000b\000l\000i\000o\000g\000r\000a\000p\000h\000y}{chapter*.8}% 93
\BOOKMARK [0][-]{appendix*.10}{\376\377\000I\000n\000d\000e\000x}{chapter*.8}% 94
