\BOOKMARK [0][-]{section*.2}{The present situation in quantum mechanics and the ontological single pure state conjecture}{}% 2
\BOOKMARK [1][-]{section*.1}{Abstract}{section*.2}% 1
\BOOKMARK [1][-]{section*.3}{Contents}{section*.2}% 3
\BOOKMARK [1][-]{section*.4}{Persistent issues}{section*.2}% 4
\BOOKMARK [1][-]{section*.5}{Do measurements exist?}{section*.2}% 5
\BOOKMARK [2][-]{section*.6}{Quantum jellification}{section*.5}% 6
\BOOKMARK [2][-]{section*.7}{Everett and Wigner's observation of a subjective observer-object cut}{section*.5}% 7
\BOOKMARK [2][-]{section*.8}{Formal and empirical aspects of \(ir-\)reversibility}{section*.5}% 8
\BOOKMARK [3][-]{section*.9}{`Emergence' of many-to-one from one-to-one functions?}{section*.8}% 9
\BOOKMARK [3][-]{section*.10}{`Undoing' measurements}{section*.8}% 10
\BOOKMARK [2][-]{section*.11}{Copying and amplification of a weak quantized signal}{section*.5}% 11
\BOOKMARK [3][-]{section*.12}{\(No-\)Cloning theorem}{section*.11}% 12
\BOOKMARK [3][-]{section*.13}{Amplification of superpositions}{section*.11}% 13
\BOOKMARK [2][-]{section*.14}{Some FAPP attempts to get rid of jellification}{section*.5}% 14
\BOOKMARK [2][-]{section*.15}{Analogues in classical statistical mechanics}{section*.5}% 15
\BOOKMARK [1][-]{section*.16}{What constitutes a pure quantum state?}{section*.2}% 16
\BOOKMARK [1][-]{section*.17}{The epistemic or ontic \(non-\)existence of mixed states}{section*.2}% 17
\BOOKMARK [1][-]{section*.18}{Epistemic or ontic existence of pure but entangled and/or coherent states}{section*.2}% 18
\BOOKMARK [1][-]{section*.19}{The \(non-\)existence of quantum value indefiniteness and its purported ``resolution'' by quantum contextuality}{section*.2}% 19
\BOOKMARK [1][-]{section*.20}{The ontological single pure state conjecture and phantom contexts and observables}{section*.2}% 20
\BOOKMARK [1][-]{section*.21}{Is the best interpretation of the quantum formalism its non-interpretation?}{section*.2}% 21
\BOOKMARK [1][-]{section*.22}{Consequences for quantum random number generators}{section*.2}% 22
\BOOKMARK [1][-]{section*.23}{Acknowledgments}{section*.2}% 23
\BOOKMARK [1][-]{section*.24}{References}{section*.2}% 24
