\BOOKMARK [0][-]{chapter.1}{Vorwort}{}% 1
\BOOKMARK [0][-]{chapter.2}{\334ber die Liebe}{}% 2
\BOOKMARK [1][-]{section.2.1}{Die Liebe als Ursache f\374r die Scheidung}{chapter.2}% 3
\BOOKMARK [1][-]{section.2.2}{Was die Liebe sein k\366nnte}{chapter.2}% 4
\BOOKMARK [2][-]{subsection.2.2.1}{Ph\344nomenologie \205 die individuelle Innenansicht}{section.2.2}% 5
\BOOKMARK [2][-]{subsection.2.2.2}{Mittlerrolle des Partners zur eigenen Gef\374hlswelt}{section.2.2}% 6
\BOOKMARK [2][-]{subsection.2.2.3}{Liebe zur Liebe als Voraussetzung}{section.2.2}% 7
\BOOKMARK [2][-]{subsection.2.2.4}{``Liebe ist die Religion mit der kleinstm\366glichen Gemeinde''}{section.2.2}% 8
\BOOKMARK [2][-]{subsection.2.2.5}{Angst vor Kontrollverlust}{section.2.2}% 9
\BOOKMARK [2][-]{subsection.2.2.6}{In wen k\366nnen wir uns verlieben?}{section.2.2}% 10
\BOOKMARK [2][-]{subsection.2.2.7}{Grenzen des Liebeswunsches}{section.2.2}% 11
\BOOKMARK [2][-]{subsection.2.2.8}{Diskrepanz zwischen dem Sein und dem Wollen}{section.2.2}% 12
\BOOKMARK [2][-]{subsection.2.2.9}{Kompromisse, Ungleichgewichte und Macht}{section.2.2}% 13
\BOOKMARK [1][-]{section.2.3}{Die dunklen Seiten der Liebe}{chapter.2}% 14
\BOOKMARK [1][-]{section.2.4}{Dekonstruktionismus der Liebe}{chapter.2}% 15
\BOOKMARK [1][-]{section.2.5}{Die Unertr\344gliche Schwere der Einsamkeit}{chapter.2}% 16
\BOOKMARK [0][-]{chapter.3}{Vorbeugung: Nur nicht heiraten!}{}% 17
\BOOKMARK [1][-]{section.3.1}{Die Trends}{chapter.3}% 18
\BOOKMARK [1][-]{section.3.2}{Warum heiraten?}{chapter.3}% 19
\BOOKMARK [2][-]{subsection.3.2.1}{Naivit\344t und gesellschaftlicher Druck}{section.3.2}% 20
\BOOKMARK [2][-]{subsection.3.2.2}{Unkenntnis der Gesetzeslage}{section.3.2}% 21
\BOOKMARK [2][-]{subsection.3.2.3}{Sentimentales Harmoniebed\374rfnis nach famili\344rer Idylle}{section.3.2}% 22
\BOOKMARK [2][-]{subsection.3.2.4}{Absicherung des Ehegatten}{section.3.2}% 23
\BOOKMARK [2][-]{subsection.3.2.5}{Absicherungs- und Bereicherungsabsichten}{section.3.2}% 24
\BOOKMARK [1][-]{section.3.3}{``Mir passiert so etwas nie''}{chapter.3}% 25
\BOOKMARK [1][-]{section.3.4}{Verborgene Hintergedanken}{chapter.3}% 26
\BOOKMARK [2][-]{subsection.3.4.1}{Wer liebt mehr?}{section.3.4}% 27
\BOOKMARK [2][-]{subsection.3.4.2}{Wer hat weniger?}{section.3.4}% 28
\BOOKMARK [2][-]{subsection.3.4.3}{Wer verdient weniger?}{section.3.4}% 29
\BOOKMARK [1][-]{section.3.5}{Ehe\344hnlichen Lebensgemeinschaften}{chapter.3}% 30
\BOOKMARK [2][-]{subsection.3.5.1}{Neuseeland}{section.3.5}% 31
\BOOKMARK [2][-]{subsection.3.5.2}{Australien}{section.3.5}% 32
\BOOKMARK [2][-]{subsection.3.5.3}{Deutschland}{section.3.5}% 33
\BOOKMARK [2][-]{subsection.3.5.4}{Zur\374ck nach \326sterreich}{section.3.5}% 34
\BOOKMARK [1][-]{section.3.6}{F\344lle verschuldensunabh\344ngige Scheidung}{chapter.3}% 35
\BOOKMARK [0][-]{chapter.4}{Eigentumsabsicherung}{}% 36
\BOOKMARK [1][-]{section.4.1}{Ehevertrag}{chapter.4}% 37
\BOOKMARK [1][-]{section.4.2}{Rechtsformen}{chapter.4}% 38
\BOOKMARK [1][-]{section.4.3}{Kredite}{chapter.4}% 39
\BOOKMARK [0][-]{chapter.5}{1+1=7}{}% 40
\BOOKMARK [1][-]{section.5.1}{Wahrheit als Konstruktion}{chapter.5}% 41
\BOOKMARK [1][-]{section.5.2}{Macht- und Dominanzstreben}{chapter.5}% 42
\BOOKMARK [1][-]{section.5.3}{Verlorene ``Bodenhaftung''}{chapter.5}% 43
\BOOKMARK [1][-]{section.5.4}{Common Sense und Einf\374hlungsverm\366gen}{chapter.5}% 44
\BOOKMARK [1][-]{section.5.5}{``Nicht-gehen-lassen-wollen''}{chapter.5}% 45
\BOOKMARK [1][-]{section.5.6}{Wiederholungszwang}{chapter.5}% 46
\BOOKMARK [0][-]{chapter.6}{Rand-Bedingungen}{}% 47
\BOOKMARK [1][-]{section.6.1}{Verborgene, unbewusste Faktoren}{chapter.6}% 48
\BOOKMARK [2][-]{subsection.6.1.1}{Wer will weg?}{section.6.1}% 49
\BOOKMARK [2][-]{subsection.6.1.2}{Wer hat mehr?}{section.6.1}% 50
\BOOKMARK [2][-]{subsection.6.1.3}{Wer verdient mehr?}{section.6.1}% 51
\BOOKMARK [2][-]{subsection.6.1.4}{Rache}{section.6.1}% 52
\BOOKMARK [1][-]{section.6.2}{Gemeinsamer Besitz}{chapter.6}% 53
\BOOKMARK [1][-]{section.6.3}{Wann aufh\366ren?}{chapter.6}% 54
\BOOKMARK [2][-]{subsection.6.3.1}{Geschlechtsunterspezifika: meist verabschieden sich die Frauen mehr oder weniger still}{section.6.3}% 55
\BOOKMARK [2][-]{subsection.6.3.2}{Kompromisse}{section.6.3}% 56
\BOOKMARK [2][-]{subsection.6.3.3}{Seelische Zust\344nde: Sehnsucht, Depression und Leidenschaft}{section.6.3}% 57
\BOOKMARK [0][-]{chapter.7}{Schadensbegrenzung}{}% 58
\BOOKMARK [1][-]{section.7.1}{Erkenntnis der eigenen Naivit\344t}{chapter.7}% 59
\BOOKMARK [1][-]{section.7.2}{Abkl\344rung des Vorfeldes}{chapter.7}% 60
\BOOKMARK [1][-]{section.7.3}{Strategien}{chapter.7}% 61
\BOOKMARK [2][-]{subsection.7.3.1}{Die einvernehmliche Scheidung}{section.7.3}% 62
\BOOKMARK [2][-]{subsection.7.3.2}{Das streitige Scheidungsverfahren}{section.7.3}% 63
\BOOKMARK [2][-]{subsection.7.3.3}{Die Unterwerfung oder Vernichtung des Exgatten mit Hilfe des Rechtsstaates}{section.7.3}% 64
\BOOKMARK [0][-]{chapter.8}{Vom Umgang mit Anw\344lten}{}% 65
\BOOKMARK [1][-]{section.8.1}{Die Auswahl des Anwaltes}{chapter.8}% 66
\BOOKMARK [1][-]{section.8.2}{Die Hebelwirkung}{chapter.8}% 67
\BOOKMARK [1][-]{section.8.3}{Geld, Geld, Geld!}{chapter.8}% 68
\BOOKMARK [1][-]{section.8.4}{Der gegnerische Anwalt}{chapter.8}% 69
\BOOKMARK [1][-]{section.8.5}{Anwaltlicher Ehrenkodex}{chapter.8}% 70
\BOOKMARK [0][-]{chapter.9}{Vom Umgang mit Gerichten}{}% 71
\BOOKMARK [1][-]{section.9.1}{Prozessrisiken}{chapter.9}% 72
\BOOKMARK [2][-]{subsection.9.1.1}{Mangelnde ``accountability'' und Kontrolle}{section.9.1}% 73
\BOOKMARK [2][-]{subsection.9.1.2}{Zeit, Zeit, Zeit! und das oft bem\374hte ``Kindeswohl''}{section.9.1}% 74
\BOOKMARK [2][-]{subsection.9.1.3}{Entscheidungen und Ermessen}{section.9.1}% 75
\BOOKMARK [2][-]{subsection.9.1.4}{Abgabe der Handlungsfreiheit}{section.9.1}% 76
\BOOKMARK [2][-]{subsection.9.1.5}{Frauendominierte \(Bezirks-\)Gerichte und individuelle Faktoren}{section.9.1}% 77
\BOOKMARK [1][-]{section.9.2}{``Gender mainstreaming'' durch Schuldzuweisungen?}{chapter.9}% 78
\BOOKMARK [1][-]{section.9.3}{Der gerichtliche Wahrheitsbegriff}{chapter.9}% 79
\BOOKMARK [1][-]{section.9.4}{Umgang mit L\374gen oder verstellenden Halbwahrheiten}{chapter.9}% 80
\BOOKMARK [1][-]{section.9.5}{Strukturelle Gewalt}{chapter.9}% 81
\BOOKMARK [1][-]{section.9.6}{Illegale Beweise und freie Beweisw\374rdigung}{chapter.9}% 82
\BOOKMARK [1][-]{section.9.7}{Qualit\344t der Justiz}{chapter.9}% 83
\BOOKMARK [0][-]{chapter.10}{Phasen des Trennungsverfahrens}{}% 84
\BOOKMARK [1][-]{section.10.1}{Besitz versus Eigentum}{chapter.10}% 85
\BOOKMARK [1][-]{section.10.2}{Ehegattenunterhalt}{chapter.10}% 86
\BOOKMARK [1][-]{section.10.3}{Vorgepl\344nkel II \205 Wegweisung}{chapter.10}% 87
\BOOKMARK [1][-]{section.10.4}{Scheidungsverfahren \205 wer hat Schuld?}{chapter.10}% 88
\BOOKMARK [1][-]{section.10.5}{Wer kriegt die Kinder?}{chapter.10}% 89
\BOOKMARK [1][-]{section.10.6}{Billigkeit}{chapter.10}% 90
\BOOKMARK [1][-]{section.10.7}{Geschlechtliche Gleichbehandlung bei Gericht?}{chapter.10}% 91
\BOOKMARK [0][-]{chapter.11}{Prinzipien der G\374tertrennung}{}% 92
\BOOKMARK [1][-]{section.11.1}{Verluste}{chapter.11}% 93
\BOOKMARK [1][-]{section.11.2}{Robin\205Hood Prinzip oder gesetzlich vermittelte Umverteilung}{chapter.11}% 94
\BOOKMARK [1][-]{section.11.3}{Min-Max-Prinzip}{chapter.11}% 95
\BOOKMARK [1][-]{section.11.4}{Reziprozit\344t als Kriterium}{chapter.11}% 96
\BOOKMARK [1][-]{section.11.5}{Ein Rechenbeispiel}{chapter.11}% 97
\BOOKMARK [2][-]{subsection.11.5.1}{Aufteilungsmasse}{section.11.5}% 98
\BOOKMARK [2][-]{subsection.11.5.2}{Rechnung}{section.11.5}% 99
\BOOKMARK [0][-]{chapter.12}{Das \(Liebes-\)Leben w\344hrend und nach der Scheidung}{}% 100
\BOOKMARK [1][-]{section.12.1}{Darf ich w\344hrend der Scheidung einen neuen Partner haben?}{chapter.12}% 101
\BOOKMARK [1][-]{section.12.2}{patchworking}{chapter.12}% 102
\BOOKMARK [1][-]{section.12.3}{Anekdoten zu Kontakten \374ber Partnerb\366rsen}{chapter.12}% 103
\BOOKMARK [2][-]{subsection.12.3.1}{Jugendliche Gesch\344ftsfrau}{section.12.3}% 104
\BOOKMARK [2][-]{subsection.12.3.2}{Thearpeutin}{section.12.3}% 105
\BOOKMARK [2][-]{subsection.12.3.3}{Hebamme}{section.12.3}% 106
\BOOKMARK [2][-]{subsection.12.3.4}{Lektorin}{section.12.3}% 107
\BOOKMARK [2][-]{subsection.12.3.5}{Richterin}{section.12.3}% 108
\BOOKMARK [2][-]{subsection.12.3.6}{\304rztin mit Hund namens Eduard}{section.12.3}% 109
\BOOKMARK [1][-]{section.12.4}{Was biete ich?}{chapter.12}% 110
\BOOKMARK [0][-]{chapter.13}{Schlussbemerkungen}{}% 111
\BOOKMARK [0][-]{chapter*.4}{Literatur}{}% 112
