\BOOKMARK [0][-]{chapter*.2}{\376\377\000I\000n\000t\000r\000o\000d\000u\000c\000t\000i\000o\000n}{}% 1
\BOOKMARK [-1][-]{chapter*.3}{\376\377\000P\000a\000r\000t\000\040\000I\000:\000\040\000M\000e\000t\000a\000m\000a\000t\000h\000e\000m\000a\000t\000i\000c\000s\000\040\000a\000n\000d\000\040\000M\000e\000t\000a\000p\000h\000y\000s\000i\000c\000s}{}% 2
\BOOKMARK [0][-]{chapter.1}{\376\377\000U\000n\000r\000e\000a\000s\000o\000n\000a\000b\000l\000e\000\040\000e\000f\000f\000e\000c\000t\000i\000v\000e\000n\000e\000s\000s\000\040\000o\000f\000\040\000m\000a\000t\000h\000e\000m\000a\000t\000i\000c\000s\000\040\000i\000n\000\040\000t\000h\000e\000\040\000n\000a\000t\000u\000r\000a\000l\000\040\000s\000c\000i\000e\000n\000c\000e\000s}{chapter*.3}% 3
\BOOKMARK [0][-]{chapter.2}{\376\377\000M\000e\000t\000h\000o\000d\000o\000l\000o\000g\000y\000\040\000a\000n\000d\000\040\000p\000r\000o\000o\000f\000\040\000m\000e\000t\000h\000o\000d\000s}{chapter*.3}% 4
\BOOKMARK [0][-]{chapter.3}{\376\377\000N\000u\000m\000b\000e\000r\000s\000\040\000a\000n\000d\000\040\000s\000e\000t\000s\000\040\000o\000f\000\040\000n\000u\000m\000b\000e\000r\000s}{chapter*.3}% 5
\BOOKMARK [-1][-]{chapter*.4}{\376\377\000P\000a\000r\000t\000\040\000I\000I\000:\000\040\000L\000i\000n\000e\000a\000r\000\040\000v\000e\000c\000t\000o\000r\000\040\000s\000p\000a\000c\000e\000s}{}% 6
\BOOKMARK [0][-]{chapter.4}{\376\377\000F\000i\000n\000i\000t\000e\000-\000d\000i\000m\000e\000n\000s\000i\000o\000n\000a\000l\000\040\000v\000e\000c\000t\000o\000r\000\040\000s\000p\000a\000c\000e\000s}{chapter*.4}% 7
\BOOKMARK [1][-]{section.4.1}{\376\377\000B\000a\000s\000i\000c\000\040\000d\000e\000f\000i\000n\000i\000t\000i\000o\000n\000s}{chapter.4}% 8
\BOOKMARK [1][-]{section.4.2}{\376\377\000L\000i\000n\000e\000a\000r\000\040\000i\000n\000d\000e\000p\000e\000n\000d\000e\000n\000c\000e}{chapter.4}% 9
\BOOKMARK [1][-]{section.4.3}{\376\377\000S\000u\000b\000s\000p\000a\000c\000e}{chapter.4}% 10
\BOOKMARK [1][-]{section.4.4}{\376\377\000B\000a\000s\000i\000s}{chapter.4}% 11
\BOOKMARK [1][-]{section.4.5}{\376\377\000D\000i\000m\000e\000n\000s\000i\000o\000n}{chapter.4}% 12
\BOOKMARK [1][-]{section.4.6}{\376\377\000C\000o\000o\000r\000d\000i\000n\000a\000t\000e\000s}{chapter.4}% 13
\BOOKMARK [1][-]{section.4.7}{\376\377\000F\000i\000n\000d\000i\000n\000g\000\040\000o\000r\000t\000h\000o\000g\000o\000n\000a\000l\000\040\000b\000a\000s\000e\000s\000\040\000f\000r\000o\000m\000\040\000n\000o\000n\000o\000r\000t\000h\000o\000g\000o\000n\000a\000l\000\040\000o\000n\000e\000s}{chapter.4}% 14
\BOOKMARK [1][-]{section.4.8}{\376\377\000D\000u\000a\000l\000\040\000s\000p\000a\000c\000e}{chapter.4}% 15
\BOOKMARK [1][-]{section.4.9}{\376\377\000D\000i\000r\000e\000c\000t\000\040\000s\000u\000m}{chapter.4}% 16
\BOOKMARK [1][-]{section.4.10}{\376\377\000T\000e\000n\000s\000o\000r\000\040\000p\000r\000o\000d\000u\000c\000t}{chapter.4}% 17
\BOOKMARK [1][-]{section.4.11}{\376\377\000L\000i\000n\000e\000a\000r\000\040\000t\000r\000a\000n\000s\000f\000o\000r\000m\000a\000t\000i\000o\000n}{chapter.4}% 18
\BOOKMARK [1][-]{section.4.12}{\376\377\000P\000r\000o\000j\000e\000c\000t\000i\000o\000n\000\040\000o\000r\000\040\000p\000r\000o\000j\000e\000c\000t\000i\000o\000n\000\040\000o\000p\000e\000r\000a\000t\000o\000r}{chapter.4}% 19
\BOOKMARK [1][-]{section.4.13}{\376\377\000C\000h\000a\000n\000g\000e\000\040\000o\000f\000\040\000b\000a\000s\000i\000s}{chapter.4}% 20
\BOOKMARK [1][-]{section.4.14}{\376\377\000M\000u\000t\000u\000a\000l\000l\000y\000\040\000u\000n\000b\000i\000a\000s\000e\000d\000\040\000b\000a\000s\000e\000s}{chapter.4}% 21
\BOOKMARK [1][-]{section.4.15}{\376\377\000R\000e\000p\000r\000e\000s\000e\000n\000t\000a\000t\000i\000o\000n\000\040\000o\000f\000\040\000u\000n\000i\000t\000y\000\040\000i\000n\000\040\000t\000e\000r\000m\000s\000\040\000o\000f\000\040\000b\000a\000s\000e\000\040\000v\000e\000c\000t\000o\000r\000s}{chapter.4}% 22
\BOOKMARK [1][-]{section.4.16}{\376\377\000R\000a\000n\000k}{chapter.4}% 23
\BOOKMARK [1][-]{section.4.17}{\376\377\000D\000e\000t\000e\000r\000m\000i\000n\000a\000n\000t}{chapter.4}% 24
\BOOKMARK [1][-]{section.4.18}{\376\377\000T\000r\000a\000c\000e}{chapter.4}% 25
\BOOKMARK [1][-]{section.4.19}{\376\377\000A\000d\000j\000o\000i\000n\000t}{chapter.4}% 26
\BOOKMARK [1][-]{section.4.20}{\376\377\000S\000e\000l\000f\000-\000a\000d\000j\000o\000i\000n\000t\000\040\000t\000r\000a\000n\000s\000f\000o\000r\000m\000a\000t\000i\000o\000n}{chapter.4}% 27
\BOOKMARK [1][-]{section.4.21}{\376\377\000P\000o\000s\000i\000t\000i\000v\000e\000\040\000t\000r\000a\000n\000s\000f\000o\000r\000m\000a\000t\000i\000o\000n}{chapter.4}% 28
\BOOKMARK [1][-]{section.4.22}{\376\377\000P\000e\000r\000m\000u\000t\000a\000t\000i\000o\000n}{chapter.4}% 29
\BOOKMARK [1][-]{section.4.23}{\376\377\000O\000r\000t\000h\000o\000n\000o\000r\000m\000a\000l\000\040\000\050\000o\000r\000t\000h\000o\000g\000o\000n\000a\000l\000\051\000\040\000t\000r\000a\000n\000s\000f\000o\000r\000m\000a\000t\000i\000o\000n\000s}{chapter.4}% 30
\BOOKMARK [1][-]{section.4.24}{\376\377\000U\000n\000i\000t\000a\000r\000y\000\040\000t\000r\000a\000n\000s\000f\000o\000r\000m\000a\000t\000i\000o\000n\000s\000\040\000a\000n\000d\000\040\000i\000s\000o\000m\000e\000t\000r\000i\000e\000s}{chapter.4}% 31
\BOOKMARK [1][-]{section.4.25}{\376\377\000P\000e\000r\000p\000e\000n\000d\000i\000c\000u\000l\000a\000r\000\040\000p\000r\000o\000j\000e\000c\000t\000i\000o\000n\000s}{chapter.4}% 32
\BOOKMARK [1][-]{section.4.26}{\376\377\000P\000r\000o\000p\000e\000r\000\040\000v\000a\000l\000u\000e\000\040\000o\000r\000\040\000e\000i\000g\000e\000n\000v\000a\000l\000u\000e}{chapter.4}% 33
\BOOKMARK [1][-]{section.4.27}{\376\377\000N\000o\000r\000m\000a\000l\000\040\000t\000r\000a\000n\000s\000f\000o\000r\000m\000a\000t\000i\000o\000n}{chapter.4}% 34
\BOOKMARK [1][-]{section.4.28}{\376\377\000S\000p\000e\000c\000t\000r\000u\000m}{chapter.4}% 35
\BOOKMARK [1][-]{section.4.29}{\376\377\000F\000u\000n\000c\000t\000i\000o\000n\000s\000\040\000o\000f\000\040\000n\000o\000r\000m\000a\000l\000\040\000t\000r\000a\000n\000s\000f\000o\000r\000m\000a\000t\000i\000o\000n\000s}{chapter.4}% 36
\BOOKMARK [1][-]{section.4.30}{\376\377\000D\000e\000c\000o\000m\000p\000o\000s\000i\000t\000i\000o\000n\000\040\000o\000f\000\040\000o\000p\000e\000r\000a\000t\000o\000r\000s}{chapter.4}% 37
\BOOKMARK [1][-]{section.4.31}{\376\377\000P\000u\000r\000i\000f\000i\000c\000a\000t\000i\000o\000n}{chapter.4}% 38
\BOOKMARK [1][-]{section.4.32}{\376\377\000C\000o\000m\000m\000u\000t\000a\000t\000i\000v\000i\000t\000y}{chapter.4}% 39
\BOOKMARK [1][-]{section.4.33}{\376\377\000M\000e\000a\000s\000u\000r\000e\000s\000\040\000o\000n\000\040\000c\000l\000o\000s\000e\000d\000\040\000s\000u\000b\000s\000p\000a\000c\000e\000s}{chapter.4}% 40
\BOOKMARK [0][-]{chapter.5}{\376\377\000T\000e\000n\000s\000o\000r\000s}{chapter*.4}% 41
\BOOKMARK [1][-]{section.5.1}{\376\377\000N\000o\000t\000a\000t\000i\000o\000n}{chapter.5}% 42
\BOOKMARK [1][-]{section.5.2}{\376\377\000M\000u\000l\000t\000i\000l\000i\000n\000e\000a\000r\000\040\000f\000o\000r\000m}{chapter.5}% 43
\BOOKMARK [1][-]{section.5.3}{\376\377\000C\000o\000v\000a\000r\000i\000a\000n\000t\000\040\000t\000e\000n\000s\000o\000r\000s}{chapter.5}% 44
\BOOKMARK [1][-]{section.5.4}{\376\377\000C\000o\000n\000t\000r\000a\000v\000a\000r\000i\000a\000n\000t\000\040\000t\000e\000n\000s\000o\000r\000s}{chapter.5}% 45
\BOOKMARK [1][-]{section.5.5}{\376\377\000O\000r\000t\000h\000o\000n\000o\000r\000m\000a\000l\000\040\000b\000a\000s\000e\000s}{chapter.5}% 46
\BOOKMARK [1][-]{section.5.6}{\376\377\000I\000n\000v\000a\000r\000i\000a\000n\000t\000\040\000t\000e\000n\000s\000o\000r\000s\000\040\000a\000n\000d\000\040\000p\000h\000y\000s\000i\000c\000a\000l\000\040\000m\000o\000t\000i\000v\000a\000t\000i\000o\000n}{chapter.5}% 47
\BOOKMARK [1][-]{section.5.7}{\376\377\000M\000e\000t\000r\000i\000c\000\040\000t\000e\000n\000s\000o\000r}{chapter.5}% 48
\BOOKMARK [1][-]{section.5.8}{\376\377\000G\000e\000n\000e\000r\000a\000l\000\040\000t\000e\000n\000s\000o\000r}{chapter.5}% 49
\BOOKMARK [1][-]{section.5.9}{\376\377\000D\000e\000c\000o\000m\000p\000o\000s\000i\000t\000i\000o\000n\000\040\000o\000f\000\040\000t\000e\000n\000s\000o\000r\000s}{chapter.5}% 50
\BOOKMARK [1][-]{section.5.10}{\376\377\000F\000o\000r\000m\000\040\000i\000n\000v\000a\000r\000i\000a\000n\000c\000e\000\040\000o\000f\000\040\000t\000e\000n\000s\000o\000r\000s}{chapter.5}% 51
\BOOKMARK [1][-]{section.5.11}{\376\377\000T\000h\000e\000\040\000K\000r\000o\000n\000e\000c\000k\000e\000r\000\040\000s\000y\000m\000b\000o\000l\000\040}{chapter.5}% 52
\BOOKMARK [1][-]{section.5.12}{\376\377\000T\000h\000e\000\040\000L\000e\000v\000i\000-\000C\000i\000v\000i\000t\000a\000\040\000s\000y\000m\000b\000o\000l\000\040}{chapter.5}% 53
\BOOKMARK [1][-]{section.5.13}{\376\377\000T\000h\000e\000\040\000n\000a\000b\000l\000a\000,\000\040\000L\000a\000p\000l\000a\000c\000e\000,\000\040\000a\000n\000d\000\040\000D\000'\000A\000l\000e\000m\000b\000e\000r\000t\000\040\000o\000p\000e\000r\000a\000t\000o\000r\000s}{chapter.5}% 54
\BOOKMARK [1][-]{section.5.14}{\376\377\000S\000o\000m\000e\000\040\000t\000r\000i\000c\000k\000s\000\040\000a\000n\000d\000\040\000e\000x\000a\000m\000p\000l\000e\000s}{chapter.5}% 55
\BOOKMARK [1][-]{section.5.15}{\376\377\000S\000o\000m\000e\000\040\000c\000o\000m\000m\000o\000n\000\040\000m\000i\000s\000c\000o\000n\000c\000e\000p\000t\000i\000o\000n\000s}{chapter.5}% 56
\BOOKMARK [0][-]{chapter.6}{\376\377\000P\000r\000o\000j\000e\000c\000t\000i\000v\000e\000\040\000a\000n\000d\000\040\000i\000n\000c\000i\000d\000e\000n\000c\000e\000\040\000g\000e\000o\000m\000e\000t\000r\000y}{chapter*.4}% 57
\BOOKMARK [1][-]{section.6.1}{\376\377\000N\000o\000t\000a\000t\000i\000o\000n}{chapter.6}% 58
\BOOKMARK [1][-]{section.6.2}{\376\377\000A\000f\000f\000i\000n\000e\000\040\000t\000r\000a\000n\000s\000f\000o\000r\000m\000a\000t\000i\000o\000n\000s}{chapter.6}% 59
\BOOKMARK [1][-]{section.6.3}{\376\377\000S\000i\000m\000i\000l\000a\000r\000i\000t\000y\000\040\000t\000r\000a\000n\000s\000f\000o\000r\000m\000a\000t\000i\000o\000n\000s}{chapter.6}% 60
\BOOKMARK [1][-]{section.6.4}{\376\377\000F\000u\000n\000d\000a\000m\000e\000n\000t\000a\000l\000\040\000t\000h\000e\000o\000r\000e\000m\000\040\000o\000f\000\040\000a\000f\000f\000i\000n\000e\000\040\000g\000e\000o\000m\000e\000t\000r\000y}{chapter.6}% 61
\BOOKMARK [1][-]{section.6.5}{\376\377\000A\000l\000e\000x\000a\000n\000d\000r\000o\000v\000'\000s\000\040\000t\000h\000e\000o\000r\000e\000m}{chapter.6}% 62
\BOOKMARK [0][-]{chapter.7}{\376\377\000G\000r\000o\000u\000p\000\040\000t\000h\000e\000o\000r\000y}{chapter*.4}% 63
\BOOKMARK [1][-]{section.7.1}{\376\377\000D\000e\000f\000i\000n\000i\000t\000i\000o\000n}{chapter.7}% 64
\BOOKMARK [1][-]{section.7.2}{\376\377\000L\000i\000e\000\040\000t\000h\000e\000o\000r\000y}{chapter.7}% 65
\BOOKMARK [1][-]{section.7.3}{\376\377\000S\000o\000m\000e\000\040\000i\000m\000p\000o\000r\000t\000a\000n\000t\000\040\000g\000r\000o\000u\000p\000s}{chapter.7}% 66
\BOOKMARK [1][-]{section.7.4}{\376\377\000C\000a\000y\000l\000e\000y\000'\000s\000\040\000r\000e\000p\000r\000e\000s\000e\000n\000t\000a\000t\000i\000o\000n\000\040\000t\000h\000e\000o\000r\000e\000m}{chapter.7}% 67
\BOOKMARK [-1][-]{chapter*.5}{\376\377\000P\000a\000r\000t\000\040\000I\000I\000I\000:\000\040\000F\000u\000n\000c\000t\000i\000o\000n\000a\000l\000\040\000a\000n\000a\000l\000y\000s\000i\000s}{}% 68
\BOOKMARK [0][-]{chapter.8}{\376\377\000B\000r\000i\000e\000f\000\040\000r\000e\000v\000i\000e\000w\000\040\000o\000f\000\040\000c\000o\000m\000p\000l\000e\000x\000\040\000a\000n\000a\000l\000y\000s\000i\000s}{chapter*.5}% 69
\BOOKMARK [1][-]{section.8.1}{\376\377\000D\000i\000f\000f\000e\000r\000e\000n\000t\000i\000a\000b\000l\000e\000,\000\040\000h\000o\000l\000o\000m\000o\000r\000p\000h\000i\000c\000\040\000\050\000a\000n\000a\000l\000y\000t\000i\000c\000\051\000\040\000f\000u\000n\000c\000t\000i\000o\000n}{chapter.8}% 70
\BOOKMARK [1][-]{section.8.2}{\376\377\000C\000a\000u\000c\000h\000y\000-\000R\000i\000e\000m\000a\000n\000n\000\040\000e\000q\000u\000a\000t\000i\000o\000n\000s}{chapter.8}% 71
\BOOKMARK [1][-]{section.8.3}{\376\377\000D\000e\000f\000i\000n\000i\000t\000i\000o\000n\000\040\000a\000n\000a\000l\000y\000t\000i\000c\000a\000l\000\040\000f\000u\000n\000c\000t\000i\000o\000n}{chapter.8}% 72
\BOOKMARK [1][-]{section.8.4}{\376\377\000C\000a\000u\000c\000h\000y\000'\000s\000\040\000i\000n\000t\000e\000g\000r\000a\000l\000\040\000t\000h\000e\000o\000r\000e\000m}{chapter.8}% 73
\BOOKMARK [1][-]{section.8.5}{\376\377\000C\000a\000u\000c\000h\000y\000'\000s\000\040\000i\000n\000t\000e\000g\000r\000a\000l\000\040\000f\000o\000r\000m\000u\000l\000a}{chapter.8}% 74
\BOOKMARK [1][-]{section.8.6}{\376\377\000S\000e\000r\000i\000e\000s\000\040\000r\000e\000p\000r\000e\000s\000e\000n\000t\000a\000t\000i\000o\000n\000\040\000o\000f\000\040\000c\000o\000m\000p\000l\000e\000x\000\040\000d\000i\000f\000f\000e\000r\000e\000n\000t\000i\000a\000b\000l\000e\000\040\000f\000u\000n\000c\000t\000i\000o\000n\000s}{chapter.8}% 75
\BOOKMARK [1][-]{section.8.7}{\376\377\000L\000a\000u\000r\000e\000n\000t\000\040\000s\000e\000r\000i\000e\000s}{chapter.8}% 76
\BOOKMARK [1][-]{section.8.8}{\376\377\000R\000e\000s\000i\000d\000u\000e\000\040\000t\000h\000e\000o\000r\000e\000m}{chapter.8}% 77
\BOOKMARK [1][-]{section.8.9}{\376\377\000M\000u\000l\000t\000i\000-\000v\000a\000l\000u\000e\000d\000\040\000r\000e\000l\000a\000t\000i\000o\000n\000s\000h\000i\000p\000s\000,\000\040\000b\000r\000a\000n\000c\000h\000\040\000p\000o\000i\000n\000t\000s\000\040\000a\000n\000d\000\040\000a\000n\000d\000\040\000b\000r\000a\000n\000c\000h\000\040\000c\000u\000t\000s}{chapter.8}% 78
\BOOKMARK [1][-]{section.8.10}{\376\377\000R\000i\000e\000m\000a\000n\000n\000\040\000s\000u\000r\000f\000a\000c\000e}{chapter.8}% 79
\BOOKMARK [1][-]{section.8.11}{\376\377\000S\000o\000m\000e\000\040\000s\000p\000e\000c\000i\000a\000l\000\040\000f\000u\000n\000c\000t\000i\000o\000n\000a\000l\000\040\000c\000l\000a\000s\000s\000e\000s}{chapter.8}% 80
\BOOKMARK [1][-]{section.8.12}{\376\377\000F\000u\000n\000d\000a\000m\000e\000n\000t\000a\000l\000\040\000t\000h\000e\000o\000r\000e\000m\000\040\000o\000f\000\040\000a\000l\000g\000e\000b\000r\000a}{chapter.8}% 81
\BOOKMARK [0][-]{chapter.9}{\376\377\000B\000r\000i\000e\000f\000\040\000r\000e\000v\000i\000e\000w\000\040\000o\000f\000\040\000F\000o\000u\000r\000i\000e\000r\000\040\000t\000r\000a\000n\000s\000f\000o\000r\000m\000s}{chapter*.5}% 82
\BOOKMARK [0][-]{chapter.10}{\376\377\000D\000i\000s\000t\000r\000i\000b\000u\000t\000i\000o\000n\000s\000\040\000a\000s\000\040\000g\000e\000n\000e\000r\000a\000l\000i\000z\000e\000d\000\040\000f\000u\000n\000c\000t\000i\000o\000n\000s}{chapter*.5}% 83
\BOOKMARK [1][-]{section.10.1}{\376\377\000H\000e\000u\000r\000i\000s\000t\000i\000c\000a\000l\000l\000y\000\040\000c\000o\000p\000i\000n\000g\000\040\000w\000i\000t\000h\000\040\000d\000i\000s\000c\000o\000n\000t\000i\000n\000u\000i\000t\000i\000e\000s}{chapter.10}% 84
\BOOKMARK [1][-]{section.10.2}{\376\377\000G\000e\000n\000e\000r\000a\000l\000\040\000d\000i\000s\000t\000r\000i\000b\000u\000t\000i\000o\000n}{chapter.10}% 85
\BOOKMARK [1][-]{section.10.3}{\376\377\000T\000e\000s\000t\000\040\000f\000u\000n\000c\000t\000i\000o\000n\000s}{chapter.10}% 86
\BOOKMARK [1][-]{section.10.4}{\376\377\000D\000e\000r\000i\000v\000a\000t\000i\000v\000e\000\040\000o\000f\000\040\000d\000i\000s\000t\000r\000i\000b\000u\000t\000i\000o\000n\000s}{chapter.10}% 87
\BOOKMARK [1][-]{section.10.5}{\376\377\000F\000o\000u\000r\000i\000e\000r\000\040\000t\000r\000a\000n\000s\000f\000o\000r\000m\000\040\000o\000f\000\040\000d\000i\000s\000t\000r\000i\000b\000u\000t\000i\000o\000n\000s}{chapter.10}% 88
\BOOKMARK [1][-]{section.10.6}{\376\377\000D\000i\000r\000a\000c\000\040\000d\000e\000l\000t\000a\000\040\000f\000u\000n\000c\000t\000i\000o\000n}{chapter.10}% 89
\BOOKMARK [1][-]{section.10.7}{\376\377\000C\000a\000u\000c\000h\000y\000\040\000p\000r\000i\000n\000c\000i\000p\000a\000l\000\040\000v\000a\000l\000u\000e}{chapter.10}% 90
\BOOKMARK [1][-]{section.10.8}{\376\377\000A\000b\000s\000o\000l\000u\000t\000e\000\040\000v\000a\000l\000u\000e\000\040\000d\000i\000s\000t\000r\000i\000b\000u\000t\000i\000o\000n}{chapter.10}% 91
\BOOKMARK [1][-]{section.10.9}{\376\377\000L\000o\000g\000a\000r\000i\000t\000h\000m\000\040\000d\000i\000s\000t\000r\000i\000b\000u\000t\000i\000o\000n}{chapter.10}% 92
\BOOKMARK [1][-]{section.10.10}{\376\377\000P\000o\000l\000e\000\040\000f\000u\000n\000c\000t\000i\000o\000n\000\040\0001\000x\000n\000\040\000d\000i\000s\000t\000r\000i\000b\000u\000t\000i\000o\000n}{chapter.10}% 93
\BOOKMARK [1][-]{section.10.11}{\376\377\000P\000o\000l\000e\000\040\000f\000u\000n\000c\000t\000i\000o\000n\000\040\0001\000x\000i\000\040\000d\000i\000s\000t\000r\000i\000b\000u\000t\000i\000o\000n}{chapter.10}% 94
\BOOKMARK [1][-]{section.10.12}{\376\377\000H\000e\000a\000v\000i\000s\000i\000d\000e\000\040\000s\000t\000e\000p\000\040\000f\000u\000n\000c\000t\000i\000o\000n}{chapter.10}% 95
\BOOKMARK [1][-]{section.10.13}{\376\377\000T\000h\000e\000\040\000s\000i\000g\000n\000\040\000f\000u\000n\000c\000t\000i\000o\000n}{chapter.10}% 96
\BOOKMARK [1][-]{section.10.14}{\376\377\000A\000b\000s\000o\000l\000u\000t\000e\000\040\000v\000a\000l\000u\000e\000\040\000f\000u\000n\000c\000t\000i\000o\000n\000\040\000\050\000o\000r\000\040\000m\000o\000d\000u\000l\000u\000s\000\051}{chapter.10}% 97
\BOOKMARK [1][-]{section.10.15}{\376\377\000S\000o\000m\000e\000\040\000e\000x\000a\000m\000p\000l\000e\000s}{chapter.10}% 98
\BOOKMARK [0][-]{chapter.11}{\376\377\000G\000r\000e\000e\000n\000'\000s\000\040\000f\000u\000n\000c\000t\000i\000o\000n}{chapter*.5}% 99
\BOOKMARK [1][-]{section.11.1}{\376\377\000E\000l\000e\000g\000a\000n\000t\000\040\000w\000a\000y\000\040\000t\000o\000\040\000s\000o\000l\000v\000e\000\040\000l\000i\000n\000e\000a\000r\000\040\000d\000i\000f\000f\000e\000r\000e\000n\000t\000i\000a\000l\000\040\000e\000q\000u\000a\000t\000i\000o\000n\000s}{chapter.11}% 100
\BOOKMARK [1][-]{section.11.2}{\376\377\000F\000i\000n\000d\000i\000n\000g\000\040\000G\000r\000e\000e\000n\000'\000s\000\040\000f\000u\000n\000c\000t\000i\000o\000n\000s\000\040\000b\000y\000\040\000s\000p\000e\000c\000t\000r\000a\000l\000\040\000d\000e\000c\000o\000m\000p\000o\000s\000i\000t\000i\000o\000n\000s}{chapter.11}% 101
\BOOKMARK [1][-]{section.11.3}{\376\377\000F\000i\000n\000d\000i\000n\000g\000\040\000G\000r\000e\000e\000n\000'\000s\000\040\000f\000u\000n\000c\000t\000i\000o\000n\000s\000\040\000b\000y\000\040\000F\000o\000u\000r\000i\000e\000r\000\040\000a\000n\000a\000l\000y\000s\000i\000s}{chapter.11}% 102
\BOOKMARK [-1][-]{chapter*.6}{\376\377\000P\000a\000r\000t\000\040\000I\000V\000:\000\040\000D\000i\000f\000f\000e\000r\000e\000n\000t\000i\000a\000l\000\040\000e\000q\000u\000a\000t\000i\000o\000n\000s}{}% 103
\BOOKMARK [0][-]{chapter.12}{\376\377\000S\000t\000u\000r\000m\000-\000L\000i\000o\000u\000v\000i\000l\000l\000e\000\040\000t\000h\000e\000o\000r\000y}{chapter*.6}% 104
\BOOKMARK [1][-]{section.12.1}{\376\377\000S\000t\000u\000r\000m\000-\000L\000i\000o\000u\000v\000i\000l\000l\000e\000\040\000f\000o\000r\000m}{chapter.12}% 105
\BOOKMARK [1][-]{section.12.2}{\376\377\000S\000t\000u\000r\000m\000-\000L\000i\000o\000u\000v\000i\000l\000l\000e\000\040\000e\000i\000g\000e\000n\000v\000a\000l\000u\000e\000\040\000p\000r\000o\000b\000l\000e\000m}{chapter.12}% 106
\BOOKMARK [1][-]{section.12.3}{\376\377\000A\000d\000j\000o\000i\000n\000t\000\040\000a\000n\000d\000\040\000s\000e\000l\000f\000-\000a\000d\000j\000o\000i\000n\000t\000\040\000o\000p\000e\000r\000a\000t\000o\000r\000s}{chapter.12}% 107
\BOOKMARK [1][-]{section.12.4}{\376\377\000S\000t\000u\000r\000m\000-\000L\000i\000o\000u\000v\000i\000l\000l\000e\000\040\000t\000r\000a\000n\000s\000f\000o\000r\000m\000a\000t\000i\000o\000n\000\040\000i\000n\000t\000o\000\040\000L\000i\000o\000u\000v\000i\000l\000l\000e\000\040\000n\000o\000r\000m\000a\000l\000\040\000f\000o\000r\000m}{chapter.12}% 108
\BOOKMARK [1][-]{section.12.5}{\376\377\000V\000a\000r\000i\000e\000t\000i\000e\000s\000\040\000o\000f\000\040\000S\000t\000u\000r\000m\000-\000L\000i\000o\000u\000v\000i\000l\000l\000e\000\040\000d\000i\000f\000f\000e\000r\000e\000n\000t\000i\000a\000l\000\040\000e\000q\000u\000a\000t\000i\000o\000n\000s}{chapter.12}% 109
\BOOKMARK [0][-]{chapter.13}{\376\377\000S\000e\000p\000a\000r\000a\000t\000i\000o\000n\000\040\000o\000f\000\040\000v\000a\000r\000i\000a\000b\000l\000e\000s}{chapter*.6}% 110
\BOOKMARK [0][-]{chapter.14}{\376\377\000S\000p\000e\000c\000i\000a\000l\000\040\000f\000u\000n\000c\000t\000i\000o\000n\000s\000\040\000o\000f\000\040\000m\000a\000t\000h\000e\000m\000a\000t\000i\000c\000a\000l\000\040\000p\000h\000y\000s\000i\000c\000s}{chapter*.6}% 111
\BOOKMARK [1][-]{section.14.1}{\376\377\000G\000a\000m\000m\000a\000\040\000f\000u\000n\000c\000t\000i\000o\000n}{chapter.14}% 112
\BOOKMARK [1][-]{section.14.2}{\376\377\000B\000e\000t\000a\000\040\000f\000u\000n\000c\000t\000i\000o\000n}{chapter.14}% 113
\BOOKMARK [1][-]{section.14.3}{\376\377\000F\000u\000c\000h\000s\000i\000a\000n\000\040\000d\000i\000f\000f\000e\000r\000e\000n\000t\000i\000a\000l\000\040\000e\000q\000u\000a\000t\000i\000o\000n\000s}{chapter.14}% 114
\BOOKMARK [1][-]{section.14.4}{\376\377\000H\000y\000p\000e\000r\000g\000e\000o\000m\000e\000t\000r\000i\000c\000\040\000f\000u\000n\000c\000t\000i\000o\000n}{chapter.14}% 115
\BOOKMARK [1][-]{section.14.5}{\376\377\000O\000r\000t\000h\000o\000g\000o\000n\000a\000l\000\040\000p\000o\000l\000y\000n\000o\000m\000i\000a\000l\000s}{chapter.14}% 116
\BOOKMARK [1][-]{section.14.6}{\376\377\000L\000e\000g\000e\000n\000d\000r\000e\000\040\000p\000o\000l\000y\000n\000o\000m\000i\000a\000l\000s}{chapter.14}% 117
\BOOKMARK [1][-]{section.14.7}{\376\377\000A\000s\000s\000o\000c\000i\000a\000t\000e\000d\000\040\000L\000e\000g\000e\000n\000d\000r\000e\000\040\000p\000o\000l\000y\000n\000o\000m\000i\000a\000l}{chapter.14}% 118
\BOOKMARK [1][-]{section.14.8}{\376\377\000S\000p\000h\000e\000r\000i\000c\000a\000l\000\040\000h\000a\000r\000m\000o\000n\000i\000c\000s}{chapter.14}% 119
\BOOKMARK [1][-]{section.14.9}{\376\377\000S\000o\000l\000u\000t\000i\000o\000n\000\040\000o\000f\000\040\000t\000h\000e\000\040\000S\000c\000h\000r\000\366\000d\000i\000n\000g\000e\000r\000\040\000e\000q\000u\000a\000t\000i\000o\000n\000\040\000f\000o\000r\000\040\000a\000\040\000h\000y\000d\000r\000o\000g\000e\000n\000\040\000a\000t\000o\000m}{chapter.14}% 120
\BOOKMARK [0][-]{chapter.15}{\376\377\000D\000i\000v\000e\000r\000g\000e\000n\000t\000\040\000s\000e\000r\000i\000e\000s}{chapter*.6}% 121
\BOOKMARK [1][-]{section.15.1}{\376\377\000C\000o\000n\000v\000e\000r\000g\000e\000n\000c\000e\000\040\000a\000n\000d\000\040\000d\000i\000v\000e\000r\000g\000e\000n\000c\000e}{chapter.15}% 122
\BOOKMARK [1][-]{section.15.2}{\376\377\000E\000u\000l\000e\000r\000\040\000d\000i\000f\000f\000e\000r\000e\000n\000t\000i\000a\000l\000\040\000e\000q\000u\000a\000t\000i\000o\000n}{chapter.15}% 123
\BOOKMARK [-1][-]{appendix*.7}{\376\377\000A\000p\000p\000e\000n\000d\000i\000x}{}% 124
\BOOKMARK [0][-]{appendix.A}{\376\377\000H\000i\000l\000b\000e\000r\000t\000\040\000s\000p\000a\000c\000e\000\040\000q\000u\000a\000n\000t\000u\000m\000\040\000m\000e\000c\000h\000a\000n\000i\000c\000s\000\040\000a\000n\000d\000\040\000q\000u\000a\000n\000t\000u\000m\000\040\000l\000o\000g\000i\000c}{appendix*.7}% 125
\BOOKMARK [1][-]{section.A.1}{\376\377\000Q\000u\000a\000n\000t\000u\000m\000\040\000m\000e\000c\000h\000a\000n\000i\000c\000s}{appendix.A}% 126
\BOOKMARK [1][-]{section.A.2}{\376\377\000Q\000u\000a\000n\000t\000u\000m\000\040\000l\000o\000g\000i\000c}{appendix.A}% 127
\BOOKMARK [1][-]{section.A.3}{\376\377\000D\000i\000a\000g\000r\000a\000m\000m\000a\000t\000i\000c\000a\000l\000\040\000r\000e\000p\000r\000e\000s\000e\000n\000t\000a\000t\000i\000o\000n\000,\000\040\000b\000l\000o\000c\000k\000s\000,\000\040\000c\000o\000m\000p\000l\000e\000m\000e\000n\000t\000a\000r\000i\000t\000y}{appendix.A}% 128
\BOOKMARK [1][-]{section.A.4}{\376\377\000R\000e\000a\000l\000i\000z\000a\000t\000i\000o\000n\000s\000\040\000o\000f\000\040\000t\000w\000o\000-\000d\000i\000m\000e\000n\000s\000i\000o\000n\000a\000l\000\040\000b\000e\000a\000m\000\040\000s\000p\000l\000i\000t\000t\000e\000r\000s}{appendix.A}% 129
\BOOKMARK [1][-]{section.A.5}{\376\377\000T\000w\000o\000\040\000p\000a\000r\000t\000i\000c\000l\000e\000\040\000c\000o\000r\000r\000e\000l\000a\000t\000i\000o\000n\000s}{appendix.A}% 130
\BOOKMARK [0][-]{appendix*.8}{\376\377\000B\000i\000b\000l\000i\000o\000g\000r\000a\000p\000h\000y}{appendix*.7}% 131
\BOOKMARK [0][-]{appendix*.9}{\376\377\000I\000n\000d\000e\000x}{appendix*.7}% 132
