\BOOKMARK [0][-]{section*.2}{Physical aspects of providence, dualistic free will, miracles, and oracles}{}% 2
\BOOKMARK [1][-]{section*.1}{Abstract}{section*.2}% 1
\BOOKMARK [1][-]{section*.3}{Introduction}{section*.2}% 3
\BOOKMARK [2][-]{section*.4}{Nomenclature}{section*.3}% 4
\BOOKMARK [2][-]{section*.5}{The mind-boggling fact of existence}{section*.3}% 5
\BOOKMARK [2][-]{section*.6}{A rise of indeterminism}{section*.3}% 6
\BOOKMARK [1][-]{section*.7}{Weltanschauung \(worldview\) between Scylla and Charybdis}{section*.2}% 7
\BOOKMARK [2][-]{section*.8}{Deterministic Scylla}{section*.7}% 8
\BOOKMARK [2][-]{section*.9}{Indeterministic Charybdis}{section*.7}% 9
\BOOKMARK [1][-]{section*.10}{Dualistic interfaces as path through Scylla and Charybdis}{section*.2}% 10
\BOOKMARK [2][-]{section*.11}{Computer game metaphor}{section*.10}% 11
\BOOKMARK [2][-]{section*.12}{How to acknowledge intentionality?}{section*.10}% 12
\BOOKMARK [1][-]{section*.13}{Physical gaps}{section*.2}% 13
\BOOKMARK [2][-]{section*.14}{Deterministic chaos and spontaneous symmetry breaking}{section*.13}% 14
\BOOKMARK [2][-]{section*.15}{Quantum oracles}{section*.13}% 15
\BOOKMARK [2][-]{section*.16}{Vacuum fluctuations}{section*.13}% 16
\BOOKMARK [1][-]{section*.17}{Provable undecidabilities}{section*.2}% 17
\BOOKMARK [2][-]{section*.18}{Unpredictability}{section*.17}% 18
\BOOKMARK [2][-]{section*.19}{Undecidability of the induction problem}{section*.17}% 19
\BOOKMARK [2][-]{section*.20}{Results in classical recursion theory with implications for theoretical physics}{section*.17}% 20
\BOOKMARK [1][-]{section*.21}{Reprogramming the universe}{section*.2}% 21
\BOOKMARK [1][-]{section*.22}{Afterthoughts}{section*.2}% 22
\BOOKMARK [1][-]{section*.23}{Acknowledgments}{section*.2}% 23
\BOOKMARK [1][-]{section*.24}{References}{section*.2}% 24
