\BOOKMARK [0][-]{section*.2}{Locating possible sources of physical indeterminism}{}% 2
\BOOKMARK [1][-]{section*.1}{Abstract}{section*.2}% 1
\BOOKMARK [1][-]{section*.3}{Introduction}{section*.2}% 3
\BOOKMARK [2][-]{section*.4}{Nomenclature}{section*.3}% 4
\BOOKMARK [2][-]{section*.5}{The mind-boggling fact of existence}{section*.3}% 5
\BOOKMARK [2][-]{section*.6}{A rise of indeterminism}{section*.3}% 6
\BOOKMARK [1][-]{section*.7}{Options in view of Scylla and Charybdis}{section*.2}% 7
\BOOKMARK [2][-]{section*.8}{Determinism}{section*.7}% 8
\BOOKMARK [2][-]{section*.9}{Emergence of structure from primordial chaos}{section*.7}% 9
\BOOKMARK [2][-]{section*.10}{Dualistic interfaces as path through Scylla and Charybdis}{section*.7}% 10
\BOOKMARK [1][-]{section*.11}{How to acknowledge intentionality?}{section*.2}% 11
\BOOKMARK [1][-]{section*.12}{Physical gaps}{section*.2}% 12
\BOOKMARK [2][-]{section*.13}{Deterministic chaos and spontaneous symmetry breaking}{section*.12}% 13
\BOOKMARK [2][-]{section*.14}{Quantum oracles}{section*.12}% 14
\BOOKMARK [2][-]{section*.15}{Vacuum fluctuations}{section*.12}% 15
\BOOKMARK [1][-]{section*.16}{Interpretations of quantum theory}{section*.2}% 16
\BOOKMARK [1][-]{section*.17}{Reprogramming the universe}{section*.2}% 17
\BOOKMARK [1][-]{section*.18}{Summary}{section*.2}% 18
\BOOKMARK [1][-]{section*.19}{Acknowledgments}{section*.2}% 19
\BOOKMARK [1][-]{section*.20}{References}{section*.2}% 20
