\BOOKMARK [0][-]{chapter*.2}{\376\377\000U\000n\000r\000e\000a\000s\000o\000n\000a\000b\000l\000e\000\040\000e\000f\000f\000e\000c\000t\000i\000v\000e\000n\000e\000s\000s\000\040\000o\000f\000\040\000m\000a\000t\000h\000e\000m\000a\000t\000i\000c\000s\000\040\000i\000n\000\040\000t\000h\000e\000\040\000n\000a\000t\000u\000r\000a\000l\000\040\000s\000c\000i\000e\000n\000c\000e\000s}{}% 1
\BOOKMARK [-1][-]{chapter*.3}{\376\377\000P\000a\000r\000t\000\040\000I\000:\000\040\000L\000i\000n\000e\000a\000r\000\040\000v\000e\000c\000t\000o\000r\000\040\000s\000p\000a\000c\000e\000s}{}% 2
\BOOKMARK [0][-]{chapter.1}{\376\377\000F\000i\000n\000i\000t\000e\000-\000d\000i\000m\000e\000n\000s\000i\000o\000n\000a\000l\000\040\000v\000e\000c\000t\000o\000r\000\040\000s\000p\000a\000c\000e\000s}{chapter*.3}% 3
\BOOKMARK [1][-]{section.1.1}{\376\377\000C\000o\000n\000v\000e\000n\000t\000i\000o\000n\000s\000\040\000a\000n\000d\000\040\000b\000a\000s\000i\000c\000\040\000d\000e\000f\000i\000n\000i\000t\000i\000o\000n\000s}{chapter.1}% 4
\BOOKMARK [1][-]{section.1.2}{\376\377\000L\000i\000n\000e\000a\000r\000\040\000i\000n\000d\000e\000p\000e\000n\000d\000e\000n\000c\000e}{chapter.1}% 5
\BOOKMARK [1][-]{section.1.3}{\376\377\000S\000u\000b\000s\000p\000a\000c\000e}{chapter.1}% 6
\BOOKMARK [1][-]{section.1.4}{\376\377\000B\000a\000s\000i\000s}{chapter.1}% 7
\BOOKMARK [1][-]{section.1.5}{\376\377\000D\000i\000m\000e\000n\000s\000i\000o\000n}{chapter.1}% 8
\BOOKMARK [1][-]{section.1.6}{\376\377\000V\000e\000c\000t\000o\000r\000\040\000c\000o\000o\000r\000d\000i\000n\000a\000t\000e\000s\000\040\000o\000r\000\040\000c\000o\000m\000p\000o\000n\000e\000n\000t\000s}{chapter.1}% 9
\BOOKMARK [1][-]{section.1.7}{\376\377\000F\000i\000n\000d\000i\000n\000g\000\040\000o\000r\000t\000h\000o\000g\000o\000n\000a\000l\000\040\000b\000a\000s\000e\000s\000\040\000f\000r\000o\000m\000\040\000n\000o\000n\000o\000r\000t\000h\000o\000g\000o\000n\000a\000l\000\040\000o\000n\000e\000s}{chapter.1}% 10
\BOOKMARK [1][-]{section.1.8}{\376\377\000D\000u\000a\000l\000\040\000s\000p\000a\000c\000e}{chapter.1}% 11
\BOOKMARK [1][-]{section.1.9}{\376\377\000D\000i\000r\000e\000c\000t\000\040\000s\000u\000m}{chapter.1}% 12
\BOOKMARK [1][-]{section.1.10}{\376\377\000T\000e\000n\000s\000o\000r\000\040\000p\000r\000o\000d\000u\000c\000t}{chapter.1}% 13
\BOOKMARK [1][-]{section.1.11}{\376\377\000L\000i\000n\000e\000a\000r\000\040\000t\000r\000a\000n\000s\000f\000o\000r\000m\000a\000t\000i\000o\000n}{chapter.1}% 14
\BOOKMARK [1][-]{section.1.12}{\376\377\000P\000r\000o\000j\000e\000c\000t\000i\000o\000n\000\040\000o\000r\000\040\000p\000r\000o\000j\000e\000c\000t\000i\000o\000n\000\040\000o\000p\000e\000r\000a\000t\000o\000r}{chapter.1}% 15
\BOOKMARK [1][-]{section.1.13}{\376\377\000C\000h\000a\000n\000g\000e\000\040\000o\000f\000\040\000b\000a\000s\000i\000s}{chapter.1}% 16
\BOOKMARK [1][-]{section.1.14}{\376\377\000M\000u\000t\000u\000a\000l\000l\000y\000\040\000u\000n\000b\000i\000a\000s\000e\000d\000\040\000b\000a\000s\000e\000s}{chapter.1}% 17
\BOOKMARK [1][-]{section.1.15}{\376\377\000C\000o\000m\000p\000l\000e\000t\000e\000n\000e\000s\000s\000\040\000o\000r\000\040\000r\000e\000s\000o\000l\000u\000t\000i\000o\000n\000\040\000o\000f\000\040\000t\000h\000e\000\040\000u\000n\000i\000t\000\040\000o\000p\000e\000r\000a\000t\000o\000r\000\040\000i\000n\000\040\000t\000e\000r\000m\000s\000\040\000o\000f\000\040\000b\000a\000s\000e\000\040\000v\000e\000c\000t\000o\000r\000s}{chapter.1}% 18
\BOOKMARK [1][-]{section.1.16}{\376\377\000R\000a\000n\000k}{chapter.1}% 19
\BOOKMARK [1][-]{section.1.17}{\376\377\000D\000e\000t\000e\000r\000m\000i\000n\000a\000n\000t}{chapter.1}% 20
\BOOKMARK [1][-]{section.1.18}{\376\377\000T\000r\000a\000c\000e}{chapter.1}% 21
\BOOKMARK [1][-]{section.1.19}{\376\377\000A\000d\000j\000o\000i\000n\000t}{chapter.1}% 22
\BOOKMARK [1][-]{section.1.20}{\376\377\000S\000e\000l\000f\000-\000a\000d\000j\000o\000i\000n\000t\000\040\000t\000r\000a\000n\000s\000f\000o\000r\000m\000a\000t\000i\000o\000n}{chapter.1}% 23
\BOOKMARK [1][-]{section.1.21}{\376\377\000P\000o\000s\000i\000t\000i\000v\000e\000\040\000t\000r\000a\000n\000s\000f\000o\000r\000m\000a\000t\000i\000o\000n}{chapter.1}% 24
\BOOKMARK [1][-]{section.1.22}{\376\377\000P\000e\000r\000m\000u\000t\000a\000t\000i\000o\000n}{chapter.1}% 25
\BOOKMARK [1][-]{section.1.23}{\376\377\000O\000r\000t\000h\000o\000n\000o\000r\000m\000a\000l\000\040\000\050\000o\000r\000t\000h\000o\000g\000o\000n\000a\000l\000\051\000\040\000t\000r\000a\000n\000s\000f\000o\000r\000m\000a\000t\000i\000o\000n\000s}{chapter.1}% 26
\BOOKMARK [1][-]{section.1.24}{\376\377\000U\000n\000i\000t\000a\000r\000y\000\040\000t\000r\000a\000n\000s\000f\000o\000r\000m\000a\000t\000i\000o\000n\000s\000\040\000a\000n\000d\000\040\000i\000s\000o\000m\000e\000t\000r\000i\000e\000s}{chapter.1}% 27
\BOOKMARK [1][-]{section.1.25}{\376\377\000O\000r\000t\000h\000o\000g\000o\000n\000a\000l\000\040\000\050\000p\000e\000r\000p\000e\000n\000d\000i\000c\000u\000l\000a\000r\000\051\000\040\000p\000r\000o\000j\000e\000c\000t\000i\000o\000n\000s}{chapter.1}% 28
\BOOKMARK [1][-]{section.1.26}{\376\377\000P\000r\000o\000p\000e\000r\000\040\000v\000a\000l\000u\000e\000\040\000o\000r\000\040\000e\000i\000g\000e\000n\000v\000a\000l\000u\000e}{chapter.1}% 29
\BOOKMARK [1][-]{section.1.27}{\376\377\000N\000o\000r\000m\000a\000l\000\040\000t\000r\000a\000n\000s\000f\000o\000r\000m\000a\000t\000i\000o\000n}{chapter.1}% 30
\BOOKMARK [1][-]{section.1.28}{\376\377\000S\000p\000e\000c\000t\000r\000u\000m}{chapter.1}% 31
\BOOKMARK [1][-]{section.1.29}{\376\377\000F\000u\000n\000c\000t\000i\000o\000n\000s\000\040\000o\000f\000\040\000n\000o\000r\000m\000a\000l\000\040\000t\000r\000a\000n\000s\000f\000o\000r\000m\000a\000t\000i\000o\000n\000s}{chapter.1}% 32
\BOOKMARK [1][-]{section.1.30}{\376\377\000D\000e\000c\000o\000m\000p\000o\000s\000i\000t\000i\000o\000n\000\040\000o\000f\000\040\000o\000p\000e\000r\000a\000t\000o\000r\000s}{chapter.1}% 33
\BOOKMARK [1][-]{section.1.31}{\376\377\000P\000u\000r\000i\000f\000i\000c\000a\000t\000i\000o\000n}{chapter.1}% 34
\BOOKMARK [1][-]{section.1.32}{\376\377\000C\000o\000m\000m\000u\000t\000a\000t\000i\000v\000i\000t\000y}{chapter.1}% 35
\BOOKMARK [1][-]{section.1.33}{\376\377\000M\000e\000a\000s\000u\000r\000e\000s\000\040\000o\000n\000\040\000c\000l\000o\000s\000e\000d\000\040\000s\000u\000b\000s\000p\000a\000c\000e\000s}{chapter.1}% 36
\BOOKMARK [0][-]{chapter.2}{\376\377\000T\000e\000n\000s\000o\000r\000s}{chapter*.3}% 37
\BOOKMARK [1][-]{section.2.1}{\376\377\000N\000o\000t\000a\000t\000i\000o\000n}{chapter.2}% 38
\BOOKMARK [1][-]{section.2.2}{\376\377\000M\000u\000l\000t\000i\000l\000i\000n\000e\000a\000r\000\040\000f\000o\000r\000m}{chapter.2}% 39
\BOOKMARK [1][-]{section.2.3}{\376\377\000C\000o\000v\000a\000r\000i\000a\000n\000c\000e\000\040\000a\000n\000d\000\040\000c\000o\000n\000t\000r\000a\000-\000v\000a\000r\000i\000a\000n\000c\000e}{chapter.2}% 40
\BOOKMARK [1][-]{section.2.4}{\376\377\000C\000o\000n\000t\000r\000a\000v\000a\000r\000i\000a\000n\000t\000\040\000t\000e\000n\000s\000o\000r\000s}{chapter.2}% 41
\BOOKMARK [1][-]{section.2.5}{\376\377\000O\000r\000t\000h\000o\000n\000o\000r\000m\000a\000l\000\040\000b\000a\000s\000e\000s}{chapter.2}% 42
\BOOKMARK [1][-]{section.2.6}{\376\377\000I\000n\000v\000a\000r\000i\000a\000n\000t\000\040\000t\000e\000n\000s\000o\000r\000s\000\040\000a\000n\000d\000\040\000p\000h\000y\000s\000i\000c\000a\000l\000\040\000m\000o\000t\000i\000v\000a\000t\000i\000o\000n}{chapter.2}% 43
\BOOKMARK [1][-]{section.2.7}{\376\377\000M\000e\000t\000r\000i\000c\000\040\000t\000e\000n\000s\000o\000r}{chapter.2}% 44
\BOOKMARK [1][-]{section.2.8}{\376\377\000G\000e\000n\000e\000r\000a\000l\000\040\000t\000e\000n\000s\000o\000r}{chapter.2}% 45
\BOOKMARK [1][-]{section.2.9}{\376\377\000D\000e\000c\000o\000m\000p\000o\000s\000i\000t\000i\000o\000n\000\040\000o\000f\000\040\000t\000e\000n\000s\000o\000r\000s}{chapter.2}% 46
\BOOKMARK [1][-]{section.2.10}{\376\377\000F\000o\000r\000m\000\040\000i\000n\000v\000a\000r\000i\000a\000n\000c\000e\000\040\000o\000f\000\040\000t\000e\000n\000s\000o\000r\000s}{chapter.2}% 47
\BOOKMARK [1][-]{section.2.11}{\376\377\000T\000h\000e\000\040\000K\000r\000o\000n\000e\000c\000k\000e\000r\000\040\000s\000y\000m\000b\000o\000l\000\040}{chapter.2}% 48
\BOOKMARK [1][-]{section.2.12}{\376\377\000T\000h\000e\000\040\000L\000e\000v\000i\000-\000C\000i\000v\000i\000t\000a\000\040\000s\000y\000m\000b\000o\000l\000\040}{chapter.2}% 49
\BOOKMARK [1][-]{section.2.13}{\376\377\000T\000h\000e\000\040\000n\000a\000b\000l\000a\000,\000\040\000L\000a\000p\000l\000a\000c\000e\000,\000\040\000a\000n\000d\000\040\000D\000'\000A\000l\000e\000m\000b\000e\000r\000t\000\040\000o\000p\000e\000r\000a\000t\000o\000r\000s}{chapter.2}% 50
\BOOKMARK [1][-]{section.2.14}{\376\377\000S\000o\000m\000e\000\040\000t\000r\000i\000c\000k\000s\000\040\000a\000n\000d\000\040\000e\000x\000a\000m\000p\000l\000e\000s}{chapter.2}% 51
\BOOKMARK [1][-]{section.2.15}{\376\377\000S\000o\000m\000e\000\040\000c\000o\000m\000m\000o\000n\000\040\000m\000i\000s\000c\000o\000n\000c\000e\000p\000t\000i\000o\000n\000s}{chapter.2}% 52
\BOOKMARK [0][-]{chapter.3}{\376\377\000P\000r\000o\000j\000e\000c\000t\000i\000v\000e\000\040\000a\000n\000d\000\040\000i\000n\000c\000i\000d\000e\000n\000c\000e\000\040\000g\000e\000o\000m\000e\000t\000r\000y}{chapter*.3}% 53
\BOOKMARK [1][-]{section.3.1}{\376\377\000N\000o\000t\000a\000t\000i\000o\000n}{chapter.3}% 54
\BOOKMARK [1][-]{section.3.2}{\376\377\000A\000f\000f\000i\000n\000e\000\040\000t\000r\000a\000n\000s\000f\000o\000r\000m\000a\000t\000i\000o\000n\000s}{chapter.3}% 55
\BOOKMARK [1][-]{section.3.3}{\376\377\000S\000i\000m\000i\000l\000a\000r\000i\000t\000y\000\040\000t\000r\000a\000n\000s\000f\000o\000r\000m\000a\000t\000i\000o\000n\000s}{chapter.3}% 56
\BOOKMARK [1][-]{section.3.4}{\376\377\000F\000u\000n\000d\000a\000m\000e\000n\000t\000a\000l\000\040\000t\000h\000e\000o\000r\000e\000m\000\040\000o\000f\000\040\000a\000f\000f\000i\000n\000e\000\040\000g\000e\000o\000m\000e\000t\000r\000y}{chapter.3}% 57
\BOOKMARK [1][-]{section.3.5}{\376\377\000A\000l\000e\000x\000a\000n\000d\000r\000o\000v\000'\000s\000\040\000t\000h\000e\000o\000r\000e\000m}{chapter.3}% 58
\BOOKMARK [0][-]{chapter.4}{\376\377\000G\000r\000o\000u\000p\000\040\000t\000h\000e\000o\000r\000y}{chapter*.3}% 59
\BOOKMARK [1][-]{section.4.1}{\376\377\000D\000e\000f\000i\000n\000i\000t\000i\000o\000n}{chapter.4}% 60
\BOOKMARK [1][-]{section.4.2}{\376\377\000L\000i\000e\000\040\000t\000h\000e\000o\000r\000y}{chapter.4}% 61
\BOOKMARK [1][-]{section.4.3}{\376\377\000S\000o\000m\000e\000\040\000i\000m\000p\000o\000r\000t\000a\000n\000t\000\040\000g\000r\000o\000u\000p\000s}{chapter.4}% 62
\BOOKMARK [1][-]{section.4.4}{\376\377\000C\000a\000y\000l\000e\000y\000'\000s\000\040\000r\000e\000p\000r\000e\000s\000e\000n\000t\000a\000t\000i\000o\000n\000\040\000t\000h\000e\000o\000r\000e\000m}{chapter.4}% 63
\BOOKMARK [-1][-]{chapter*.4}{\376\377\000P\000a\000r\000t\000\040\000I\000I\000:\000\040\000F\000u\000n\000c\000t\000i\000o\000n\000a\000l\000\040\000a\000n\000a\000l\000y\000s\000i\000s}{}% 64
\BOOKMARK [0][-]{chapter.5}{\376\377\000B\000r\000i\000e\000f\000\040\000r\000e\000v\000i\000e\000w\000\040\000o\000f\000\040\000c\000o\000m\000p\000l\000e\000x\000\040\000a\000n\000a\000l\000y\000s\000i\000s}{chapter*.4}% 65
\BOOKMARK [1][-]{section.5.1}{\376\377\000D\000i\000f\000f\000e\000r\000e\000n\000t\000i\000a\000b\000l\000e\000,\000\040\000h\000o\000l\000o\000m\000o\000r\000p\000h\000i\000c\000\040\000\050\000a\000n\000a\000l\000y\000t\000i\000c\000\051\000\040\000f\000u\000n\000c\000t\000i\000o\000n}{chapter.5}% 66
\BOOKMARK [1][-]{section.5.2}{\376\377\000C\000a\000u\000c\000h\000y\000-\000R\000i\000e\000m\000a\000n\000n\000\040\000e\000q\000u\000a\000t\000i\000o\000n\000s}{chapter.5}% 67
\BOOKMARK [1][-]{section.5.3}{\376\377\000D\000e\000f\000i\000n\000i\000t\000i\000o\000n\000\040\000a\000n\000a\000l\000y\000t\000i\000c\000a\000l\000\040\000f\000u\000n\000c\000t\000i\000o\000n}{chapter.5}% 68
\BOOKMARK [1][-]{section.5.4}{\376\377\000C\000a\000u\000c\000h\000y\000'\000s\000\040\000i\000n\000t\000e\000g\000r\000a\000l\000\040\000t\000h\000e\000o\000r\000e\000m}{chapter.5}% 69
\BOOKMARK [1][-]{section.5.5}{\376\377\000C\000a\000u\000c\000h\000y\000'\000s\000\040\000i\000n\000t\000e\000g\000r\000a\000l\000\040\000f\000o\000r\000m\000u\000l\000a}{chapter.5}% 70
\BOOKMARK [1][-]{section.5.6}{\376\377\000S\000e\000r\000i\000e\000s\000\040\000r\000e\000p\000r\000e\000s\000e\000n\000t\000a\000t\000i\000o\000n\000\040\000o\000f\000\040\000c\000o\000m\000p\000l\000e\000x\000\040\000d\000i\000f\000f\000e\000r\000e\000n\000t\000i\000a\000b\000l\000e\000\040\000f\000u\000n\000c\000t\000i\000o\000n\000s}{chapter.5}% 71
\BOOKMARK [1][-]{section.5.7}{\376\377\000L\000a\000u\000r\000e\000n\000t\000\040\000s\000e\000r\000i\000e\000s}{chapter.5}% 72
\BOOKMARK [1][-]{section.5.8}{\376\377\000R\000e\000s\000i\000d\000u\000e\000\040\000t\000h\000e\000o\000r\000e\000m}{chapter.5}% 73
\BOOKMARK [1][-]{section.5.9}{\376\377\000M\000u\000l\000t\000i\000-\000v\000a\000l\000u\000e\000d\000\040\000r\000e\000l\000a\000t\000i\000o\000n\000s\000h\000i\000p\000s\000,\000\040\000b\000r\000a\000n\000c\000h\000\040\000p\000o\000i\000n\000t\000s\000\040\000a\000n\000d\000\040\000a\000n\000d\000\040\000b\000r\000a\000n\000c\000h\000\040\000c\000u\000t\000s}{chapter.5}% 74
\BOOKMARK [1][-]{section.5.10}{\376\377\000R\000i\000e\000m\000a\000n\000n\000\040\000s\000u\000r\000f\000a\000c\000e}{chapter.5}% 75
\BOOKMARK [1][-]{section.5.11}{\376\377\000S\000o\000m\000e\000\040\000s\000p\000e\000c\000i\000a\000l\000\040\000f\000u\000n\000c\000t\000i\000o\000n\000a\000l\000\040\000c\000l\000a\000s\000s\000e\000s}{chapter.5}% 76
\BOOKMARK [1][-]{section.5.12}{\376\377\000F\000u\000n\000d\000a\000m\000e\000n\000t\000a\000l\000\040\000t\000h\000e\000o\000r\000e\000m\000\040\000o\000f\000\040\000a\000l\000g\000e\000b\000r\000a}{chapter.5}% 77
\BOOKMARK [0][-]{chapter.6}{\376\377\000B\000r\000i\000e\000f\000\040\000r\000e\000v\000i\000e\000w\000\040\000o\000f\000\040\000F\000o\000u\000r\000i\000e\000r\000\040\000t\000r\000a\000n\000s\000f\000o\000r\000m\000s}{chapter*.4}% 78
\BOOKMARK [0][-]{chapter.7}{\376\377\000D\000i\000s\000t\000r\000i\000b\000u\000t\000i\000o\000n\000s\000\040\000a\000s\000\040\000g\000e\000n\000e\000r\000a\000l\000i\000z\000e\000d\000\040\000f\000u\000n\000c\000t\000i\000o\000n\000s}{chapter*.4}% 79
\BOOKMARK [1][-]{section.7.1}{\376\377\000H\000e\000u\000r\000i\000s\000t\000i\000c\000a\000l\000l\000y\000\040\000c\000o\000p\000i\000n\000g\000\040\000w\000i\000t\000h\000\040\000d\000i\000s\000c\000o\000n\000t\000i\000n\000u\000i\000t\000i\000e\000s}{chapter.7}% 80
\BOOKMARK [1][-]{section.7.2}{\376\377\000G\000e\000n\000e\000r\000a\000l\000\040\000d\000i\000s\000t\000r\000i\000b\000u\000t\000i\000o\000n}{chapter.7}% 81
\BOOKMARK [1][-]{section.7.3}{\376\377\000T\000e\000s\000t\000\040\000f\000u\000n\000c\000t\000i\000o\000n\000s}{chapter.7}% 82
\BOOKMARK [1][-]{section.7.4}{\376\377\000D\000e\000r\000i\000v\000a\000t\000i\000v\000e\000\040\000o\000f\000\040\000d\000i\000s\000t\000r\000i\000b\000u\000t\000i\000o\000n\000s}{chapter.7}% 83
\BOOKMARK [1][-]{section.7.5}{\376\377\000F\000o\000u\000r\000i\000e\000r\000\040\000t\000r\000a\000n\000s\000f\000o\000r\000m\000\040\000o\000f\000\040\000d\000i\000s\000t\000r\000i\000b\000u\000t\000i\000o\000n\000s}{chapter.7}% 84
\BOOKMARK [1][-]{section.7.6}{\376\377\000D\000i\000r\000a\000c\000\040\000d\000e\000l\000t\000a\000\040\000f\000u\000n\000c\000t\000i\000o\000n}{chapter.7}% 85
\BOOKMARK [1][-]{section.7.7}{\376\377\000C\000a\000u\000c\000h\000y\000\040\000p\000r\000i\000n\000c\000i\000p\000a\000l\000\040\000v\000a\000l\000u\000e}{chapter.7}% 86
\BOOKMARK [1][-]{section.7.8}{\376\377\000A\000b\000s\000o\000l\000u\000t\000e\000\040\000v\000a\000l\000u\000e\000\040\000d\000i\000s\000t\000r\000i\000b\000u\000t\000i\000o\000n}{chapter.7}% 87
\BOOKMARK [1][-]{section.7.9}{\376\377\000L\000o\000g\000a\000r\000i\000t\000h\000m\000\040\000d\000i\000s\000t\000r\000i\000b\000u\000t\000i\000o\000n}{chapter.7}% 88
\BOOKMARK [1][-]{section.7.10}{\376\377\000P\000o\000l\000e\000\040\000f\000u\000n\000c\000t\000i\000o\000n\000\040\0001\000x\000n\000\040\000d\000i\000s\000t\000r\000i\000b\000u\000t\000i\000o\000n}{chapter.7}% 89
\BOOKMARK [1][-]{section.7.11}{\376\377\000P\000o\000l\000e\000\040\000f\000u\000n\000c\000t\000i\000o\000n\000\040\0001\000x\000i\000\040\000d\000i\000s\000t\000r\000i\000b\000u\000t\000i\000o\000n}{chapter.7}% 90
\BOOKMARK [1][-]{section.7.12}{\376\377\000H\000e\000a\000v\000i\000s\000i\000d\000e\000\040\000s\000t\000e\000p\000\040\000f\000u\000n\000c\000t\000i\000o\000n}{chapter.7}% 91
\BOOKMARK [1][-]{section.7.13}{\376\377\000T\000h\000e\000\040\000s\000i\000g\000n\000\040\000f\000u\000n\000c\000t\000i\000o\000n}{chapter.7}% 92
\BOOKMARK [1][-]{section.7.14}{\376\377\000A\000b\000s\000o\000l\000u\000t\000e\000\040\000v\000a\000l\000u\000e\000\040\000f\000u\000n\000c\000t\000i\000o\000n\000\040\000\050\000o\000r\000\040\000m\000o\000d\000u\000l\000u\000s\000\051}{chapter.7}% 93
\BOOKMARK [1][-]{section.7.15}{\376\377\000S\000o\000m\000e\000\040\000e\000x\000a\000m\000p\000l\000e\000s}{chapter.7}% 94
\BOOKMARK [0][-]{chapter.8}{\376\377\000G\000r\000e\000e\000n\000'\000s\000\040\000f\000u\000n\000c\000t\000i\000o\000n}{chapter*.4}% 95
\BOOKMARK [1][-]{section.8.1}{\376\377\000E\000l\000e\000g\000a\000n\000t\000\040\000w\000a\000y\000\040\000t\000o\000\040\000s\000o\000l\000v\000e\000\040\000l\000i\000n\000e\000a\000r\000\040\000d\000i\000f\000f\000e\000r\000e\000n\000t\000i\000a\000l\000\040\000e\000q\000u\000a\000t\000i\000o\000n\000s}{chapter.8}% 96
\BOOKMARK [1][-]{section.8.2}{\376\377\000F\000i\000n\000d\000i\000n\000g\000\040\000G\000r\000e\000e\000n\000'\000s\000\040\000f\000u\000n\000c\000t\000i\000o\000n\000s\000\040\000b\000y\000\040\000s\000p\000e\000c\000t\000r\000a\000l\000\040\000d\000e\000c\000o\000m\000p\000o\000s\000i\000t\000i\000o\000n\000s}{chapter.8}% 97
\BOOKMARK [1][-]{section.8.3}{\376\377\000F\000i\000n\000d\000i\000n\000g\000\040\000G\000r\000e\000e\000n\000'\000s\000\040\000f\000u\000n\000c\000t\000i\000o\000n\000s\000\040\000b\000y\000\040\000F\000o\000u\000r\000i\000e\000r\000\040\000a\000n\000a\000l\000y\000s\000i\000s}{chapter.8}% 98
\BOOKMARK [-1][-]{chapter*.5}{\376\377\000P\000a\000r\000t\000\040\000I\000I\000I\000:\000\040\000D\000i\000f\000f\000e\000r\000e\000n\000t\000i\000a\000l\000\040\000e\000q\000u\000a\000t\000i\000o\000n\000s}{}% 99
\BOOKMARK [0][-]{chapter.9}{\376\377\000S\000t\000u\000r\000m\000-\000L\000i\000o\000u\000v\000i\000l\000l\000e\000\040\000t\000h\000e\000o\000r\000y}{chapter*.5}% 100
\BOOKMARK [1][-]{section.9.1}{\376\377\000S\000t\000u\000r\000m\000-\000L\000i\000o\000u\000v\000i\000l\000l\000e\000\040\000f\000o\000r\000m}{chapter.9}% 101
\BOOKMARK [1][-]{section.9.2}{\376\377\000S\000t\000u\000r\000m\000-\000L\000i\000o\000u\000v\000i\000l\000l\000e\000\040\000e\000i\000g\000e\000n\000v\000a\000l\000u\000e\000\040\000p\000r\000o\000b\000l\000e\000m}{chapter.9}% 102
\BOOKMARK [1][-]{section.9.3}{\376\377\000A\000d\000j\000o\000i\000n\000t\000\040\000a\000n\000d\000\040\000s\000e\000l\000f\000-\000a\000d\000j\000o\000i\000n\000t\000\040\000o\000p\000e\000r\000a\000t\000o\000r\000s}{chapter.9}% 103
\BOOKMARK [1][-]{section.9.4}{\376\377\000S\000t\000u\000r\000m\000-\000L\000i\000o\000u\000v\000i\000l\000l\000e\000\040\000t\000r\000a\000n\000s\000f\000o\000r\000m\000a\000t\000i\000o\000n\000\040\000i\000n\000t\000o\000\040\000L\000i\000o\000u\000v\000i\000l\000l\000e\000\040\000n\000o\000r\000m\000a\000l\000\040\000f\000o\000r\000m}{chapter.9}% 104
\BOOKMARK [1][-]{section.9.5}{\376\377\000V\000a\000r\000i\000e\000t\000i\000e\000s\000\040\000o\000f\000\040\000S\000t\000u\000r\000m\000-\000L\000i\000o\000u\000v\000i\000l\000l\000e\000\040\000d\000i\000f\000f\000e\000r\000e\000n\000t\000i\000a\000l\000\040\000e\000q\000u\000a\000t\000i\000o\000n\000s}{chapter.9}% 105
\BOOKMARK [0][-]{chapter.10}{\376\377\000S\000e\000p\000a\000r\000a\000t\000i\000o\000n\000\040\000o\000f\000\040\000v\000a\000r\000i\000a\000b\000l\000e\000s}{chapter*.5}% 106
\BOOKMARK [0][-]{chapter.11}{\376\377\000S\000p\000e\000c\000i\000a\000l\000\040\000f\000u\000n\000c\000t\000i\000o\000n\000s\000\040\000o\000f\000\040\000m\000a\000t\000h\000e\000m\000a\000t\000i\000c\000a\000l\000\040\000p\000h\000y\000s\000i\000c\000s}{chapter*.5}% 107
\BOOKMARK [1][-]{section.11.1}{\376\377\000G\000a\000m\000m\000a\000\040\000f\000u\000n\000c\000t\000i\000o\000n}{chapter.11}% 108
\BOOKMARK [1][-]{section.11.2}{\376\377\000B\000e\000t\000a\000\040\000f\000u\000n\000c\000t\000i\000o\000n}{chapter.11}% 109
\BOOKMARK [1][-]{section.11.3}{\376\377\000F\000u\000c\000h\000s\000i\000a\000n\000\040\000d\000i\000f\000f\000e\000r\000e\000n\000t\000i\000a\000l\000\040\000e\000q\000u\000a\000t\000i\000o\000n\000s}{chapter.11}% 110
\BOOKMARK [1][-]{section.11.4}{\376\377\000H\000y\000p\000e\000r\000g\000e\000o\000m\000e\000t\000r\000i\000c\000\040\000f\000u\000n\000c\000t\000i\000o\000n}{chapter.11}% 111
\BOOKMARK [1][-]{section.11.5}{\376\377\000O\000r\000t\000h\000o\000g\000o\000n\000a\000l\000\040\000p\000o\000l\000y\000n\000o\000m\000i\000a\000l\000s}{chapter.11}% 112
\BOOKMARK [1][-]{section.11.6}{\376\377\000L\000e\000g\000e\000n\000d\000r\000e\000\040\000p\000o\000l\000y\000n\000o\000m\000i\000a\000l\000s}{chapter.11}% 113
\BOOKMARK [1][-]{section.11.7}{\376\377\000A\000s\000s\000o\000c\000i\000a\000t\000e\000d\000\040\000L\000e\000g\000e\000n\000d\000r\000e\000\040\000p\000o\000l\000y\000n\000o\000m\000i\000a\000l}{chapter.11}% 114
\BOOKMARK [1][-]{section.11.8}{\376\377\000S\000p\000h\000e\000r\000i\000c\000a\000l\000\040\000h\000a\000r\000m\000o\000n\000i\000c\000s}{chapter.11}% 115
\BOOKMARK [1][-]{section.11.9}{\376\377\000S\000o\000l\000u\000t\000i\000o\000n\000\040\000o\000f\000\040\000t\000h\000e\000\040\000S\000c\000h\000r\000\366\000d\000i\000n\000g\000e\000r\000\040\000e\000q\000u\000a\000t\000i\000o\000n\000\040\000f\000o\000r\000\040\000a\000\040\000h\000y\000d\000r\000o\000g\000e\000n\000\040\000a\000t\000o\000m}{chapter.11}% 116
\BOOKMARK [0][-]{chapter.12}{\376\377\000D\000i\000v\000e\000r\000g\000e\000n\000t\000\040\000s\000e\000r\000i\000e\000s}{chapter*.5}% 117
\BOOKMARK [1][-]{section.12.1}{\376\377\000C\000o\000n\000v\000e\000r\000g\000e\000n\000c\000e\000\040\000a\000n\000d\000\040\000d\000i\000v\000e\000r\000g\000e\000n\000c\000e}{chapter.12}% 118
\BOOKMARK [1][-]{section.12.2}{\376\377\000E\000u\000l\000e\000r\000\040\000d\000i\000f\000f\000e\000r\000e\000n\000t\000i\000a\000l\000\040\000e\000q\000u\000a\000t\000i\000o\000n}{chapter.12}% 119
\BOOKMARK [0][-]{chapter*.6}{\376\377\000B\000i\000b\000l\000i\000o\000g\000r\000a\000p\000h\000y}{chapter*.5}% 120
\BOOKMARK [0][-]{chapter*.7}{\376\377\000I\000n\000d\000e\000x}{chapter*.5}% 121
