\BOOKMARK [-1][-]{part.1}{Part I Embedded observers, reflexive perception and representation}{}% 1
\BOOKMARK [0][-]{chapter.1}{Intrinsic and extrinsic observation mode}{part.1}% 2
\BOOKMARK [1][-]{section.1.1}{Pragmatism by ``fappness''}{chapter.1}% 3
\BOOKMARK [1][-]{section.1.2}{Level of description}{chapter.1}% 4
\BOOKMARK [1][-]{section.1.3}{Arguments for and against measurement}{chapter.1}% 5
\BOOKMARK [2][-]{subsection.1.3.1}{Distinction between observer and object}{section.1.3}% 6
\BOOKMARK [2][-]{subsection.1.3.2}{Conventionality of the cut between observer and object}{section.1.3}% 7
\BOOKMARK [2][-]{subsection.1.3.3}{Relational encoding}{section.1.3}% 8
\BOOKMARK [1][-]{section.1.4}{Inset: how to cope with perplexities}{chapter.1}% 9
\BOOKMARK [1][-]{section.1.5}{Extrinsic observers}{chapter.1}% 10
\BOOKMARK [1][-]{section.1.6}{Intrinsic observers}{chapter.1}% 11
\BOOKMARK [1][-]{section.1.7}{Nesting}{chapter.1}% 12
\BOOKMARK [1][-]{section.1.8}{Reflexive \(self-\)nesting}{chapter.1}% 13
\BOOKMARK [2][-]{subsection.1.8.1}{Russian doll nesting}{section.1.8}% 14
\BOOKMARK [2][-]{subsection.1.8.2}{Droste effect}{section.1.8}% 15
\BOOKMARK [1][-]{section.1.9}{Chaining}{chapter.1}% 16
\BOOKMARK [0][-]{chapter.2}{Embedded observers and self-expression}{part.1}% 17
\BOOKMARK [0][-]{chapter.3}{Reflexive measurement}{part.1}% 18
\BOOKMARK [1][-]{section.3.1}{General framework}{chapter.3}% 19
\BOOKMARK [1][-]{section.3.2}{Earlier and more recent attempts}{chapter.3}% 20
\BOOKMARK [0][-]{chapter.4}{Intrinsic self-representation}{part.1}% 21
\BOOKMARK [-1][-]{part.2}{Part II Provable unknowns}{}% 22
\BOOKMARK [0][-]{chapter.5}{On what is entirely hopeless}{part.2}% 23
\BOOKMARK [0][-]{chapter.6}{Forecasting and unpredictability}{part.2}% 24
\BOOKMARK [1][-]{section.6.1}{Reduction from logical incompleteness}{chapter.6}% 25
\BOOKMARK [1][-]{section.6.2}{Determinism does not imply predictability}{chapter.6}% 26
\BOOKMARK [2][-]{subsection.6.2.1}{Unsolvability of the halting problem}{section.6.2}% 27
\BOOKMARK [2][-]{subsection.6.2.2}{Determinism does not imply predictability}{section.6.2}% 28
\BOOKMARK [1][-]{section.6.3}{Quantitative estimates in terms of the busy beaver function}{chapter.6}% 29
\BOOKMARK [0][-]{chapter.7}{Induction by rule inference}{part.2}% 30
\BOOKMARK [0][-]{chapter.8}{Other types of recursion theoretic unknowables}{part.2}% 31
\BOOKMARK [0][-]{chapter.9}{What if there are no laws? Emergence of laws}{part.2}% 32
\BOOKMARK [1][-]{section.9.1}{Mythological roots}{chapter.9}% 33
\BOOKMARK [1][-]{section.9.2}{Physical indeterminism in Vienna at the dawn of quantum mechanics}{chapter.9}% 34
\BOOKMARK [1][-]{section.9.3}{Contemporary representations}{chapter.9}% 35
\BOOKMARK [1][-]{section.9.4}{Provable impossibility to prove \(in\)determinism}{chapter.9}% 36
\BOOKMARK [1][-]{section.9.5}{Potential misperceptions by over-interpretation}{chapter.9}% 37
\BOOKMARK [-1][-]{part.3}{Part III Quantum unknowns}{}% 38
\BOOKMARK [0][-]{chapter.10}{``Shut up and calculate''}{part.3}% 39
\BOOKMARK [0][-]{chapter.11}{Evolution by permutation}{part.3}% 40
\BOOKMARK [1][-]{section.11.1}{Representation entities by vectors and matrices}{chapter.11}% 41
\BOOKMARK [1][-]{section.11.2}{Reversibility by permutation}{chapter.11}% 42
\BOOKMARK [2][-]{subsection.11.2.1}{Representation as a sum of dyadic products}{section.11.2}% 43
\BOOKMARK [2][-]{subsection.11.2.2}{No coherent superposition and entanglement}{section.11.2}% 44
\BOOKMARK [2][-]{subsection.11.2.3}{Universality with respect to Boolean functions}{section.11.2}% 45
\BOOKMARK [2][-]{subsection.11.2.4}{Universal Turing computability from Boolean functions}{section.11.2}% 46
\BOOKMARK [2][-]{subsection.11.2.5}{d-ary information beyond bits}{section.11.2}% 47
\BOOKMARK [2][-]{subsection.11.2.6}{Roadmap to quantum computing}{section.11.2}% 48
\BOOKMARK [0][-]{chapter.12}{Quantum mechanics in a nutshell}{part.3}% 49
\BOOKMARK [1][-]{section.12.1}{The quantum canon}{chapter.12}% 50
\BOOKMARK [1][-]{section.12.2}{Assumptions of quantum mechanics}{chapter.12}% 51
\BOOKMARK [1][-]{section.12.3}{Representation of states}{chapter.12}% 52
\BOOKMARK [1][-]{section.12.4}{Representation of observables}{chapter.12}% 53
\BOOKMARK [1][-]{section.12.5}{Dynamical Laws by isometric state permutations}{chapter.12}% 54
\BOOKMARK [1][-]{section.12.6}{Disallowed irreversible processes}{chapter.12}% 55
\BOOKMARK [2][-]{subsection.12.6.1}{Disallowed state reduction}{section.12.6}% 56
\BOOKMARK [2][-]{subsection.12.6.2}{Disallowed partial traces}{section.12.6}% 57
\BOOKMARK [1][-]{section.12.7}{Superposition of states \205 quantum parallelism}{chapter.12}% 58
\BOOKMARK [1][-]{section.12.8}{Composition rules and entanglement}{chapter.12}% 59
\BOOKMARK [2][-]{subsection.12.8.1}{Relation properties about versus individual properties of parts}{section.12.8}% 60
\BOOKMARK [2][-]{subsection.12.8.2}{``Breathing'' in and out of entanglement and individuality}{section.12.8}% 61
\BOOKMARK [1][-]{section.12.9}{Quantum probabilities}{chapter.12}% 62
\BOOKMARK [2][-]{subsection.12.9.1}{Boole's conditions of possible experience}{section.12.9}% 63
\BOOKMARK [2][-]{subsection.12.9.2}{Classical strategies: probabilities from convex sum of truth assignments and the convex polytope method}{section.12.9}% 64
\BOOKMARK [2][-]{subsection.12.9.3}{Context and Greechie orthogonality diagrams}{section.12.9}% 65
\BOOKMARK [2][-]{subsection.12.9.4}{Two-valued measures, frame functions and admissibility of probabilities and truth assignments}{section.12.9}% 66
\BOOKMARK [2][-]{subsection.12.9.5}{Why classical correlation polytopes?}{section.12.9}% 67
\BOOKMARK [2][-]{subsection.12.9.6}{What terms may enter classical correlation polytopes?}{section.12.9}% 68
\BOOKMARK [2][-]{subsection.12.9.7}{General framework for computing Boole's conditions of possible experience}{section.12.9}% 69
\BOOKMARK [2][-]{subsection.12.9.8}{Some examples}{section.12.9}% 70
\BOOKMARK [2][-]{subsection.12.9.9}{Quantum probabilities and expectations}{section.12.9}% 71
\BOOKMARK [2][-]{subsection.12.9.10}{Min-max principle}{section.12.9}% 72
\BOOKMARK [2][-]{subsection.12.9.11}{What can be learned from these brain teasers?}{section.12.9}% 73
\BOOKMARK [1][-]{section.12.10}{Quantum mechanical observer\205object theory}{chapter.12}% 74
\BOOKMARK [1][-]{section.12.11}{Observer-objects ``riding'' on the same state vector}{chapter.12}% 75
\BOOKMARK [1][-]{section.12.12}{Metaphysical status of quantum value indefiniteness}{chapter.12}% 76
\BOOKMARK [0][-]{chapter.13}{Quantum oracles}{part.3}% 77
\BOOKMARK [0][-]{chapter.14}{Vacuum fluctuations}{part.3}% 78
\BOOKMARK [0][-]{chapter.15}{Radioactivive decay}{part.3}% 79
\BOOKMARK [-1][-]{part.4}{Part IV Exotic unknowns}{}% 80
\BOOKMARK [0][-]{chapter.16}{Classical continua and infinities}{part.4}% 81
\BOOKMARK [0][-]{chapter.17}{Classical \(in\)determinism}{part.4}% 82
\BOOKMARK [1][-]{section.17.1}{Principle of sufficient reason and the law of continuity}{chapter.17}% 83
\BOOKMARK [1][-]{section.17.2}{Definition}{chapter.17}% 84
\BOOKMARK [1][-]{section.17.3}{Unique state evolution}{chapter.17}% 85
\BOOKMARK [1][-]{section.17.4}{Nonunique evolution without Lipschitz continuity}{chapter.17}% 86
\BOOKMARK [0][-]{chapter.18}{Deterministic chaos}{part.4}% 87
\BOOKMARK [1][-]{section.18.1}{Sensitivity to changes of initial value}{chapter.18}% 88
\BOOKMARK [1][-]{section.18.2}{Symbolic dynamics of the logistic shift map}{chapter.18}% 89
\BOOKMARK [1][-]{section.18.3}{Algorithmic incomputability of series solutions of the n-body problem}{chapter.18}% 90
\BOOKMARK [0][-]{chapter.19}{Partition logics, finite automata and generalized urn models}{part.4}% 91
\BOOKMARK [1][-]{section.19.1}{Modelling complementarity by finite partitions}{chapter.19}% 92
\BOOKMARK [1][-]{section.19.2}{Generalized urn and automata models}{chapter.19}% 93
\BOOKMARK [2][-]{subsection.19.2.1}{Automaton models}{section.19.2}% 94
\BOOKMARK [2][-]{subsection.19.2.2}{Generalized urn models}{section.19.2}% 95
\BOOKMARK [2][-]{subsection.19.2.3}{Logical equivalence for concrete partition logics}{section.19.2}% 96
\BOOKMARK [1][-]{section.19.3}{Some examples}{chapter.19}% 97
\BOOKMARK [2][-]{subsection.19.3.1}{Logics of the ``Chinese lantern type''}{section.19.3}% 98
\BOOKMARK [2][-]{subsection.19.3.2}{\(Counter-\)Examples of triangular logics}{section.19.3}% 99
\BOOKMARK [2][-]{subsection.19.3.3}{Generalized urn model of the Kochen-Specker ``bug'' logic}{section.19.3}% 100
\BOOKMARK [2][-]{subsection.19.3.4}{Kochen-Specker type logics}{section.19.3}% 101
\BOOKMARK [-1][-]{part.5}{Part V Transcendence}{}% 102
\BOOKMARK [0][-]{chapter.20}{Miracles}{part.5}% 103
\BOOKMARK [0][-]{chapter.21}{Dualistic interfaces}{part.5}% 104
\BOOKMARK [1][-]{section.21.1}{Gaming metaphor}{chapter.21}% 105
\BOOKMARK [1][-]{section.21.2}{How to acknowledge intentionality?}{chapter.21}% 106
\BOOKMARK [-1][-]{part.6}{Part VI Executive summary}{}% 107
\BOOKMARK [0][-]{chapter.22}{\(De\)briefing}{part.6}% 108
\BOOKMARK [1][-]{section.22.1}{Provable unknowables}{chapter.22}% 109
\BOOKMARK [1][-]{section.22.2}{Quantum \(in\)determinism}{chapter.22}% 110
\BOOKMARK [1][-]{section.22.3}{Classical \(in\)determinism}{chapter.22}% 111
\BOOKMARK [1][-]{section.22.4}{Comparison with pseudo-randomness}{chapter.22}% 112
\BOOKMARK [1][-]{section.22.5}{Perception and forward tactics toward unknowns}{chapter.22}% 113
\BOOKMARK [-1][-]{section.22.5}{Appendix}{}% 114
\BOOKMARK [0][-]{appendix.A}{Formal \(in\)computability and randomness}{section.22.5}% 115
\BOOKMARK [1][-]{section.A.1}{Abundance of incomputable reals}{appendix.A}% 116
\BOOKMARK [1][-]{section.A.2}{Random reals}{appendix.A}% 117
\BOOKMARK [1][-]{section.A.3}{Algorithmic information}{appendix.A}% 118
\BOOKMARK [2][-]{subsection.A.3.1}{Definition}{section.A.3}% 119
\BOOKMARK [2][-]{subsection.A.3.2}{Algorithmic information of a single random sequence}{section.A.3}% 120
\BOOKMARK [2][-]{subsection.A.3.3}{Bounds from above}{section.A.3}% 121
\BOOKMARK [2][-]{subsection.A.3.4}{Abundance of random reals}{section.A.3}% 122
\BOOKMARK [1][-]{section.A.4}{Information-theoretic limitations of formal systems}{appendix.A}% 123
\BOOKMARK [1][-]{section.A.5}{Abundance of true yet unprovable statements}{appendix.A}% 124
\BOOKMARK [1][-]{section.A.6}{Halting probability }{appendix.A}% 125
\BOOKMARK [1][-]{section.A.7}{Busy beaver function and maximal execution and recurrence time}{appendix.A}% 126
\BOOKMARK [1][-]{section.A.8}{Some speculations on primordial chaos and unlimited information content}{appendix.A}% 127
\BOOKMARK [0][-]{appendix.B}{Two particle correlations and expectations}{section.22.5}% 128
\BOOKMARK [1][-]{section.B.1}{Two two-state particle correlations and expectations}{appendix.B}% 129
\BOOKMARK [2][-]{subsection.B.1.1}{Classical correlations with dichotomic observables in a ``singlet'' state}{section.B.1}% 130
\BOOKMARK [2][-]{subsection.B.1.2}{Quantum dichotomic case}{section.B.1}% 131
\BOOKMARK [1][-]{section.B.2}{Two three-state particles}{appendix.B}% 132
\BOOKMARK [2][-]{subsection.B.2.1}{Observables}{section.B.2}% 133
\BOOKMARK [2][-]{subsection.B.2.2}{Singlet state}{section.B.2}% 134
\BOOKMARK [1][-]{section.B.3}{Two four-state particles}{appendix.B}% 135
\BOOKMARK [2][-]{subsection.B.3.1}{Observables}{section.B.3}% 136
\BOOKMARK [2][-]{subsection.B.3.2}{Singlet state}{section.B.3}% 137
\BOOKMARK [1][-]{section.B.4}{General case of two spin j particles in a singlet state}{appendix.B}% 138
\BOOKMARK [0][-]{appendix*.20}{References}{section.22.5}% 139
\BOOKMARK [0][-]{appendix*.21}{Index}{section.22.5}% 140
