\BOOKMARK [0][-]{section*.2}{New forms of quantum value indefiniteness suggest that incompatible views on contexts are epistemic}{}% 2
\BOOKMARK [1][-]{section*.1}{Abstract}{section*.2}% 1
\BOOKMARK [1][-]{section*.3}{Quantum contexts as views on states}{section*.2}% 3
\BOOKMARK [1][-]{section*.4}{Probabilities on contexts in quantum mechanics}{section*.2}% 4
\BOOKMARK [1][-]{section*.5}{Contexts in partition logics and their probabilities}{section*.2}% 5
\BOOKMARK [1][-]{section*.6}{Probabilities on pastings or stitchings of contexts}{section*.2}% 6
\BOOKMARK [2][-]{section*.7}{Triangular and square logics in four dimensions}{section*.6}% 7
\BOOKMARK [2][-]{section*.8}{Pentagon \(pentagram\) logic}{section*.6}% 8
\BOOKMARK [2][-]{section*.9}{Specker bug logic with the true\205implies\205false property}{section*.6}% 9
\BOOKMARK [2][-]{section*.10}{Combo of Specker bug logic with the true\205implies\205true as well as inseparability properties}{section*.6}% 10
\BOOKMARK [2][-]{section*.11}{Logics inducing partial value \(in\)definiteness}{section*.6}% 11
\BOOKMARK [1][-]{section*.12}{Propositional logic does not uniquely determine probabilities}{section*.2}% 12
\BOOKMARK [1][-]{section*.13}{Some Platonist afterthoughts}{section*.2}% 13
\BOOKMARK [1][-]{section*.14}{Acknowledgments}{section*.2}% 14
\BOOKMARK [1][-]{section*.15}{Two-valued states, \(quasi\)classical probabilities on the triangular logic in 4 dimensions}{section*.2}% 15
\BOOKMARK [1][-]{section*.16}{Truth assignments, \(quasi\)classical probabilities on the square logic in 4 dimensions}{section*.2}% 16
\BOOKMARK [1][-]{section*.17}{Two-valued states, \(quasi\)classical probabilities on the pentagon \(pentagram\) logic in 3 dimensions}{section*.2}% 17
\BOOKMARK [1][-]{section*.18}{Truth assignments, \(quasi\)classical probabilities on the Specker bug combo logic}{section*.2}% 18
\BOOKMARK [1][-]{section*.19}{Truth assignments, \(quasi\)classical probabilities on truth-implies-value indefiniteness logic in 3 dimensions}{section*.2}% 19
\BOOKMARK [1][-]{section*.20}{References}{section*.2}% 20
