\BOOKMARK [0][-]{schapter.1}{Introduction}{}% 1
\BOOKMARK [0][-]{schapter.1}{Unreasonable effectiveness of mathematics in the natural sciences}{}% 2
\BOOKMARK [-1][-]{part.1}{Linear vector spaces}{}% 3
\BOOKMARK [0][-]{chapter.1}{Finite-dimensional vector spaces and linear algebra}{part.1}% 4
\BOOKMARK [1][-]{section.1.1}{Conventions and basic definitions}{chapter.1}% 5
\BOOKMARK [2][-]{subsection.1.1.1}{Fields of real and complex numbers}{section.1.1}% 6
\BOOKMARK [2][-]{subsection.1.1.2}{Vectors and vector space}{section.1.1}% 7
\BOOKMARK [1][-]{section.1.2}{Linear independence}{chapter.1}% 8
\BOOKMARK [1][-]{section.1.3}{Subspace}{chapter.1}% 9
\BOOKMARK [2][-]{subsection.1.3.1}{Scalar or inner product}{section.1.3}% 10
\BOOKMARK [2][-]{subsection.1.3.2}{Hilbert space}{section.1.3}% 11
\BOOKMARK [1][-]{section.1.4}{Basis}{chapter.1}% 12
\BOOKMARK [1][-]{section.1.5}{Dimension}{chapter.1}% 13
\BOOKMARK [1][-]{section.1.6}{Vector coordinates or components}{chapter.1}% 14
\BOOKMARK [1][-]{section.1.7}{Finding orthogonal bases from nonorthogonal ones}{chapter.1}% 15
\BOOKMARK [1][-]{section.1.8}{Dual space}{chapter.1}% 16
\BOOKMARK [2][-]{subsection.1.8.1}{Dual basis}{section.1.8}% 17
\BOOKMARK [2][-]{subsection.1.8.2}{Dual coordinates}{section.1.8}% 18
\BOOKMARK [2][-]{subsection.1.8.3}{Representation of a functional by inner product}{section.1.8}% 19
\BOOKMARK [2][-]{subsection.1.8.4}{Double dual space}{section.1.8}% 20
\BOOKMARK [1][-]{section.1.9}{Direct sum}{chapter.1}% 21
\BOOKMARK [1][-]{section.1.10}{Tensor product}{chapter.1}% 22
\BOOKMARK [2][-]{subsection.1.10.1}{Sloppy definition}{section.1.10}% 23
\BOOKMARK [2][-]{subsection.1.10.2}{Definition}{section.1.10}% 24
\BOOKMARK [2][-]{subsection.1.10.3}{Representation}{section.1.10}% 25
\BOOKMARK [1][-]{section.1.11}{Linear transformation}{chapter.1}% 26
\BOOKMARK [2][-]{subsection.1.11.1}{Definition}{section.1.11}% 27
\BOOKMARK [2][-]{subsection.1.11.2}{Operations}{section.1.11}% 28
\BOOKMARK [2][-]{subsection.1.11.3}{Linear transformations as matrices}{section.1.11}% 29
\BOOKMARK [1][-]{section.1.12}{Projection or projection operator}{chapter.1}% 30
\BOOKMARK [2][-]{subsection.1.12.1}{Definition}{section.1.12}% 31
\BOOKMARK [2][-]{subsection.1.12.2}{Construction of projections from unit vectors}{section.1.12}% 32
\BOOKMARK [1][-]{section.1.13}{Change of basis}{chapter.1}% 33
\BOOKMARK [2][-]{subsection.1.13.1}{Settlement of change of basis vectors by definition}{section.1.13}% 34
\BOOKMARK [2][-]{subsection.1.13.2}{Scale change of vector components by contra-variation}{section.1.13}% 35
\BOOKMARK [1][-]{section.1.14}{Mutually unbiased bases}{chapter.1}% 36
\BOOKMARK [1][-]{section.1.15}{Completeness or resolution of the identity operator in terms of base vectors}{chapter.1}% 37
\BOOKMARK [1][-]{section.1.16}{Rank}{chapter.1}% 38
\BOOKMARK [1][-]{section.1.17}{Determinant}{chapter.1}% 39
\BOOKMARK [2][-]{subsection.1.17.1}{Definition}{section.1.17}% 40
\BOOKMARK [2][-]{subsection.1.17.2}{Properties}{section.1.17}% 41
\BOOKMARK [1][-]{section.1.18}{Trace}{chapter.1}% 42
\BOOKMARK [2][-]{subsection.1.18.1}{Definition}{section.1.18}% 43
\BOOKMARK [2][-]{subsection.1.18.2}{Properties}{section.1.18}% 44
\BOOKMARK [2][-]{subsection.1.18.3}{Partial trace}{section.1.18}% 45
\BOOKMARK [1][-]{section.1.19}{Adjoint or dual transformation}{chapter.1}% 46
\BOOKMARK [2][-]{subsection.1.19.1}{Definition}{section.1.19}% 47
\BOOKMARK [2][-]{subsection.1.19.2}{Adjoint matrix notation}{section.1.19}% 48
\BOOKMARK [2][-]{subsection.1.19.3}{Properties}{section.1.19}% 49
\BOOKMARK [1][-]{section.1.20}{Self-adjoint transformation}{chapter.1}% 50
\BOOKMARK [1][-]{section.1.21}{Positive transformation}{chapter.1}% 51
\BOOKMARK [1][-]{section.1.22}{Unitary transformations and isometries}{chapter.1}% 52
\BOOKMARK [2][-]{subsection.1.22.1}{Definition}{section.1.22}% 53
\BOOKMARK [2][-]{subsection.1.22.2}{Characterization in terms of orthonormal basis}{section.1.22}% 54
\BOOKMARK [1][-]{section.1.23}{Orthonormal \(orthogonal\) transformations}{chapter.1}% 55
\BOOKMARK [1][-]{section.1.24}{Permutations}{chapter.1}% 56
\BOOKMARK [1][-]{section.1.25}{Orthogonal \(perpendicular\) projections}{chapter.1}% 57
\BOOKMARK [1][-]{section.1.26}{Proper value or eigenvalue}{chapter.1}% 58
\BOOKMARK [2][-]{subsection.1.26.1}{Definition}{section.1.26}% 59
\BOOKMARK [2][-]{subsection.1.26.2}{Determination}{section.1.26}% 60
\BOOKMARK [1][-]{section.1.27}{Normal transformation}{chapter.1}% 61
\BOOKMARK [1][-]{section.1.28}{Spectrum}{chapter.1}% 62
\BOOKMARK [2][-]{subsection.1.28.1}{Spectral theorem}{section.1.28}% 63
\BOOKMARK [2][-]{subsection.1.28.2}{Composition of the spectral form}{section.1.28}% 64
\BOOKMARK [1][-]{section.1.29}{Functions of normal transformations}{chapter.1}% 65
\BOOKMARK [1][-]{section.1.30}{Decomposition of operators}{chapter.1}% 66
\BOOKMARK [2][-]{subsection.1.30.1}{Standard decomposition}{section.1.30}% 67
\BOOKMARK [2][-]{subsection.1.30.2}{Polar representation}{section.1.30}% 68
\BOOKMARK [2][-]{subsection.1.30.3}{Decomposition of isometries}{section.1.30}% 69
\BOOKMARK [2][-]{subsection.1.30.4}{Singular value decomposition}{section.1.30}% 70
\BOOKMARK [2][-]{subsection.1.30.5}{Schmidt decomposition of the tensor product of two vectors}{section.1.30}% 71
\BOOKMARK [1][-]{section.1.31}{Purification}{chapter.1}% 72
\BOOKMARK [1][-]{section.1.32}{Commutativity}{chapter.1}% 73
\BOOKMARK [1][-]{section.1.33}{Measures on closed subspaces}{chapter.1}% 74
\BOOKMARK [2][-]{subsection.1.33.1}{Gleason's theorem}{section.1.33}% 75
\BOOKMARK [2][-]{subsection.1.33.2}{Kochen-Specker theorem}{section.1.33}% 76
\BOOKMARK [0][-]{chapter.2}{Multilinear Algebra and Tensors}{part.1}% 77
\BOOKMARK [1][-]{section.2.1}{Notation}{chapter.2}% 78
\BOOKMARK [1][-]{section.2.2}{Change of Basis}{chapter.2}% 79
\BOOKMARK [2][-]{subsection.2.2.1}{Transformation of the covariant basis}{section.2.2}% 80
\BOOKMARK [2][-]{subsection.2.2.2}{Transformation of the contravariant coordinates}{section.2.2}% 81
\BOOKMARK [2][-]{subsection.2.2.3}{Transformation of the contravariant basis}{section.2.2}% 82
\BOOKMARK [2][-]{subsection.2.2.4}{Transformation of the covariant coordinates}{section.2.2}% 83
\BOOKMARK [2][-]{subsection.2.2.5}{Orthonormal bases}{section.2.2}% 84
\BOOKMARK [1][-]{section.2.3}{Tensor as multilinear form}{chapter.2}% 85
\BOOKMARK [1][-]{section.2.4}{Covariant tensors}{chapter.2}% 86
\BOOKMARK [2][-]{subsection.2.4.1}{Transformation of covariant tensor components}{section.2.4}% 87
\BOOKMARK [1][-]{section.2.5}{Contravariant tensors}{chapter.2}% 88
\BOOKMARK [2][-]{subsection.2.5.1}{Definition of contravariant tensors}{section.2.5}% 89
\BOOKMARK [2][-]{subsection.2.5.2}{Transformation of contravariant tensor components}{section.2.5}% 90
\BOOKMARK [1][-]{section.2.6}{General tensor}{chapter.2}% 91
\BOOKMARK [1][-]{section.2.7}{Metric}{chapter.2}% 92
\BOOKMARK [2][-]{subsection.2.7.1}{Definition}{section.2.7}% 93
\BOOKMARK [2][-]{subsection.2.7.2}{Construction from a scalar product}{section.2.7}% 94
\BOOKMARK [2][-]{subsection.2.7.3}{What can the metric tensor do for you?}{section.2.7}% 95
\BOOKMARK [2][-]{subsection.2.7.4}{Transformation of the metric tensor}{section.2.7}% 96
\BOOKMARK [2][-]{subsection.2.7.5}{Examples}{section.2.7}% 97
\BOOKMARK [1][-]{section.2.8}{Decomposition of tensors}{chapter.2}% 98
\BOOKMARK [1][-]{section.2.9}{Form invariance of tensors}{chapter.2}% 99
\BOOKMARK [1][-]{section.2.10}{The Kronecker symbol }{chapter.2}% 100
\BOOKMARK [1][-]{section.2.11}{The Levi-Civita symbol }{chapter.2}% 101
\BOOKMARK [1][-]{section.2.12}{Nabla, Laplace, and D'Alembert operators}{chapter.2}% 102
\BOOKMARK [1][-]{section.2.13}{Index trickery and examples}{chapter.2}% 103
\BOOKMARK [1][-]{section.2.14}{Some common misconceptions}{chapter.2}% 104
\BOOKMARK [2][-]{subsection.2.14.1}{Confusion between component representation and ``the real thing''}{section.2.14}% 105
\BOOKMARK [2][-]{subsection.2.14.2}{A matrix is a tensor}{section.2.14}% 106
\BOOKMARK [0][-]{chapter.3}{Projective and incidence geometry}{part.1}% 107
\BOOKMARK [1][-]{section.3.1}{Notation}{chapter.3}% 108
\BOOKMARK [1][-]{section.3.2}{Affine transformations}{chapter.3}% 109
\BOOKMARK [2][-]{subsection.3.2.1}{One-dimensional case}{section.3.2}% 110
\BOOKMARK [1][-]{section.3.3}{Similarity transformations}{chapter.3}% 111
\BOOKMARK [1][-]{section.3.4}{Fundamental theorem of affine geometry}{chapter.3}% 112
\BOOKMARK [1][-]{section.3.5}{Alexandrov's theorem}{chapter.3}% 113
\BOOKMARK [0][-]{chapter.4}{Groups as permutations}{part.1}% 114
\BOOKMARK [1][-]{section.4.1}{Basic definition and properties}{chapter.4}% 115
\BOOKMARK [2][-]{subsection.4.1.1}{Group axioms}{section.4.1}% 116
\BOOKMARK [2][-]{subsection.4.1.2}{Discrete and continuous groups}{section.4.1}% 117
\BOOKMARK [2][-]{subsection.4.1.3}{Generators and relations in finite groups}{section.4.1}% 118
\BOOKMARK [2][-]{subsection.4.1.4}{Uniqueness of identity and inverses}{section.4.1}% 119
\BOOKMARK [2][-]{subsection.4.1.5}{Cayley or group composition table}{section.4.1}% 120
\BOOKMARK [2][-]{subsection.4.1.6}{Rearrangement theorem}{section.4.1}% 121
\BOOKMARK [1][-]{section.4.2}{Zoology of finite groups up to order 6}{chapter.4}% 122
\BOOKMARK [2][-]{subsection.4.2.1}{Group of order 2}{section.4.2}% 123
\BOOKMARK [2][-]{subsection.4.2.2}{Group of order 3}{section.4.2}% 124
\BOOKMARK [2][-]{subsection.4.2.3}{Group of order 4}{section.4.2}% 125
\BOOKMARK [2][-]{subsection.4.2.4}{Group of order 5}{section.4.2}% 126
\BOOKMARK [2][-]{subsection.4.2.5}{Group of order 6}{section.4.2}% 127
\BOOKMARK [2][-]{subsection.4.2.6}{Cayley's theorem}{section.4.2}% 128
\BOOKMARK [1][-]{section.4.3}{Representations by homomorphisms}{chapter.4}% 129
\BOOKMARK [1][-]{section.4.4}{Lie theory}{chapter.4}% 130
\BOOKMARK [2][-]{subsection.4.4.1}{Generators}{section.4.4}% 131
\BOOKMARK [2][-]{subsection.4.4.2}{Exponential map}{section.4.4}% 132
\BOOKMARK [2][-]{subsection.4.4.3}{Lie algebra}{section.4.4}% 133
\BOOKMARK [1][-]{section.4.5}{Zoology of some important continuous groups}{chapter.4}% 134
\BOOKMARK [2][-]{subsection.4.5.1}{General linear group GL\(n,C\)}{section.4.5}% 135
\BOOKMARK [2][-]{subsection.4.5.2}{Orthogonal group over the reals O\(n,R\)=O\(n\)}{section.4.5}% 136
\BOOKMARK [2][-]{subsection.4.5.3}{Rotation group SO\(n\)}{section.4.5}% 137
\BOOKMARK [2][-]{subsection.4.5.4}{Unitary group U\(n,C\) = U\(n\)}{section.4.5}% 138
\BOOKMARK [2][-]{subsection.4.5.5}{Special unitary group SU\(n\)}{section.4.5}% 139
\BOOKMARK [2][-]{subsection.4.5.6}{Symmetric group S\(n\)}{section.4.5}% 140
\BOOKMARK [2][-]{subsection.4.5.7}{Poincar\351 group}{section.4.5}% 141
\BOOKMARK [-1][-]{part.2}{Functional analysis}{}% 142
\BOOKMARK [0][-]{chapter.5}{Brief review of complex analysis}{part.2}% 143
\BOOKMARK [1][-]{section.5.1}{Geometric representations of complex numbers and functions thereof}{chapter.5}% 144
\BOOKMARK [2][-]{subsection.5.1.1}{The complex plane}{section.5.1}% 145
\BOOKMARK [2][-]{subsection.5.1.2}{Multi-valued relationships, branch points, and branch cuts}{section.5.1}% 146
\BOOKMARK [1][-]{section.5.2}{Riemann surface}{chapter.5}% 147
\BOOKMARK [1][-]{section.5.3}{Differentiable, holomorphic \(analytic\) function}{chapter.5}% 148
\BOOKMARK [1][-]{section.5.4}{Cauchy-Riemann equations}{chapter.5}% 149
\BOOKMARK [1][-]{section.5.5}{Definition analytical function}{chapter.5}% 150
\BOOKMARK [1][-]{section.5.6}{Cauchy's integral theorem}{chapter.5}% 151
\BOOKMARK [1][-]{section.5.7}{Cauchy's integral formula}{chapter.5}% 152
\BOOKMARK [1][-]{section.5.8}{Series representation of complex differentiable functions}{chapter.5}% 153
\BOOKMARK [1][-]{section.5.9}{Laurent series}{chapter.5}% 154
\BOOKMARK [1][-]{section.5.10}{Residue theorem}{chapter.5}% 155
\BOOKMARK [1][-]{section.5.11}{Some special functional classes}{chapter.5}% 156
\BOOKMARK [2][-]{subsection.5.11.1}{Criterion for coincidence}{section.5.11}% 157
\BOOKMARK [2][-]{subsection.5.11.2}{Entire function}{section.5.11}% 158
\BOOKMARK [2][-]{subsection.5.11.3}{Liouville's theorem for bounded entire function}{section.5.11}% 159
\BOOKMARK [2][-]{subsection.5.11.4}{Picard's theorem}{section.5.11}% 160
\BOOKMARK [2][-]{subsection.5.11.5}{Meromorphic function}{section.5.11}% 161
\BOOKMARK [1][-]{section.5.12}{Fundamental theorem of algebra}{chapter.5}% 162
\BOOKMARK [0][-]{chapter.6}{Brief review of Fourier transforms}{part.2}% 163
\BOOKMARK [1][-]{subsection.6.0.1}{Functional spaces}{chapter.6}% 164
\BOOKMARK [2][-]{subsection.6.0.2}{Fourier series}{subsection.6.0.1}% 165
\BOOKMARK [2][-]{subsection.6.0.3}{Exponential Fourier series}{subsection.6.0.1}% 166
\BOOKMARK [2][-]{subsection.6.0.4}{Fourier transformation}{subsection.6.0.1}% 167
\BOOKMARK [0][-]{chapter.7}{Distributions as generalized functions}{part.2}% 168
\BOOKMARK [1][-]{section.7.1}{Heuristically coping with discontinuities and singularities}{chapter.7}% 169
\BOOKMARK [1][-]{section.7.2}{General distribution}{chapter.7}% 170
\BOOKMARK [2][-]{subsection.7.2.1}{Duality}{section.7.2}% 171
\BOOKMARK [2][-]{subsection.7.2.2}{Linearity}{section.7.2}% 172
\BOOKMARK [2][-]{subsection.7.2.3}{Continuity}{section.7.2}% 173
\BOOKMARK [1][-]{section.7.3}{Test functions}{chapter.7}% 174
\BOOKMARK [2][-]{subsection.7.3.1}{Desiderata on test functions}{section.7.3}% 175
\BOOKMARK [2][-]{subsection.7.3.2}{Test function class I}{section.7.3}% 176
\BOOKMARK [2][-]{subsection.7.3.3}{Test function class II}{section.7.3}% 177
\BOOKMARK [2][-]{subsection.7.3.4}{Test function class III: Tempered distributions and Fourier transforms}{section.7.3}% 178
\BOOKMARK [2][-]{subsection.7.3.5}{Test function class C}{section.7.3}% 179
\BOOKMARK [1][-]{section.7.4}{Derivative of distributions}{chapter.7}% 180
\BOOKMARK [1][-]{section.7.5}{Fourier transform of distributions}{chapter.7}% 181
\BOOKMARK [1][-]{section.7.6}{Dirac delta function}{chapter.7}% 182
\BOOKMARK [2][-]{subsection.7.6.1}{Delta sequence}{section.7.6}% 183
\BOOKMARK [2][-]{subsection.7.6.2}{[ ] distribution}{section.7.6}% 184
\BOOKMARK [2][-]{subsection.7.6.3}{Useful formul\346 involving }{section.7.6}% 185
\BOOKMARK [2][-]{subsection.7.6.4}{Fourier transform of }{section.7.6}% 186
\BOOKMARK [2][-]{subsection.7.6.5}{Eigenfunction expansion of }{section.7.6}% 187
\BOOKMARK [2][-]{subsection.7.6.6}{Delta function expansion}{section.7.6}% 188
\BOOKMARK [1][-]{section.7.7}{Cauchy principal value}{chapter.7}% 189
\BOOKMARK [2][-]{subsection.7.7.1}{Definition}{section.7.7}% 190
\BOOKMARK [2][-]{subsection.7.7.2}{Principle value and pole function 1x distribution}{section.7.7}% 191
\BOOKMARK [1][-]{section.7.8}{Absolute value distribution}{chapter.7}% 192
\BOOKMARK [1][-]{section.7.9}{Logarithm distribution}{chapter.7}% 193
\BOOKMARK [2][-]{subsection.7.9.1}{Definition}{section.7.9}% 194
\BOOKMARK [2][-]{subsection.7.9.2}{Connection with pole function}{section.7.9}% 195
\BOOKMARK [1][-]{section.7.10}{Pole function 1xn distribution}{chapter.7}% 196
\BOOKMARK [1][-]{section.7.11}{Pole function 1xi distribution}{chapter.7}% 197
\BOOKMARK [1][-]{section.7.12}{Heaviside step function}{chapter.7}% 198
\BOOKMARK [2][-]{subsection.7.12.1}{Ambiguities in definition}{section.7.12}% 199
\BOOKMARK [2][-]{subsection.7.12.2}{Useful formul\346 involving H}{section.7.12}% 200
\BOOKMARK [2][-]{subsection.7.12.3}{H [ ] distribution}{section.7.12}% 201
\BOOKMARK [2][-]{subsection.7.12.4}{Regularized Heaviside function}{section.7.12}% 202
\BOOKMARK [2][-]{subsection.7.12.5}{Fourier transform of Heaviside \(unit step\) function}{section.7.12}% 203
\BOOKMARK [1][-]{section.7.13}{The sign function}{chapter.7}% 204
\BOOKMARK [2][-]{subsection.7.13.1}{Definition}{section.7.13}% 205
\BOOKMARK [2][-]{subsection.7.13.2}{Connection to the Heaviside function}{section.7.13}% 206
\BOOKMARK [2][-]{subsection.7.13.3}{Sign sequence}{section.7.13}% 207
\BOOKMARK [2][-]{subsection.7.13.4}{Fourier transform of sgn}{section.7.13}% 208
\BOOKMARK [1][-]{section.7.14}{Absolute value function \(or modulus\)}{chapter.7}% 209
\BOOKMARK [2][-]{subsection.7.14.1}{Definition}{section.7.14}% 210
\BOOKMARK [2][-]{subsection.7.14.2}{Connection of absolute value with the sign and Heaviside functions}{section.7.14}% 211
\BOOKMARK [1][-]{section.7.15}{Some examples}{chapter.7}% 212
\BOOKMARK [-1][-]{part.3}{Differential equations}{}% 213
\BOOKMARK [0][-]{chapter.8}{Green's function}{part.3}% 214
\BOOKMARK [1][-]{section.8.1}{Elegant way to solve linear differential equations}{chapter.8}% 215
\BOOKMARK [1][-]{section.8.2}{Nonuniqueness of solution}{chapter.8}% 216
\BOOKMARK [1][-]{section.8.3}{Green's functions of translational invariant differential operators}{chapter.8}% 217
\BOOKMARK [1][-]{section.8.4}{Solutions with fixed boundary or initial values}{chapter.8}% 218
\BOOKMARK [1][-]{section.8.5}{Finding Green's functions by spectral decompositions}{chapter.8}% 219
\BOOKMARK [1][-]{section.8.6}{Finding Green's functions by Fourier analysis}{chapter.8}% 220
\BOOKMARK [0][-]{chapter.9}{Sturm-Liouville theory}{part.3}% 221
\BOOKMARK [1][-]{section.9.1}{Sturm-Liouville form}{chapter.9}% 222
\BOOKMARK [1][-]{section.9.2}{Sturm-Liouville eigenvalue problem}{chapter.9}% 223
\BOOKMARK [1][-]{section.9.3}{Adjoint and self-adjoint operators}{chapter.9}% 224
\BOOKMARK [1][-]{section.9.4}{Sturm-Liouville transformation into Liouville normal form}{chapter.9}% 225
\BOOKMARK [1][-]{section.9.5}{Varieties of Sturm-Liouville differential equations}{chapter.9}% 226
\BOOKMARK [0][-]{chapter.10}{Separation of variables}{part.3}% 227
\BOOKMARK [0][-]{chapter.11}{Special functions of mathematical physics}{part.3}% 228
\BOOKMARK [1][-]{section.11.1}{Gamma function}{chapter.11}% 229
\BOOKMARK [1][-]{section.11.2}{Beta function}{chapter.11}% 230
\BOOKMARK [1][-]{section.11.3}{Fuchsian differential equations}{chapter.11}% 231
\BOOKMARK [2][-]{subsection.11.3.1}{Regular, regular singular, and irregular singular point}{section.11.3}% 232
\BOOKMARK [2][-]{subsection.11.3.2}{Behavior at infinity}{section.11.3}% 233
\BOOKMARK [2][-]{subsection.11.3.3}{Functional form of the coefficients in Fuchsian differential equations}{section.11.3}% 234
\BOOKMARK [2][-]{subsection.11.3.4}{Frobenius method by power series}{section.11.3}% 235
\BOOKMARK [2][-]{subsection.11.3.5}{d'Alambert reduction of order}{section.11.3}% 236
\BOOKMARK [2][-]{subsection.11.3.6}{Computation of the characteristic exponent}{section.11.3}% 237
\BOOKMARK [2][-]{subsection.11.3.7}{Examples}{section.11.3}% 238
\BOOKMARK [1][-]{section.11.4}{Hypergeometric function}{chapter.11}% 239
\BOOKMARK [2][-]{subsection.11.4.1}{Definition}{section.11.4}% 240
\BOOKMARK [2][-]{subsection.11.4.2}{Properties}{section.11.4}% 241
\BOOKMARK [2][-]{subsection.11.4.3}{Plasticity}{section.11.4}% 242
\BOOKMARK [2][-]{subsection.11.4.4}{Four forms}{section.11.4}% 243
\BOOKMARK [1][-]{section.11.5}{Orthogonal polynomials}{chapter.11}% 244
\BOOKMARK [1][-]{section.11.6}{Legendre polynomials}{chapter.11}% 245
\BOOKMARK [2][-]{subsection.11.6.1}{Rodrigues formula}{section.11.6}% 246
\BOOKMARK [2][-]{subsection.11.6.2}{Generating function}{section.11.6}% 247
\BOOKMARK [2][-]{subsection.11.6.3}{The three term and other recursion formul\346}{section.11.6}% 248
\BOOKMARK [2][-]{subsection.11.6.4}{Expansion in Legendre polynomials}{section.11.6}% 249
\BOOKMARK [1][-]{section.11.7}{Associated Legendre polynomial}{chapter.11}% 250
\BOOKMARK [1][-]{section.11.8}{Spherical harmonics}{chapter.11}% 251
\BOOKMARK [1][-]{section.11.9}{Solution of the Schr\366dinger equation for a hydrogen atom}{chapter.11}% 252
\BOOKMARK [2][-]{subsection.11.9.1}{Separation of variables Ansatz}{section.11.9}% 253
\BOOKMARK [2][-]{subsection.11.9.2}{Separation of the radial part from the angular one}{section.11.9}% 254
\BOOKMARK [2][-]{subsection.11.9.3}{Separation of the polar angle \040from the azimuthal angle }{section.11.9}% 255
\BOOKMARK [2][-]{subsection.11.9.4}{Solution of the equation for the azimuthal angle factor \(\)}{section.11.9}% 256
\BOOKMARK [2][-]{subsection.11.9.5}{Solution of the equation for the polar angle factor \(\)}{section.11.9}% 257
\BOOKMARK [2][-]{subsection.11.9.6}{Solution of the equation for radial factor R\(r\)}{section.11.9}% 258
\BOOKMARK [2][-]{subsection.11.9.7}{Composition of the general solution of the Schr\366dinger Equation}{section.11.9}% 259
\BOOKMARK [0][-]{chapter.12}{Divergent series}{part.3}% 260
\BOOKMARK [1][-]{section.12.1}{Convergence and divergence}{chapter.12}% 261
\BOOKMARK [1][-]{section.12.2}{Abel summation}{chapter.12}% 262
\BOOKMARK [1][-]{section.12.3}{Borel's resummation method \205 ``The Master forbids it''}{chapter.12}% 263
\BOOKMARK [1][-]{section.12.4}{Divergent series as solutions to differential equations}{chapter.12}% 264
\BOOKMARK [0][-]{schapter.2}{Bibliography}{part.3}% 265
\BOOKMARK [0][-]{schapter.3}{Index}{part.3}% 266
