\BOOKMARK [0][-]{section*.2}{Theology and Metaphysics in Sombre, Scientific Times}{}% 2
\BOOKMARK [1][-]{section*.1}{Abstract}{section*.2}% 1
\BOOKMARK [1][-]{section*.3}{Contents}{section*.2}% 3
\BOOKMARK [1][-]{section*.4}{Humiliating aspects of science}{section*.2}% 4
\BOOKMARK [1][-]{section*.5}{Humiliations on the horizon}{section*.2}% 5
\BOOKMARK [2][-]{section*.6}{``Artificial'' \(machine\) intelligence}{section*.5}% 6
\BOOKMARK [3][-]{section*.7}{Emergent consciousness through computational processes}{section*.6}% 7
\BOOKMARK [3][-]{section*.8}{``Artificial'' intelligence outsmarting humans}{section*.6}% 8
\BOOKMARK [2][-]{section*.9}{Extraterrestrial, alien life}{section*.5}% 9
\BOOKMARK [2][-]{section*.10}{Virtual realities}{section*.5}% 10
\BOOKMARK [2][-]{section*.11}{Order from chaos}{section*.5}% 11
\BOOKMARK [2][-]{section*.12}{Relativity of morality}{section*.5}% 12
\BOOKMARK [3][-]{section*.13}{Means related uncooperative behavior due to brain injuries}{section*.12}% 13
\BOOKMARK [3][-]{section*.14}{Historic and ethnic evidence}{section*.12}% 14
\BOOKMARK [3][-]{section*.15}{Inconsistency of moralities}{section*.12}% 15
\BOOKMARK [3][-]{section*.16}{Instability of societies}{section*.12}% 16
\BOOKMARK [3][-]{section*.17}{Paradoxes of freedom, tolerance, and weakness}{section*.12}% 17
\BOOKMARK [3][-]{section*.18}{Morality by game theory}{section*.12}% 18
\BOOKMARK [1][-]{section*.19}{Deconstruction of the scientific claim of truth}{section*.2}% 19
\BOOKMARK [1][-]{section*.20}{Hierarchies of ``throwaway'' entities expressing lower levels of description}{section*.2}% 20
\BOOKMARK [1][-]{section*.21}{Metaphysics 101: the enigma of existence}{section*.2}% 21
\BOOKMARK [1][-]{section*.22}{Acknowledgments}{section*.2}% 22
\BOOKMARK [1][-]{section*.23}{References}{section*.2}% 23
