\BOOKMARK [0][-]{section*.2}{\376\377\000G\000e\000n\000e\000r\000a\000l\000i\000z\000e\000d\000\040\000G\000r\000e\000e\000n\000b\000e\000r\000g\000e\000r\000-\000H\000o\000r\000n\000e\000-\000Z\000e\000i\000l\000i\000n\000g\000e\000r\000\040\000a\000r\000g\000u\000m\000e\000n\000t\000s\000\040\000f\000r\000o\000m\000\040\000q\000u\000a\000n\000t\000u\000m\000\040\000l\000o\000g\000i\000c\000a\000l\000\040\000a\000n\000a\000l\000y\000s\000i\000s}{}% 2
\BOOKMARK [1][-]{section*.1}{\376\377\000A\000b\000s\000t\000r\000a\000c\000t}{section*.2}% 1
\BOOKMARK [1][-]{section*.3}{\376\377\000Q\000u\000a\000n\000t\000u\000m\000\040\000l\000o\000g\000i\000c\000a\000l\000\040\000s\000t\000r\000u\000c\000t\000u\000r\000e\000s}{section*.2}% 3
\BOOKMARK [2][-]{section*.4}{\376\377\000A\000p\000p\000r\000a\000i\000s\000a\000l}{section*.3}% 4
\BOOKMARK [2][-]{section*.5}{\376\377\000M\000o\000t\000i\000v\000a\000t\000i\000o\000n\000\040\000f\000o\000r\000\040\000l\000o\000g\000i\000c\000o\000-\000a\000l\000g\000e\000b\000r\000a\000i\000c\000\040\000a\000n\000a\000l\000y\000s\000i\000s}{section*.3}% 5
\BOOKMARK [1][-]{section*.6}{\376\377\000C\000l\000a\000s\000s\000i\000c\000a\000l\000\040\000G\000H\000Z\000\040\000g\000a\000m\000e\000s}{section*.2}% 6
\BOOKMARK [2][-]{section*.7}{\376\377\000P\000o\000s\000i\000t\000i\000v\000e\000\040\000p\000r\000o\000d\000u\000c\000t\000s\000\040\000f\000r\000o\000m\000\040\000s\000q\000u\000a\000r\000e\000s\000\040\000o\000f\000\040\000o\000u\000t\000c\000o\000m\000e\000s}{section*.6}% 7
\BOOKMARK [2][-]{section*.8}{\376\377\000G\000H\000Z\000\040\000g\000o\000a\000l\000:\000\040\000n\000e\000g\000a\000t\000i\000v\000e\000\040\000p\000r\000o\000d\000u\000c\000t\000s\000\040\000f\000r\000o\000m\000\040\000s\000q\000u\000a\000r\000e\000s\000\040\000o\000f\000\040\000o\000u\000t\000c\000o\000m\000e\000s}{section*.6}% 8
\BOOKMARK [2][-]{section*.9}{\376\377\000C\000o\000n\000t\000e\000x\000t\000s\000\040\000i\000n\000v\000o\000l\000v\000e\000d\000\040\000i\000n\000\040\000c\000l\000a\000s\000s\000i\000c\000a\000l\000\040\000G\000H\000Z\000\040\000c\000o\000n\000f\000i\000g\000u\000r\000a\000t\000i\000o\000n\000s}{section*.6}% 9
\BOOKMARK [1][-]{section*.10}{\376\377\000Q\000u\000a\000n\000t\000u\000m\000\040\000a\000d\000v\000a\000n\000t\000a\000g\000e}{section*.2}% 10
\BOOKMARK [1][-]{section*.11}{\376\377\000Q\000u\000a\000n\000t\000u\000m\000\040\000r\000e\000a\000l\000i\000z\000a\000t\000i\000o\000n}{section*.2}% 11
\BOOKMARK [2][-]{section*.12}{\376\377\000O\000p\000e\000r\000a\000t\000o\000r\000s}{section*.11}% 12
\BOOKMARK [3][-]{section*.13}{\376\377\000P\000r\000e\000s\000e\000l\000e\000c\000t\000e\000d\000\040\000s\000t\000a\000t\000e\000s}{section*.12}% 13
\BOOKMARK [3][-]{section*.14}{\376\377\000S\000e\000l\000e\000c\000t\000i\000o\000n\000\040\000f\000o\000r\000\040\000G\000H\000Z\000\040\000d\000i\000s\000c\000o\000r\000d}{section*.12}% 14
\BOOKMARK [3][-]{section*.15}{\376\377\000G\000e\000n\000e\000r\000a\000l\000\040\000p\000r\000e\000s\000e\000l\000e\000c\000t\000i\000o\000n\000\040\000s\000t\000a\000t\000e}{section*.12}% 15
\BOOKMARK [2][-]{section*.16}{\376\377\000V\000e\000r\000i\000f\000i\000c\000a\000t\000i\000o\000n\000\040\000o\000f\000\040\000t\000h\000e\000\040\000o\000r\000i\000g\000i\000n\000a\000l\000\040\000q\000u\000a\000n\000t\000u\000m\000\040\000G\000H\000Z\000\040\000g\000a\000m\000e}{section*.11}% 16
\BOOKMARK [1][-]{section*.17}{\376\377\000G\000e\000n\000e\000r\000a\000l\000i\000z\000a\000t\000i\000o\000n\000\040\000o\000f\000\040\000G\000H\000Z\000\040\000g\000a\000m\000e\000s}{section*.2}% 17
\BOOKMARK [1][-]{section*.18}{\376\377\000G\000a\000m\000e\000s\000\040\000t\000h\000a\000t\000\040\000c\000a\000n\000\040\000b\000e\000\040\000w\000o\000n\000\040\000b\000y\000\040\000c\000l\000a\000s\000s\000i\000c\000a\000l\000\040\000b\000u\000t\000\040\000n\000o\000t\000\040\000b\000y\000\040\000q\000u\000a\000n\000t\000u\000m\000\040\000G\000H\000Z\000\040\000m\000e\000a\000n\000s}{section*.2}% 18
\BOOKMARK [1][-]{section*.19}{\376\377\000C\000l\000a\000s\000s\000i\000c\000a\000l\000\040\000c\000o\000n\000t\000e\000x\000t\000u\000a\000l\000i\000t\000y\000\040\000o\000r\000\040\000c\000o\000n\000t\000e\000x\000t\000\040\000d\000e\000p\000e\000n\000d\000e\000n\000c\000e}{section*.2}% 19
\BOOKMARK [1][-]{section*.20}{\376\377\000S\000t\000r\000a\000n\000g\000e\000r\000-\000t\000h\000a\000n\000-\000q\000u\000a\000n\000t\000u\000m\000\040\000G\000H\000Z\000\040\000g\000a\000m\000e\000s}{section*.2}% 20
\BOOKMARK [1][-]{section*.21}{\376\377\000S\000o\000m\000e\000\040\000a\000f\000t\000e\000r\000t\000h\000o\000u\000g\000h\000t\000s}{section*.2}% 21
\BOOKMARK [1][-]{section*.22}{\376\377\000A\000c\000k\000n\000o\000w\000l\000e\000d\000g\000m\000e\000n\000t\000s}{section*.2}% 22
\BOOKMARK [1][-]{section*.23}{\376\377\000R\000e\000f\000e\000r\000e\000n\000c\000e\000s}{section*.2}% 23
