\BOOKMARK [0][-]{section*.2}{Supplemental Material: What Is so Special About Quantum Clicks?}{}% 2
\BOOKMARK [1][-]{section*.1}{Abstract}{section*.2}% 1
\BOOKMARK [1][-]{section*.3}{Contents}{section*.2}% 3
\BOOKMARK [2][-]{section*.4}{The cddlib package}{section*.3}% 4
\BOOKMARK [2][-]{section*.5}{Trivial examples}{section*.3}% 5
\BOOKMARK [3][-]{section*.6}{One observable}{section*.5}% 6
\BOOKMARK [3][-]{section*.7}{Two observables}{section*.5}% 7
\BOOKMARK [3][-]{section*.8}{Bounds on the \(joint\) probabilities and expectations of three observables}{section*.5}% 8
\BOOKMARK [2][-]{section*.9}{2 observers, 2 measurement configurations per observer}{section*.3}% 9
\BOOKMARK [3][-]{section*.10}{Bell-Wigner-Fine case: probabilities for 2 observers, 2 measurement configurations per observer}{section*.9}% 10
\BOOKMARK [3][-]{section*.11}{Clauser-Horne-Shimony-Holt case: expectation values for 2 observers, 2 measurement configurations per observer}{section*.9}% 11
\BOOKMARK [3][-]{section*.12}{Beyond the Clauser-Horne-Shimony-Holt case: 2 observers, 3 measurement configurations per observer}{section*.9}% 12
\BOOKMARK [2][-]{section*.13}{Pentagon logic}{section*.3}% 13
\BOOKMARK [2][-]{section*.14}{Probabilities but no joint probabilities}{section*.3}% 14
\BOOKMARK [2][-]{section*.15}{Joint Expectations on all atoms}{section*.3}% 15
\BOOKMARK [1][-]{section*.16}{House/pentagon/pentagram gadget}{section*.2}% 16
\BOOKMARK [2][-]{section*.17}{Bub-Stairs inequality}{section*.16}% 17
\BOOKMARK [3][-]{section*.18}{Klyachko-Can-Biniciogolu-Shumovsky inequalities}{section*.17}% 18
\BOOKMARK [2][-]{section*.19}{Two intertwined pentagon logics forming a Specker K\344fer \(bug\) or cat's cradle logic}{section*.16}% 19
\BOOKMARK [3][-]{section*.20}{Probabilities on the Specker bug logic}{section*.19}% 20
\BOOKMARK [3][-]{section*.21}{Hull calculation for the probabilities on the Specker bug logic}{section*.19}% 21
\BOOKMARK [3][-]{section*.22}{Hull calculation for the expectations on the Specker bug logic}{section*.19}% 22
\BOOKMARK [3][-]{section*.23}{Extended Specker bug logic}{section*.19}% 23
\BOOKMARK [2][-]{section*.24}{Two intertwined Specker bug logics}{section*.16}% 24
\BOOKMARK [3][-]{section*.25}{Hull calculation for the contexual inequalities corresponding to the Cabello, Estebaranz and Garc\355a-Alcaine logic}{section*.24}% 25
\BOOKMARK [3][-]{section*.26}{Hull calculation for the contexual inequalities corresponding to the pentagon logic}{section*.24}% 26
\BOOKMARK [3][-]{section*.27}{Hull calculation for the contexual inequalities corresponding to Specker bug logics}{section*.24}% 27
\BOOKMARK [3][-]{section*.28}{Min-max calculation for the quantum bounds of two-two-state particles}{section*.24}% 28
\BOOKMARK [3][-]{section*.29}{Min-max calculation for the quantum bounds of two three-state particles}{section*.24}% 29
\BOOKMARK [3][-]{section*.30}{Min-max calculation for two four-state particles}{section*.24}% 30
\BOOKMARK [1][-]{section*.31}{References}{section*.2}% 31
