\BOOKMARK [0][-]{section*.2}{\376\377\000N\000o\000n\000c\000o\000n\000t\000e\000x\000t\000u\000a\000l\000\040\000c\000o\000l\000o\000r\000i\000n\000g\000\040\000o\000f\000\040\000o\000r\000t\000h\000o\000g\000o\000n\000a\000l\000i\000t\000y\000\040\000h\000y\000p\000e\000r\000g\000r\000a\000p\000h\000s}{}% 2
\BOOKMARK [1][-]{section*.1}{\376\377\000A\000b\000s\000t\000r\000a\000c\000t}{section*.2}% 1
\BOOKMARK [1][-]{section*.3}{\376\377\000R\000e\000c\000o\000n\000s\000t\000r\000u\000c\000t\000a\000b\000i\000l\000i\000t\000y\000\040\000a\000n\000d\000\040\000c\000o\000l\000o\000r\000i\000n\000g\000\040\000o\000f\000\040\000q\000u\000a\000n\000t\000u\000m\000\040\000c\000o\000n\000t\000e\000x\000t\000s}{section*.2}% 3
\BOOKMARK [1][-]{section*.4}{\376\377\000N\000o\000m\000e\000n\000c\000l\000a\000t\000u\000r\000e}{section*.2}% 4
\BOOKMARK [2][-]{section*.5}{\376\377\000H\000y\000p\000e\000r\000g\000r\000a\000p\000h\000s}{section*.4}% 5
\BOOKMARK [2][-]{section*.6}{\376\377\000V\000e\000r\000t\000e\000x\000\040\000l\000a\000b\000e\000l\000i\000n\000g\000\040\000b\000y\000\040\000v\000e\000c\000t\000o\000r\000s}{section*.4}% 6
\BOOKMARK [2][-]{section*.7}{\376\377\000C\000o\000l\000o\000r\000i\000n\000g}{section*.4}% 7
\BOOKMARK [2][-]{section*.8}{\376\377\000T\000w\000o\000-\000v\000a\000l\000u\000e\000d\000\040\000s\000t\000a\000t\000e\000s}{section*.4}% 8
\BOOKMARK [2][-]{section*.9}{\376\377\000C\000o\000m\000p\000l\000e\000t\000i\000o\000n\000\040\000c\000r\000i\000t\000e\000r\000i\000o\000n}{section*.4}% 9
\BOOKMARK [2][-]{section*.10}{\376\377\000S\000e\000p\000a\000r\000a\000b\000i\000l\000i\000t\000y\000,\000\040\000s\000e\000t\000\040\000r\000e\000p\000r\000e\000s\000e\000n\000t\000a\000b\000i\000l\000i\000t\000y\000\040\000a\000n\000d\000\040\000r\000e\000c\000o\000n\000s\000t\000r\000u\000c\000t\000a\000b\000i\000l\000i\000t\000y}{section*.4}% 10
\BOOKMARK [1][-]{section*.11}{\376\377\000S\000t\000r\000u\000c\000t\000u\000r\000e\000\040\000r\000e\000c\000o\000n\000s\000t\000r\000u\000c\000t\000i\000o\000n\000\040\000f\000r\000o\000m\000\040\000t\000w\000o\000-\000v\000a\000l\000u\000e\000d\000\040\000s\000t\000a\000t\000e\000s}{section*.2}% 11
\BOOKMARK [2][-]{section*.12}{\376\377\000P\000e\000r\000f\000e\000c\000t\000l\000y\000\040\000s\000e\000p\000a\000r\000a\000b\000l\000e\000\040\000h\000y\000p\000e\000r\000g\000r\000a\000p\000h\000s}{section*.11}% 12
\BOOKMARK [2][-]{section*.13}{\376\377\000R\000e\000c\000o\000n\000s\000t\000r\000u\000c\000t\000i\000o\000n\000\040\000o\000f\000\040\000p\000e\000r\000f\000e\000c\000t\000l\000y\000\040\000s\000e\000p\000a\000r\000a\000b\000l\000e\000\040\000h\000y\000p\000e\000r\000g\000r\000a\000p\000h\000s}{section*.11}% 13
\BOOKMARK [2][-]{section*.14}{\376\377\000E\000x\000a\000m\000p\000l\000e\000s\000\040\000o\000f\000\040\000n\000o\000n\000-\000r\000e\000c\000o\000n\000s\000t\000r\000u\000c\000t\000a\000b\000l\000e\000\040\000h\000y\000p\000e\000r\000g\000r\000a\000p\000h\000s\000\040\000u\000s\000i\000n\000g\000\040\000C\000r\000i\000t\000e\000r\000i\000a\000\040\0002\000\040\000a\000n\000d\000\040\0004}{section*.11}% 14
\BOOKMARK [1][-]{section*.15}{\376\377\000T\000w\000o\000-\000v\000a\000l\000u\000e\000d\000\040\000s\000t\000a\000t\000e\000s\000\040\000v\000s\000\040\000c\000o\000l\000o\000r\000i\000n\000g}{section*.2}% 15
\BOOKMARK [2][-]{section*.16}{\376\377\000C\000o\000l\000o\000r\000i\000n\000g\000\040\000v\000s\000\040\000i\000n\000d\000e\000p\000e\000n\000d\000e\000n\000t\000\040\000p\000a\000r\000t\000i\000t\000i\000o\000n\000s}{section*.15}% 16
\BOOKMARK [2][-]{section*.17}{\376\377\000R\000e\000c\000o\000n\000s\000t\000r\000u\000c\000t\000i\000n\000g\000\040\000c\000o\000l\000o\000r\000i\000n\000g\000\040\000f\000r\000o\000m\000\040\000l\000o\000g\000i\000c\000a\000l\000\040\000a\000s\000s\000i\000g\000n\000m\000e\000n\000t\000s}{section*.15}% 17
\BOOKMARK [1][-]{section*.18}{\376\377\000S\000u\000m\000m\000a\000r\000y\000\040\000a\000n\000d\000\040\000c\000o\000n\000c\000l\000u\000d\000i\000n\000g\000\040\000r\000e\000m\000a\000r\000k\000s}{section*.2}% 18
\BOOKMARK [1][-]{section*.19}{\376\377\000E\000x\000a\000m\000p\000l\000e\000s}{section*.2}% 19
\BOOKMARK [2][-]{section*.20}{\376\377\000T\000r\000i\000a\000n\000g\000l\000e\000\040\000l\000o\000g\000i\000c}{section*.19}% 20
\BOOKMARK [2][-]{section*.21}{\376\377\000H\000o\000u\000s\000e\000\040\000o\000r\000\040\000p\000e\000n\000t\000a\000g\000o\000n\000\040\000o\000r\000\040\000p\000e\000n\000t\000a\000g\000r\000a\000m\000\040\000l\000o\000g\000i\000c}{section*.19}% 21
\BOOKMARK [2][-]{section*.22}{\376\377\000S\000p\000e\000c\000k\000e\000r\000\040\000b\000u\000g\000\040\000g\000a\000d\000g\000e\000t}{section*.19}% 22
\BOOKMARK [2][-]{section*.23}{\376\377\000T\000h\000e\000\040\000u\000n\000d\000e\000r\000l\000y\000i\000n\000g\000\040\000h\000y\000p\000e\000r\000g\000r\000a\000p\000h\000\040\000o\000f\000\040\000B\000\050\000G\000\051}{section*.19}% 23
\BOOKMARK [2][-]{section*.24}{\376\377\000`\000`\000T\000i\000g\000h\000t\000\040\000G\000H\000Z\000'\000'\000\040\000l\000o\000g\000i\000c}{section*.19}% 24
\BOOKMARK [1][-]{section*.25}{\376\377\000A\000\040\000c\000o\000u\000n\000t\000e\000r\000e\000x\000a\000m\000p\000l\000e\000:\000\040\000G\000r\000e\000e\000c\000h\000i\000e\000'\000s\000\040\000G\0003\0002}{section*.2}% 25
\BOOKMARK [1][-]{section*.26}{\376\377\000A\000c\000k\000n\000o\000w\000l\000e\000d\000g\000m\000e\000n\000t\000s}{section*.2}% 26
\BOOKMARK [1][-]{section*.27}{\376\377\000A\000u\000t\000h\000o\000r\000\040\000D\000e\000c\000l\000a\000r\000a\000t\000i\000o\000n\000s}{section*.2}% 27
\BOOKMARK [1][-]{section*.28}{\376\377\000D\000a\000t\000a\000\040\000A\000v\000a\000i\000l\000a\000b\000i\000l\000i\000t\000y}{section*.2}% 28
\BOOKMARK [1][-]{section*.29}{\376\377\000R\000e\000f\000e\000r\000e\000n\000c\000e\000s}{section*.2}% 29
