\BOOKMARK [-1][-]{part.1}{\376\377\000P\000a\000r\000t\000\040\000I\000\040\000U\000F\000O\000\040\000l\000o\000o\000k\000-\000a\000n\000d\000-\000f\000e\000e\000l\000:\000\040\000A\000\040\000g\000l\000a\000n\000c\000e\000\040\000a\000t\000\040\000h\000i\000s\000t\000o\000r\000i\000c\000\040\000s\000i\000g\000h\000t\000i\000n\000g\000s}{}% 1
\BOOKMARK [0][-]{chapter.1}{\376\377\000E\000a\000r\000l\000y\000\040\000U\000F\000O\000\040\000s\000a\000g\000a\000s\000\040\000a\000n\000d\000\040\000l\000e\000g\000e\000n\000d\000s\000\040\000p\000r\000i\000o\000r\000\040\000t\000o\000\040\000T\000r\000i\000n\000i\000t\000y\000\040\000\050\000J\000u\000l\000y\000\040\0001\0009\0004\0005\000\051}{part.1}% 2
\BOOKMARK [1][-]{section.1.1}{\376\377\000A\000l\000i\000e\000n\000\040\000S\000u\000m\000e\000r\000i\000a\000n\000\040\000c\000i\000v\000i\000l\000i\000z\000a\000t\000i\000o\000n}{chapter.1}% 3
\BOOKMARK [1][-]{section.1.2}{\376\377\000T\000h\000e\000\040\000R\000a\000z\000i\000n\000g\000\040\000o\000f\000\040\000S\000a\000u\000b\000h\000a\000:\000\040\000K\000r\000i\000s\000h\000n\000a\000'\000s\000\040\000B\000a\000t\000t\000l\000e\000\040\000A\000g\000a\000i\000n\000s\000t\000\040\000a\000\040\000F\000l\000y\000i\000n\000g\000\040\000F\000o\000r\000t\000r\000e\000s\000s}{chapter.1}% 4
\BOOKMARK [1][-]{section.1.3}{\376\377\000T\000h\000e\000\040\000S\000e\000c\000o\000n\000d\000\040\000P\000u\000n\000i\000c\000\040\000W\000a\000r\000\040\000s\000i\000g\000h\000t\000i\000n\000g\000s\000,\000\040\000a\000t\000\040\0002\0001\0008\040\023\0002\0000\0001\000\040\000B\000C}{chapter.1}% 5
\BOOKMARK [1][-]{section.1.4}{\376\377\000F\000l\000a\000m\000i\000n\000g\000\040\000S\000h\000i\000e\000l\000d\000\040\000i\000n\000\040\0007\0007\0006}{chapter.1}% 6
\BOOKMARK [1][-]{section.1.5}{\376\377\000F\000l\000y\000i\000n\000g\000\040\000p\000l\000a\000t\000e\000\040\000o\000r\000\040\000h\000a\000t\000\040\000o\000b\000s\000e\000r\000v\000e\000d\000\040\000h\000o\000v\000e\000r\000i\000n\000g\000\040\000o\000v\000e\000r\000\040\000a\000\040\000c\000h\000u\000r\000c\000h\000\040\000i\000n\000\040\0001\0006\0006\0005}{chapter.1}% 7
\BOOKMARK [1][-]{section.1.6}{\376\377\000F\000l\000y\000i\000n\000g\000\040\000s\000a\000u\000c\000e\000r\000\040\000w\000i\000t\000h\000\040\000a\000\040\000c\000i\000g\000a\000r\000-\000s\000h\000a\000p\000e\000d\000\040\000f\000o\000r\000m\000\040\000o\000f\000\040\0001\0008\0008\0002}{chapter.1}% 8
\BOOKMARK [1][-]{section.1.7}{\376\377\000M\000y\000s\000t\000e\000r\000y\000\040\000a\000i\000r\000s\000h\000i\000p\000\040\000w\000a\000v\000e\000\040\000o\000f\000\040\0001\0008\0009\0006\040\023\0001\0008\0009\0007}{chapter.1}% 9
\BOOKMARK [1][-]{section.1.8}{\376\377\000M\000y\000s\000t\000e\000r\000i\000o\000u\000s\000\040\000a\000i\000r\000s\000h\000i\000p\000s\000\040\000w\000i\000t\000h\000\040\000s\000e\000a\000r\000c\000h\000l\000i\000g\000h\000t\000s\000\040\000o\000f\000\040\0001\0009\0000\0009}{chapter.1}% 10
\BOOKMARK [1][-]{section.1.9}{\376\377\000T\000h\000e\000\040\000W\000a\000r\000\040\000o\000f\000\040\000t\000h\000e\000\040\000W\000o\000r\000l\000d\000s\000\040\000s\000c\000a\000r\000e\000\040\000o\000f\000\040\0001\0009\0003\0008}{chapter.1}% 11
\BOOKMARK [1][-]{section.1.10}{\376\377\000C\000r\000a\000s\000h\000\040\000r\000e\000t\000r\000i\000e\000v\000a\000l\000\040\000i\000n\000\040\000C\000a\000p\000e\000\040\000G\000i\000r\000a\000r\000d\000e\000a\000u\000,\000\040\000M\000i\000s\000s\000o\000u\000r\000i\000\040\000i\000n\000\040\000t\000h\000e\000\040\000s\000p\000r\000i\000n\000g\000\040\000o\000f\000\040\0001\0009\0004\0001}{chapter.1}% 12
\BOOKMARK [1][-]{section.1.11}{\376\377\000T\000h\000e\000\040\000B\000a\000t\000t\000l\000e\000\040\000o\000f\000\040\000L\000o\000s\000\040\000A\000n\000g\000e\000l\000e\000s\000\040\000o\000f\000\040\0001\0009\0004\0002}{chapter.1}% 13
\BOOKMARK [1][-]{section.1.12}{\376\377\000R\000o\000m\000a\000n\000\040\000S\000a\000b\000i\000n\000s\000k\000i\000'\000s\000\040\000J\000u\000n\000e\000\040\0001\0009\0004\0002\000\040\000e\000n\000c\000o\000u\000n\000t\000e\000r\000\040\000w\000i\000t\000h\000\040\000a\000\040\000f\000o\000o\000\040\000f\000i\000g\000h\000t\000e\000r}{chapter.1}% 14
\BOOKMARK [0][-]{chapter.2}{\376\377\000U\000F\000O\000\040\000s\000a\000g\000a\000s\000\040\000a\000n\000d\000\040\000l\000e\000g\000e\000n\000d\000s\000\040\000f\000r\000o\000m\000\040\000T\000r\000i\000n\000i\000t\000y\000\040\000\050\000J\000u\000l\000y\000\040\0001\0009\0004\0005\000\051\000\040\000u\000n\000t\000i\000l\000\040\000t\000h\000e\000\040\000R\000o\000b\000e\000r\000t\000s\000o\000n\000\040\000P\000a\000n\000e\000l\000\040\000\050\000J\000a\000n\000u\000a\000r\000y\000\040\0001\0009\0005\0003\000\051}{part.1}% 15
\BOOKMARK [1][-]{section.2.1}{\376\377\000U\000F\000O\000\040\000i\000n\000t\000e\000r\000c\000e\000p\000t\000\040\000a\000t\000t\000e\000m\000p\000t\000\040\000a\000t\000\040\000H\000a\000n\000f\000o\000r\000d\000\040\000n\000u\000c\000l\000e\000a\000r\000\040\000p\000l\000a\000n\000t\000\040\000i\000n\000\040\000J\000u\000l\000y\000\040\0001\0009\0004\0005}{chapter.2}% 16
\BOOKMARK [1][-]{section.2.2}{\376\377\000T\000r\000i\000n\000i\000t\000y\000\040\000c\000r\000a\000s\000h\000\040\000i\000n\000\040\000A\000u\000g\000u\000s\000t\000\040\0001\0009\0004\0005}{chapter.2}% 17
\BOOKMARK [1][-]{section.2.3}{\376\377\000F\000l\000y\000i\000n\000g\000\040\000s\000a\000u\000c\000e\000r\000s\000\040\000o\000r\000\040\000p\000e\000l\000i\000c\000a\000n\000s\000\040\000i\000n\000\040\000V\000-\000f\000o\000r\000m\000a\000t\000i\000o\000n\000\040\040\023\000\040\000K\000e\000n\000n\000e\000t\000h\000\040\000A\000r\000n\000o\000l\000d\000'\000s\000\040\000s\000i\000g\000h\000t\000i\000n\000g\000\040\000o\000n\000\040\000J\000u\000n\000e\000\040\0002\0004\000,\000\040\0001\0009\0004\0007}{chapter.2}% 18
\BOOKMARK [1][-]{section.2.4}{\376\377\000R\000o\000s\000w\000e\000l\000l\000\040\000U\000F\000O\000\040\000i\000n\000c\000i\000d\000e\000n\000t\000\040\000o\000n\000\040\000J\000u\000l\000y\000\040\0007\000,\000\040\0001\0009\0004\0007}{chapter.2}% 19
\BOOKMARK [1][-]{section.2.5}{\376\377\000T\000w\000i\000n\000i\000n\000g\000\040\000m\000e\000m\000o\000\040\0001\0009\0004\0007}{chapter.2}% 20
\BOOKMARK [1][-]{section.2.6}{\376\377\000S\000u\000b\000m\000e\000r\000g\000e\000d\000\040\000s\000p\000i\000n\000n\000i\000n\000g\000\040\000w\000h\000e\000e\000l\000s\000\040\000o\000f\000\040\000l\000i\000g\000h\000t\000\040\000o\000n\000\040\000N\000o\000v\000e\000m\000b\000e\000r\000\040\0001\0004\000,\000\040\0001\0009\0004\0009}{chapter.2}% 21
\BOOKMARK [1][-]{section.2.7}{\376\377\000L\000u\000b\000b\000o\000c\000k\000\040\000L\000i\000g\000h\000t\000s\000\040\000i\000n\000\040\0001\0009\0005\0001}{chapter.2}% 22
\BOOKMARK [1][-]{section.2.8}{\376\377\000N\000e\000w\000\040\000C\000a\000s\000t\000l\000e\000\040\000A\000F\000B\000,\000\040\000D\000e\000l\000a\000w\000a\000r\000e\000\040\000a\000t\000\040\0002\0003\0002\0000\000\040\000h\000o\000u\000r\000s\000,\000\040\0002\0005\000\040\000J\000u\000l\000y\000\040\0001\0009\0005\0002}{chapter.2}% 23
\BOOKMARK [1][-]{section.2.9}{\376\377\000A\000e\000r\000i\000a\000l\000\040\000P\000h\000e\000n\000o\000m\000e\000n\000a\000\040\000R\000e\000s\000e\000a\000r\000c\000h\000\040\000O\000r\000g\000a\000n\000i\000z\000a\000t\000i\000o\000n\000\040\000\050\000A\000P\000R\000O\000\051}{chapter.2}% 24
\BOOKMARK [1][-]{section.2.10}{\376\377\0001\0009\0005\0002\000\040\000W\000a\000s\000h\000i\000n\000g\000t\000o\000n\000\040\000f\000l\000y\000o\000v\000e\000r\000s\000\040\000f\000r\000o\000m\000\040\000J\000u\000l\000y\000\040\0001\0002\000\040\000t\000o\000\040\0002\0009\000,\000\040\0001\0009\0005\0002}{chapter.2}% 25
\BOOKMARK [1][-]{section.2.11}{\376\377\000R\000a\000p\000i\000d\000\040\000C\000i\000t\000y\000\040\000i\000n\000c\000i\000d\000e\000n\000t\000\040\000o\000n\000\040\000t\000h\000e\000\040\000n\000i\000g\000h\000t\000\040\000o\000f\000\040\000A\000u\000g\000u\000s\000t\000\040\0001\0002\000,\000\040\0001\0009\0005\0003}{chapter.2}% 26
\BOOKMARK [0][-]{chapter.3}{\376\377\000U\000F\000O\000\040\000s\000a\000g\000a\000s\000\040\000a\000n\000d\000\040\000l\000e\000g\000e\000n\000d\000s\000\040\000a\000f\000t\000e\000r\000\040\000t\000h\000e\000\040\000R\000o\000b\000e\000r\000t\000s\000o\000n\000\040\000P\000a\000n\000e\000l\000\040\000u\000n\000t\000i\000l\000\040\0002\0000\0000\0003}{part.1}% 27
\BOOKMARK [1][-]{section.3.1}{\376\377\000S\000o\000m\000e\000\040\000l\000i\000t\000e\000r\000a\000t\000u\000r\000e}{chapter.3}% 28
\BOOKMARK [1][-]{section.3.2}{\376\377\000B\000r\000i\000t\000i\000s\000h\000\040\000R\000o\000y\000a\000l\000\040\000A\000i\000r\000\040\000F\000o\000r\000c\000e\000\040\000p\000i\000l\000o\000t\000s\000\040\000`\000`\000s\000e\000e\000\040\000t\000h\000i\000n\000g\000s\000'\000'\000\040\000i\000n\000\040\0001\0009\0005\0002\000-\0001\0009\0005\0003}{chapter.3}% 29
\BOOKMARK [2][-]{subsection.3.2.1}{\376\377\000E\000x\000e\000r\000c\000i\000s\000e\000\040\000M\000a\000i\000n\000b\000r\000a\000c\000e\000\040\000U\000F\000O\000s\000\040\000i\000n\000\040\000S\000e\000p\000t\000e\000m\000b\000e\000r\000\040\0001\0009\0005\0002}{section.3.2}% 30
\BOOKMARK [2][-]{subsection.3.2.2}{\376\377\000R\000A\000F\000\040\000L\000i\000t\000t\000l\000e\000\040\000R\000i\000s\000s\000i\000n\000g\000t\000o\000n\000\040\000i\000n\000c\000i\000d\000e\000n\000t\000\040\000o\000n\000\040\000O\000c\000t\000o\000b\000e\000r\000\040\0002\0001\000,\000\040\0001\0009\0005\0002\000\040\000i\000n\000\040\000t\000h\000e\000\040\000a\000f\000t\000e\000r\000n\000o\000o\000n}{section.3.2}% 31
\BOOKMARK [1][-]{section.3.3}{\376\377\000H\000e\000a\000r\000s\000a\000y\000\040\000a\000b\000o\000u\000t\000\040\000W\000e\000r\000n\000h\000e\000r\000\040\000v\000o\000n\000\040\000B\000r\000a\000u\000n\000\040\0001\0009\0005\0009}{chapter.3}% 32
\BOOKMARK [1][-]{section.3.4}{\376\377\000S\000o\000c\000o\000r\000r\000o\000\040\000p\000o\000l\000i\000c\000e\000m\000a\000n\000\040\000Z\000a\000m\000o\000r\000a\000'\000s\000\040\000e\000n\000c\000o\000u\000n\000t\000e\000r\000\040\000i\000n\000\040\0001\0009\0006\0004\040\024\000a\000\040\000s\000t\000u\000d\000e\000n\000t\000\040\000p\000r\000a\000n\000k\000?}{chapter.3}% 33
\BOOKMARK [1][-]{section.3.5}{\376\377\000A\000\040\000l\000a\000v\000e\000n\000d\000e\000r\000\040\000f\000a\000r\000m\000e\000r\000'\000s\000\040\000e\000n\000c\000o\000u\000n\000t\000e\000r\000\040\000i\000n\000\040\000V\000a\000l\000e\000n\000s\000o\000l\000e\000,\000\040\000F\000r\000a\000n\000c\000e\000,\000\040\000i\000n\000\040\0001\0009\0006\0005}{chapter.3}% 34
\BOOKMARK [1][-]{section.3.6}{\376\377\000`\000`\000F\000o\000o\000\040\000f\000i\000g\000h\000t\000e\000r\000s\000'\000'\000\040\000s\000i\000g\000h\000t\000i\000n\000g\000s\000\040\000b\000y\000\040\000t\000h\000e\000\040\000c\000h\000i\000e\000f\000\040\000p\000i\000l\000o\000t\000s\000\040\000o\000f\000\040\000L\000u\000f\000t\000h\000a\000n\000s\000a\000\040\000a\000n\000d\000\040\000A\000u\000s\000t\000r\000i\000a\000n\000\040\000A\000i\000r\000l\000i\000n\000e\000s}{chapter.3}% 35
\BOOKMARK [1][-]{section.3.7}{\376\377\000M\000a\000l\000m\000s\000t\000r\000o\000m\000\040\000i\000n\000c\000i\000d\000e\000n\000t\000\040\000i\000n\000\040\0001\0009\0006\0007}{chapter.3}% 36
\BOOKMARK [2][-]{subsection.3.7.1}{\376\377\000O\000s\000c\000a\000r\000-\000f\000l\000i\000g\000h\000t\000\040\000M\000i\000s\000s\000i\000l\000e\000\040\000C\000o\000m\000b\000a\000t\000\040\000C\000r\000e\000w}{section.3.7}% 37
\BOOKMARK [2][-]{subsection.3.7.2}{\376\377\000E\000c\000h\000o\000-\000f\000l\000i\000g\000h\000t\000\040\000M\000i\000s\000s\000i\000l\000e\000\040\000C\000o\000m\000b\000a\000t\000\040\000C\000r\000e\000w}{section.3.7}% 38
\BOOKMARK [2][-]{subsection.3.7.3}{\376\377\000P\000o\000s\000t\000m\000o\000r\000t\000e\000m\000\040\000a\000n\000a\000l\000y\000s\000i\000s\000\040\000b\000y\000\040\000B\000o\000i\000n\000g\000\040\000C\000o\000r\000p\000o\000r\000a\000t\000i\000o\000n}{section.3.7}% 39
\BOOKMARK [1][-]{section.3.8}{\376\377\000M\000i\000n\000o\000t\000\040\000A\000i\000r\000\040\000F\000o\000r\000c\000e\000\040\000B\000a\000s\000e\000\040\000i\000n\000c\000i\000d\000e\000n\000t\000\040\000o\000n\000\040\000O\000c\000t\000o\000b\000e\000r\000\040\0002\0004\000,\000\040\0001\0009\0006\0008}{chapter.3}% 40
\BOOKMARK [2][-]{subsection.3.8.1}{\376\377\000S\000t\000i\000m\000u\000l\000a\000t\000e\000d\000\040\000e\000n\000c\000o\000u\000n\000t\000e\000r\000\040\000w\000i\000t\000h\000\040\000a\000n\000\040\000U\000F\000O}{section.3.8}% 41
\BOOKMARK [2][-]{subsection.3.8.2}{\376\377\000O\000b\000s\000e\000r\000v\000a\000t\000i\000o\000n\000\040\000o\000f\000\040\000t\000h\000e\000\040\000l\000a\000n\000d\000e\000d\000\040\000U\000F\000O}{section.3.8}% 42
\BOOKMARK [2][-]{subsection.3.8.3}{\376\377\000S\000i\000l\000o\000\040\000s\000l\000i\000t\000\040\000o\000p\000e\000n\000e\000d}{section.3.8}% 43
\BOOKMARK [2][-]{subsection.3.8.4}{\376\377\000P\000r\000o\000j\000e\000c\000t\000\040\000B\000l\000u\000e\000\040\000B\000o\000o\000k\000\040\000E\000n\000t\000r\000y}{section.3.8}% 44
\BOOKMARK [1][-]{section.3.9}{\376\377\000J\000o\000h\000n\000\040\000L\000e\000n\000n\000o\000n\000'\000\040\000N\000e\000w\000\040\000Y\000o\000r\000k\000\040\000U\000F\000O\000\040\000i\000n\000\040\000A\000u\000g\000u\000s\000t\000\040\0001\0009\0007\0004}{chapter.3}% 45
\BOOKMARK [1][-]{section.3.10}{\376\377\000T\000e\000h\000r\000a\000n\000\040\000i\000n\000c\000i\000d\000e\000n\000t\000\040\000i\000n\000\040\0001\0009\0007\0006}{chapter.3}% 46
\BOOKMARK [2][-]{subsection.3.10.1}{\376\377\000S\000i\000g\000h\000t\000i\000n\000g\000\040\000b\000y\000\040\000a\000i\000r\000p\000o\000r\000t\000\040\000p\000e\000r\000s\000o\000n\000n\000e\000l}{section.3.10}% 47
\BOOKMARK [2][-]{subsection.3.10.2}{\376\377\000F\000i\000r\000s\000t\000\040\000a\000t\000t\000e\000m\000p\000t\000\040\000t\000o\000\040\000a\000p\000p\000r\000o\000a\000c\000h\000\040\000t\000h\000e\000\040\000o\000b\000j\000e\000c\000t\000:\000\040\000o\000u\000t\000r\000u\000n\000\040\000a\000n\000d\000\040\000c\000o\000n\000f\000u\000s\000i\000o\000n}{section.3.10}% 48
\BOOKMARK [2][-]{subsection.3.10.3}{\376\377\000A\000t\000t\000e\000m\000p\000t\000\040\000t\000o\000\040\000s\000h\000o\000o\000t\000\040\000d\000o\000w\000n\000\040\000a\000n\000\040\000a\000p\000p\000r\000o\000a\000c\000h\000i\000n\000g\000\040\000u\000n\000c\000a\000t\000e\000g\000o\000r\000i\000z\000e\000d\000\040\000o\000b\000j\000e\000c\000t}{section.3.10}% 49
\BOOKMARK [1][-]{section.3.11}{\376\377\000T\000e\000r\000r\000y\000\040\000L\000o\000v\000e\000l\000a\000c\000e\000\040\000e\000n\000c\000o\000u\000n\000t\000e\000r\000\040\000a\000t\000\040\000D\000e\000v\000i\000l\000'\000s\000\040\000D\000e\000n\000\040\000i\000n\000\040\000A\000r\000k\000a\000n\000s\000a\000s\000\040\000i\000n\000\040\0001\0009\0007\0007}{chapter.3}% 50
\BOOKMARK [1][-]{section.3.12}{\376\377\000A\000b\000d\000u\000c\000t\000i\000o\000n\000\040\000a\000t\000\040\000a\000\040\000M\000i\000n\000u\000t\000e\000m\000a\000n\000\040\000M\000i\000s\000s\000i\000l\000e\000\040\000l\000a\000u\000n\000c\000h\000\040\000s\000i\000t\000e\000\040\000i\000n\000\040\000N\000o\000v\000e\000m\000b\000e\000r\000\040\0001\0009\0007\0007}{chapter.3}% 51
\BOOKMARK [1][-]{section.3.13}{\376\377\000F\000r\000e\000d\000e\000r\000i\000c\000k\000\040\000V\000a\000l\000e\000n\000t\000i\000c\000h\000\040\000d\000i\000s\000a\000p\000p\000e\000a\000r\000a\000n\000c\000e\000\040\000i\000n\000\040\0001\0009\0007\0008}{chapter.3}% 52
\BOOKMARK [1][-]{section.3.14}{\376\377\000R\000e\000n\000d\000l\000e\000s\000h\000a\000m\000\040\000F\000o\000r\000e\000s\000t\000\040\000i\000n\000c\000i\000d\000e\000n\000t\000\040\000i\000n\000\040\0001\0009\0008\0000}{chapter.3}% 53
\BOOKMARK [2][-]{subsection.3.14.1}{\376\377\000T\000h\000e\000\040\000H\000a\000l\000t\000\040\000m\000e\000m\000o\000,\000\040\000H\000a\000l\000t\000'\000s\000\040\000s\000i\000g\000n\000e\000d\000\040\000a\000\040\000n\000o\000t\000a\000r\000i\000z\000e\000d\000\040\000s\000t\000a\000t\000e\000m\000e\000n\000t\000\040\000a\000n\000d\000\040\000C\000o\000n\000r\000a\000d\000'\000s\000\040\000s\000t\000a\000t\000e\000m\000e\000n\000t}{section.3.14}% 54
\BOOKMARK [2][-]{subsection.3.14.2}{\376\377\000D\000e\000c\000e\000m\000b\000e\000r\000\040\0002\0006\000,\000\040\0001\0009\0008\0000}{section.3.14}% 55
\BOOKMARK [2][-]{subsection.3.14.3}{\376\377\000U\000F\000O\000\040\000s\000c\000a\000n\000n\000i\000n\000g\000\040\000a\000\040\000w\000e\000a\000p\000o\000n\000s\000\040\000s\000t\000o\000r\000a\000g\000e\000\040\000a\000r\000e\000a\000\040\000i\000n\000\040\000l\000a\000t\000e\000\040\000D\000e\000c\000e\000m\000b\000e\000r\000\040\0001\0009\0008\0000}{section.3.14}% 56
\BOOKMARK [2][-]{subsection.3.14.4}{\376\377\000A\000\040\000r\000e\000d\000d\000i\000s\000h\000/\000o\000r\000a\000n\000g\000e\000\040\000o\000b\000j\000e\000c\000t\000\040\000o\000n\000\040\000l\000a\000t\000e\000\040\000D\000e\000c\000e\000m\000b\000e\000r\000\040\0002\0007\000,\000\040\0001\0009\0008\0000}{section.3.14}% 57
\BOOKMARK [2][-]{subsection.3.14.5}{\376\377\000D\000e\000c\000e\000m\000b\000e\000r\000\040\0002\0008\000,\000\040\0001\0009\0008\0000}{section.3.14}% 58
\BOOKMARK [1][-]{section.3.15}{\376\377\000S\000o\000v\000i\000e\000t\000\040\000U\000F\000O\000\040\000m\000i\000s\000s\000i\000l\000e\000\040\000c\000r\000i\000s\000e\000s\000\040\000i\000n\000\040\0001\0009\0008\0002}{chapter.3}% 59
\BOOKMARK [1][-]{section.3.16}{\376\377\000B\000r\000a\000z\000i\000l\000'\000s\000\040\000n\000i\000g\000h\000t\000\040\000o\000f\000\040\000U\000F\000O\000s\000\040\000o\000n\000\040\000M\000a\000y\000\040\0001\0009\000,\000\040\0001\0009\0008\0006}{chapter.3}% 60
\BOOKMARK [1][-]{section.3.17}{\376\377\000U\000F\000O\000s\000\040\000o\000v\000e\000r\000\040\000G\000u\000l\000f\000\040\000B\000r\000e\000e\000z\000e\000\040\000f\000r\000o\000m\000\040\000N\000o\000v\000e\000m\000b\000e\000r\000\040\0001\0001\000,\000\040\0001\0009\0008\0007\000,\000\040\000t\000o\000\040\0001\0009\0008\0008}{chapter.3}% 61
\BOOKMARK [0][-]{chapter.4}{\376\377\000U\000F\000O\000\040\000s\000a\000g\000a\000s\000\040\000a\000n\000d\000\040\000l\000e\000g\000e\000n\000d\000s\000\040\000a\000f\000t\000e\000r\000\040\0002\0000\0000\0003}{part.1}% 62
\BOOKMARK [1][-]{section.4.1}{\376\377\000N\000i\000m\000i\000t\000z\000\040\000e\000n\000c\000o\000u\000n\000t\000e\000r\000\040\000o\000n\000\040\000N\000o\000v\000e\000m\000b\000e\000r\000\040\0001\0004\000,\000\040\0002\0000\0000\0004}{chapter.4}% 63
\BOOKMARK [2][-]{subsection.4.1.1}{\376\377\000C\000o\000n\000t\000e\000x\000t\000\040\000a\000n\000d\000\040\000s\000o\000u\000r\000c\000e\000s}{section.4.1}% 64
\BOOKMARK [2][-]{subsection.4.1.2}{\376\377\000U\000S\000S\000\040\000P\000r\000i\000n\000c\000e\000t\000o\000n\000\040\000o\000b\000s\000e\000r\000v\000e\000s\000\040\000g\000r\000o\000u\000p\000s\000\040\000o\000f\000\040\000o\000b\000j\000e\000c\000t\000s\000\040\000r\000a\000i\000n\000i\000n\000g\000\040\000o\000u\000t\000\040\000o\000f\000\040\000t\000h\000e\000\040\000s\000k\000y\000\040\000t\000o\000w\000a\000r\000d\000\040\000t\000h\000e\000\040\000s\000e\000a}{section.4.1}% 65
\BOOKMARK [2][-]{subsection.4.1.3}{\376\377\000W\000h\000i\000t\000e\000w\000a\000t\000e\000r}{section.4.1}% 66
\BOOKMARK [2][-]{subsection.4.1.4}{\376\377\000E\000n\000c\000o\000u\000n\000t\000e\000r\000\040\000w\000i\000t\000h\000\040\000a\000n\000\040\000o\000v\000a\000l\000\040\000o\000b\000j\000e\000c\000t}{section.4.1}% 67
\BOOKMARK [2][-]{subsection.4.1.5}{\376\377\000O\000b\000j\000e\000c\000t\000\040\000w\000a\000i\000t\000i\000n\000g\000\040\000a\000t\000\040\000t\000h\000e\000\040\000C\000o\000m\000b\000a\000t\000\040\000A\000i\000r\000\040\000P\000a\000t\000r\000o\000l\000\040\000p\000o\000i\000n\000t}{section.4.1}% 68
\BOOKMARK [2][-]{subsection.4.1.6}{\376\377\000A\000n\000o\000t\000h\000e\000r\000\040\000w\000a\000v\000e\000\040\000o\000f\000\040\000f\000i\000g\000h\000t\000e\000r\000s\000\040\000r\000e\000c\000o\000r\000d\000i\000n\000g\000\040\000a\000\040\000m\000o\000v\000i\000e}{section.4.1}% 69
\BOOKMARK [2][-]{subsection.4.1.7}{\376\377\000D\000e\000b\000r\000i\000e\000f\000i\000n\000g\000\040\000a\000n\000d\000\040\000p\000o\000s\000t\000p\000r\000o\000c\000e\000s\000s\000i\000n\000g\000\040\000a\000n\000d\000\040\000s\000o\000m\000e\000\040\000m\000e\000m\000o\000r\000y\000\040\000i\000n\000c\000o\000n\000s\000i\000s\000t\000e\000n\000c\000i\000e\000s}{section.4.1}% 70
\BOOKMARK [2][-]{subsection.4.1.8}{\376\377\000E\000s\000t\000i\000m\000a\000t\000e\000\040\000o\000f\000\040\000e\000y\000e\000\040\000r\000e\000s\000o\000l\000u\000t\000i\000o\000n}{section.4.1}% 71
\BOOKMARK [2][-]{subsection.4.1.9}{\376\377\000A\000n\000a\000l\000y\000s\000i\000s\000\040\000o\000f\000\040\000t\000h\000e\000\040\000f\000l\000i\000r\000,\000\040\000g\000o\000f\000a\000s\000t\000\040\000a\000n\000d\000\040\000g\000i\000m\000b\000a\000l\000\040\000v\000i\000d\000e\000o\000s}{section.4.1}% 72
\BOOKMARK [1][-]{section.4.2}{\376\377\000T\000h\000e\000\040\000w\000o\000o\000\040\000a\000c\000c\000o\000r\000d\000i\000n\000g\000\040\000t\000o\000\040\000C\000h\000r\000i\000s\000\040\000B\000l\000e\000d\000s\000o\000e\000'\000s\000\040\000a\000l\000l\000e\000g\000e\000d\000\040\000a\000b\000d\000u\000c\000t\000i\000o\000n\000\040\000o\000n\000\040\000J\000a\000n\000u\000a\000r\000y\000\040\0008\000,\000\040\0002\0000\0000\0007\000,\000\040\000a\000n\000d\000\040\000b\000y\000\040\000`\000`\000T\000h\000e\000\040\000L\000a\000d\000y\000'\000'\000\040\000i\000n\000\040\0002\0000\0001\0002}{chapter.4}% 73
\BOOKMARK [1][-]{section.4.3}{\376\377\000H\000a\000z\000a\000r\000d\000\040\000a\000i\000r\000c\000r\000e\000w\000\040\000e\000n\000c\000o\000u\000n\000t\000e\000r\000\040\000o\000f\000\040\0002\0000\0001\0004}{chapter.4}% 74
\BOOKMARK [1][-]{section.4.4}{\376\377\000S\000e\000n\000t\000i\000e\000n\000t\000\040\000`\000`\000t\000i\000c\000\040\000t\000a\000c\000'\000'\000\040\000s\000h\000a\000p\000e\000d\000\040\000o\000b\000j\000e\000c\000t\000\040\000h\000i\000g\000h\000l\000i\000g\000h\000t\000\040\000o\000n\000\040\000M\000a\000y\000\040\0006\000,\000\040\0002\0000\0002\0001}{chapter.4}% 75
\BOOKMARK [1][-]{section.4.5}{\376\377\000S\000p\000h\000e\000r\000e\000s\000\040\000w\000i\000t\000h\000\040\000a\000\040\000c\000u\000b\000e\000\040\000i\000n\000s\000i\000d\000e}{chapter.4}% 76
\BOOKMARK [0][-]{chapter.5}{\376\377\000S\000o\000m\000e\000\040\000v\000i\000s\000u\000a\000l\000\040\000p\000h\000o\000t\000o\000s\000\040\000o\000f\000\040\000o\000b\000j\000e\000c\000t\000s\000\040\000t\000h\000a\000t\000\040\000h\000a\000v\000e\000\040\000n\000o\000t\000\040\000\050\000y\000e\000t\000?\000\051\000\040\000b\000e\000e\000n\000\040\000i\000d\000e\000n\000t\000i\000f\000i\000e\000d}{part.1}% 77
\BOOKMARK [1][-]{section.5.1}{\376\377\000T\000r\000e\000n\000t\000\040\000p\000h\000t\000o\000t\000o\000s\000\040\000n\000e\000a\000r\000\040\000n\000e\000a\000r\000\040\000M\000c\000M\000i\000n\000n\000v\000i\000l\000l\000e\000,\000\040\000O\000r\000e\000g\000o\000n\000\040\000o\000n\000\040\000M\000a\000y\000\040\0001\0001\000,\000\040\0001\0009\0005\0000}{chapter.5}% 78
\BOOKMARK [1][-]{section.5.2}{\376\377\000S\000a\000u\000c\000e\000r\000-\000s\000h\000a\000p\000e\000d\000\040\000o\000b\000j\000e\000c\000t\000\040\000m\000o\000v\000i\000n\000g\000\040\000a\000b\000o\000v\000e\000\040\000t\000h\000e\000\040\000s\000e\000a\000\040\000t\000o\000w\000a\000r\000d\000s\000\040\000T\000r\000i\000n\000d\000a\000d\000e\000\040\000I\000s\000l\000a\000n\000d\000\040\000o\000n\000\040\000J\000a\000n\000u\000a\000r\000y\000\040\0001\0006\000,\000\040\0001\0009\0005\0008}{chapter.5}% 79
\BOOKMARK [1][-]{section.5.3}{\376\377\000I\000n\000s\000t\000i\000t\000u\000t\000o\000\040\000G\000e\000o\000g\000r\000\341\000f\000i\000c\000o\000\040\000N\000a\000c\000i\000o\000n\000a\000l\000\040\000d\000e\000\040\000C\000o\000s\000t\000a\000\040\000R\000i\000c\000a\000\040\000s\000u\000r\000v\000e\000y\000\040\000p\000h\000o\000t\000o\000\040\000o\000n\000\040\000S\000e\000p\000t\000e\000m\000b\000e\000r\000\040\0004\000,\000\040\0001\0009\0007\0001}{chapter.5}% 80
\BOOKMARK [1][-]{section.5.4}{\376\377\000C\000a\000l\000v\000i\000n\000e\000\040\000U\000F\000O\000\040\000p\000h\000o\000t\000o\000s\000\040\000o\000n\000\040\000A\000u\000g\000u\000s\000t\000\040\0004\000,\000\040\0001\0009\0009\0000}{chapter.5}% 81
\BOOKMARK [1][-]{section.5.5}{\376\377\000C\000i\000g\000a\000r\000\040\000s\000h\000a\000p\000e\000d\000\040\000o\000b\000j\000e\000c\000t\000\040\000s\000o\000u\000t\000h\000\040\000o\000f\000\040\000S\000p\000a\000i\000n\000\040\000o\000n\000\040\000J\000a\000n\000u\000a\000r\000y\000\040\0002\0003\000,\000\040\0002\0000\0001\0000}{chapter.5}% 82
\BOOKMARK [-1][-]{part.2}{\376\377\000P\000a\000r\000t\000\040\000I\000I\000\040\000U\000F\000O\000\040\000c\000o\000m\000p\000l\000i\000a\000n\000c\000e\000-\000a\000n\000d\000-\000m\000a\000n\000a\000g\000e\000m\000e\000n\000t\000:\000\040\000H\000a\000n\000d\000l\000i\000n\000g\000\040\000s\000t\000r\000a\000n\000g\000e\000\040\000m\000a\000t\000t\000e\000r\000s}{}% 83
\BOOKMARK [0][-]{chapter.6}{\376\377\000U\000F\000O\000\040\000p\000e\000r\000c\000e\000p\000t\000i\000o\000n\000\040\000i\000n\000\040\000t\000h\000e\000\040\000U\000S\000A\000\040\000a\000n\000d\000\040\000e\000l\000s\000e\000w\000h\000e\000r\000e}{part.2}% 84
\BOOKMARK [1][-]{section.6.1}{\376\377\000U\000n\000i\000t\000e\000d\000\040\000S\000t\000a\000t\000e\000s\000\040\000o\000f\000\040\000A\000m\000e\000r\000i\000c\000a}{chapter.6}% 85
\BOOKMARK [2][-]{subsection.6.1.1}{\376\377\000P\000r\000o\000j\000e\000c\000t\000\040\000S\000i\000g\000n\000,\000\040\000l\000a\000t\000e\000\040\0001\0009\0004\0007\000-\0001\0009\0004\0008}{section.6.1}% 86
\BOOKMARK [2][-]{subsection.6.1.2}{\376\377\000P\000r\000o\000j\000e\000c\000t\000\040\000G\000r\000u\000d\000g\000e\000,\000\040\0001\0009\0004\0008\000-\0001\0009\0005\0002}{section.6.1}% 87
\BOOKMARK [2][-]{subsection.6.1.3}{\376\377\000I\000n\000s\000e\000r\000t\000:\000\040\000W\000a\000s\000\040\000t\000h\000e\000r\000e\000\040\000a\000\040\000b\000r\000e\000a\000k\000a\000w\000a\000y\000\040\000a\000g\000e\000n\000c\000y\000\040\000p\000a\000r\000a\000l\000l\000e\000l\000\040\000t\000o\000\040\000P\000r\000o\000j\000e\000c\000t\000\040\000G\000r\000u\000d\000g\000e\000\040\000a\000t\000t\000e\000m\000p\000t\000i\000n\000g\000\040\000t\000o\000\040\000g\000a\000t\000h\000e\000r\000\040\000d\000e\000s\000i\000g\000n\000\040\000d\000a\000t\000a\000\040\000o\000n\000\040\000i\000n\000t\000e\000r\000p\000l\000a\000n\000e\000t\000a\000r\000y\000\040\000s\000p\000a\000c\000e\000s\000h\000i\000p\000s\000?}{section.6.1}% 88
\BOOKMARK [2][-]{subsection.6.1.4}{\376\377\000P\000r\000o\000j\000e\000c\000t\000\040\000B\000l\000u\000e\000\040\000B\000o\000o\000k\000,\000\040\0001\0009\0005\0002\000-\0001\0009\0006\0009\000\040\040\023\000\040\000a\000\040\000d\000a\000t\000a\000\040\000v\000o\000l\000u\000m\000e\000\040\000t\000r\000a\000p\000\040\040\023\000\040\000d\000r\000o\000w\000n\000i\000n\000g\000\040\000i\000n\000\040\000d\000a\000t\000a}{section.6.1}% 89
\BOOKMARK [2][-]{subsection.6.1.5}{\376\377\000R\000o\000b\000e\000r\000t\000s\000o\000n\000\040\000P\000a\000n\000e\000l\000,\000\040\0001\0009\0005\0002\000-\0005\0003}{section.6.1}% 90
\BOOKMARK [2][-]{subsection.6.1.6}{\376\377\000F\000u\000t\000i\000l\000e\000\040\000a\000t\000t\000e\000m\000p\000t\000s\000\040\000t\000o\000w\000a\000r\000d\000\040\000b\000r\000e\000a\000k\000a\000w\000a\000y\000\040\000g\000r\000a\000v\000i\000t\000y\000\040\000r\000e\000s\000e\000a\000r\000c\000h\000\040\000s\000t\000a\000r\000t\000i\000n\000g\000\040\000i\000n\000\040\0001\0009\0005\0005}{section.6.1}% 91
\BOOKMARK [2][-]{subsection.6.1.7}{\376\377\000C\000o\000n\000d\000o\000n\000\040\000C\000o\000m\000m\000i\000t\000t\000e\000e\000,\000\040\0001\0009\0006\0006\000-\0001\0009\0006\0008}{section.6.1}% 92
\BOOKMARK [2][-]{subsection.6.1.8}{\376\377\000T\000u\000r\000n\000e\000r\000'\000s\000\040\000v\000i\000e\000w\000\040\000o\000f\000\040\000t\000h\000e\000\040\000C\000o\000n\000d\000o\000n\000\040\000R\000e\000p\000o\000r\000t\000\040\000a\000n\000d\000\040\000t\000h\000e\000\040\000e\000n\000d\000\040\000o\000f\000\040\000P\000r\000o\000j\000e\000c\000t\000\040\000B\000l\000u\000e\000\040\000B\000o\000o\000k}{section.6.1}% 93
\BOOKMARK [2][-]{subsection.6.1.9}{\376\377\000A\000d\000\040\000h\000o\000c\000\040\000i\000n\000i\000t\000i\000a\000t\000i\000v\000e\000s\000\040\000a\000f\000t\000e\000r\000\040\000P\000r\000o\000j\000e\000c\000t\000\040\000B\000l\000u\000e\000\040\000B\000o\000o\000k}{section.6.1}% 94
\BOOKMARK [1][-]{section.6.2}{\376\377\000U\000n\000i\000t\000e\000d\000\040\000K\000i\000n\000g\000d\000o\000m}{chapter.6}% 95
\BOOKMARK [2][-]{subsection.6.2.1}{\376\377\000F\000l\000y\000i\000n\000g\000\040\000S\000a\000u\000c\000e\000r\000\040\000W\000o\000r\000k\000i\000n\000g\000\040\000P\000a\000r\000t\000y\000,\000\040\0001\0009\0005\0000\000-\0001\0009\0005\0001}{section.6.2}% 96
\BOOKMARK [2][-]{subsection.6.2.2}{\376\377\000C\000o\000n\000d\000i\000g\000n\000\040\000R\000e\000p\000o\000r\000t\000\040\000o\000f\000\040\0001\0009\0009\0006}{section.6.2}% 97
\BOOKMARK [2][-]{subsection.6.2.3}{\376\377\000D\000i\000s\000c\000r\000e\000t\000e\000\040\000e\000n\000q\000u\000i\000r\000i\000e\000s\000\040\000f\000o\000r\000\040\000t\000h\000e\000\040\000D\000u\000k\000e\000\040\000o\000f\000\040\000E\000d\000i\000n\000b\000u\000r\000g\000h}{section.6.2}% 98
\BOOKMARK [1][-]{section.6.3}{\376\377\000F\000o\000r\000m\000e\000r\000\040\000U\000S\000S\000R\000,\000\040\000R\000u\000s\000s\000i\000a\000\040\000a\000n\000d\000\040\000U\000k\000r\000a\000i\000n\000e}{chapter.6}% 99
\BOOKMARK [2][-]{subsection.6.3.1}{\376\377\000U\000F\000O\000s\000\040\000o\000v\000e\000r\000\040\000S\000o\000v\000i\000e\000t\000\040\000n\000u\000c\000l\000e\000a\000r\000\040\000b\000a\000s\000e\000s}{section.6.3}% 100
\BOOKMARK [2][-]{subsection.6.3.2}{\376\377\000B\000i\000z\000a\000r\000r\000e\000\040\000s\000t\000a\000t\000e\000m\000e\000n\000t\000\040\000b\000y\000\040\000R\000u\000s\000s\000i\000a\000n\000\040\000p\000r\000i\000m\000e\000\040\000m\000i\000n\000i\000s\000t\000e\000r\000\040\000D\000m\000i\000t\000r\000y\000\040\000M\000e\000d\000v\000e\000d\000e\000v}{section.6.3}% 101
\BOOKMARK [2][-]{subsection.6.3.3}{\376\377\000H\000a\000n\000d\000w\000a\000v\000i\000n\000g\000\040\000a\000n\000d\000\040\000h\000a\000n\000d\000r\000a\000i\000s\000i\000n\000g\000\040\000U\000F\000O\000\040\000r\000e\000s\000p\000o\000n\000s\000e\000s}{section.6.3}% 102
\BOOKMARK [1][-]{section.6.4}{\376\377\000F\000r\000a\000n\000c\000e}{chapter.6}% 103
\BOOKMARK [2][-]{subsection.6.4.1}{\376\377\000G\000E\000I\000P\000A\000N}{section.6.4}% 104
\BOOKMARK [2][-]{subsection.6.4.2}{\376\377\000C\000O\000M\000E\000T\000A}{section.6.4}% 105
\BOOKMARK [1][-]{section.6.5}{\376\377\000A\000u\000s\000t\000r\000a\000l\000i\000a}{chapter.6}% 106
\BOOKMARK [1][-]{section.6.6}{\376\377\000C\000a\000n\000a\000d\000a}{chapter.6}% 107
\BOOKMARK [1][-]{section.6.7}{\376\377\000C\000h\000i\000n\000a\000,\000\040\000I\000n\000d\000i\000a\000\040\000a\000n\000d\000\040\000m\000a\000n\000y\000\040\000o\000t\000h\000e\000r\000\040\000s\000t\000a\000t\000e\000s}{chapter.6}% 108
\BOOKMARK [1][-]{section.6.8}{\376\377\000G\000e\000r\000m\000a\000n\000y}{chapter.6}% 109
\BOOKMARK [0][-]{chapter.7}{\376\377\000S\000o\000m\000e\000\040\000f\000l\000i\000g\000h\000t\000\040\000c\000h\000a\000r\000a\000c\000t\000e\000r\000i\000s\000t\000i\000c\000s}{part.2}% 110
\BOOKMARK [1][-]{section.7.1}{\376\377\000E\000x\000p\000l\000a\000n\000a\000t\000i\000o\000n\000\040\000t\000r\000a\000p\000\040\000t\000h\000r\000o\000u\000g\000h\000\040\000c\000o\000n\000c\000e\000p\000t\000u\000a\000l\000\040\000a\000n\000d\000\040\000t\000h\000e\000o\000r\000e\000t\000i\000c\000a\000l\000\040\000o\000v\000e\000r\000r\000e\000a\000c\000h}{chapter.7}% 111
\BOOKMARK [1][-]{section.7.2}{\376\377\000R\000a\000p\000i\000d\000\040\000c\000h\000a\000n\000g\000e\000\040\000o\000f\000\040\000d\000i\000r\000e\000c\000t\000i\000o\000n\000\040\000a\000n\000d\000\040\000s\000p\000e\000e\000d}{chapter.7}% 112
\BOOKMARK [1][-]{section.7.3}{\376\377\000T\000o\000t\000a\000l\000\040\000l\000a\000c\000k\000\040\000o\000f\000\040\000n\000o\000i\000s\000e\000\040\000o\000r\000\040\000h\000u\000m\000m\000i\000n\000g\000\040\000s\000o\000u\000n\000d\000s}{chapter.7}% 113
\BOOKMARK [1][-]{section.7.4}{\376\377\000N\000o\000\040\000s\000o\000n\000i\000c\000\040\000b\000o\000o\000m\000s}{chapter.7}% 114
\BOOKMARK [1][-]{section.7.5}{\376\377\000S\000h\000a\000p\000e\000s}{chapter.7}% 115
\BOOKMARK [1][-]{section.7.6}{\376\377\000M\000o\000t\000i\000o\000n\000\040\000t\000y\000p\000e\000s}{chapter.7}% 116
\BOOKMARK [2][-]{subsection.7.6.1}{\376\377\000W\000o\000b\000b\000l\000e}{section.7.6}% 117
\BOOKMARK [2][-]{subsection.7.6.2}{\376\377\000Z\000i\000g\000-\000z\000a\000g}{section.7.6}% 118
\BOOKMARK [1][-]{section.7.7}{\376\377\000U\000n\000d\000e\000r\000w\000a\000t\000e\000r\000\040\000u\000n\000i\000d\000e\000n\000t\000i\000f\000i\000e\000d\000\040\000s\000u\000b\000m\000e\000r\000g\000e\000d\000\040\000o\000b\000j\000e\000c\000t\000s}{chapter.7}% 119
\BOOKMARK [1][-]{section.7.8}{\376\377\000E\000v\000a\000s\000i\000v\000e\000\040\000n\000o\000t\000\040\000a\000g\000g\000r\000e\000s\000s\000i\000v\000e}{chapter.7}% 120
\BOOKMARK [0][-]{chapter.8}{\376\377\000A\000b\000d\000u\000c\000t\000i\000o\000n\000s\000\040\000a\000n\000d\000\040\000e\000x\000p\000e\000r\000i\000e\000n\000c\000e\000s}{part.2}% 121
\BOOKMARK [1][-]{section.8.1}{\376\377\000C\000a\000v\000e\000a\000t}{chapter.8}% 122
\BOOKMARK [1][-]{section.8.2}{\376\377\000D\000e\000c\000e\000p\000t\000i\000o\000n\000\040\000o\000p\000e\000r\000a\000t\000i\000o\000n\000s\000\040\000a\000g\000a\000i\000n\000s\000t\000\040\000e\000x\000p\000e\000r\000i\000e\000n\000c\000e\000r\000s\000\040\000a\000n\000d\000\040\000U\000F\000O\000\040\000r\000e\000p\000o\000r\000t\000e\000r\000s}{chapter.8}% 123
\BOOKMARK [2][-]{subsection.8.2.1}{\376\377\000U\000f\000o\000s\000\040\000s\000e\000r\000v\000i\000n\000g\000\040\000a\000s\000\040\000c\000a\000m\000o\000u\000f\000l\000a\000g\000e\000\040\000f\000o\000r\000\040\000s\000e\000c\000r\000e\000t\000\040\000m\000i\000l\000i\000t\000a\000r\000y\000\040\000t\000e\000c\000h\000n\000o\000l\000o\000g\000y\000\040\000a\000n\000d\000\040\000s\000p\000y\000\040\000p\000l\000a\000n\000e\000s}{section.8.2}% 124
\BOOKMARK [2][-]{subsection.8.2.2}{\376\377\000T\000h\000e\000\040\000c\000o\000n\000t\000r\000o\000v\000e\000r\000s\000i\000a\000l\000\040\000s\000t\000o\000r\000y\000\040\000o\000f\000\040\000P\000a\000u\000l\000\040\000B\000e\000n\000n\000e\000w\000i\000t\000z}{section.8.2}% 125
\BOOKMARK [1][-]{section.8.3}{\376\377\000A\000b\000d\000u\000c\000t\000i\000o\000n\000\040\000s\000a\000g\000a\000\040\000I\000:\000\040\000B\000a\000r\000n\000e\000y\000\040\000a\000n\000d\000\040\000B\000e\000t\000t\000y\000\040\000H\000i\000l\000l\000\040\000a\000b\000d\000u\000c\000t\000i\000o\000n}{chapter.8}% 126
\BOOKMARK [1][-]{section.8.4}{\376\377\000A\000b\000d\000u\000c\000t\000i\000o\000n\000\040\000s\000a\000g\000a\000\040\000I\000I\000:\000\040\000T\000r\000a\000v\000i\000s\000\040\000W\000a\000l\000t\000o\000n\000\040\000i\000n\000c\000i\000d\000e\000n\000t}{chapter.8}% 127
\BOOKMARK [1][-]{section.8.5}{\376\377\000D\000i\000f\000f\000e\000r\000e\000n\000t\000\040\000t\000y\000p\000e\000s\000\040\000o\000f\000\040\000e\000x\000p\000e\000r\000i\000e\000n\000c\000e\000s\000\040\000a\000n\000d\000\040\000a\000b\000d\000u\000c\000t\000i\000o\000n\000s}{chapter.8}% 128
\BOOKMARK [2][-]{subsection.8.5.1}{\376\377\000I\000n\000d\000i\000v\000i\000d\000u\000a\000l\000s\000\040\000h\000a\000v\000i\000n\000g\000\040\000s\000i\000g\000h\000t\000i\000n\000g\000s\000\040\000v\000e\000r\000s\000u\000s\000\040\000e\000x\000p\000e\000r\000i\000e\000n\000c\000e\000r\000s\000\040\000v\000e\000r\000s\000u\000s\000\040\000a\000b\000d\000u\000c\000t\000e\000e\000s}{section.8.5}% 129
\BOOKMARK [2][-]{subsection.8.5.2}{\376\377\000T\000i\000m\000e\000\040\000a\000n\000d\000\040\000s\000i\000t\000u\000a\000t\000i\000o\000n\000\040\000o\000f\000\040\000a\000b\000d\000u\000c\000t\000i\000o\000n\000s}{section.8.5}% 130
\BOOKMARK [1][-]{section.8.6}{\376\377\000O\000n\000t\000o\000l\000o\000g\000i\000c\000a\000l\000\040\000s\000h\000o\000c\000k}{chapter.8}% 131
\BOOKMARK [1][-]{section.8.7}{\376\377\000S\000l\000e\000e\000p\000\040\000p\000a\000r\000a\000l\000y\000s\000i\000s\000\040\000m\000a\000y\000\040\000a\000c\000c\000o\000u\000n\000t\000\040\000f\000o\000r\000\040\000a\000\040\000l\000a\000r\000g\000e\000\040\000n\000u\000m\000b\000e\000r\000\040\000o\000f\000\040\000a\000b\000d\000u\000c\000t\000i\000o\000n\000s}{chapter.8}% 132
\BOOKMARK [1][-]{section.8.8}{\376\377\000T\000h\000e\000\040\000s\000e\000x\000u\000a\000l\000\040\000c\000o\000n\000n\000o\000t\000a\000t\000i\000o\000n\000:\000\040\000a\000r\000o\000u\000s\000a\000l\000\040\000a\000n\000d\000\040\000r\000a\000p\000e}{chapter.8}% 133
\BOOKMARK [1][-]{section.8.9}{\376\377\000P\000o\000s\000s\000i\000b\000l\000e\000\040\000p\000s\000y\000c\000h\000o\000t\000i\000c\000\040\000o\000r\000\040\000s\000c\000h\000i\000z\000o\000p\000h\000r\000e\000n\000i\000c\000\040\000o\000r\000i\000g\000i\000n\000s}{chapter.8}% 134
\BOOKMARK [1][-]{section.8.10}{\376\377\000A\000l\000i\000e\000n\000\040\000s\000u\000b\000v\000e\000r\000s\000i\000o\000n\000?}{chapter.8}% 135
\BOOKMARK [1][-]{section.8.11}{\376\377\000F\000o\000r\000t\000'\000s\000\040\000`\000`\000w\000e\000'\000r\000e\000\040\000p\000r\000o\000p\000e\000r\000t\000y\000'\000'\000\040\000h\000y\000p\000o\000t\000h\000e\000s\000i\000s}{chapter.8}% 136
\BOOKMARK [1][-]{section.8.12}{\376\377\000D\000e\000m\000o\000n\000o\000l\000o\000g\000y}{chapter.8}% 137
\BOOKMARK [1][-]{section.8.13}{\376\377\000A\000l\000i\000e\000n\000\040\000i\000m\000p\000l\000a\000n\000t\000s\000\040\000a\000n\000d\000\040\000D\000N\000A\000\040\000a\000n\000a\000l\000y\000s\000i\000s\000?}{chapter.8}% 138
\BOOKMARK [1][-]{section.8.14}{\376\377\000C\000o\000n\000n\000e\000c\000t\000i\000o\000n\000s\000\040\000t\000o\000\040\000p\000s\000y\000c\000h\000o\000a\000n\000a\000l\000y\000s\000i\000s\000\040\000a\000n\000d\000\040\000s\000i\000m\000i\000l\000a\000r\000i\000t\000i\000e\000s\000\040\000t\000o\000\040\000F\000r\000e\000u\000d\000'\000s\000\040\000s\000e\000d\000u\000c\000t\000i\000o\000n\000\040\000h\000y\000p\000o\000t\000h\000e\000s\000i\000s}{chapter.8}% 139
\BOOKMARK [2][-]{subsection.8.14.1}{\376\377\000F\000r\000e\000u\000d\000'\000s\000\040\000a\000b\000a\000n\000d\000o\000n\000m\000e\000n\000t\000\040\000o\000f\000\040\000h\000y\000p\000n\000o\000s\000i\000s}{section.8.14}% 140
\BOOKMARK [2][-]{subsection.8.14.2}{\376\377\000M\000e\000m\000o\000r\000i\000e\000s\000\040\000o\000f\000\040\000c\000h\000i\000l\000d\000h\000o\000o\000d\000\040\000a\000b\000d\000u\000c\000t\000i\000o\000n\000s}{section.8.14}% 141
\BOOKMARK [2][-]{subsection.8.14.3}{\376\377\000S\000o\000m\000e\000\040\000p\000e\000r\000s\000o\000n\000a\000l\000\040\000o\000b\000s\000e\000r\000v\000a\000t\000i\000o\000n\000s}{section.8.14}% 142
\BOOKMARK [0][-]{chapter.9}{\376\377\000C\000r\000a\000s\000h\000\040\000r\000e\000t\000r\000e\000i\000v\000a\000l\000s\000\040\000a\000n\000d\000\040\000U\000F\000O\000\040\000m\000a\000t\000e\000r\000i\000a\000l\000s}{part.2}% 143
\BOOKMARK [1][-]{section.9.1}{\376\377\000C\000a\000v\000e\000a\000t}{chapter.9}% 144
\BOOKMARK [1][-]{section.9.2}{\376\377\000M\000i\000s\000s\000i\000n\000g\000\040\000a\000r\000t\000i\000f\000a\000c\000t\000s\000\040\000f\000r\000o\000m\000\040\000a\000n\000c\000i\000e\000n\000t\000\040\000a\000l\000i\000e\000n\000s}{chapter.9}% 145
\BOOKMARK [1][-]{section.9.3}{\376\377\000W\000h\000y\000\040\000d\000o\000\040\000U\000F\000O\000s\000\040\000c\000r\000a\000s\000h\000?\000\040\000H\000o\000w\000\040\000c\000o\000m\000m\000o\000n\000\040\000a\000r\000e\000\040\000c\000r\000a\000s\000h\000e\000s\000?}{chapter.9}% 146
\BOOKMARK [1][-]{section.9.4}{\376\377\000C\000a\000n\000\040\000U\000F\000O\000s\000\040\000b\000e\000\040\000d\000o\000w\000n\000e\000d\000\040\000b\000y\000\040\000e\000l\000e\000c\000t\000r\000o\000m\000a\000g\000n\000e\000t\000i\000c\000\040\000p\000u\000l\000s\000e\000s\000?}{chapter.9}% 147
\BOOKMARK [2][-]{subsection.9.4.1}{\376\377\000P\000e\000r\000s\000o\000n\000a\000l\000\040\000a\000c\000c\000o\000u\000n\000t\000\040\000o\000f\000\040\000a\000\040\000s\000a\000i\000l\000o\000r}{section.9.4}% 148
\BOOKMARK [2][-]{subsection.9.4.2}{\376\377\000U\000F\000O\000\040\000c\000o\000m\000i\000n\000g\000\040\000d\000o\000w\000n\000\040\000l\000i\000k\000e\000\040\000a\000\040\000b\000r\000i\000c\000k}{section.9.4}% 149
\BOOKMARK [1][-]{section.9.5}{\376\377\000S\000m\000i\000t\000h\000\040\000m\000e\000m\000o}{chapter.9}% 150
\BOOKMARK [1][-]{section.9.6}{\376\377\000C\000o\000r\000s\000o\000'\000s\000\040\000m\000e\000m\000o\000r\000i\000e\000s}{chapter.9}% 151
\BOOKMARK [1][-]{section.9.7}{\376\377\000S\000t\000a\000l\000i\000n\000'\000s\000\040\000c\000r\000a\000f\000t}{chapter.9}% 152
\BOOKMARK [1][-]{section.9.8}{\376\377\000W\000i\000l\000s\000o\000n\000\040\000n\000o\000t\000e\000s}{chapter.9}% 153
\BOOKMARK [2][-]{subsection.9.8.1}{\376\377\000C\000o\000n\000t\000e\000x\000t}{section.9.8}% 154
\BOOKMARK [2][-]{subsection.9.8.2}{\376\377\000E\000x\000c\000e\000r\000p\000t\000s\000\040\000f\000r\000o\000m\000\040\000t\000h\000e\000\040\000W\000i\000l\000s\000o\000n\000\040\000n\000o\000t\000e\000s}{section.9.8}% 155
\BOOKMARK [1][-]{section.9.9}{\376\377\000W\000h\000e\000r\000e\000\040\000w\000o\000u\000l\000d\000\040\000a\000l\000i\000e\000n\000\040\000s\000t\000u\000f\000f\000\040\000m\000o\000s\000t\000\040\000l\000i\000k\000e\000l\000y\000\040\000r\000e\000s\000i\000d\000e\000?}{chapter.9}% 156
\BOOKMARK [1][-]{section.9.10}{\376\377\000C\000o\000u\000l\000d\000\040\000w\000e\000\040\000h\000a\000c\000k\000\040\000o\000u\000r\000s\000e\000l\000v\000e\000s\000\040\000i\000n\000\040\000t\000h\000e\000i\000r\000\040\000d\000a\000t\000a\000b\000a\000s\000e\000?}{chapter.9}% 157
\BOOKMARK [1][-]{section.9.11}{\376\377\000H\000u\000m\000a\000n\000\040\000`\000`\000i\000m\000p\000l\000a\000n\000t\000s\000'\000'\000\040\000a\000s\000\040\000a\000l\000i\000e\000n\000\040\000m\000a\000t\000e\000r\000i\000a\000l\000?}{chapter.9}% 158
\BOOKMARK [1][-]{section.9.12}{\376\377\000S\000p\000e\000c\000u\000l\000a\000t\000i\000o\000n\000s\000\040\000o\000f\000\040\000a\000\040\000p\000o\000s\000s\000i\000b\000l\000e\000\040\000i\000n\000v\000o\000l\000v\000e\000m\000e\000n\000t\000\040\000o\000f\000\040\000E\000i\000n\000s\000t\000e\000i\000n}{chapter.9}% 159
\BOOKMARK [2][-]{subsection.9.12.1}{\376\377\000M\000e\000m\000o\000r\000i\000e\000s\000\040\000o\000f\000\040\000`\000`\000E\000i\000n\000s\000t\000e\000i\000n\000'\000s\000\040\000p\000e\000t\000'\000'}{section.9.12}% 160
\BOOKMARK [2][-]{subsection.9.12.2}{\376\377\000E\000i\000n\000s\000t\000e\000i\000n\000'\000s\000\040\000l\000e\000t\000t\000e\000r\000\040\000o\000f\000\040\000i\000g\000n\000o\000r\000a\000n\000c\000e}{section.9.12}% 161
\BOOKMARK [-1][-]{part.3}{\376\377\000P\000a\000r\000t\000\040\000I\000I\000I\000\040\000U\000F\000O\000\040\000a\000p\000p\000r\000e\000h\000e\000n\000s\000i\000o\000n\000-\000a\000n\000d\000-\000c\000h\000a\000l\000l\000e\000n\000g\000e\000:\000\040\000S\000o\000m\000e\000\040\000s\000p\000e\000c\000u\000l\000a\000t\000i\000o\000n\000s}{}% 162
\BOOKMARK [0][-]{chapter.10}{\376\377\000A\000r\000e\000\040\000U\000F\000O\000s\000\040\000c\000a\000r\000g\000o\000?}{part.3}% 163
\BOOKMARK [1][-]{section.10.1}{\376\377\000C\000a\000r\000g\000o\000\040\000c\000u\000l\000t\000s}{chapter.10}% 164
\BOOKMARK [1][-]{section.10.2}{\376\377\000C\000o\000n\000t\000e\000m\000p\000o\000r\000a\000r\000y\000\040\000c\000a\000r\000g\000o\000\040\000c\000u\000l\000t\000s\000\040\000r\000e\000f\000l\000e\000c\000t\000i\000n\000g\000\040\000a\000l\000i\000e\000n\000\040\000t\000e\000c\000h\000n\000o\000l\000o\000g\000i\000e\000s}{chapter.10}% 165
\BOOKMARK [0][-]{chapter.11}{\376\377\000A\000r\000e\000\040\000w\000e\000\040\000a\000n\000\040\000u\000n\000a\000w\000a\000r\000e\000\040\000p\000a\000r\000t\000i\000c\000i\000p\000a\000n\000t\000\040\000o\000f\000\040\000s\000o\000m\000e\000\040\000g\000a\000l\000a\000c\000t\000i\000c\000\040\000h\000y\000p\000e\000r\000c\000i\000v\000i\000l\000i\000z\000a\000t\000i\000o\000n\000?}{part.3}% 166
\BOOKMARK [1][-]{section.11.1}{\376\377\000T\000h\000e\000\040\000o\000v\000e\000r\000a\000l\000l\000\040\000c\000o\000n\000t\000e\000x\000t}{chapter.11}% 167
\BOOKMARK [1][-]{section.11.2}{\376\377\000G\000a\000l\000a\000c\000t\000i\000c\000\040\000e\000x\000p\000a\000n\000s\000i\000o\000n}{chapter.11}% 168
\BOOKMARK [1][-]{section.11.3}{\376\377\000W\000h\000e\000r\000e\000\040\000a\000r\000e\000\040\000t\000h\000e\000y\000?}{chapter.11}% 169
\BOOKMARK [2][-]{subsection.11.3.1}{\376\377\000O\000r\000i\000g\000i\000n}{section.11.3}% 170
\BOOKMARK [2][-]{subsection.11.3.2}{\376\377\000T\000h\000e\000y\000\040\000m\000a\000y\000\040\000a\000l\000r\000e\000a\000d\000y\000\040\000b\000e\000\040\000w\000a\000t\000c\000h\000i\000n\000g\000\040\000u\000s\000\040\000o\000r\000\040\000a\000r\000e\000\040\000a\000m\000o\000n\000g\000\040\000u\000s}{section.11.3}% 171
\BOOKMARK [2][-]{subsection.11.3.3}{\376\377\000R\000o\000u\000g\000h\000\040\000e\000s\000t\000i\000m\000a\000t\000e\000\040\000f\000o\000r\000\040\000t\000h\000e\000\040\000p\000r\000o\000b\000a\000b\000i\000l\000i\000t\000y\000\040\000o\000f\000\040\000w\000a\000t\000c\000h\000i\000n\000g\000\040\000a\000\040\000U\000F\000O}{section.11.3}% 172
\BOOKMARK [1][-]{section.11.4}{\376\377\000N\000o\000n\000f\000r\000a\000t\000e\000r\000n\000i\000z\000a\000t\000i\000o\000n}{chapter.11}% 173
\BOOKMARK [1][-]{section.11.5}{\376\377\000Z\000o\000o\000\040\000h\000y\000p\000o\000t\000h\000e\000s\000i\000s}{chapter.11}% 174
\BOOKMARK [0][-]{chapter.12}{\376\377\000P\000o\000s\000s\000i\000b\000l\000e\000\040\000c\000o\000n\000s\000e\000q\000u\000e\000n\000c\000e\000s\000\040\000o\000f\000\040\000d\000i\000s\000c\000l\000o\000s\000u\000r\000e\000\040\000o\000r\000\040\000c\000o\000n\000t\000a\000c\000t}{part.3}% 175
\BOOKMARK [1][-]{section.12.1}{\376\377\000L\000o\000s\000s\000\040\000o\000f\000\040\000a\000u\000t\000o\000n\000o\000m\000y}{chapter.12}% 176
\BOOKMARK [1][-]{section.12.2}{\376\377\000M\000e\000a\000n\000s\000\040\000i\000m\000b\000a\000l\000a\000n\000c\000e}{chapter.12}% 177
\BOOKMARK [1][-]{section.12.3}{\376\377\000T\000h\000e\000\040\000M\000e\000l\000i\000a\000n\000\040\000D\000i\000a\000l\000o\000g}{chapter.12}% 178
\BOOKMARK [1][-]{section.12.4}{\376\377\000T\000h\000e\000\040\000B\000r\000o\000o\000k\000i\000n\000g\000s\000\040\000R\000e\000p\000o\000r\000t\000\040\000o\000f\000\040\0001\0009\0006\0001}{chapter.12}% 179
\BOOKMARK [1][-]{section.12.5}{\376\377\000W\000e\000\040\000m\000a\000y\000\040\000p\000o\000s\000e\000\040\000d\000a\000n\000g\000e\000r\000s\000\040\000t\000o\000\040\000v\000i\000s\000i\000t\000o\000r\000s}{chapter.12}% 180
\BOOKMARK [1][-]{section.12.6}{\376\377\000P\000o\000s\000s\000i\000b\000l\000e\000\040\000s\000c\000e\000n\000a\000r\000i\000o\000s}{chapter.12}% 181
\BOOKMARK [-1][-]{part.4}{\376\377\000P\000a\000r\000t\000\040\000I\000V\000\040\000E\000x\000e\000c\000u\000t\000i\000v\000e\000\040\000S\000u\000m\000m\000a\000r\000y}{}% 182
\BOOKMARK [0][-]{chapter.13}{\376\377\000E\000x\000e\000c\000u\000t\000i\000v\000e\000\040\000s\000u\000m\000m\000a\000r\000i\000e\000s}{part.4}% 183
\BOOKMARK [1][-]{section.13.1}{\376\377\000T\000h\000e\000\040\000`\000`\000G\000r\000e\000a\000t\000\040\000N\000o\000t\000h\000i\000n\000g\000b\000u\000r\000g\000e\000r\000'\000'\000\040\000s\000c\000e\000n\000a\000r\000i\000o}{chapter.13}% 184
\BOOKMARK [1][-]{section.13.2}{\376\377\000T\000h\000e\000\040\000h\000i\000d\000d\000e\000n\000\040\000b\000r\000e\000a\000k\000a\000w\000a\000y\000\040\000s\000c\000e\000n\000a\000r\000i\000o}{chapter.13}% 185
\BOOKMARK [1][-]{section.13.3}{\376\377\000T\000o\000t\000a\000l\000\040\000c\000o\000n\000t\000r\000o\000l\000\040\000o\000f\000\040\000E\000a\000r\000t\000h\000\040\000b\000y\000\040\000`\000`\000O\000t\000h\000e\000r\000s\000'\000'\000\040\000l\000e\000a\000d\000i\000n\000g\000\040\000t\000o\000\040\000l\000o\000s\000s\000\040\000o\000f\000\040\000h\000u\000m\000a\000n\000\040\000a\000u\000t\000o\000n\000o\000m\000y}{chapter.13}% 186
\BOOKMARK [1][-]{section.13.4}{\376\377\000T\000h\000e\000\040\000t\000h\000e\000o\000l\000o\000g\000i\000c\000a\000l\000\040\000w\000i\000l\000d\000\040\000c\000a\000r\000d\000:\000\040\000U\000F\000O\000s\000\040\000a\000r\000e\000\040\000d\000a\000e\000m\000o\000n\000i\000c}{chapter.13}% 187
\BOOKMARK [1][-]{section.13.5}{\376\377\000U\000n\000i\000f\000o\000r\000m\000\040\000r\000e\000c\000o\000m\000m\000e\000n\000d\000a\000t\000i\000o\000n\000\040\000o\000f\000\040\000g\000o\000v\000e\000r\000n\000m\000e\000n\000t\000\040\000U\000F\000O\000\040\000p\000a\000n\000e\000l\000s\000:\000\040\000c\000o\000n\000t\000i\000n\000u\000e\000\040\000q\000u\000a\000l\000i\000f\000i\000e\000d\000\040\000r\000e\000s\000e\000a\000r\000c\000h}{chapter.13}% 188
\BOOKMARK [0][-]{appendix.A}{\376\377\000U\000S\000\040\000c\000a\000t\000e\000g\000o\000r\000i\000e\000s\000\040\000o\000f\000\040\000s\000e\000c\000r\000e\000c\000y}{part.4}% 189
\BOOKMARK [1][-]{section.A.1}{\376\377\000C\000o\000n\000g\000r\000e\000s\000s\000i\000o\000n\000a\000l\000\040\000p\000o\000w\000e\000r\000\040\000a\000n\000d\000\040\000o\000v\000e\000r\000s\000i\000g\000h\000t}{appendix.A}% 190
\BOOKMARK [1][-]{section.A.2}{\376\377\000M\000a\000n\000d\000a\000t\000o\000r\000y\000\040\000l\000i\000e\000s\040\024\000f\000r\000o\000m\000\040\000n\000e\000e\000d\000-\000t\000o\000-\000k\000n\000o\000w\000\040\000t\000o\000\040\000n\000e\000e\000d\000-\000t\000o\000-\000l\000i\000e}{appendix.A}% 191
\BOOKMARK [1][-]{section.A.3}{\376\377\000U\000S\000\040\000D\000e\000p\000a\000r\000t\000m\000e\000n\000t\000\040\000o\000f\000\040\000D\000e\000f\000e\000n\000s\000e\000\040\000c\000a\000t\000e\000g\000o\000r\000i\000e\000s\000\040\000o\000f\000\040\000s\000e\000c\000r\000e\000c\000y}{appendix.A}% 192
\BOOKMARK [2][-]{subsection.A.3.1}{\376\377\000O\000r\000d\000i\000n\000a\000r\000y\000\040\000s\000e\000c\000r\000e\000c\000y\000\040\000c\000l\000a\000s\000s\000i\000f\000i\000c\000a\000t\000i\000o\000n\000s\000:\000\040\000C\000o\000n\000f\000i\000d\000e\000n\000t\000i\000a\000l\000,\000\040\000s\000e\000c\000r\000e\000t\000\040\000a\000n\000d\000\040\000t\000o\000p\000-\000s\000e\000c\000r\000e\000t}{section.A.3}% 193
\BOOKMARK [2][-]{subsection.A.3.2}{\376\377\000B\000e\000y\000o\000n\000d\000\040\000o\000r\000d\000i\000n\000a\000r\000y\000\040\000s\000e\000c\000r\000e\000c\000y\000\040\000c\000l\000a\000s\000s\000i\000f\000i\000c\000a\000t\000i\000o\000n\000s\000:\000\040\000s\000p\000e\000c\000i\000a\000l\000\040\000a\000c\000c\000e\000s\000s\000\040\000p\000r\000o\000g\000r\000a\000m\000s}{section.A.3}% 194
\BOOKMARK [1][-]{section.A.4}{\376\377\000U\000S\000\040\000i\000n\000t\000e\000l\000l\000i\000g\000e\000n\000c\000e\000\040\000c\000a\000t\000e\000g\000o\000r\000i\000e\000s\000\040\000o\000f\000\040\000s\000e\000c\000r\000e\000c\000y}{appendix.A}% 195
\BOOKMARK [1][-]{section.A.5}{\376\377\000D\000e\000p\000a\000r\000t\000e\000m\000e\000n\000t\000\040\000o\000f\000\040\000E\000n\000e\000r\000g\000y\000\040\000c\000a\000t\000e\000g\000o\000r\000i\000e\000s\000\040\000o\000f\000\040\000s\000e\000c\000r\000e\000c\000y}{appendix.A}% 196
\BOOKMARK [1][-]{section.A.6}{\376\377\000M\000i\000s\000c\000e\000l\000l\000a\000n\000e\000o\000u\000s\000\040\000n\000o\000m\000e\000n\000c\000l\000a\000t\000u\000r\000e}{appendix.A}% 197
\BOOKMARK [2][-]{subsection.A.6.1}{\376\377\000C\000o\000r\000e\000\040\000s\000e\000c\000r\000e\000t}{section.A.6}% 198
\BOOKMARK [2][-]{subsection.A.6.2}{\376\377\000L\000i\000m\000i\000t\000e\000d\000\040\000h\000a\000n\000g\000o\000u\000t}{section.A.6}% 199
\BOOKMARK [2][-]{subsection.A.6.3}{\376\377\000B\000i\000g\000o\000t\000\040\000l\000i\000s\000t}{section.A.6}% 200
\BOOKMARK [2][-]{subsection.A.6.4}{\376\377\000G\000a\000t\000e\000k\000e\000e\000p\000e\000r\000s\000:\000\040\000p\000r\000o\000g\000r\000a\000m\000\040\000m\000a\000n\000a\000g\000e\000r\000,\000\040\000s\000e\000c\000u\000r\000i\000t\000y\000\040\000d\000i\000r\000e\000c\000t\000o\000r\000,\000\040\000c\000o\000r\000p\000o\000r\000a\000t\000e\000\040\000l\000a\000w\000y\000e\000r}{section.A.6}% 201
\BOOKMARK [2][-]{subsection.A.6.5}{\376\377\000S\000t\000o\000v\000e\000p\000i\000p\000i\000n\000g}{section.A.6}% 202
\BOOKMARK [2][-]{subsection.A.6.6}{\376\377\000C\000o\000m\000p\000a\000r\000t\000m\000e\000n\000t\000a\000l\000i\000z\000a\000t\000i\000o\000n}{section.A.6}% 203
\BOOKMARK [2][-]{subsection.A.6.7}{\376\377\000S\000e\000n\000s\000i\000t\000i\000v\000e\000\040\000c\000o\000m\000p\000a\000r\000t\000m\000e\000n\000t\000e\000d\000\040\000i\000n\000f\000o\000r\000m\000a\000t\000i\000o\000n\000\040\000f\000a\000c\000i\000l\000i\000t\000y\000\040\000\050\000S\000C\000I\000F\000\051}{section.A.6}% 204
\BOOKMARK [0][-]{appendix.B}{\376\377\000E\000x\000p\000l\000a\000n\000a\000t\000i\000o\000n\000\040\000t\000r\000a\000p\000\040\000t\000h\000r\000o\000u\000g\000h\000\040\000c\000o\000n\000c\000e\000p\000t\000u\000a\000l\000\040\000a\000n\000d\000\040\000t\000h\000e\000o\000r\000e\000t\000i\000c\000a\000l\000\040\000o\000v\000e\000r\000r\000e\000a\000c\000h}{part.4}% 205
\BOOKMARK [1][-]{section.B.1}{\376\377\000T\000h\000e\000\040\000c\000o\000n\000c\000e\000p\000t\000\040\000o\000f\000\040\000t\000h\000e\000\040\000p\000r\000o\000g\000r\000e\000s\000s\000i\000o\000n\000\040\000o\000f\000\040\000s\000c\000i\000e\000n\000c\000e\000\040\000a\000c\000c\000o\000r\000d\000i\000n\000g\000\040\000t\000o\000\040\000K\000u\000h\000n\000\040\000a\000n\000d\000\040\000L\000a\000k\000a\000t\000o\000s}{appendix.B}% 206
\BOOKMARK [1][-]{section.B.2}{\376\377\000S\000u\000c\000c\000e\000s\000s\000i\000o\000n\000\040\000o\000f\000\040\000s\000e\000m\000a\000n\000t\000i\000c\000a\000l\000l\000y\000\040\000i\000n\000c\000o\000h\000e\000r\000e\000n\000t\000\040\000s\000c\000i\000e\000n\000t\000i\000f\000i\000c\000\040\000r\000e\000s\000e\000a\000r\000c\000h\000\040\000p\000r\000o\000g\000r\000a\000m\000s}{appendix.B}% 207
\BOOKMARK [1][-]{section.B.3}{\376\377\000C\000o\000n\000c\000e\000p\000t\000u\000a\000l\000\040\000a\000n\000d\000\040\000t\000h\000e\000o\000r\000e\000t\000i\000c\000a\000l\000\040\000o\000v\000e\000r\000r\000e\000a\000c\000h}{appendix.B}% 208
\BOOKMARK [1][-]{section.B.4}{\376\377\000E\000x\000p\000l\000a\000n\000a\000t\000i\000o\000n\000\040\000t\000r\000a\000p}{appendix.B}% 209
\BOOKMARK [1][-]{section.B.5}{\376\377\000E\000x\000a\000m\000p\000l\000e\000s}{appendix.B}% 210
\BOOKMARK [2][-]{subsection.B.5.1}{\376\377\000S\000t\000o\000n\000e\000-\000a\000g\000e\000\040\000t\000r\000i\000b\000e\000\040\000f\000l\000e\000e\000t\000i\000n\000g\000l\000y\000\040\000e\000n\000c\000o\000u\000n\000t\000e\000r\000i\000n\000g\000\040\000a\000n\000\040\000a\000i\000r\000p\000l\000a\000n\000e}{section.B.5}% 211
\BOOKMARK [2][-]{subsection.B.5.2}{\376\377\000I\000s\000a\000a\000c\000\040\000N\000e\000w\000t\000o\000n\000\040\000t\000r\000y\000i\000n\000g\000\040\000t\000o\000\040\000c\000o\000m\000p\000r\000e\000h\000e\000n\000d\000\040\000t\000h\000e\000\040\000G\000l\000o\000b\000a\000l\000\040\000P\000o\000s\000i\000t\000i\000o\000n\000i\000n\000g\000\040\000S\000y\000s\000t\000e\000m}{section.B.5}% 212
\BOOKMARK [2][-]{subsection.B.5.3}{\376\377\000O\000p\000e\000r\000a\000t\000i\000o\000n\000\040\000O\000v\000e\000r\000c\000a\000s\000t\000/\000P\000a\000p\000e\000r\000c\000l\000i\000p}{section.B.5}% 213
\BOOKMARK [2][-]{subsection.B.5.4}{\376\377\000S\000c\000i\000e\000n\000c\000e\000\040\000o\000v\000e\000r\000r\000e\000a\000c\000h\000\040\000f\000r\000a\000m\000e\000d\000\040\000a\000s\000\040\000c\000a\000r\000g\000o\000\040\000c\000u\000l\000t}{section.B.5}% 214
\BOOKMARK [1][-]{section.B.6}{\376\377\000A\000b\000s\000o\000r\000p\000t\000i\000o\000n\000\040\000o\000f\000\040\000a\000l\000i\000e\000n\000\040\000t\000e\000c\000h\000n\000o\000l\000o\000g\000y}{appendix.B}% 215
\BOOKMARK [1][-]{section.B.7}{\376\377\000A\000n\000t\000i\000-\000g\000r\000a\000v\000i\000t\000y\000\040\000m\000i\000g\000h\000t\000\040\000n\000o\000t\000\040\000b\000e\000\040\000a\000\040\000f\000e\000a\000s\000i\000b\000l\000e\000\040\000h\000y\000p\000o\000t\000h\000e\000s\000i\000s}{appendix.B}% 216
\BOOKMARK [1][-]{section.B.8}{\376\377\000C\000a\000n\000\040\000i\000n\000e\000r\000t\000i\000a\000\040\000b\000e\000\040\000c\000h\000a\000n\000g\000e\000d\000?}{appendix.B}% 217
\BOOKMARK [2][-]{subsection.B.8.1}{\376\377\000V\000a\000r\000i\000e\000t\000y\000\040\000o\000f\000\040\000i\000n\000e\000r\000t\000i\000a\000l\000\040\000m\000a\000s\000s\000:\000\040\000b\000a\000r\000e\000\040\000m\000a\000s\000s\000e\000s\000\040\000a\000n\000d\000\040\000f\000i\000e\000l\000d\000\040\000e\000n\000e\000r\000g\000y}{section.B.8}% 218
\BOOKMARK [2][-]{subsection.B.8.2}{\376\377\000D\000r\000e\000s\000s\000e\000d\000\040\000m\000a\000s\000s\000\040\000f\000r\000o\000m\000\040\000f\000i\000e\000l\000d\000\040\000e\000n\000e\000r\000g\000y\000\040\000o\000f\000\040\000t\000h\000e\000\040\000s\000t\000r\000o\000n\000g\000\040\000a\000n\000d\000\040\000e\000l\000e\000c\000t\000r\000o\000m\000a\000g\000n\000e\000t\000i\000c\000\040\000i\000n\000t\000e\000r\000a\000c\000t\000i\000o\000n\000s}{section.B.8}% 219
\BOOKMARK [2][-]{subsection.B.8.3}{\376\377\000D\000r\000e\000s\000s\000e\000d\000\040\000m\000a\000s\000s\000\040\000b\000y\000\040\000t\000h\000e\000\040\000H\000i\000g\000g\000s\000\040\000m\000e\000c\000h\000a\000n\000i\000s\000m}{section.B.8}% 220
\BOOKMARK [2][-]{subsection.B.8.4}{\376\377\000C\000h\000a\000n\000g\000e\000s\000\040\000i\000n\000\040\000i\000n\000e\000r\000t\000i\000a\000\040\000b\000y\000\040\000r\000a\000d\000i\000a\000t\000i\000v\000e\000\040\000c\000o\000r\000r\000e\000c\000t\000i\000o\000n\000s\000\040\000a\000n\000d\000\040\000c\000h\000a\000r\000g\000e\000d\000\040\000p\000a\000r\000t\000i\000c\000l\000e\000s\000\040\000b\000e\000t\000w\000e\000e\000n\000\040\000c\000o\000n\000d\000u\000c\000t\000i\000n\000g\000\040\000p\000l\000a\000t\000e\000s}{section.B.8}% 221
\BOOKMARK [2][-]{subsection.B.8.5}{\376\377\000O\000t\000h\000e\000r\000\040\000s\000u\000g\000g\000e\000s\000t\000i\000o\000n\000s\000\040\000i\000n\000v\000o\000l\000v\000i\000n\000g\000\040\000z\000e\000r\000o\000\040\000p\000o\000i\000n\000t\000\040\000f\000l\000u\000c\000t\000u\000a\000t\000i\000o\000n\000s\000\040\000o\000f\000\040\000q\000u\000a\000n\000t\000i\000z\000e\000d\000\040\000f\000i\000e\000l\000d\000s}{section.B.8}% 222
\BOOKMARK [2][-]{subsection.B.8.6}{\376\377\000M\000a\000c\000h\000'\000s\000\040\000p\000r\000i\000n\000c\000i\000p\000l\000e\000\040\000a\000s\000\040\000a\000n\000\040\000a\000l\000t\000e\000r\000n\000a\000t\000i\000v\000e\000\040\000e\000x\000p\000l\000a\000n\000a\000t\000i\000o\000n\000\040\000f\000o\000r\000\040\000i\000n\000e\000r\000t\000i\000a}{section.B.8}% 223
\BOOKMARK [0][-]{appendix*.4}{\376\377\000I\000n\000d\000e\000x}{part.4}% 224
\BOOKMARK [1][-]{section*.5}{\376\377\000R\000e\000f\000e\000r\000e\000n\000c\000e\000s}{appendix*.4}% 225
