This is pdfTeX, Version 3.141592653-2.6-1.40.22 (TeX Live 2021/W32TeX) (preloaded format=latex 2021.5.14)  13 DEC 2024 21:29
entering extended mode
 restricted \write18 enabled.
 %&-line parsing enabled.
**\makeatletter\def\HCode{\futurelet\HCode\HChar}\def\HChar{\ifx\HCode\def\HCod
e##1{\Link##1}\expandafter\HCode\else\expandafter\Link\fi}\def\Link#1.a.b.c.{\g
@addto@macro\@documentclasshook{\RequirePackage[#1,html]{tex4ht}\RequirePackage
{tex4ebook}}\let\HCode\documentstyle\def\documentstyle{\let\documentstyle\HCode
\expandafter\def\csname tex4ht\endcsname{#1,html}\def\HCode####1{\documentstyle
[tex4ht,}\@ifnextchar[{\HCode}{\documentstyle[tex4ht]}}}\makeatother\HCode xhtm
l,,charset=utf-8,charset=utf-8,epub,uni-html4.a.b.c.\input \detokenize{2024-bb-
en.tex} > nul 2>&1
(./2024-bb-en.tex (c:/texlive/2021/texmf-dist/tex/latex/memoir/memoir.cls
Document Class: memoir 2021/03/23 v3.7o configurable book, report, article docu
ment class
\onelineskip=\skip47
\lxvchars=\skip48
\xlvchars=\skip49
\@memcnta=\count179
\c@@memmarkcntra=\count180
(c:/texlive/2021/texmf-dist/tex/generic/iftex/iftex.sty
Package: iftex 2020/03/06 v1.0d TeX engine tests
)
\stockheight=\skip50
\stockwidth=\skip51
\trimtop=\skip52
\trimedge=\skip53
(c:/texlive/2021/texmf-dist/tex/latex/memoir/mem12.clo
File: mem12.clo 2010/10/19 v0.4b memoir class 12pt size option
)
\binding=\skip54
\spinemargin=\skip55
\foremargin=\skip56
\uppermargin=\skip57
\lowermargin=\skip58
\headdrop=\skip59
\normalrulethickness=\skip60
\mem@maxheadheight=\skip61
\mem@maxfootheight=\skip62
\headwidth=\skip63
\c@storedpagenumber=\count181
\memPD=\dimen138
\m@mabparskip=\skip64
\thanksmarkwidth=\skip65
\thanksmarksep=\skip66
\droptitle=\skip67
\c@book=\count182
\c@part=\count183
\c@chapter=\count184
\c@section=\count185
\c@subsection=\count186
\c@subsubsection=\count187
\c@paragraph=\count188
\c@subparagraph=\count189
\beforechapskip=\skip68
\midchapskip=\skip69
\afterchapskip=\skip70
\chapindent=\skip71
\bottomsectionskip=\skip72
\secindent=\skip73
\beforesecskip=\skip74
\aftersecskip=\skip75
\subsecindent=\skip76
\beforesubsecskip=\skip77
\aftersubsecskip=\skip78
\subsubsecindent=\skip79
\beforesubsubsecskip=\skip80
\aftersubsubsecskip=\skip81
\paraindent=\skip82
\beforeparaskip=\skip83
\afterparaskip=\skip84
\subparaindent=\skip85
\beforesubparaskip=\skip86
\aftersubparaskip=\skip87
\pfbreakskip=\skip88
\c@@ppsavesec=\count190
\c@@ppsaveapp=\count191
\ragrparindent=\dimen139
\everylistparindent=\dimen140
\parsepi=\skip89
\topsepi=\skip90
\itemsepi=\skip91
\parsepii=\skip92
\topsepii=\skip93
\topsepiii=\skip94
\itemsepii=\skip95
\itemsepiii=\skip96
\partopsepii=\skip97
\partopsepiii=\skip98
\m@msavetopsep=\skip99
\m@msavepartopsep=\skip100
\@enLab=\toks15
\abstitleskip=\skip101
\absleftindent=\skip102
\abs@leftindent=\dimen141
\absrightindent=\skip103
\absparindent=\skip104
\absparsep=\skip105
\c@vslineno=\count192
\c@poemline=\count193
\c@modulo@vs=\count194
\c@memfvsline=\count195
\vleftskip=\skip106
\vrightskip=\skip107
\stanzaskip=\skip108
\versewidth=\skip109
\vgap=\skip110
\vindent=\skip111
\vleftmargin=\dimen142
\c@verse=\count196
\c@chrsinstr=\count197
\beforepoemtitleskip=\skip112
\afterpoemtitleskip=\skip113
\c@poem=\count198
\beforePoemTitleskip=\skip114
\midPoemTitleskip=\skip115
\afterPoemTitleskip=\skip116
(c:/texlive/2021/texmf-dist/tex/latex/tools/array.sty
Package: array 2020/10/01 v2.5c Tabular extension package (FMi)
\col@sep=\dimen143
\ar@mcellbox=\box47
\extrarowheight=\dimen144
\NC@list=\toks16
\extratabsurround=\skip117
\backup@length=\skip118
\ar@cellbox=\box48
) (c:/texlive/2021/texmf-dist/tex/latex/tools/dcolumn.sty
Package: dcolumn 2014/10/28 v1.06 decimal alignment package (DPC)
) (c:/texlive/2021/texmf-dist/tex/latex/tools/delarray.sty
Package: delarray 2014/10/28 v1.01 array delimiter package (DPC)
) (c:/texlive/2021/texmf-dist/tex/latex/tools/tabularx.sty
Package: tabularx 2020/01/15 v2.11c `tabularx' package (DPC)
\TX@col@width=\dimen145
\TX@old@table=\dimen146
\TX@old@col=\dimen147
\TX@target=\dimen148
\TX@delta=\dimen149
\TX@cols=\count199
\TX@ftn=\toks17
)
\heavyrulewidth=\dimen150
\lightrulewidth=\dimen151
\cmidrulewidth=\dimen152
\belowrulesep=\dimen153
\belowbottomsep=\dimen154
\aboverulesep=\dimen155
\abovetopsep=\dimen156
\cmidrulesep=\dimen157
\cmidrulekern=\dimen158
\defaultaddspace=\dimen159
\@cmidla=\count266
\@cmidlb=\count267
\@aboverulesep=\dimen160
\@belowrulesep=\dimen161
\@thisruleclass=\count268
\@lastruleclass=\count269
\@thisrulewidth=\dimen162
\ctableftskip=\skip119
\ctabrightskip=\skip120
\abovecolumnspenalty=\count270
\@linestogo=\count271
\@cellstogo=\count272
\@cellsincolumn=\count273
\crtok=\toks18
\@mincolumnwidth=\dimen163
\c@newflo@tctr=\count274
\mem@margin@floatbox=\box49
\@contcwidth=\skip121
\@contindw=\skip122
\abovecaptionskip=\skip123
\belowcaptionskip=\skip124
\subfloattopskip=\skip125
\subfloatcapskip=\skip126
\subfloatcaptopadj=\skip127
\subfloatbottomskip=\skip128
\subfloatlabelskip=\skip129
\subfloatcapmargin=\dimen164
\c@@contsubnum=\count275
\m@mscap@capbox=\box50
\m@mscap@fbox=\box51
\sidecapsep=\dimen165
\sidecapwidth=\dimen166
\m@m@tempdima=\dimen167
\m@mscapraise=\dimen168
\sidecapraise=\dimen169
\m@mscapmainwidth=\dimen170
\m@mscaplkern=\dimen171
\beforeepigraphskip=\skip130
\afterepigraphskip=\skip131
\epigraphwidth=\skip132
\epigraphrule=\skip133
LaTeX Info: Redefining \em on input line 7650.
LaTeX Info: Redefining \emph on input line 7658.
\tocentryskip=\skip134
\tocbaseline=\skip135
\cftparskip=\skip136
\cftbeforebookskip=\skip137
\cftbookindent=\dimen172
\cftbooknumwidth=\dimen173
\cftbeforepartskip=\skip138
\cftpartindent=\skip139
\cftpartnumwidth=\skip140
\cftbeforechapterskip=\skip141
\cftchapterindent=\skip142
\cftchapternumwidth=\skip143
\cftbeforesectionskip=\skip144
\cftsectionindent=\skip145
\cftsectionnumwidth=\skip146
\cftbeforesubsectionskip=\skip147
\cftsubsectionindent=\skip148
\cftsubsectionnumwidth=\skip149
\cftbeforesubsubsectionskip=\skip150
\cftsubsubsectionindent=\skip151
\cftsubsubsectionnumwidth=\skip152
\cftbeforeparagraphskip=\skip153
\cftparagraphindent=\skip154
\cftparagraphnumwidth=\skip155
\cftbeforesubparagraphskip=\skip156
\cftsubparagraphindent=\skip157
\cftsubparagraphnumwidth=\skip158
\prechapterprecisshift=\dimen174
\c@maxsecnumdepth=\count276
\bibindent=\dimen175
\bibitemsep=\skip159
\indexcolsep=\skip160
\indexrule=\skip161
\indexmarkstyle=\toks19
\@indexbox=\insert252
\glossarycolsep=\dimen176
\glossaryrule=\dimen177
\sideparvshift=\skip162
\sideins=\insert251
\sidebartopsep=\skip163
\sidebarhsep=\skip164
\sidebarvsep=\skip165
\sidebarwidth=\skip166
\footmarkwidth=\skip167
\footmarksep=\skip168
\footparindent=\skip169
\footinsdim=\skip170
\footinsv@r=\insert250
\@mpfootinsv@r=\insert249
\m@m@k=\count277
\m@m@h=\dimen178
\m@mipn@skip=\skip171
\sidefootins=\insert248
\sidefootadjust=\skip172
\sidefootheight=\skip173
\sidefoothsep=\skip174
\sidefootvsep=\skip175
\sidefootwidth=\skip176
\m@mdownsf=\skip177
\c@sidefootnote=\count278
\sidefootmarkwidth=\skip178
\sidefootmarksep=\skip179
\sidefootparindent=\skip180
\c@pagenote=\count279
\c@pagenoteshadow=\count280
\mem@pn@lastkern=\skip181
\every@verbatim=\toks20
\afterevery@verbatim=\toks21
\verbatim@line=\toks22
\tab@position=\count281
\verbatim@in@stream=\read2
\verbatimindent=\skip182
\verbatim@out=\write3
\bvboxsep=\skip183
\c@memfbvline=\count282
\c@bvlinectr=\count283
\bvnumlength=\skip184
\fb@frw=\dimen179
\fb@frh=\dimen180
\FrameRule=\dimen181
\FrameSep=\dimen182
\c@cp@cntr=\count284
\c@ism@mctr=\count285
\c@xsm@mctr=\count286
\c@csm@mctr=\count287
\c@ksm@mctr=\count288
\c@xksm@mctr=\count289
\c@cksm@mctr=\count290
\c@msm@mctr=\count291
\c@xmsm@mctr=\count292
\c@cmsm@mctr=\count293
\c@bsm@mctr=\count294
\c@workm@mctr=\count295
\c@sheetsequence=\count296
\c@lastsheet=\count297
\c@lastpage=\count298
(c:/texlive/2021/texmf-dist/tex/latex/textcase/textcase.sty
Package: textcase 2019/09/14 v1.00 Text only upper/lower case changing (DPC)
)
\c@figure=\count299
\c@lofdepth=\count300
\cftbeforefigureskip=\skip185
\cftfigureindent=\skip186
\cftfigurenumwidth=\skip187
\c@table=\count301
\c@lotdepth=\count302
\cftbeforetableskip=\skip188
\cfttableindent=\skip189
\cfttablenumwidth=\skip190
Package abstract [2008/07/23] emulated by memoir.
Package appendix [2008/07/23] emulated by memoir.
Package booktabs [2016/05/16] emulated by memoir.
Package ccaption [2008/07/23] emulated by memoir.
Package changepage [2008/07/23] emulated by memoir.
Package chngcntr [2008/07/23] emulated by memoir.
Package chngpage [2008/07/23] emulated by memoir.
Package crop emulated by memoir.
Package enumerate [2008/07/23] emulated by memoir.
Package epigraph [2008/07/23] emulated by memoir.
Package ifmtarg [2008/07/23] emulated by memoir.
Package index [2008/07/23] emulated by memoir.
Package makeidx [2008/07/23] emulated by memoir.
Package moreverb [2008/07/23] emulated by memoir.
Package needspace [2008/07/23] emulated by memoir.
Package newfile [2008/07/23] emulated by memoir.
Package nextpage [2008/07/23] emulated by memoir.
Package pagenote [2008/07/23] emulated by memoir.
Package parskip [2008/07/23] emulated by memoir.
Package patchcmd [2008/07/23] emulated by memoir.
Package setspace [2008/07/23] emulated by memoir.
Package shortvrb [2008/07/23] emulated by memoir.
Package showidx [2008/07/23] emulated by memoir.
Package titleref [2008/07/23] emulated by memoir.
Package titling [2008/07/23] emulated by memoir.
Package tocbibind [2008/07/23] emulated by memoir.
Package tocloft [2008/07/23] emulated by memoir.
Package tocvsec2 [2008/07/23] emulated by memoir.
Package verbatim [2008/07/23] emulated by memoir.
Package verse [2008/07/23] emulated by memoir.
) (c:/texlive/2021/texmf-dist/tex/generic/tex4ht/tex4ht.sty
version 2021-03-06-13:30
Package: tex4ht 
--------------------------------------
--- Note --- for _ at preamble, use the command line option `early_'
--------------------------------------
--------------------------------------
--- Note --- for ^ at preamble, use the command line option `early^'
--------------------------------------
\tmp:toks=\toks23
) (c:/texlive/2021/texmf-dist/tex/generic/tex4ht/usepackage.4ht
version 2021-02-07-14:58
) (./tex4ebook.sty
Package: tex4ebook 2016/03/31 version 0.1d
(c:/texlive/2021/texmf-dist/tex/latex/etoolbox/etoolbox.sty
Package: etoolbox 2020/10/05 v2.5k e-TeX tools for LaTeX (JAW)
\etb@tempcnta=\count303
) (c:/texlive/2021/texmf-dist/tex/latex/kvoptions/kvoptions.sty
Package: kvoptions 2020-10-07 v3.14 Key value format for package options (HO)
(c:/texlive/2021/texmf-dist/tex/latex/graphics/keyval.sty
Package: keyval 2014/10/28 v1.15 key=value parser (DPC)
\KV@toks@=\toks24
) (c:/texlive/2021/texmf-dist/tex/generic/ltxcmds/ltxcmds.sty
Package: ltxcmds 2020-05-10 v1.25 LaTeX kernel commands for general use (HO)
) (c:/texlive/2021/texmf-dist/tex/generic/kvsetkeys/kvsetkeys.sty
Package: kvsetkeys 2019/12/15 v1.18 Key value parser (HO)
)) (c:/texlive/2021/texmf-dist/tex/latex/graphics/graphicx.sty
Package: graphicx 2020/09/09 v1.2b Enhanced LaTeX Graphics (DPC,SPQR)
(c:/texlive/2021/texmf-dist/tex/generic/tex4ht/graphics-hooks.4ht
version 2020-10-17-13:53
) (c:/texlive/2021/texmf-dist/tex/latex/graphics/graphics.sty
Package: graphics 2020/08/30 v1.4c Standard LaTeX Graphics (DPC,SPQR)
(c:/texlive/2021/texmf-dist/tex/latex/graphics/trig.sty
Package: trig 2016/01/03 v1.10 sin cos tan (DPC)
) (c:/texlive/2021/texmf-dist/tex/latex/graphics-cfg/graphics.cfg
File: graphics.cfg 2016/06/04 v1.11 sample graphics configuration
)
Package graphics Info: Driver file: dvips.def on input line 105.
(c:/texlive/2021/texmf-dist/tex/latex/graphics-def/dvips.def
File: dvips.def 2017/06/20 v3.1d Graphics/color driver for dvips
))
\Gin@req@height=\dimen183
\Gin@req@width=\dimen184
)) (c:/texlive/2021/texmf-dist/tex/latex/blindtext/blindtext.sty
Package: blindtext 2012/01/06 V2.0 blindtext-Package
(c:/texlive/2021/texmf-dist/tex/latex/tools/xspace.sty
Package: xspace 2014/10/28 v1.13 Space after command names (DPC,MH)
)
\c@blindtext=\count304
\c@Blindtext=\count305
\c@blind@countparstart=\count306
\blind@countxx=\count307
\blindtext@numBlindtext=\count308
\blind@countyy=\count309
\c@blindlist=\count310
\c@blindlistlevel=\count311
\c@blindlist@level=\count312
\blind@listitem=\count313
\c@blind@listcount=\count314
\c@blind@levelcount=\count315
\blind@mathformula=\count316
\blind@Mathformula=\count317
\c@blind@randomcount=\count318
\c@blind@randommax=\count319
\c@blind@pangramcount=\count320
\c@blind@pangrammax=\count321
) (c:/texlive/2021/texmf-dist/tex/generic/tex4ht/hyperref-hooks.4ht) (c:/texliv
e/2021/texmf-dist/tex/latex/hyperref/hyperref.sty
Package: hyperref 2021-02-27 v7.00k Hypertext links for LaTeX
(c:/texlive/2021/texmf-dist/tex/generic/pdftexcmds/pdftexcmds.sty
Package: pdftexcmds 2020-06-27 v0.33 Utility functions of pdfTeX for LuaTeX (HO
)
(c:/texlive/2021/texmf-dist/tex/generic/infwarerr/infwarerr.sty
Package: infwarerr 2019/12/03 v1.5 Providing info/warning/error messages (HO)
)
Package pdftexcmds Info: \pdf@primitive is available.
Package pdftexcmds Info: \pdf@ifprimitive is available.
Package pdftexcmds Info: \pdfdraftmode is ignored in DVI mode.
) (c:/texlive/2021/texmf-dist/tex/generic/kvdefinekeys/kvdefinekeys.sty
Package: kvdefinekeys 2019-12-19 v1.6 Define keys (HO)
) (c:/texlive/2021/texmf-dist/tex/generic/pdfescape/pdfescape.sty
Package: pdfescape 2019/12/09 v1.15 Implements pdfTeX's escape features (HO)
) (c:/texlive/2021/texmf-dist/tex/latex/hycolor/hycolor.sty
Package: hycolor 2020-01-27 v1.10 Color options for hyperref/bookmark (HO)
) (c:/texlive/2021/texmf-dist/tex/latex/letltxmacro/letltxmacro.sty
Package: letltxmacro 2019/12/03 v1.6 Let assignment for LaTeX macros (HO)
) (c:/texlive/2021/texmf-dist/tex/latex/auxhook/auxhook.sty
Package: auxhook 2019-12-17 v1.6 Hooks for auxiliary files (HO)

Package auxhook Warning: Cannot patch \document,
(auxhook)                using \AtBeginDocument instead.

)
\@linkdim=\dimen185
\Hy@linkcounter=\count322
\Hy@pagecounter=\count323
(c:/texlive/2021/texmf-dist/tex/latex/hyperref/pd1enc.def
File: pd1enc.def 2021-02-27 v7.00k Hyperref: PDFDocEncoding definition (HO)
Now handling font encoding PD1 ...
... no UTF-8 mapping file for font encoding PD1
) (c:/texlive/2021/texmf-dist/tex/latex/hyperref/hyperref-langpatches.def
File: hyperref-langpatches.def 2021-02-27 v7.00k Hyperref: patches for babel la
nguages
) (c:/texlive/2021/texmf-dist/tex/generic/intcalc/intcalc.sty
Package: intcalc 2019/12/15 v1.3 Expandable calculations with integers (HO)
) (c:/texlive/2021/texmf-dist/tex/generic/etexcmds/etexcmds.sty
Package: etexcmds 2019/12/15 v1.7 Avoid name clashes with e-TeX commands (HO)
)
\Hy@SavedSpaceFactor=\count324
(c:/texlive/2021/texmf-dist/tex/latex/hyperref/puenc.def
File: puenc.def 2021-02-27 v7.00k Hyperref: PDF Unicode definition (HO)
Now handling font encoding PU ...
... no UTF-8 mapping file for font encoding PU
)
Package hyperref Info: Option `colorlinks' set `true' on input line 4073.
Package hyperref Info: Option `colorlinks' set `false' on input line 4073.
Package hyperref Info: Option `bookmarksnumbered' set `true' on input line 4073
.
Package hyperref Info: Hyper figures OFF on input line 4192.
Package hyperref Info: Link nesting OFF on input line 4197.
Package hyperref Info: Hyper index ON on input line 4200.
Package hyperref Info: Plain pages OFF on input line 4207.
Package hyperref Info: Backreferencing OFF on input line 4212.
Package hyperref Info: Implicit mode ON; LaTeX internals redefined.
Package hyperref Info: Bookmarks ON on input line 4445.
\c@Hy@tempcnt=\count325
(c:/texlive/2021/texmf-dist/tex/latex/url/url.sty
\Urlmuskip=\muskip16
Package: url 2013/09/16  ver 3.4  Verb mode for urls, etc.
)
LaTeX Info: Redefining \url on input line 4804.
\XeTeXLinkMargin=\dimen186
(c:/texlive/2021/texmf-dist/tex/generic/bitset/bitset.sty
Package: bitset 2019/12/09 v1.3 Handle bit-vector datatype (HO)
(c:/texlive/2021/texmf-dist/tex/generic/bigintcalc/bigintcalc.sty
Package: bigintcalc 2019/12/15 v1.5 Expandable calculations on big integers (HO
)
))
\Fld@menulength=\count326
\Field@Width=\dimen187
\Fld@charsize=\dimen188
\Field@toks=\toks25
Package hyperref Info: Hyper figures OFF on input line 6075.
Package hyperref Info: Link nesting OFF on input line 6080.
Package hyperref Info: Hyper index ON on input line 6083.
Package hyperref Info: backreferencing OFF on input line 6090.
Package hyperref Info: Link coloring OFF on input line 6095.
Package hyperref Info: Link coloring with OCG OFF on input line 6100.
Package hyperref Info: PDF/A mode OFF on input line 6105.
LaTeX Info: Redefining \ref on input line 6145.
LaTeX Info: Redefining \pageref on input line 6149.
(c:/texlive/2021/texmf-dist/tex/latex/base/atbegshi-ltx.sty
Package: atbegshi-ltx 2020/08/17 v1.0a Emulation of the original atbegshi packa
ge
with kernel methods
)
\Hy@abspage=\count327

Package hyperref Message: Stopped early.

) (c:/texlive/2021/texmf-dist/tex/latex/memoir/memhfixc.sty
Package: memhfixc 2019/10/24 v1.18 nameref/hyperref package fixes for memoir cl
ass
\c@memhycontfloat=\count328
\c@Hpagenote=\count329
)
Package hyperref Info: Driver: htex4ht.
(c:/texlive/2021/texmf-dist/tex/latex/hyperref/htex4ht.def
File: htex4ht.def 2021-02-27 v7.00k Hyperref driver for TeX4ht
Package hyperref Info: tex4ht is already loaded.
) (c:/texlive/2021/texmf-dist/tex/latex/hyperref/nameref.sty
Package: nameref 2021-04-02 v2.47 Cross-referencing by name of section
(c:/texlive/2021/texmf-dist/tex/latex/refcount/refcount.sty
Package: refcount 2019/12/15 v3.6 Data extraction from label references (HO)
) (c:/texlive/2021/texmf-dist/tex/generic/gettitlestring/gettitlestring.sty
Package: gettitlestring 2019/12/15 v1.6 Cleanup title references (HO)
)
\c@section@level=\count330
)
Redoing nameref's sectioning
Redoing nameref's label
LaTeX Info: Redefining \nameref on input line 24.
(c:/texlive/2021/texmf-dist/tex/latex/lettrine/lettrine.sty
File: lettrine.sty 2020-03-14 v2.23 (Daniel Flipo)
(c:/texlive/2021/texmf-dist/tex/generic/minifp/minifp.sty
Package: minifp 2013/12/30 v0.96. Macros for real number operations and a stack
-based programing language.
\MFP@loopctr=\count331
)
\c@DefaultLines=\count332
\c@DefaultDepth=\count333
\DefaultFindent=\dimen189
\DefaultNindent=\dimen190
\DefaultSlope=\dimen191
\DiscardVskip=\dimen192
\L@lbox=\box52
\L@tbox=\box53
\c@L@lines=\count334
\c@L@depth=\count335
\L@Pindent=\dimen193
\L@Findent=\dimen194
\L@Nindent=\dimen195
\L@lraise=\dimen196
\L@first=\dimen197
\L@next=\dimen198
\L@slope=\dimen199
\L@height=\dimen256
\L@novskip=\dimen257
\L@target@ht=\dimen258
\L@target@dp=\dimen259
\L@target@tht=\dimen260
\LettrineWidth=\dimen261
\LettrineHeight=\dimen262
\LettrineDepth=\dimen263
\Llist@everypar=\toks26
Loading lettrine.cfg
(c:/texlive/2021/texmf-dist/tex/latex/lettrine/lettrine.cfg)) (c:/texlive/2021/
texmf-dist/tex/latex/ellipsis/ellipsis.sty
Package: ellipsis 2020/05/22 v1.8 fixes spacing around ellipses (three dots)
LaTeX Info: Redefining \textellipsis on input line 77.
) (c:/texlive/2021/texmf-dist/tex/latex/microtype/microtype.sty
Package: microtype 2021/03/14 v2.8c Micro-typographical refinements (RS)
\MT@toks=\toks27
\MT@count=\count336
LaTeX Info: Redefining \textls on input line 790.
\MT@outer@kern=\dimen264
LaTeX Info: Redefining \textmicrotypecontext on input line 1374.
\MT@listname@count=\count337
(c:/texlive/2021/texmf-dist/tex/latex/microtype/microtype-pdftex.def
File: microtype-pdftex.def 2021/03/14 v2.8c Definitions specific to pdftex (RS)

LaTeX Info: Redefining \lsstyle on input line 915.
LaTeX Info: Redefining \lslig on input line 915.
\MT@outer@space=\skip191
)
Package microtype Info: Loading configuration file microtype.cfg.
(c:/texlive/2021/texmf-dist/tex/latex/microtype/microtype.cfg
File: microtype.cfg 2021/03/14 v2.8c microtype main configuration file (RS)
)) (c:/texlive/2021/texmf-dist/tex/latex/geometry/geometry.sty
Package: geometry 2020/01/02 v5.9 Page Geometry
(c:/texlive/2021/texmf-dist/tex/generic/iftex/ifvtex.sty
Package: ifvtex 2019/10/25 v1.7 ifvtex legacy package. Use iftex instead.
)
\Gm@cnth=\count338
\Gm@cntv=\count339
\c@Gm@tempcnt=\count340
\Gm@bindingoffset=\dimen265
\Gm@wd@mp=\dimen266
\Gm@odd@mp=\dimen267
\Gm@even@mp=\dimen268
\Gm@layoutwidth=\dimen269
\Gm@layoutheight=\dimen270
\Gm@layouthoffset=\dimen271
\Gm@layoutvoffset=\dimen272
\Gm@dimlist=\toks28
) (c:/texlive/2021/texmf-dist/tex/latex/base/inputenc.sty
Package: inputenc 2020/08/01 v1.3d Input encoding file
\inpenc@prehook=\toks29
\inpenc@posthook=\toks30
(c:/texlive/2021/texmf-dist/tex/latex/base/latin1.def
File: latin1.def 2020/08/01 v1.3d Input encoding file
)) (c:/texlive/2021/texmf-dist/tex/latex/psnfss/times.sty
Package: times 2020/03/25 PSNFSS-v9.3 (SPQR) 
) (c:/texlive/2021/texmf-dist/tex/latex/titlesec/titlesec.sty
Package: titlesec 2019/10/16 v2.13 Sectioning titles
\ttl@box=\box54
\beforetitleunit=\skip192
\aftertitleunit=\skip193
\ttl@plus=\dimen273
\ttl@minus=\dimen274
\ttl@toksa=\toks31
\titlewidth=\dimen275
\titlewidthlast=\dimen276
\titlewidthfirst=\dimen277
) (c:/texlive/2021/texmf-dist/tex/generic/tex4ht/tex4ht.4ht
version 2020-03-12-14:03
--------------------------------------
--- Note --- for additional information, use the command line option `info'
--------------------------------------
::::::::::::::::::::::::::::::::::::::::::
 TeX4ht info is available in the log file 
::::::::::::::::::::::::::::::::::::::::::
) (c:/texlive/2021/texmf-dist/tex/generic/tex4ht/tex4ht.sty
version 2021-03-06-13:30
(c:/texlive/2021/texmf-dist/tex/latex/graphics/color.sty
Package: color 2020/02/24 v1.2b Standard LaTeX Color (DPC)
(c:/texlive/2021/texmf-dist/tex/latex/graphics-cfg/color.cfg
File: color.cfg 2016/01/02 v1.6 sample color configuration
)
Package color Info: Driver file: dvips.def on input line 147.
(c:/texlive/2021/texmf-dist/tex/latex/graphics/dvipsnam.def
File: dvipsnam.def 2016/06/17 v3.0m Driver-dependent file (DPC,SPQR)
))
--- needs --- tex4ht 2024-bb-en ---
\tmp:cnt=\count341
\openout15 = `2024-bb-en.tmp'.

(./2024-bb-en.tmp)
\tmp:dim=\skip194
(./2024-bb-en.xref)
\:refout=\write4
\openout4 = `2024-bb-en.xref'.

(c:/texlive/2021/texmf-dist/tex/generic/tex4ht/html4.4ht
version 2021-03-06-13:31
--------------------------------------
--- Note --- to remove the <?xml version=...?> processing instruction use the c
ommand line option `no-VERSION'
--------------------------------------
--------------------------------------
--- Note --- to remove the DOCTYPE declaration use the command line option `no-
DOCTYPE'
--------------------------------------
) (c:/texlive/2021/texmf-dist/tex/generic/tex4ht/html4-math.4ht
version 2021-01-30-14:17
) (c:/texlive/2021/texmf-dist/tex/generic/tex4ht/unicode.4ht
version 2021-02-06-14:21
) (c:/texlive/2021/texmf-dist/tex/generic/tex4ht/html4-uni.4ht)
--------------------------------------
--- Note --- for marking of the base font, use the command line option `fonts+'

--------------------------------------
--------------------------------------
--- Note --- for non active _, use the command line option `no_'
--------------------------------------
--------------------------------------
--- Note --- for _ of catcode 13, use the command line option `_13'
--------------------------------------
--------------------------------------
--- Note --- for non active ^, use the command line option `no^'
--------------------------------------
--------------------------------------
--- Note --- for ^ of catcode 13, use the command line option `^13'
--------------------------------------
(c:/texlive/2021/texmf-dist/tex/generic/tex4ht/html4.4ht
version 2021-03-06-13:31
--------------------------------------
--- Note --- to ignore CSS font decoration, use the `NoFonts' command line opti
on
--------------------------------------
--------------------------------------
--- Note --- for jpg bitmaps of pictures, use the `jpg' command line option. (C
haracter bitmaps are controled only by `g' records of tex4ht.env and `-g' switc
hes of tex4ht.c) 
--------------------------------------
--------------------------------------
--- Note --- for gif bitmaps of pictures, use the `gif' command line option. (C
haracter bitmaps are controled only by `g' records of tex4ht.env and `-g' switc
hes of tex4ht.c) 
--------------------------------------
--------------------------------------
--- Note --- for content and toc in 2 frames, use the command line option `fram
es'
--------------------------------------
--------------------------------------
--- Note --- for content, toc, and footnotes in 3 frames, use the command line 
option `frames-fn'
--------------------------------------
--------------------------------------
--- Note --- for file extension name xht, use the command line option `xht'
--------------------------------------
TeX4ht package options: xhtml,charset=utf-8,epub,uni-html4,html
--------------------------------------
--- Note --- To print a timestamp, use the command line option timestamp
--------------------------------------
--------------------------------------
--- Note --- to ignore CSS code, use the command line option `-css
--------------------------------------
--------------------------------------
--- Note --- for inline CSS code, use the command line option `css-in'
--------------------------------------
--------------------------------------
--- Note --- for pop ups on mouse over, use the command line option `mouseover'

--------------------------------------
--------------------------------------
--- Note --- for addressing images in a subdirectory, use the command line opti
on `imgdir:.../'
--------------------------------------
) (c:/texlive/2021/texmf-dist/tex/generic/tex4ht/html4-math.4ht
version 2021-01-30-14:17
) (c:/texlive/2021/texmf-dist/tex/generic/tex4ht/unicode.4ht
version 2021-02-06-14:21
) (c:/texlive/2021/texmf-dist/tex/generic/tex4ht/html4-uni.4ht)
\:tokwrite=\toks32
\:tokpage=\toks33
--------------------------------------
--- Note --- for back links to toc, use the command line option `sections+'
--------------------------------------
--------------------------------------
--- Note --- for linear crosslinks of pages, use the command line option `next'

--------------------------------------
\openout15 = `2024-bb-en.4ct'.

\:tocout=\write5
\openout5 = `2024-bb-en.4tc'.

(c:/texlive/2021/texmf-dist/tex/generic/tex4ht/html4.4ht
version 2021-03-06-13:31
) (c:/texlive/2021/texmf-dist/tex/generic/tex4ht/html4-math.4ht
version 2021-01-30-14:17
) (c:/texlive/2021/texmf-dist/tex/generic/tex4ht/unicode.4ht
version 2021-02-06-14:21
) (c:/texlive/2021/texmf-dist/tex/generic/tex4ht/html4-uni.4ht) (c:/texlive/202
1/texmf-dist/tex/generic/tex4ht/latex.4ht
version 2021-02-06-14:21
LaTeX Info: Redefining \_ on input line 173.
LaTeX Info: Redefining \, on input line 791.
LaTeX Info: Redefining \; on input line 792.
LaTeX Info: Redefining \! on input line 793.
LaTeX Info: Redefining \: on input line 794.
LaTeX Info: Redefining \> on input line 795.
--------------------------------------
--- Note --- for links into captions, instead of float heads, use the command l
ine option `refcaption'
--------------------------------------
(c:/texlive/2021/texmf-dist/tex/generic/tex4ht/html4.4ht
version 2021-03-06-13:31
) (c:/texlive/2021/texmf-dist/tex/generic/tex4ht/html4-math.4ht
version 2021-01-30-14:17
) (c:/texlive/2021/texmf-dist/tex/generic/tex4ht/unicode.4ht
version 2021-02-06-14:21
) (c:/texlive/2021/texmf-dist/tex/generic/tex4ht/html4-uni.4ht) (c:/texlive/202
1/texmf-dist/tex/generic/tex4ht/html4.4ht
version 2021-03-06-13:31
--------------------------------------
--- Note --- For mini tocs immediately aftter the header use the command line o
ption `minitoc<'
--------------------------------------
--------------------------------------
--- Note --- for enumerated list elements with valued data, use the command lin
e option `enumerate+'
--------------------------------------
--------------------------------------
--- Note --- for enumerated list elements li's with value attributes, use the c
ommand line option `enumerate-'
--------------------------------------
--------------------------------------
--- Note --- for CSS2 code, use the command line option `css2'
--------------------------------------
--------------------------------------
--- Note --- for pictorial tabular, use the command line option `pic-tabular'
--------------------------------------
--------------------------------------
--- Note --- for bitmap fbox'es, use the command line option `pic-fbox'
--------------------------------------
--------------------------------------
--- Note --- for bitmap framebox'es, use the command line option `pic-framebox'

--------------------------------------
--------------------------------------
--- Note --- for inline footnotes use command line option `fn-in'
--------------------------------------
--------------------------------------
--- Note --- for tracing of latex font commands, use the command line option `f
onts'
--------------------------------------
--------------------------------------
--- Note --- for width specifications of tabular p entries, use the `p-width' c
ommand line option or a configuration similar to \Configure{HColWidth}{\HCode{ 
style="width:\HColWidth"}}
--------------------------------------
) (c:/texlive/2021/texmf-dist/tex/generic/tex4ht/html4-math.4ht
version 2021-01-30-14:17
--------------------------------------
--- Note --- for pictorial eqnarray, use the command line option `pic-eqnarray'

--------------------------------------
--------------------------------------
--- Note --- for pictorial array, use the command line option `pic-array'
--------------------------------------
--------------------------------------
--- Note --- for pictorial $...$ environments, use the command line option `pic
-m' (not recommended!!)
--------------------------------------
--------------------------------------
--- Note --- for pictorial $...$ and $$...$$ environments with latex alt, use t
he command line option `pic-m+' (not safe!!)
--------------------------------------
--------------------------------------
--- Note --- for pictorial array, use the command line option `pic-array'
--------------------------------------
) (c:/texlive/2021/texmf-dist/tex/generic/tex4ht/unicode.4ht
version 2021-02-06-14:21
) (c:/texlive/2021/texmf-dist/tex/generic/tex4ht/html4-uni.4ht)) (c:/texlive/20
21/texmf-dist/tex/generic/tex4ht/fontmath.4ht
version 2018-11-06-15:55
(c:/texlive/2021/texmf-dist/tex/generic/tex4ht/html4.4ht
version 2021-03-06-13:31
) (c:/texlive/2021/texmf-dist/tex/generic/tex4ht/html4-math.4ht
version 2021-01-30-14:17
) (c:/texlive/2021/texmf-dist/tex/generic/tex4ht/unicode.4ht
version 2021-02-06-14:21
) (c:/texlive/2021/texmf-dist/tex/generic/tex4ht/html4-uni.4ht)) (c:/texlive/20
21/texmf-dist/tex/generic/tex4ht/memoir.4ht
version 2021-01-29-14:14
(c:/texlive/2021/texmf-dist/tex/generic/tex4ht/book.4ht (c:/texlive/2021/texmf-
dist/tex/generic/tex4ht/html4.4ht
version 2021-03-06-13:31
--------------------------------------
--- Note --- for automatic sectioning pagination, use the command line option `
1', `2', `3', '4', '5', '6', or '7'
--------------------------------------
--------------------------------------
--- Note --- for files named derived from section titles, use the command line 
option `sec-filename'
--------------------------------------
--------------------------------------
--- Note --- for i-columns index, use the command line option `index=i' (e.g., 
index=2)
--------------------------------------
) (c:/texlive/2021/texmf-dist/tex/generic/tex4ht/html4-math.4ht
version 2021-01-30-14:17
) (c:/texlive/2021/texmf-dist/tex/generic/tex4ht/unicode.4ht
version 2021-02-06-14:21
) (c:/texlive/2021/texmf-dist/tex/generic/tex4ht/html4-uni.4ht)) (c:/texlive/20
21/texmf-dist/tex/generic/tex4ht/verse.4ht
version 2009-05-21-09:32
(c:/texlive/2021/texmf-dist/tex/generic/tex4ht/html4.4ht
version 2021-03-06-13:31
) (c:/texlive/2021/texmf-dist/tex/generic/tex4ht/html4-math.4ht
version 2021-01-30-14:17
) (c:/texlive/2021/texmf-dist/tex/generic/tex4ht/unicode.4ht
version 2021-02-06-14:21
) (c:/texlive/2021/texmf-dist/tex/generic/tex4ht/html4-uni.4ht)) (c:/texlive/20
21/texmf-dist/tex/generic/tex4ht/booktabs.4ht
version 2009-05-21-09:32
(c:/texlive/2021/texmf-dist/tex/generic/tex4ht/html4.4ht
version 2021-03-06-13:31
) (c:/texlive/2021/texmf-dist/tex/generic/tex4ht/html4-math.4ht
version 2021-01-30-14:17
) (c:/texlive/2021/texmf-dist/tex/generic/tex4ht/unicode.4ht
version 2021-02-06-14:21
) (c:/texlive/2021/texmf-dist/tex/generic/tex4ht/html4-uni.4ht))
\c@Hfootnote=\count342
(c:/texlive/2021/texmf-dist/tex/generic/tex4ht/html4.4ht
version 2021-03-06-13:31
) (c:/texlive/2021/texmf-dist/tex/generic/tex4ht/html4-math.4ht
version 2021-01-30-14:17
) (c:/texlive/2021/texmf-dist/tex/generic/tex4ht/unicode.4ht
version 2021-02-06-14:21
) (c:/texlive/2021/texmf-dist/tex/generic/tex4ht/html4-uni.4ht)) (c:/texlive/20
21/texmf-dist/tex/generic/tex4ht/array.4ht
version 2009-05-21-09:32
(c:/texlive/2021/texmf-dist/tex/generic/tex4ht/html4.4ht
version 2021-03-06-13:31
) (c:/texlive/2021/texmf-dist/tex/generic/tex4ht/html4-math.4ht
version 2021-01-30-14:17
--------------------------------------
--- Note --- for pictorial array, use the command line option `pic-array'
--------------------------------------
) (c:/texlive/2021/texmf-dist/tex/generic/tex4ht/unicode.4ht
version 2021-02-06-14:21
) (c:/texlive/2021/texmf-dist/tex/generic/tex4ht/html4-uni.4ht)) (c:/texlive/20
21/texmf-dist/tex/generic/tex4ht/dcolumn.4ht
version 2009-05-21-09:32
(c:/texlive/2021/texmf-dist/tex/generic/tex4ht/html4.4ht
version 2021-03-06-13:31
) (c:/texlive/2021/texmf-dist/tex/generic/tex4ht/html4-math.4ht
version 2021-01-30-14:17
) (c:/texlive/2021/texmf-dist/tex/generic/tex4ht/unicode.4ht
version 2021-02-06-14:21
) (c:/texlive/2021/texmf-dist/tex/generic/tex4ht/html4-uni.4ht)) (c:/texlive/20
21/texmf-dist/tex/generic/tex4ht/tabularx.4ht
version 2009-05-21-09:32
(c:/texlive/2021/texmf-dist/tex/generic/tex4ht/html4.4ht
version 2021-03-06-13:31
) (c:/texlive/2021/texmf-dist/tex/generic/tex4ht/html4-math.4ht
version 2021-01-30-14:17
) (c:/texlive/2021/texmf-dist/tex/generic/tex4ht/unicode.4ht
version 2021-02-06-14:21
) (c:/texlive/2021/texmf-dist/tex/generic/tex4ht/html4-uni.4ht)) (./tex4ebook.4
ht
\opf:htmlid=\count343
\navpoint=\count344
) (c:/texlive/2021/texmf-dist/tex/generic/tex4ht/graphicx.4ht
version 2018-10-01-14:24
(c:/texlive/2021/texmf-dist/tex/generic/tex4ht/html4.4ht
version 2021-03-06-13:31
) (c:/texlive/2021/texmf-dist/tex/generic/tex4ht/html4-math.4ht
version 2021-01-30-14:17
) (c:/texlive/2021/texmf-dist/tex/generic/tex4ht/unicode.4ht
version 2021-02-06-14:21
) (c:/texlive/2021/texmf-dist/tex/generic/tex4ht/html4-uni.4ht)) (c:/texlive/20
21/texmf-dist/tex/generic/tex4ht/graphics.4ht (c:/texlive/2021/texmf-dist/tex/g
eneric/tex4ht/html4.4ht
version 2021-03-06-13:31
--------------------------------------
--- Note --- if included graphics are of degraded quality, try the command line
 options `graphics-num' or `graphics-'. The `num' should provide the density of
 pixels in the bitmaps (e.g., 110). 
--------------------------------------
--------------------------------------
--- Note --- for key dimensions try the option `Gin-dim'; for key dimensions wh
en bounding box is unavailable try `Gin-dim+'; neither is recommended
--------------------------------------
) (c:/texlive/2021/texmf-dist/tex/generic/tex4ht/html4-math.4ht
version 2021-01-30-14:17
) (c:/texlive/2021/texmf-dist/tex/generic/tex4ht/unicode.4ht
version 2021-02-06-14:21
) (c:/texlive/2021/texmf-dist/tex/generic/tex4ht/html4-uni.4ht)) (c:/texlive/20
21/texmf-dist/tex/generic/tex4ht/dvips.4ht
version 2009-05-21-09:32
(c:/texlive/2021/texmf-dist/tex/generic/tex4ht/html4.4ht
version 2021-03-06-13:31
) (c:/texlive/2021/texmf-dist/tex/generic/tex4ht/html4-math.4ht
version 2021-01-30-14:17
) (c:/texlive/2021/texmf-dist/tex/generic/tex4ht/unicode.4ht
version 2021-02-06-14:21
) (c:/texlive/2021/texmf-dist/tex/generic/tex4ht/html4-uni.4ht)) (c:/texlive/20
21/texmf-dist/tex/generic/tex4ht/hyperref.4ht
version 2021-01-02-13:53
LaTeX Info: Redefining \autoref on input line 88.
\Hy@SectionHShift=\skip195
(c:/texlive/2021/texmf-dist/tex/generic/tex4ht/html4.4ht
version 2021-03-06-13:31
) (c:/texlive/2021/texmf-dist/tex/generic/tex4ht/html4-math.4ht
version 2021-01-30-14:17
) (c:/texlive/2021/texmf-dist/tex/generic/tex4ht/unicode.4ht
version 2021-02-06-14:21
) (c:/texlive/2021/texmf-dist/tex/generic/tex4ht/html4-uni.4ht)) (c:/texlive/20
21/texmf-dist/tex/generic/tex4ht/pd1enc.4ht
version 2009-05-21-09:32
(c:/texlive/2021/texmf-dist/tex/generic/tex4ht/html4.4ht
version 2021-03-06-13:31
) (c:/texlive/2021/texmf-dist/tex/generic/tex4ht/html4-math.4ht
version 2021-01-30-14:17
) (c:/texlive/2021/texmf-dist/tex/generic/tex4ht/unicode.4ht
version 2021-02-06-14:21
) (c:/texlive/2021/texmf-dist/tex/generic/tex4ht/html4-uni.4ht)) (c:/texlive/20
21/texmf-dist/tex/generic/tex4ht/url.4ht
version 2009-05-21-09:32
(c:/texlive/2021/texmf-dist/tex/generic/tex4ht/html4.4ht
version 2021-03-06-13:31
--------------------------------------
--- Note --- for URL encoding within href use the command line option `url-enc'

--------------------------------------
) (c:/texlive/2021/texmf-dist/tex/generic/tex4ht/html4-math.4ht
version 2021-01-30-14:17
) (c:/texlive/2021/texmf-dist/tex/generic/tex4ht/unicode.4ht
version 2021-02-06-14:21
) (c:/texlive/2021/texmf-dist/tex/generic/tex4ht/html4-uni.4ht)) (c:/texlive/20
21/texmf-dist/tex/generic/tex4ht/nameref.4ht
version 2021-02-03-14:57
(c:/texlive/2021/texmf-dist/tex/generic/tex4ht/html4.4ht
version 2021-03-06-13:31
) (c:/texlive/2021/texmf-dist/tex/generic/tex4ht/html4-math.4ht
version 2021-01-30-14:17
) (c:/texlive/2021/texmf-dist/tex/generic/tex4ht/unicode.4ht
version 2021-02-06-14:21
) (c:/texlive/2021/texmf-dist/tex/generic/tex4ht/html4-uni.4ht)) (c:/texlive/20
21/texmf-dist/tex/generic/tex4ht/lettrine.4ht
version 2018-11-05-14:51
(c:/texlive/2021/texmf-dist/tex/generic/tex4ht/html4.4ht
version 2021-03-06-13:31
) (c:/texlive/2021/texmf-dist/tex/generic/tex4ht/html4-math.4ht
version 2021-01-30-14:17
) (c:/texlive/2021/texmf-dist/tex/generic/tex4ht/unicode.4ht
version 2021-02-06-14:21
) (c:/texlive/2021/texmf-dist/tex/generic/tex4ht/html4-uni.4ht)) (c:/texlive/20
21/texmf-dist/tex/generic/tex4ht/microtype.4ht
version 2009-05-21-09:32
(c:/texlive/2021/texmf-dist/tex/generic/tex4ht/html4.4ht
version 2021-03-06-13:31
) (c:/texlive/2021/texmf-dist/tex/generic/tex4ht/html4-math.4ht
version 2021-01-30-14:17
) (c:/texlive/2021/texmf-dist/tex/generic/tex4ht/unicode.4ht
version 2021-02-06-14:21
) (c:/texlive/2021/texmf-dist/tex/generic/tex4ht/html4-uni.4ht)) (c:/texlive/20
21/texmf-dist/tex/generic/tex4ht/geometry.4ht
version 2016-07-01-08:55
(c:/texlive/2021/texmf-dist/tex/generic/tex4ht/html4.4ht
version 2021-03-06-13:31
) (c:/texlive/2021/texmf-dist/tex/generic/tex4ht/html4-math.4ht
version 2021-01-30-14:17
) (c:/texlive/2021/texmf-dist/tex/generic/tex4ht/unicode.4ht
version 2021-02-06-14:21
) (c:/texlive/2021/texmf-dist/tex/generic/tex4ht/html4-uni.4ht)) (c:/texlive/20
21/texmf-dist/tex/generic/tex4ht/inputenc.4ht
version 2009-05-21-09:32
(c:/texlive/2021/texmf-dist/tex/generic/tex4ht/html4.4ht
version 2021-03-06-13:31
) (c:/texlive/2021/texmf-dist/tex/generic/tex4ht/html4-math.4ht
version 2021-01-30-14:17
) (c:/texlive/2021/texmf-dist/tex/generic/tex4ht/unicode.4ht
version 2021-02-06-14:21
) (c:/texlive/2021/texmf-dist/tex/generic/tex4ht/html4-uni.4ht)) (c:/texlive/20
21/texmf-dist/tex/generic/tex4ht/latin1.4ht
version 2009-05-21-09:32
(c:/texlive/2021/texmf-dist/tex/generic/tex4ht/html4.4ht
version 2021-03-06-13:31
) (c:/texlive/2021/texmf-dist/tex/generic/tex4ht/html4-math.4ht
version 2021-01-30-14:17
) (c:/texlive/2021/texmf-dist/tex/generic/tex4ht/unicode.4ht
version 2021-02-06-14:21
) (c:/texlive/2021/texmf-dist/tex/generic/tex4ht/html4-uni.4ht)) (c:/texlive/20
21/texmf-dist/tex/generic/tex4ht/titlesec.4ht
version 2021-03-02-13:43
(c:/texlive/2021/texmf-dist/tex/generic/tex4ht/html4.4ht
version 2021-03-06-13:31
) (c:/texlive/2021/texmf-dist/tex/generic/tex4ht/html4-math.4ht
version 2021-01-30-14:17
) (c:/texlive/2021/texmf-dist/tex/generic/tex4ht/unicode.4ht
version 2021-02-06-14:21
) (c:/texlive/2021/texmf-dist/tex/generic/tex4ht/html4-uni.4ht)) (c:/texlive/20
21/texmf-dist/tex/generic/tex4ht/color.4ht (c:/texlive/2021/texmf-dist/tex/gene
ric/tex4ht/html4.4ht
version 2021-03-06-13:31
) (c:/texlive/2021/texmf-dist/tex/generic/tex4ht/html4-math.4ht
version 2021-01-30-14:17
) (c:/texlive/2021/texmf-dist/tex/generic/tex4ht/unicode.4ht
version 2021-02-06-14:21
) (c:/texlive/2021/texmf-dist/tex/generic/tex4ht/html4-uni.4ht)) (c:/texlive/20
21/texmf-dist/tex/generic/tex4ht/dvipsnam.4ht
version 2009-05-21-09:32
(c:/texlive/2021/texmf-dist/tex/latex/graphics/dvipsnam.def) (c:/texlive/2021/t
exmf-dist/tex/generic/tex4ht/html4.4ht
version 2021-03-06-13:31
) (c:/texlive/2021/texmf-dist/tex/generic/tex4ht/html4-math.4ht
version 2021-01-30-14:17
) (c:/texlive/2021/texmf-dist/tex/generic/tex4ht/unicode.4ht
version 2021-02-06-14:21
) (c:/texlive/2021/texmf-dist/tex/generic/tex4ht/html4-uni.4ht)) (c:/texlive/20
21/texmf-dist/tex/generic/tex4ht/html4.4ht
version 2021-03-06-13:31
) (c:/texlive/2021/texmf-dist/tex/generic/tex4ht/html4-math.4ht
version 2021-01-30-14:17
) (c:/texlive/2021/texmf-dist/tex/generic/tex4ht/unicode.4ht
version 2021-02-06-14:21
) (c:/texlive/2021/texmf-dist/tex/generic/tex4ht/html4-uni.4ht))
LaTeX Font Info:    Trying to load font information for OT1+ptm on input line 4
3.
(c:/texlive/2021/texmf-dist/tex/latex/psnfss/ot1ptm.fd
File: ot1ptm.fd 2001/06/04 font definitions for OT1/ptm.
) (c:/texlive/2021/texmf-dist/tex/latex/l3backend/l3backend-dvips.def
File: l3backend-dvips.def 2021-03-18 L3 backend support: dvips
\l__pdf_internal_box=\box55
\g__pdf_backend_object_int=\count345
\l__pdf_backend_content_box=\box56
\l__pdf_backend_model_box=\box57
\g__pdf_backend_annotation_int=\count346
\g__pdf_backend_link_int=\count347
\g__pdf_backend_link_sf_int=\count348
) (./2024-bb-en.aux)
\openout1 = `2024-bb-en.aux'.

LaTeX Font Info:    Checking defaults for OML/cmm/m/it on input line 43.
LaTeX Font Info:    ... okay on input line 43.
LaTeX Font Info:    Checking defaults for OMS/cmsy/m/n on input line 43.
LaTeX Font Info:    ... okay on input line 43.
LaTeX Font Info:    Checking defaults for OT1/cmr/m/n on input line 43.
LaTeX Font Info:    ... okay on input line 43.
LaTeX Font Info:    Checking defaults for T1/cmr/m/n on input line 43.
LaTeX Font Info:    ... okay on input line 43.
LaTeX Font Info:    Checking defaults for TS1/cmr/m/n on input line 43.
LaTeX Font Info:    ... okay on input line 43.
LaTeX Font Info:    Checking defaults for OMX/cmex/m/n on input line 43.
LaTeX Font Info:    ... okay on input line 43.
LaTeX Font Info:    Checking defaults for U/cmr/m/n on input line 43.
LaTeX Font Info:    ... okay on input line 43.
LaTeX Font Info:    Checking defaults for PD1/pdf/m/n on input line 43.
LaTeX Font Info:    ... okay on input line 43.
LaTeX Font Info:    Checking defaults for PU/pdf/m/n on input line 43.
LaTeX Font Info:    ... okay on input line 43.
Package hyperref Info: Link coloring OFF on input line 43.
LaTeX Info: Redefining \ref on input line 43.
LaTeX Info: Redefining \pageref on input line 43.
LaTeX Info: Redefining \nameref on input line 43.
LaTeX Info: Redefining \dots on input line 43.
LaTeX Info: Redefining \microtypecontext on input line 43.
Package microtype Info: Generating DVI output.
Package microtype Info: No character protrusion.
Package microtype Info: No font expansion.
Package microtype Info: No adjustment of tracking.
Package microtype Info: No adjustment of interword spacing.
Package microtype Info: No adjustment of character kerning.
*geometry* driver: auto-detecting
*geometry* detected driver: dvips
*geometry* verbose mode - [ preamble ] result:
* driver: dvips
* paper: a5paper
* layout: <same size as paper>
* layoutoffset:(h,v)=(0.0pt,0.0pt)
* modes: 
* h-part:(L,W,R)=(63.16576pt, 294.76926pt, 63.16577pt)
* v-part:(T,H,B)=(71.70166pt, 418.25368pt, 107.55254pt)
* \paperwidth=421.10078pt
* \paperheight=597.50787pt
* \textwidth=294.76926pt
* \textheight=418.25368pt
* \oddsidemargin=0.0pt
* \evensidemargin=0.0pt
* \topmargin=-34.94212pt
* \headheight=14.5pt
* \headsep=19.8738pt
* \topskip=12.0pt
* \footskip=30.0pt
* \marginparwidth=7.0pt
* \marginparsep=7.0pt
* \columnsep=10.0pt
* \skip\footins=12.0pt plus 4.0pt minus 4.0pt
* \hoffset=0.0pt
* \voffset=0.0pt
* \mag=1000
* \@twocolumnfalse
* \@twosidefalse
* \@mparswitchfalse
* \@reversemarginfalse
* (1in=72.27pt=25.4mm, 1cm=28.453pt)

--- file 2024-bb-en.css ---
[1

]
LaTeX Font Info:    Trying to load font information for TS1+ptm on input line 5
3.
(c:/texlive/2021/texmf-dist/tex/latex/psnfss/ts1ptm.fd
File: ts1ptm.fd 2001/06/04 font definitions for TS1/ptm.
) [1

]
--- file 2024-bb-ench1.html ---
LaTeX Font Info:    Trying to load font information for OT1+pcr on input line 6
9.
(c:/texlive/2021/texmf-dist/tex/latex/psnfss/ot1pcr.fd
File: ot1pcr.fd 2001/06/04 font definitions for OT1/pcr.
) [2

] [3] [4

]
--- file 2024-bb-ench2.html ---
[5

] [6]
l.117 --- TeX4ht warning --- File `"image-20231213_132128-contentaware-rotated-
A4.xbb"' not found ---
l.117 --- TeX4ht warning --- Cannot determine size of graphic in "image-2023121
3_132128-contentaware-rotated-A4.xbb" (no BoundingBox) ---
l. 117 --- needs --- image-20231213_132128-contentaware-rotated-A4.jpg ---
[7]
l.130 --- TeX4ht warning --- File `"image-2023-bb-20231214_164131-contentaware.
xbb"' not found ---
l.130 --- TeX4ht warning --- Cannot determine size of graphic in "image-2023-bb
-20231214_164131-contentaware.xbb" (no BoundingBox) ---
l. 130 --- needs --- image-2023-bb-20231214_164131-contentaware.jpg ---
[8] [9

]
--- file 2024-bb-ench3.html ---
[10

] [11]
l.159 --- TeX4ht warning --- File `"image-2023-bb-20231218_134531.xbb"' not fou
nd ---
l.159 --- TeX4ht warning --- Cannot determine size of graphic in "image-2023-bb
-20231218_134531.xbb" (no BoundingBox) ---
l. 159 --- needs --- image-2023-bb-20231218_134531.jpg ---
[12] [13]
l.177 --- TeX4ht warning --- File `"image-2023-bb-20231218_143939.xbb"' not fou
nd ---
l.177 --- TeX4ht warning --- Cannot determine size of graphic in "image-2023-bb
-20231218_143939.xbb" (no BoundingBox) ---
l. 177 --- needs --- image-2023-bb-20231218_143939.jpg ---
[14]
l.187 --- TeX4ht warning --- File `"image-2023-bb-Banjon-20231223_134921.xbb"' 
not found ---
l.187 --- TeX4ht warning --- Cannot determine size of graphic in "image-2023-bb
-Banjon-20231223_134921.xbb" (no BoundingBox) ---
l. 187 --- needs --- image-2023-bb-Banjon-20231223_134921.jpg ---
[15] [16

]
--- file 2024-bb-ench4.html ---
[17

]
l.202 --- TeX4ht warning --- File `"image-2023-bb-20231220_190915.xbb"' not fou
nd ---
l.202 --- TeX4ht warning --- Cannot determine size of graphic in "image-2023-bb
-20231220_190915.xbb" (no BoundingBox) ---
l. 202 --- needs --- image-2023-bb-20231220_190915.jpg ---
[18] [19

]
--- file 2024-bb-ench5.html ---
[20

] [21] [22

]
--- file 2024-bb-ench6.html ---
[23

] [24] [25

]
--- file 2024-bb-ench7.html ---
[26

] [27

]
--- file 2024-bb-ench8.html ---
[28

] [29

]
--- file 2024-bb-ench9.html ---
[30

] [31] [32]
l.284 --- TeX4ht warning --- File `"image-2023-bb-20231231_122109.xbb"' not fou
nd ---
l.284 --- TeX4ht warning --- Cannot determine size of graphic in "image-2023-bb
-20231231_122109.xbb" (no BoundingBox) ---
l. 284 --- needs --- image-2023-bb-20231231_122109.jpg ---
[33] [34

]
--- file 2024-bb-ench10.html ---
[35

] [36] [37] [38] [39]
l.338 --- TeX4ht warning --- File `"image-2023-bb-20231216_094817.xbb"' not fou
nd ---
l.338 --- TeX4ht warning --- Cannot determine size of graphic in "image-2023-bb
-20231216_094817.xbb" (no BoundingBox) ---
l. 338 --- needs --- image-2023-bb-20231216_094817.jpg ---
[40] [41

]
--- file 2024-bb-ench11.html ---
[42

] [43

]
--- file 2024-bb-ench12.html ---
[44

]
l.364 --- TeX4ht warning --- File `"image-2023-bb-20240101_113626.xbb"' not fou
nd ---
l.364 --- TeX4ht warning --- Cannot determine size of graphic in "image-2023-bb
-20240101_113626.xbb" (no BoundingBox) ---
l. 364 --- needs --- image-2023-bb-20240101_113626.jpg ---
[45] [46

]
--- file 2024-bb-ench13.html ---
l.376 --- TeX4ht warning --- File `"image-2023-bb-20231217_162207.xbb"' not fou
nd ---
l.376 --- TeX4ht warning --- Cannot determine size of graphic in "image-2023-bb
-20231217_162207.xbb" (no BoundingBox) ---
l. 376 --- needs --- image-2023-bb-20231217_162207.jpg ---
[47

] [48

]
--- file 2024-bb-ench14.html ---
[49

]
l.387 --- TeX4ht warning --- File `"image-2023-bb-20231215_151852.xbb"' not fou
nd ---
l.387 --- TeX4ht warning --- Cannot determine size of graphic in "image-2023-bb
-20231215_151852.xbb" (no BoundingBox) ---
l. 387 --- needs --- image-2023-bb-20231215_151852.jpg ---
[50] [51

]
--- file 2024-bb-ench15.html ---
l.393 --- TeX4ht warning --- File `"image-2023-bb-20231215_140758.xbb"' not fou
nd ---
l.393 --- TeX4ht warning --- Cannot determine size of graphic in "image-2023-bb
-20231215_140758.xbb" (no BoundingBox) ---
l. 393 --- needs --- image-2023-bb-20231215_140758.jpg ---
[52

] [53

]
--- file 2024-bb-ench16.html ---
l.400 --- TeX4ht warning --- File `"image-2023-bb-20231231_141824.xbb"' not fou
nd ---
l.400 --- TeX4ht warning --- Cannot determine size of graphic in "image-2023-bb
-20231231_141824.xbb" (no BoundingBox) ---
l. 400 --- needs --- image-2023-bb-20231231_141824.jpg ---
[54

] [55

]
--- file 2024-bb-ench17.html ---
[56

] [57] [58] [59

]
--- file 2024-bb-ench18.html ---
[60

] [61] [62] [63

] [64

]
--- file 2024-bb-ench19.html ---
[65

] [66] [67

]
--- file 2024-bb-ench20.html ---
[68

] [69

]
--- file 2024-bb-ench21.html ---
[70

]
l.498 --- TeX4ht warning --- File `"image-2023-bb-VeroHiti.xbb"' not found ---
l.498 --- TeX4ht warning --- Cannot determine size of graphic in "image-2023-bb
-VeroHiti.xbb" (no BoundingBox) ---
l. 498 --- needs --- image-2023-bb-VeroHiti.jpg ---
(./2024-bb-en.4ct) [71] [72

] [73

] (./2024-bb-en.aux) ) 
Here is how much of TeX's memory you used:
 18677 strings out of 478995
 271120 string characters out of 5862233
 762985 words of memory out of 5000000
 35702 multiletter control sequences out of 15000+600000
 405613 words of font info for 33 fonts, out of 8000000 for 9000
 1141 hyphenation exceptions out of 8191
 90i,6n,114p,1400b,464s stack positions out of 5000i,500n,10000p,200000b,80000s

Output written on 2024-bb-en.dvi (74 pages, 143148 bytes).
