This is pdfTeX, Version 3.141592653-2.6-1.40.22 (TeX Live 2021/W32TeX) (preloaded format=pdflatex 2021.5.14)  13 DEC 2024 19:58
entering extended mode
 restricted \write18 enabled.
 %&-line parsing enabled.
**2024-bb
(./2024-bb.tex
LaTeX2e <2020-10-01> patch level 4
L3 programming layer <2021-02-18>
(c:/texlive/2021/texmf-dist/tex/latex/memoir/memoir.cls
Document Class: memoir 2021/03/23 v3.7o configurable book, report, article docu
ment class
\onelineskip=\skip47
\lxvchars=\skip48
\xlvchars=\skip49
\@memcnta=\count179
\c@@memmarkcntra=\count180
(c:/texlive/2021/texmf-dist/tex/generic/iftex/iftex.sty
Package: iftex 2020/03/06 v1.0d TeX engine tests
)
\stockheight=\skip50
\stockwidth=\skip51
\trimtop=\skip52
\trimedge=\skip53

(c:/texlive/2021/texmf-dist/tex/latex/memoir/mem12.clo
File: mem12.clo 2010/10/19 v0.4b memoir class 12pt size option
)
\binding=\skip54
\spinemargin=\skip55
\foremargin=\skip56
\uppermargin=\skip57
\lowermargin=\skip58
\headdrop=\skip59
\normalrulethickness=\skip60
\mem@maxheadheight=\skip61
\mem@maxfootheight=\skip62
\headwidth=\skip63
\c@storedpagenumber=\count181
\memPD=\dimen138
\m@mabparskip=\skip64
\thanksmarkwidth=\skip65
\thanksmarksep=\skip66
\droptitle=\skip67
\c@book=\count182
\c@part=\count183
\c@chapter=\count184
\c@section=\count185
\c@subsection=\count186
\c@subsubsection=\count187
\c@paragraph=\count188
\c@subparagraph=\count189
\beforechapskip=\skip68
\midchapskip=\skip69
\afterchapskip=\skip70
\chapindent=\skip71
\bottomsectionskip=\skip72
\secindent=\skip73
\beforesecskip=\skip74
\aftersecskip=\skip75
\subsecindent=\skip76
\beforesubsecskip=\skip77
\aftersubsecskip=\skip78
\subsubsecindent=\skip79
\beforesubsubsecskip=\skip80
\aftersubsubsecskip=\skip81
\paraindent=\skip82
\beforeparaskip=\skip83
\afterparaskip=\skip84
\subparaindent=\skip85
\beforesubparaskip=\skip86
\aftersubparaskip=\skip87
\pfbreakskip=\skip88
\c@@ppsavesec=\count190
\c@@ppsaveapp=\count191
\ragrparindent=\dimen139
\everylistparindent=\dimen140
\parsepi=\skip89
\topsepi=\skip90
\itemsepi=\skip91
\parsepii=\skip92
\topsepii=\skip93
\topsepiii=\skip94
\itemsepii=\skip95
\itemsepiii=\skip96
\partopsepii=\skip97
\partopsepiii=\skip98
\m@msavetopsep=\skip99
\m@msavepartopsep=\skip100
\@enLab=\toks15
\abstitleskip=\skip101
\absleftindent=\skip102
\abs@leftindent=\dimen141
\absrightindent=\skip103
\absparindent=\skip104
\absparsep=\skip105
\c@vslineno=\count192
\c@poemline=\count193
\c@modulo@vs=\count194
\c@memfvsline=\count195
\vleftskip=\skip106
\vrightskip=\skip107
\stanzaskip=\skip108
\versewidth=\skip109
\vgap=\skip110
\vindent=\skip111
\vleftmargin=\dimen142
\c@verse=\count196
\c@chrsinstr=\count197
\beforepoemtitleskip=\skip112
\afterpoemtitleskip=\skip113
\c@poem=\count198
\beforePoemTitleskip=\skip114
\midPoemTitleskip=\skip115
\afterPoemTitleskip=\skip116

(c:/texlive/2021/texmf-dist/tex/latex/tools/array.sty
Package: array 2020/10/01 v2.5c Tabular extension package (FMi)
\col@sep=\dimen143
\ar@mcellbox=\box47
\extrarowheight=\dimen144
\NC@list=\toks16
\extratabsurround=\skip117
\backup@length=\skip118
\ar@cellbox=\box48
)
(c:/texlive/2021/texmf-dist/tex/latex/tools/dcolumn.sty
Package: dcolumn 2014/10/28 v1.06 decimal alignment package (DPC)
)
(c:/texlive/2021/texmf-dist/tex/latex/tools/delarray.sty
Package: delarray 2014/10/28 v1.01 array delimiter package (DPC)
)
(c:/texlive/2021/texmf-dist/tex/latex/tools/tabularx.sty
Package: tabularx 2020/01/15 v2.11c `tabularx' package (DPC)
\TX@col@width=\dimen145
\TX@old@table=\dimen146
\TX@old@col=\dimen147
\TX@target=\dimen148
\TX@delta=\dimen149
\TX@cols=\count199
\TX@ftn=\toks17
)
\heavyrulewidth=\dimen150
\lightrulewidth=\dimen151
\cmidrulewidth=\dimen152
\belowrulesep=\dimen153
\belowbottomsep=\dimen154
\aboverulesep=\dimen155
\abovetopsep=\dimen156
\cmidrulesep=\dimen157
\cmidrulekern=\dimen158
\defaultaddspace=\dimen159
\@cmidla=\count266
\@cmidlb=\count267
\@aboverulesep=\dimen160
\@belowrulesep=\dimen161
\@thisruleclass=\count268
\@lastruleclass=\count269
\@thisrulewidth=\dimen162
\ctableftskip=\skip119
\ctabrightskip=\skip120
\abovecolumnspenalty=\count270
\@linestogo=\count271
\@cellstogo=\count272
\@cellsincolumn=\count273
\crtok=\toks18
\@mincolumnwidth=\dimen163
\c@newflo@tctr=\count274
\mem@margin@floatbox=\box49
\@contcwidth=\skip121
\@contindw=\skip122
\abovecaptionskip=\skip123
\belowcaptionskip=\skip124
\subfloattopskip=\skip125
\subfloatcapskip=\skip126
\subfloatcaptopadj=\skip127
\subfloatbottomskip=\skip128
\subfloatlabelskip=\skip129
\subfloatcapmargin=\dimen164
\c@@contsubnum=\count275
\m@mscap@capbox=\box50
\m@mscap@fbox=\box51
\sidecapsep=\dimen165
\sidecapwidth=\dimen166
\m@m@tempdima=\dimen167
\m@mscapraise=\dimen168
\sidecapraise=\dimen169
\m@mscapmainwidth=\dimen170
\m@mscaplkern=\dimen171
\beforeepigraphskip=\skip130
\afterepigraphskip=\skip131
\epigraphwidth=\skip132
\epigraphrule=\skip133
LaTeX Info: Redefining \em on input line 7650.
LaTeX Info: Redefining \emph on input line 7658.
\tocentryskip=\skip134
\tocbaseline=\skip135
\cftparskip=\skip136
\cftbeforebookskip=\skip137
\cftbookindent=\dimen172
\cftbooknumwidth=\dimen173
\cftbeforepartskip=\skip138
\cftpartindent=\skip139
\cftpartnumwidth=\skip140
\cftbeforechapterskip=\skip141
\cftchapterindent=\skip142
\cftchapternumwidth=\skip143
\cftbeforesectionskip=\skip144
\cftsectionindent=\skip145
\cftsectionnumwidth=\skip146
\cftbeforesubsectionskip=\skip147
\cftsubsectionindent=\skip148
\cftsubsectionnumwidth=\skip149
\cftbeforesubsubsectionskip=\skip150
\cftsubsubsectionindent=\skip151
\cftsubsubsectionnumwidth=\skip152
\cftbeforeparagraphskip=\skip153
\cftparagraphindent=\skip154
\cftparagraphnumwidth=\skip155
\cftbeforesubparagraphskip=\skip156
\cftsubparagraphindent=\skip157
\cftsubparagraphnumwidth=\skip158
\prechapterprecisshift=\dimen174
\c@maxsecnumdepth=\count276
\bibindent=\dimen175
\bibitemsep=\skip159
\indexcolsep=\skip160
\indexrule=\skip161
\indexmarkstyle=\toks19
\@indexbox=\insert252
\glossarycolsep=\dimen176
\glossaryrule=\dimen177
\sideparvshift=\skip162
\sideins=\insert251
\sidebartopsep=\skip163
\sidebarhsep=\skip164
\sidebarvsep=\skip165
\sidebarwidth=\skip166
\footmarkwidth=\skip167
\footmarksep=\skip168
\footparindent=\skip169
\footinsdim=\skip170
\footinsv@r=\insert250
\@mpfootinsv@r=\insert249
\m@m@k=\count277
\m@m@h=\dimen178
\m@mipn@skip=\skip171
\sidefootins=\insert248
\sidefootadjust=\skip172
\sidefootheight=\skip173
\sidefoothsep=\skip174
\sidefootvsep=\skip175
\sidefootwidth=\skip176
\m@mdownsf=\skip177
\c@sidefootnote=\count278
\sidefootmarkwidth=\skip178
\sidefootmarksep=\skip179
\sidefootparindent=\skip180
\c@pagenote=\count279
\c@pagenoteshadow=\count280
\mem@pn@lastkern=\skip181
\every@verbatim=\toks20
\afterevery@verbatim=\toks21
\verbatim@line=\toks22
\tab@position=\count281
\verbatim@in@stream=\read2
\verbatimindent=\skip182
\verbatim@out=\write3
\bvboxsep=\skip183
\c@memfbvline=\count282
\c@bvlinectr=\count283
\bvnumlength=\skip184
\fb@frw=\dimen179
\fb@frh=\dimen180
\FrameRule=\dimen181
\FrameSep=\dimen182
\c@cp@cntr=\count284
\c@ism@mctr=\count285
\c@xsm@mctr=\count286
\c@csm@mctr=\count287
\c@ksm@mctr=\count288
\c@xksm@mctr=\count289
\c@cksm@mctr=\count290
\c@msm@mctr=\count291
\c@xmsm@mctr=\count292
\c@cmsm@mctr=\count293
\c@bsm@mctr=\count294
\c@workm@mctr=\count295
\c@sheetsequence=\count296
\c@lastsheet=\count297
\c@lastpage=\count298

(c:/texlive/2021/texmf-dist/tex/latex/textcase/textcase.sty
Package: textcase 2019/09/14 v1.00 Text only upper/lower case changing (DPC)
)
\c@figure=\count299
\c@lofdepth=\count300
\cftbeforefigureskip=\skip185
\cftfigureindent=\skip186
\cftfigurenumwidth=\skip187
\c@table=\count301
\c@lotdepth=\count302
\cftbeforetableskip=\skip188
\cfttableindent=\skip189
\cfttablenumwidth=\skip190
Package abstract [2008/07/23] emulated by memoir.
Package appendix [2008/07/23] emulated by memoir.
Package booktabs [2016/05/16] emulated by memoir.
Package ccaption [2008/07/23] emulated by memoir.
Package changepage [2008/07/23] emulated by memoir.
Package chngcntr [2008/07/23] emulated by memoir.
Package chngpage [2008/07/23] emulated by memoir.
Package crop emulated by memoir.
Package enumerate [2008/07/23] emulated by memoir.
Package epigraph [2008/07/23] emulated by memoir.
Package ifmtarg [2008/07/23] emulated by memoir.
Package index [2008/07/23] emulated by memoir.
Package makeidx [2008/07/23] emulated by memoir.
Package moreverb [2008/07/23] emulated by memoir.
Package needspace [2008/07/23] emulated by memoir.
Package newfile [2008/07/23] emulated by memoir.
Package nextpage [2008/07/23] emulated by memoir.
Package pagenote [2008/07/23] emulated by memoir.
Package parskip [2008/07/23] emulated by memoir.
Package patchcmd [2008/07/23] emulated by memoir.
Package setspace [2008/07/23] emulated by memoir.
Package shortvrb [2008/07/23] emulated by memoir.
Package showidx [2008/07/23] emulated by memoir.
Package titleref [2008/07/23] emulated by memoir.
Package titling [2008/07/23] emulated by memoir.
Package tocbibind [2008/07/23] emulated by memoir.
Package tocloft [2008/07/23] emulated by memoir.
Package tocvsec2 [2008/07/23] emulated by memoir.
Package verbatim [2008/07/23] emulated by memoir.
Package verse [2008/07/23] emulated by memoir.
)
(c:/texlive/2021/texmf-dist/tex/latex/base/inputenc.sty
Package: inputenc 2020/08/01 v1.3d Input encoding file
\inpenc@prehook=\toks23
\inpenc@posthook=\toks24

(c:/texlive/2021/texmf-dist/tex/latex/base/latin1.def
File: latin1.def 2020/08/01 v1.3d Input encoding file
))
(c:/texlive/2021/texmf-dist/tex/generic/babel/babel.sty
Package: babel 2021/03/24 3.56 The Babel package

(c:/texlive/2021/texmf-dist/tex/generic/babel/babel.def
File: babel.def 2021/03/24 3.56 Babel common definitions
\babel@savecnt=\count303
\U@D=\dimen183
\l@babelnohyphens=\language87

(c:/texlive/2021/texmf-dist/tex/generic/babel/txtbabel.def)
\bbl@readstream=\read3
)
\bbl@dirlevel=\count304

(c:/texlive/2021/texmf-dist/tex/generic/babel-german/ngerman.ldf
Language: ngerman 2021/02/27 v2.13 German support for babel (post-1996 orthogra
phy)

(c:/texlive/2021/texmf-dist/tex/generic/babel-german/ngermanb.ldf
Language: ngermanb 2021/02/27 v2.13 German support for babel (post-1996 orthogr
aphy)
Package babel Info: Making " an active character on input line 122.
)))
(c:/texlive/2021/texmf-dist/tex/latex/blindtext/blindtext.sty
Package: blindtext 2012/01/06 V2.0 blindtext-Package

(c:/texlive/2021/texmf-dist/tex/latex/tools/xspace.sty
Package: xspace 2014/10/28 v1.13 Space after command names (DPC,MH)
)
\c@blindtext=\count305
\c@Blindtext=\count306
\c@blind@countparstart=\count307
\blind@countxx=\count308
\blindtext@numBlindtext=\count309
\blind@countyy=\count310
\c@blindlist=\count311
\c@blindlistlevel=\count312
\c@blindlist@level=\count313
\blind@listitem=\count314
\c@blind@listcount=\count315
\c@blind@levelcount=\count316
\blind@mathformula=\count317
\blind@Mathformula=\count318
\c@blind@randomcount=\count319
\c@blind@randommax=\count320
\c@blind@pangramcount=\count321
\c@blind@pangrammax=\count322
)
(c:/texlive/2021/texmf-dist/tex/latex/hyperref/hyperref.sty
Package: hyperref 2021-02-27 v7.00k Hypertext links for LaTeX

(c:/texlive/2021/texmf-dist/tex/generic/ltxcmds/ltxcmds.sty
Package: ltxcmds 2020-05-10 v1.25 LaTeX kernel commands for general use (HO)
)
(c:/texlive/2021/texmf-dist/tex/generic/pdftexcmds/pdftexcmds.sty
Package: pdftexcmds 2020-06-27 v0.33 Utility functions of pdfTeX for LuaTeX (HO
)

(c:/texlive/2021/texmf-dist/tex/generic/infwarerr/infwarerr.sty
Package: infwarerr 2019/12/03 v1.5 Providing info/warning/error messages (HO)
)
Package pdftexcmds Info: \pdf@primitive is available.
Package pdftexcmds Info: \pdf@ifprimitive is available.
Package pdftexcmds Info: \pdfdraftmode found.
)
(c:/texlive/2021/texmf-dist/tex/latex/graphics/keyval.sty
Package: keyval 2014/10/28 v1.15 key=value parser (DPC)
\KV@toks@=\toks25
)
(c:/texlive/2021/texmf-dist/tex/generic/kvsetkeys/kvsetkeys.sty
Package: kvsetkeys 2019/12/15 v1.18 Key value parser (HO)
)
(c:/texlive/2021/texmf-dist/tex/generic/kvdefinekeys/kvdefinekeys.sty
Package: kvdefinekeys 2019-12-19 v1.6 Define keys (HO)
)
(c:/texlive/2021/texmf-dist/tex/generic/pdfescape/pdfescape.sty
Package: pdfescape 2019/12/09 v1.15 Implements pdfTeX's escape features (HO)
)
(c:/texlive/2021/texmf-dist/tex/latex/hycolor/hycolor.sty
Package: hycolor 2020-01-27 v1.10 Color options for hyperref/bookmark (HO)
)
(c:/texlive/2021/texmf-dist/tex/latex/letltxmacro/letltxmacro.sty
Package: letltxmacro 2019/12/03 v1.6 Let assignment for LaTeX macros (HO)
)
(c:/texlive/2021/texmf-dist/tex/latex/auxhook/auxhook.sty
Package: auxhook 2019-12-17 v1.6 Hooks for auxiliary files (HO)
)
(c:/texlive/2021/texmf-dist/tex/latex/kvoptions/kvoptions.sty
Package: kvoptions 2020-10-07 v3.14 Key value format for package options (HO)
)
\@linkdim=\dimen184
\Hy@linkcounter=\count323
\Hy@pagecounter=\count324

(c:/texlive/2021/texmf-dist/tex/latex/hyperref/pd1enc.def
File: pd1enc.def 2021-02-27 v7.00k Hyperref: PDFDocEncoding definition (HO)
Now handling font encoding PD1 ...
... no UTF-8 mapping file for font encoding PD1
)
(c:/texlive/2021/texmf-dist/tex/latex/hyperref/hyperref-langpatches.def
File: hyperref-langpatches.def 2021-02-27 v7.00k Hyperref: patches for babel la
nguages
)
(c:/texlive/2021/texmf-dist/tex/generic/intcalc/intcalc.sty
Package: intcalc 2019/12/15 v1.3 Expandable calculations with integers (HO)
)
(c:/texlive/2021/texmf-dist/tex/generic/etexcmds/etexcmds.sty
Package: etexcmds 2019/12/15 v1.7 Avoid name clashes with e-TeX commands (HO)
)
\Hy@SavedSpaceFactor=\count325

(c:/texlive/2021/texmf-dist/tex/latex/hyperref/puenc.def
File: puenc.def 2021-02-27 v7.00k Hyperref: PDF Unicode definition (HO)
Now handling font encoding PU ...
... no UTF-8 mapping file for font encoding PU
)
Package hyperref Info: Option `colorlinks' set `false' on input line 4073.
Package hyperref Info: Option `bookmarksnumbered' set `true' on input line 4073
.
Package hyperref Info: Hyper figures OFF on input line 4192.
Package hyperref Info: Link nesting OFF on input line 4197.
Package hyperref Info: Hyper index ON on input line 4200.
Package hyperref Info: Plain pages OFF on input line 4207.
Package hyperref Info: Backreferencing OFF on input line 4212.
Package hyperref Info: Implicit mode ON; LaTeX internals redefined.
Package hyperref Info: Bookmarks ON on input line 4445.
\c@Hy@tempcnt=\count326

(c:/texlive/2021/texmf-dist/tex/latex/url/url.sty
\Urlmuskip=\muskip16
Package: url 2013/09/16  ver 3.4  Verb mode for urls, etc.
)
LaTeX Info: Redefining \url on input line 4804.
\XeTeXLinkMargin=\dimen185

(c:/texlive/2021/texmf-dist/tex/generic/bitset/bitset.sty
Package: bitset 2019/12/09 v1.3 Handle bit-vector datatype (HO)

(c:/texlive/2021/texmf-dist/tex/generic/bigintcalc/bigintcalc.sty
Package: bigintcalc 2019/12/15 v1.5 Expandable calculations on big integers (HO
)
))
\Fld@menulength=\count327
\Field@Width=\dimen186
\Fld@charsize=\dimen187
Package hyperref Info: Hyper figures OFF on input line 6075.
Package hyperref Info: Link nesting OFF on input line 6080.
Package hyperref Info: Hyper index ON on input line 6083.
Package hyperref Info: backreferencing OFF on input line 6090.
Package hyperref Info: Link coloring OFF on input line 6095.
Package hyperref Info: Link coloring with OCG OFF on input line 6100.
Package hyperref Info: PDF/A mode OFF on input line 6105.
LaTeX Info: Redefining \ref on input line 6145.
LaTeX Info: Redefining \pageref on input line 6149.

(c:/texlive/2021/texmf-dist/tex/latex/base/atbegshi-ltx.sty
Package: atbegshi-ltx 2020/08/17 v1.0a Emulation of the original atbegshi packa
ge
with kernel methods
)
\Hy@abspage=\count328
\c@Item=\count329
\c@Hfootnote=\count330
)
(c:/texlive/2021/texmf-dist/tex/latex/memoir/memhfixc.sty
Package: memhfixc 2019/10/24 v1.18 nameref/hyperref package fixes for memoir cl
ass
\c@memhycontfloat=\count331
\c@Hpagenote=\count332
)
Package hyperref Info: Driver (autodetected): hpdftex.

(c:/texlive/2021/texmf-dist/tex/latex/hyperref/hpdftex.def
File: hpdftex.def 2021-02-27 v7.00k Hyperref driver for pdfTeX

(c:/texlive/2021/texmf-dist/tex/latex/base/atveryend-ltx.sty
Package: atveryend-ltx 2020/08/19 v1.0a Emulation of the original atvery packag
e
with kernel methods
)
\Fld@listcount=\count333
\c@bookmark@seq@number=\count334

(c:/texlive/2021/texmf-dist/tex/latex/rerunfilecheck/rerunfilecheck.sty
Package: rerunfilecheck 2019/12/05 v1.9 Rerun checks for auxiliary files (HO)

(c:/texlive/2021/texmf-dist/tex/generic/uniquecounter/uniquecounter.sty
Package: uniquecounter 2019/12/15 v1.4 Provide unlimited unique counter (HO)
)
Package uniquecounter Info: New unique counter `rerunfilecheck' on input line 2
86.
)
\Hy@SectionHShift=\skip191
)
(c:/texlive/2021/texmf-dist/tex/latex/lettrine/lettrine.sty
File: lettrine.sty 2020-03-14 v2.23 (Daniel Flipo)

(c:/texlive/2021/texmf-dist/tex/generic/minifp/minifp.sty
Package: minifp 2013/12/30 v0.96. Macros for real number operations and a stack
-based programing language.
\MFP@loopctr=\count335
)
\c@DefaultLines=\count336
\c@DefaultDepth=\count337
\DefaultFindent=\dimen188
\DefaultNindent=\dimen189
\DefaultSlope=\dimen190
\DiscardVskip=\dimen191
\L@lbox=\box52
\L@tbox=\box53
\c@L@lines=\count338
\c@L@depth=\count339
\L@Pindent=\dimen192
\L@Findent=\dimen193
\L@Nindent=\dimen194
\L@lraise=\dimen195
\L@first=\dimen196
\L@next=\dimen197
\L@slope=\dimen198
\L@height=\dimen199
\L@novskip=\dimen256
\L@target@ht=\dimen257
\L@target@dp=\dimen258
\L@target@tht=\dimen259
\LettrineWidth=\dimen260
\LettrineHeight=\dimen261
\LettrineDepth=\dimen262
\Llist@everypar=\toks26

Loading lettrine.cfg
(c:/texlive/2021/texmf-dist/tex/latex/lettrine/lettrine.cfg))
(c:/texlive/2021/texmf-dist/tex/latex/ellipsis/ellipsis.sty
Package: ellipsis 2020/05/22 v1.8 fixes spacing around ellipses (three dots)
LaTeX Info: Redefining \textellipsis on input line 77.
)
(c:/texlive/2021/texmf-dist/tex/latex/microtype/microtype.sty
Package: microtype 2021/03/14 v2.8c Micro-typographical refinements (RS)
\MT@toks=\toks27
\MT@count=\count340
LaTeX Info: Redefining \textls on input line 790.
\MT@outer@kern=\dimen263
LaTeX Info: Redefining \textmicrotypecontext on input line 1374.
\MT@listname@count=\count341

(c:/texlive/2021/texmf-dist/tex/latex/microtype/microtype-pdftex.def
File: microtype-pdftex.def 2021/03/14 v2.8c Definitions specific to pdftex (RS)

LaTeX Info: Redefining \lsstyle on input line 915.
LaTeX Info: Redefining \lslig on input line 915.
\MT@outer@space=\skip192
)
Package microtype Info: Loading configuration file microtype.cfg.

(c:/texlive/2021/texmf-dist/tex/latex/microtype/microtype.cfg
File: microtype.cfg 2021/03/14 v2.8c microtype main configuration file (RS)
))
(c:/texlive/2021/texmf-dist/tex/latex/graphics/graphicx.sty
Package: graphicx 2020/09/09 v1.2b Enhanced LaTeX Graphics (DPC,SPQR)

(c:/texlive/2021/texmf-dist/tex/latex/graphics/graphics.sty
Package: graphics 2020/08/30 v1.4c Standard LaTeX Graphics (DPC,SPQR)

(c:/texlive/2021/texmf-dist/tex/latex/graphics/trig.sty
Package: trig 2016/01/03 v1.10 sin cos tan (DPC)
)
(c:/texlive/2021/texmf-dist/tex/latex/graphics-cfg/graphics.cfg
File: graphics.cfg 2016/06/04 v1.11 sample graphics configuration
)
Package graphics Info: Driver file: pdftex.def on input line 105.

(c:/texlive/2021/texmf-dist/tex/latex/graphics-def/pdftex.def
File: pdftex.def 2020/10/05 v1.2a Graphics/color driver for pdftex
))
\Gin@req@height=\dimen264
\Gin@req@width=\dimen265
)
(c:/texlive/2021/texmf-dist/tex/latex/geometry/geometry.sty
Package: geometry 2020/01/02 v5.9 Page Geometry

(c:/texlive/2021/texmf-dist/tex/generic/iftex/ifvtex.sty
Package: ifvtex 2019/10/25 v1.7 ifvtex legacy package. Use iftex instead.
)
\Gm@cnth=\count342
\Gm@cntv=\count343
\c@Gm@tempcnt=\count344
\Gm@bindingoffset=\dimen266
\Gm@wd@mp=\dimen267
\Gm@odd@mp=\dimen268
\Gm@even@mp=\dimen269
\Gm@layoutwidth=\dimen270
\Gm@layoutheight=\dimen271
\Gm@layouthoffset=\dimen272
\Gm@layoutvoffset=\dimen273
\Gm@dimlist=\toks28
)
(c:/texlive/2021/texmf-dist/tex/latex/titlesec/titlesec.sty
Package: titlesec 2019/10/16 v2.13 Sectioning titles
\ttl@box=\box54
\beforetitleunit=\skip193
\aftertitleunit=\skip194
\ttl@plus=\dimen274
\ttl@minus=\dimen275
\ttl@toksa=\toks29
\titlewidth=\dimen276
\titlewidthlast=\dimen277
\titlewidthfirst=\dimen278
)
(c:/texlive/2021/texmf-dist/tex/latex/l3backend/l3backend-pdftex.def
File: l3backend-pdftex.def 2021-03-18 L3 backend support: PDF output (pdfTeX)
\l__color_backend_stack_int=\count345
\l__pdf_internal_box=\box55
)
(./2024-bb.aux)
\openout1 = `2024-bb.aux'.

LaTeX Font Info:    Checking defaults for OML/cmm/m/it on input line 39.
LaTeX Font Info:    ... okay on input line 39.
LaTeX Font Info:    Checking defaults for OMS/cmsy/m/n on input line 39.
LaTeX Font Info:    ... okay on input line 39.
LaTeX Font Info:    Checking defaults for OT1/cmr/m/n on input line 39.
LaTeX Font Info:    ... okay on input line 39.
LaTeX Font Info:    Checking defaults for T1/cmr/m/n on input line 39.
LaTeX Font Info:    ... okay on input line 39.
LaTeX Font Info:    Checking defaults for TS1/cmr/m/n on input line 39.
LaTeX Font Info:    ... okay on input line 39.
LaTeX Font Info:    Checking defaults for OMX/cmex/m/n on input line 39.
LaTeX Font Info:    ... okay on input line 39.
LaTeX Font Info:    Checking defaults for U/cmr/m/n on input line 39.
LaTeX Font Info:    ... okay on input line 39.
LaTeX Font Info:    Checking defaults for PD1/pdf/m/n on input line 39.
LaTeX Font Info:    ... okay on input line 39.
LaTeX Font Info:    Checking defaults for PU/pdf/m/n on input line 39.
LaTeX Font Info:    ... okay on input line 39.
Package hyperref Info: Link coloring OFF on input line 39.
 (c:/texlive/2021/texmf-dist/tex/latex/hyperref/nameref.sty
Package: nameref 2021-04-02 v2.47 Cross-referencing by name of section

(c:/texlive/2021/texmf-dist/tex/latex/refcount/refcount.sty
Package: refcount 2019/12/15 v3.6 Data extraction from label references (HO)
)
(c:/texlive/2021/texmf-dist/tex/generic/gettitlestring/gettitlestring.sty
Package: gettitlestring 2019/12/15 v1.6 Cleanup title references (HO)
)
\c@section@level=\count346
)
Redoing nameref's sectioning
Redoing nameref's label
LaTeX Info: Redefining \nameref on input line 39.
LaTeX Info: Redefining \ref on input line 39.
LaTeX Info: Redefining \pageref on input line 39.
LaTeX Info: Redefining \nameref on input line 39.
(./2024-bb.out) (./2024-bb.out)
\@outlinefile=\write4
\openout4 = `2024-bb.out'.

LaTeX Info: Redefining \dots on input line 39.
LaTeX Info: Redefining \microtypecontext on input line 39.
Package microtype Info: Generating PDF output.
Package microtype Info: Character protrusion enabled (level 2).
Package microtype Info: Using default protrusion set `alltext'.
Package microtype Info: Automatic font expansion enabled (level 2),
(microtype)             stretch: 20, shrink: 20, step: 1, non-selected.
Package microtype Info: Using default expansion set `alltext-nott'.
LaTeX Info: Redefining \showhyphens on input line 39.
Package microtype Info: No adjustment of tracking.
Package microtype Info: No adjustment of interword spacing.
Package microtype Info: No adjustment of character kerning.

(c:/texlive/2021/texmf-dist/tex/latex/microtype/mt-cmr.cfg
File: mt-cmr.cfg 2013/05/19 v2.2 microtype config. file: Computer Modern Roman 
(RS)
)
(c:/texlive/2021/texmf-dist/tex/context/base/mkii/supp-pdf.mkii
[Loading MPS to PDF converter (version 2006.09.02).]
\scratchcounter=\count347
\scratchdimen=\dimen279
\scratchbox=\box56
\nofMPsegments=\count348
\nofMParguments=\count349
\everyMPshowfont=\toks30
\MPscratchCnt=\count350
\MPscratchDim=\dimen280
\MPnumerator=\count351
\makeMPintoPDFobject=\count352
\everyMPtoPDFconversion=\toks31
) (c:/texlive/2021/texmf-dist/tex/latex/epstopdf-pkg/epstopdf-base.sty
Package: epstopdf-base 2020-01-24 v2.11 Base part for package epstopdf
Package epstopdf-base Info: Redefining graphics rule for `.eps' on input line 4
85.

(c:/texlive/2021/texmf-dist/tex/latex/latexconfig/epstopdf-sys.cfg
File: epstopdf-sys.cfg 2010/07/13 v1.3 Configuration of (r)epstopdf for TeX Liv
e
))
*geometry* driver: auto-detecting
*geometry* detected driver: pdftex
*geometry* verbose mode - [ preamble ] result:
* driver: pdftex
* paper: a5paper
* layout: <same size as paper>
* layoutoffset:(h,v)=(0.0pt,0.0pt)
* modes: 
* h-part:(L,W,R)=(63.16576pt, 294.76926pt, 63.16577pt)
* v-part:(T,H,B)=(71.70166pt, 418.25368pt, 107.55254pt)
* \paperwidth=421.10078pt
* \paperheight=597.50787pt
* \textwidth=294.76926pt
* \textheight=418.25368pt
* \oddsidemargin=-9.10423pt
* \evensidemargin=-9.10423pt
* \topmargin=-34.94212pt
* \headheight=14.5pt
* \headsep=19.8738pt
* \topskip=12.0pt
* \footskip=30.0pt
* \marginparwidth=7.0pt
* \marginparsep=7.0pt
* \columnsep=10.0pt
* \skip\footins=12.0pt plus 4.0pt minus 4.0pt
* \hoffset=0.0pt
* \voffset=0.0pt
* \mag=1000
* \@twocolumnfalse
* \@twosidefalse
* \@mparswitchfalse
* \@reversemarginfalse
* (1in=72.27pt=25.4mm, 1cm=28.453pt)

[1


{c:/texlive/2021/texmf-var/fonts/map/pdftex/updmap/pdftex.map}] [2

] [3]
[4

] [5] [6]
<image-20231213_132128-contentaware-rotated-A4.jpg, id=116, 457.71pt x 647.5392
pt>
File: image-20231213_132128-contentaware-rotated-A4.jpg Graphic file (type jpg)

<use image-20231213_132128-contentaware-rotated-A4.jpg>
Package pdftex.def Info: image-20231213_132128-contentaware-rotated-A4.jpg  use
d on input line 119.
(pdftex.def)             Requested size: 457.7089pt x 647.53761pt.

Overfull \hbox (180.56445pt too wide) in paragraph at lines 117--120
[][] 
 []

[7]
Overfull \vbox (229.28394pt too high) has occurred while \output is active []


[8 <./image-20231213_132128-contentaware-rotated-A4.jpg>] [9]
<image-2023-bb-20231214_164131-contentaware.jpg, id=130, 1156.32pt x 867.24pt>
File: image-2023-bb-20231214_164131-contentaware.jpg Graphic file (type jpg)
<use image-2023-bb-20231214_164131-contentaware.jpg>
Package pdftex.def Info: image-2023-bb-20231214_164131-contentaware.jpg  used o
n input line 148.
(pdftex.def)             Requested size: 1156.31718pt x 867.2379pt.

Overfull \hbox (879.17274pt too wide) in paragraph at lines 146--149
[][] 
 []

[10]
Overfull \vbox (448.98422pt too high) has occurred while \output is active []


[11 <./image-2023-bb-20231214_164131-contentaware.jpg>] [12

] [13] [14] [15]
[16]
<image-2023-bb-20231218_134531.jpg, id=160, 758.835pt x 1011.78pt>
File: image-2023-bb-20231218_134531.jpg Graphic file (type jpg)
<use image-2023-bb-20231218_134531.jpg>
Package pdftex.def Info: image-2023-bb-20231218_134531.jpg  used on input line 
232.
(pdftex.def)             Requested size: 758.83316pt x 1011.77753pt.

Overfull \hbox (481.68872pt too wide) in paragraph at lines 230--233
[][] 
 []

[17]
Overfull \vbox (593.52385pt too high) has occurred while \output is active []


[18 <./image-2023-bb-20231218_134531.jpg>]
<image-2023-bb-20231218_143939.jpg, id=170, 1011.78pt x 758.835pt>
File: image-2023-bb-20231218_143939.jpg Graphic file (type jpg)
<use image-2023-bb-20231218_143939.jpg>
Package pdftex.def Info: image-2023-bb-20231218_143939.jpg  used on input line 
247.
(pdftex.def)             Requested size: 1011.77753pt x 758.83316pt.

Overfull \hbox (734.63309pt too wide) in paragraph at lines 245--248
[][] 
 []

[19]
Overfull \vbox (340.57948pt too high) has occurred while \output is active []


[20 <./image-2023-bb-20231218_143939.jpg>] [21]
<image-2023-bb-Banjon-20231223_134921.jpg, id=184, 867.24pt x 1156.32pt>
File: image-2023-bb-Banjon-20231223_134921.jpg Graphic file (type jpg)
<use image-2023-bb-Banjon-20231223_134921.jpg>
Package pdftex.def Info: image-2023-bb-Banjon-20231223_134921.jpg  used on inpu
t line 267.
(pdftex.def)             Requested size: 867.2379pt x 1156.31718pt.

Overfull \hbox (590.09346pt too wide) in paragraph at lines 265--268
[][] 
 []

[22]
Overfull \vbox (738.0635pt too high) has occurred while \output is active []


[23 <./image-2023-bb-Banjon-20231223_134921.jpg>] [24

]
<image-2023-bb-20231220_190915.jpg, id=197, 1011.78pt x 758.835pt>
File: image-2023-bb-20231220_190915.jpg Graphic file (type jpg)
<use image-2023-bb-20231220_190915.jpg>
Package pdftex.def Info: image-2023-bb-20231220_190915.jpg  used on input line 
297.
(pdftex.def)             Requested size: 1011.77753pt x 758.83316pt.

Overfull \hbox (734.63309pt too wide) in paragraph at lines 295--298
[][] 
 []

[25]
Overfull \vbox (340.57948pt too high) has occurred while \output is active []


[26 <./image-2023-bb-20231220_190915.jpg>] [27

] [28] [29

]
Overfull \hbox (18.38045pt too wide) in paragraph at lines 316--317
[]\OT1/cmr/m/n/12 (-20) Die Be-sit-ze-rin r[]uckt mit der Pum-pe zwar nach anf[
]anglichem
 []

[30] [31] [32

] [33]
Overfull \hbox (2.31633pt too wide) in paragraph at lines 343--344
[]\OT1/cmr/m/n/12 (-20) Erstaunlicherweise sind die Ge-schlech-ter, so-wohl M[]
anner
 []


Overfull \hbox (34.0652pt too wide) in paragraph at lines 343--344
\OT1/cmr/m/n/12 (-20) als auch Frau-en und di-ver-se Iden-tit[]aten, durch ih-r
e []uberquellenden
 []

[34

]
LaTeX Font Info:    External font `cmex10' loaded for size
(Font)              <12> on input line 347.
LaTeX Font Info:    External font `cmex10' loaded for size
(Font)              <8> on input line 347.
LaTeX Font Info:    External font `cmex10' loaded for size
(Font)              <6> on input line 347.
 [35] [36

] [37]
Overfull \hbox (0.82898pt too wide) in paragraph at lines 371--372
\OT1/cmr/m/n/12 (-20) was-ser-ko-cher hat (oder einen Tauch-sie-der mit-bringt)
, d[]unne
 []

[38]
Overfull \hbox (35.12497pt too wide) in paragraph at lines 377--378
[]\OT1/cmr/m/n/12 (-20) Eine Nacht in ei-nem []ostlich ge-le-ge-nen Nobel-[]Ube
rwasserbunker
 []

<image-2023-bb-20231231_122109.jpg, id=258, 1011.78pt x 758.835pt>
File: image-2023-bb-20231231_122109.jpg Graphic file (type jpg)
<use image-2023-bb-20231231_122109.jpg>
Package pdftex.def Info: image-2023-bb-20231231_122109.jpg  used on input line 
384.
(pdftex.def)             Requested size: 1011.77753pt x 758.83316pt.

Overfull \hbox (734.63309pt too wide) in paragraph at lines 384--385
[][] 
 []

[39]
Overfull \vbox (340.57948pt too high) has occurred while \output is active []


[40 <./image-2023-bb-20231231_122109.jpg>]
Overfull \hbox (6.6582pt too wide) in paragraph at lines 393--394
\OT1/cmr/m/n/12 (-20) Sport-ho-se, ein lang[]armeliges schwar-zes Sport-T-Shirt
, Tauch-
 []

[41

] [42]
Overfull \hbox (13.93114pt too wide) in paragraph at lines 404--405
[]\OT1/cmr/m/n/12 (-20) Auf der Luft-ma-trat-ze liegt ei-ne Trink-fla-sche mit 
S[]u^^Ywasser,
 []

[43] [44] [45] [46]
<image-2023-bb-20231216_094817.jpg, id=292, 1156.32pt x 867.24pt>
File: image-2023-bb-20231216_094817.jpg Graphic file (type jpg)
<use image-2023-bb-20231216_094817.jpg>
Package pdftex.def Info: image-2023-bb-20231216_094817.jpg  used on input line 
446.
(pdftex.def)             Requested size: 1156.31718pt x 867.2379pt.

Overfull \hbox (879.17274pt too wide) in paragraph at lines 444--447
[][] 
 []

[47]
Overfull \vbox (448.98422pt too high) has occurred while \output is active []


[48 <./image-2023-bb-20231216_094817.jpg>] [49

] [50] [51

]
<image-2023-bb-20240101_113626.jpg, id=315, 758.835pt x 1011.78pt>
File: image-2023-bb-20240101_113626.jpg Graphic file (type jpg)
<use image-2023-bb-20240101_113626.jpg>
Package pdftex.def Info: image-2023-bb-20240101_113626.jpg  used on input line 
493.
(pdftex.def)             Requested size: 758.83316pt x 1011.77753pt.

Overfull \hbox (481.68872pt too wide) in paragraph at lines 491--494
[][] 
 []

[52]
Overfull \vbox (593.52385pt too high) has occurred while \output is active []


[53 <./image-2023-bb-20240101_113626.jpg>]
Overfull \hbox (9.0235pt too wide) in paragraph at lines 499--500
\OT1/cmr/m/n/12 (-20) Apropo Platz an der Son-ne: Ei-ne Freun-din aus Ober[]ost
erreich
 []

[54

]
<image-2023-bb-20231217_162207.jpg, id=329, 1011.78pt x 758.835pt>
File: image-2023-bb-20231217_162207.jpg Graphic file (type jpg)
<use image-2023-bb-20231217_162207.jpg>
Package pdftex.def Info: image-2023-bb-20231217_162207.jpg  used on input line 
514.
(pdftex.def)             Requested size: 1011.77753pt x 758.83316pt.

Overfull \hbox (734.63309pt too wide) in paragraph at lines 512--515
[][] 
 []

[55]
Overfull \vbox (340.57948pt too high) has occurred while \output is active []


[56 <./image-2023-bb-20231217_162207.jpg>] [57

]
<image-2023-bb-20231215_151852.jpg, id=343, 1156.32pt x 867.24pt>
File: image-2023-bb-20231215_151852.jpg Graphic file (type jpg)
<use image-2023-bb-20231215_151852.jpg>
Package pdftex.def Info: image-2023-bb-20231215_151852.jpg  used on input line 
534.
(pdftex.def)             Requested size: 1156.31718pt x 867.2379pt.

Overfull \hbox (879.17274pt too wide) in paragraph at lines 532--535
[][] 
 []

[58]
Overfull \vbox (448.98422pt too high) has occurred while \output is active []


[59 <./image-2023-bb-20231215_151852.jpg>]
<image-2023-bb-20231215_140758.jpg, id=352, 1011.78pt x 758.835pt>
File: image-2023-bb-20231215_140758.jpg Graphic file (type jpg)
<use image-2023-bb-20231215_140758.jpg>
Package pdftex.def Info: image-2023-bb-20231215_140758.jpg  used on input line 
549.
(pdftex.def)             Requested size: 1011.77753pt x 758.83316pt.

Overfull \hbox (734.63309pt too wide) in paragraph at lines 547--550
[][] 
 []

[60

]
Overfull \vbox (340.57948pt too high) has occurred while \output is active []


[61 <./image-2023-bb-20231215_140758.jpg>]
<image-2023-bb-20231231_141824.jpg, id=362, 1156.32pt x 867.24pt>
File: image-2023-bb-20231231_141824.jpg Graphic file (type jpg)
<use image-2023-bb-20231231_141824.jpg>
Package pdftex.def Info: image-2023-bb-20231231_141824.jpg  used on input line 
564.
(pdftex.def)             Requested size: 1156.31718pt x 867.2379pt.

Overfull \hbox (879.17274pt too wide) in paragraph at lines 562--565
[][] 
 []

[62

]
Overfull \vbox (448.98422pt too high) has occurred while \output is active []


[63 <./image-2023-bb-20231231_141824.jpg>] [64

]
Overfull \hbox (14.93533pt too wide) in paragraph at lines 573--574
\OT1/cmr/m/n/12 (-20) leicht auff[]allig und scheint ge-ra-de ei-nem Sch[]onhei
tswettbewerb
 []

[65] [66]
Overfull \hbox (8.10321pt too wide) in paragraph at lines 603--606
[]\OT1/cmr/m/n/12 (-20) Die gr[]o^^Yte In-sel Ta-hi-ti um-run-de-te ich zwei-ma
l vollst[]andig:
 []

[67

]
Overfull \hbox (2.32767pt too wide) in paragraph at lines 611--613
\OT1/cmr/m/n/12 (-20) fort mit ei-nem un-durch-dring-li-chen Re-gen-wald konfro
ntiert---
 []

[68]
Overfull \hbox (23.14713pt too wide) in paragraph at lines 621--622
\OT1/cmr/m/n/12 (-20) ren-den Fran-zo-sen, der mir ge-ra-ten hat-te, ins Tal zu
r[]uckzukehren,
 []


Overfull \hbox (16.67131pt too wide) in paragraph at lines 625--627
[]\OT1/cmr/m/n/12 (-20) Nach ei-ner fi-na-len Rutsch-par-tie den stei-len Hang 
hinunter---
 []

[69] [70]
Overfull \hbox (6.71643pt too wide) in paragraph at lines 634--635
[]\OT1/cmr/m/n/12 (-20) Kurzum: Wenn Bo-ra Bo-ra das Pa-ra-dies ist, dann w[]un
sche
 []

[71


] [72]
Overfull \hbox (17.74742pt too wide) in paragraph at lines 643--644
\OT1/cmr/m/n/12 (-20) ens'') von Paul The-roux wohl bis heu-te S[]udsee-Standar
dlekt[]ure.
 []

[73

] [74]
Overfull \hbox (2.80937pt too wide) in paragraph at lines 651--652
\OT1/cmr/m/n/12 (-20) richts-hof, wel-cher in sei-ner Ent-schei-dung un-miss-ve
rst[]andlich
 []


Overfull \hbox (30.79909pt too wide) in paragraph at lines 651--652
[]\OT1/cmr/m/n/12 (-20) altere Men-schen zu dis-kri-mi-nie-ren [EuGH Ur-teil vo
m 21.07.2011---
 []

[75

] [76]
<image-2023-bb-VeroHiti.jpg, id=425, 1048.91875pt x 1482.53876pt>
File: image-2023-bb-VeroHiti.jpg Graphic file (type jpg)
<use image-2023-bb-VeroHiti.jpg>
Package pdftex.def Info: image-2023-bb-VeroHiti.jpg  used on input line 664.
(pdftex.def)             Requested size: 1048.91618pt x 1482.53516pt.

Overfull \hbox (771.77174pt too wide) in paragraph at lines 664--665
[][] 
 []


Overfull \vbox (1064.28148pt too high) has occurred while \output is active []


[77 <./image-2023-bb-VeroHiti.jpg>] (./2024-bb.aux)
Package rerunfilecheck Info: File `2024-bb.out' has not changed.
(rerunfilecheck)             Checksum: CEFE9DE53F3F3BC6AE51A95F4991672E;6541.
 ) 
Here is how much of TeX's memory you used:
 15061 strings out of 478994
 222536 string characters out of 5862207
 619296 words of memory out of 5000000
 32154 multiletter control sequences out of 15000+600000
 410673 words of font info for 96 fonts, out of 8000000 for 9000
 1141 hyphenation exceptions out of 8191
 71i,10n,74p,1110b,349s stack positions out of 5000i,500n,10000p,200000b,80000s
{c:/texlive/2021/texmf-dist/fonts/enc/dvips/cm-super/cm-super-ts1.enc}<c:/tex
live/2021/texmf-dist/fonts/type1/public/amsfonts/cm/cmbx12.pfb><c:/texlive/2021
/texmf-dist/fonts/type1/public/amsfonts/cm/cmmi12.pfb><c:/texlive/2021/texmf-di
st/fonts/type1/public/amsfonts/cm/cmr12.pfb><c:/texlive/2021/texmf-dist/fonts/t
ype1/public/amsfonts/cm/cmti12.pfb><c:/texlive/2021/texmf-dist/fonts/type1/publ
ic/cm-super/sfrm1200.pfb>
Output written on 2024-bb.pdf (77 pages, 3527003 bytes).
PDF statistics:
 476 PDF objects out of 1000 (max. 8388607)
 374 compressed objects within 4 object streams
 99 named destinations out of 1000 (max. 500000)
 14575 words of extra memory for PDF output out of 17280 (max. 10000000)

